[2025-04-11T12:44:45.749+0000] {processor.py:161} INFO - Started process (PID=87) to work on /home/airflow/.local/lib/python3.8/site-packages/airflow/example_dags/example_python_decorator.py
[2025-04-11T12:44:45.749+0000] {processor.py:830} INFO - Processing file /home/airflow/.local/lib/python3.8/site-packages/airflow/example_dags/example_python_decorator.py for tasks to queue
[2025-04-11T12:44:45.750+0000] {logging_mixin.py:188} INFO - [2025-04-11T12:44:45.750+0000] {dagbag.py:538} INFO - Filling up the DagBag from /home/airflow/.local/lib/python3.8/site-packages/airflow/example_dags/example_python_decorator.py
[2025-04-11T12:44:45.758+0000] {processor.py:840} INFO - DAG(s) 'example_python_decorator' retrieved from /home/airflow/.local/lib/python3.8/site-packages/airflow/example_dags/example_python_decorator.py
[2025-04-11T12:44:45.765+0000] {logging_mixin.py:188} INFO - [2025-04-11T12:44:45.765+0000] {dag.py:3036} INFO - Sync 1 DAGs
[2025-04-11T12:44:45.774+0000] {logging_mixin.py:188} INFO - [2025-04-11T12:44:45.774+0000] {dag.py:3823} INFO - Setting next_dagrun for example_python_decorator to None, run_after=None
[2025-04-11T12:44:45.786+0000] {processor.py:183} INFO - Processing /home/airflow/.local/lib/python3.8/site-packages/airflow/example_dags/example_python_decorator.py took 0.040 seconds
[2025-04-11T12:45:16.224+0000] {processor.py:161} INFO - Started process (PID=144) to work on /home/airflow/.local/lib/python3.8/site-packages/airflow/example_dags/example_python_decorator.py
[2025-04-11T12:45:16.225+0000] {processor.py:830} INFO - Processing file /home/airflow/.local/lib/python3.8/site-packages/airflow/example_dags/example_python_decorator.py for tasks to queue
[2025-04-11T12:45:16.225+0000] {logging_mixin.py:188} INFO - [2025-04-11T12:45:16.225+0000] {dagbag.py:538} INFO - Filling up the DagBag from /home/airflow/.local/lib/python3.8/site-packages/airflow/example_dags/example_python_decorator.py
[2025-04-11T12:45:16.232+0000] {processor.py:840} INFO - DAG(s) 'example_python_decorator' retrieved from /home/airflow/.local/lib/python3.8/site-packages/airflow/example_dags/example_python_decorator.py
[2025-04-11T12:45:16.274+0000] {logging_mixin.py:188} INFO - [2025-04-11T12:45:16.273+0000] {dag.py:3036} INFO - Sync 1 DAGs
[2025-04-11T12:45:16.278+0000] {logging_mixin.py:188} INFO - [2025-04-11T12:45:16.278+0000] {dag.py:3823} INFO - Setting next_dagrun for example_python_decorator to None, run_after=None
[2025-04-11T12:45:16.286+0000] {processor.py:183} INFO - Processing /home/airflow/.local/lib/python3.8/site-packages/airflow/example_dags/example_python_decorator.py took 0.063 seconds
[2025-04-11T12:45:46.874+0000] {processor.py:161} INFO - Started process (PID=200) to work on /home/airflow/.local/lib/python3.8/site-packages/airflow/example_dags/example_python_decorator.py
[2025-04-11T12:45:46.877+0000] {processor.py:830} INFO - Processing file /home/airflow/.local/lib/python3.8/site-packages/airflow/example_dags/example_python_decorator.py for tasks to queue
[2025-04-11T12:45:46.878+0000] {logging_mixin.py:188} INFO - [2025-04-11T12:45:46.878+0000] {dagbag.py:538} INFO - Filling up the DagBag from /home/airflow/.local/lib/python3.8/site-packages/airflow/example_dags/example_python_decorator.py
[2025-04-11T12:45:46.884+0000] {processor.py:840} INFO - DAG(s) 'example_python_decorator' retrieved from /home/airflow/.local/lib/python3.8/site-packages/airflow/example_dags/example_python_decorator.py
[2025-04-11T12:45:46.894+0000] {logging_mixin.py:188} INFO - [2025-04-11T12:45:46.894+0000] {dag.py:3036} INFO - Sync 1 DAGs
[2025-04-11T12:45:46.899+0000] {logging_mixin.py:188} INFO - [2025-04-11T12:45:46.899+0000] {dag.py:3823} INFO - Setting next_dagrun for example_python_decorator to None, run_after=None
[2025-04-11T12:45:46.909+0000] {processor.py:183} INFO - Processing /home/airflow/.local/lib/python3.8/site-packages/airflow/example_dags/example_python_decorator.py took 0.037 seconds
[2025-04-11T12:46:17.480+0000] {processor.py:161} INFO - Started process (PID=255) to work on /home/airflow/.local/lib/python3.8/site-packages/airflow/example_dags/example_python_decorator.py
[2025-04-11T12:46:17.482+0000] {processor.py:830} INFO - Processing file /home/airflow/.local/lib/python3.8/site-packages/airflow/example_dags/example_python_decorator.py for tasks to queue
[2025-04-11T12:46:17.483+0000] {logging_mixin.py:188} INFO - [2025-04-11T12:46:17.483+0000] {dagbag.py:538} INFO - Filling up the DagBag from /home/airflow/.local/lib/python3.8/site-packages/airflow/example_dags/example_python_decorator.py
[2025-04-11T12:46:17.489+0000] {processor.py:840} INFO - DAG(s) 'example_python_decorator' retrieved from /home/airflow/.local/lib/python3.8/site-packages/airflow/example_dags/example_python_decorator.py
[2025-04-11T12:46:17.500+0000] {logging_mixin.py:188} INFO - [2025-04-11T12:46:17.500+0000] {dag.py:3036} INFO - Sync 1 DAGs
[2025-04-11T12:46:17.508+0000] {logging_mixin.py:188} INFO - [2025-04-11T12:46:17.508+0000] {dag.py:3823} INFO - Setting next_dagrun for example_python_decorator to None, run_after=None
[2025-04-11T12:46:17.518+0000] {processor.py:183} INFO - Processing /home/airflow/.local/lib/python3.8/site-packages/airflow/example_dags/example_python_decorator.py took 0.040 seconds
[2025-04-11T12:46:47.977+0000] {processor.py:161} INFO - Started process (PID=317) to work on /home/airflow/.local/lib/python3.8/site-packages/airflow/example_dags/example_python_decorator.py
[2025-04-11T12:46:47.978+0000] {processor.py:830} INFO - Processing file /home/airflow/.local/lib/python3.8/site-packages/airflow/example_dags/example_python_decorator.py for tasks to queue
[2025-04-11T12:46:47.980+0000] {logging_mixin.py:188} INFO - [2025-04-11T12:46:47.980+0000] {dagbag.py:538} INFO - Filling up the DagBag from /home/airflow/.local/lib/python3.8/site-packages/airflow/example_dags/example_python_decorator.py
[2025-04-11T12:46:47.986+0000] {processor.py:840} INFO - DAG(s) 'example_python_decorator' retrieved from /home/airflow/.local/lib/python3.8/site-packages/airflow/example_dags/example_python_decorator.py
[2025-04-11T12:46:47.996+0000] {logging_mixin.py:188} INFO - [2025-04-11T12:46:47.996+0000] {dag.py:3036} INFO - Sync 1 DAGs
[2025-04-11T12:46:48.001+0000] {logging_mixin.py:188} INFO - [2025-04-11T12:46:48.001+0000] {dag.py:3823} INFO - Setting next_dagrun for example_python_decorator to None, run_after=None
[2025-04-11T12:46:48.009+0000] {processor.py:183} INFO - Processing /home/airflow/.local/lib/python3.8/site-packages/airflow/example_dags/example_python_decorator.py took 0.034 seconds
[2025-04-11T12:47:18.372+0000] {processor.py:161} INFO - Started process (PID=373) to work on /home/airflow/.local/lib/python3.8/site-packages/airflow/example_dags/example_python_decorator.py
[2025-04-11T12:47:18.374+0000] {processor.py:830} INFO - Processing file /home/airflow/.local/lib/python3.8/site-packages/airflow/example_dags/example_python_decorator.py for tasks to queue
[2025-04-11T12:47:18.375+0000] {logging_mixin.py:188} INFO - [2025-04-11T12:47:18.375+0000] {dagbag.py:538} INFO - Filling up the DagBag from /home/airflow/.local/lib/python3.8/site-packages/airflow/example_dags/example_python_decorator.py
[2025-04-11T12:47:18.381+0000] {processor.py:840} INFO - DAG(s) 'example_python_decorator' retrieved from /home/airflow/.local/lib/python3.8/site-packages/airflow/example_dags/example_python_decorator.py
[2025-04-11T12:47:18.394+0000] {logging_mixin.py:188} INFO - [2025-04-11T12:47:18.394+0000] {dag.py:3036} INFO - Sync 1 DAGs
[2025-04-11T12:47:18.400+0000] {logging_mixin.py:188} INFO - [2025-04-11T12:47:18.399+0000] {dag.py:3823} INFO - Setting next_dagrun for example_python_decorator to None, run_after=None
[2025-04-11T12:47:18.409+0000] {processor.py:183} INFO - Processing /home/airflow/.local/lib/python3.8/site-packages/airflow/example_dags/example_python_decorator.py took 0.038 seconds
[2025-04-11T12:47:48.844+0000] {processor.py:161} INFO - Started process (PID=429) to work on /home/airflow/.local/lib/python3.8/site-packages/airflow/example_dags/example_python_decorator.py
[2025-04-11T12:47:48.844+0000] {processor.py:830} INFO - Processing file /home/airflow/.local/lib/python3.8/site-packages/airflow/example_dags/example_python_decorator.py for tasks to queue
[2025-04-11T12:47:48.845+0000] {logging_mixin.py:188} INFO - [2025-04-11T12:47:48.845+0000] {dagbag.py:538} INFO - Filling up the DagBag from /home/airflow/.local/lib/python3.8/site-packages/airflow/example_dags/example_python_decorator.py
[2025-04-11T12:47:48.852+0000] {processor.py:840} INFO - DAG(s) 'example_python_decorator' retrieved from /home/airflow/.local/lib/python3.8/site-packages/airflow/example_dags/example_python_decorator.py
[2025-04-11T12:47:48.862+0000] {logging_mixin.py:188} INFO - [2025-04-11T12:47:48.862+0000] {dag.py:3036} INFO - Sync 1 DAGs
[2025-04-11T12:47:48.868+0000] {logging_mixin.py:188} INFO - [2025-04-11T12:47:48.868+0000] {dag.py:3823} INFO - Setting next_dagrun for example_python_decorator to None, run_after=None
[2025-04-11T12:47:48.876+0000] {processor.py:183} INFO - Processing /home/airflow/.local/lib/python3.8/site-packages/airflow/example_dags/example_python_decorator.py took 0.034 seconds
[2025-04-11T12:48:19.148+0000] {processor.py:161} INFO - Started process (PID=485) to work on /home/airflow/.local/lib/python3.8/site-packages/airflow/example_dags/example_python_decorator.py
[2025-04-11T12:48:19.149+0000] {processor.py:830} INFO - Processing file /home/airflow/.local/lib/python3.8/site-packages/airflow/example_dags/example_python_decorator.py for tasks to queue
[2025-04-11T12:48:19.150+0000] {logging_mixin.py:188} INFO - [2025-04-11T12:48:19.149+0000] {dagbag.py:538} INFO - Filling up the DagBag from /home/airflow/.local/lib/python3.8/site-packages/airflow/example_dags/example_python_decorator.py
[2025-04-11T12:48:19.156+0000] {processor.py:840} INFO - DAG(s) 'example_python_decorator' retrieved from /home/airflow/.local/lib/python3.8/site-packages/airflow/example_dags/example_python_decorator.py
[2025-04-11T12:48:19.165+0000] {logging_mixin.py:188} INFO - [2025-04-11T12:48:19.165+0000] {dag.py:3036} INFO - Sync 1 DAGs
[2025-04-11T12:48:19.171+0000] {logging_mixin.py:188} INFO - [2025-04-11T12:48:19.171+0000] {dag.py:3823} INFO - Setting next_dagrun for example_python_decorator to None, run_after=None
[2025-04-11T12:48:19.179+0000] {processor.py:183} INFO - Processing /home/airflow/.local/lib/python3.8/site-packages/airflow/example_dags/example_python_decorator.py took 0.032 seconds
[2025-04-11T12:48:49.283+0000] {processor.py:161} INFO - Started process (PID=541) to work on /home/airflow/.local/lib/python3.8/site-packages/airflow/example_dags/example_python_decorator.py
[2025-04-11T12:48:49.284+0000] {processor.py:830} INFO - Processing file /home/airflow/.local/lib/python3.8/site-packages/airflow/example_dags/example_python_decorator.py for tasks to queue
[2025-04-11T12:48:49.285+0000] {logging_mixin.py:188} INFO - [2025-04-11T12:48:49.285+0000] {dagbag.py:538} INFO - Filling up the DagBag from /home/airflow/.local/lib/python3.8/site-packages/airflow/example_dags/example_python_decorator.py
[2025-04-11T12:48:49.290+0000] {processor.py:840} INFO - DAG(s) 'example_python_decorator' retrieved from /home/airflow/.local/lib/python3.8/site-packages/airflow/example_dags/example_python_decorator.py
[2025-04-11T12:48:49.299+0000] {logging_mixin.py:188} INFO - [2025-04-11T12:48:49.299+0000] {dag.py:3036} INFO - Sync 1 DAGs
[2025-04-11T12:48:49.304+0000] {logging_mixin.py:188} INFO - [2025-04-11T12:48:49.303+0000] {dag.py:3823} INFO - Setting next_dagrun for example_python_decorator to None, run_after=None
[2025-04-11T12:48:49.310+0000] {processor.py:183} INFO - Processing /home/airflow/.local/lib/python3.8/site-packages/airflow/example_dags/example_python_decorator.py took 0.028 seconds
[2025-04-11T12:49:19.605+0000] {processor.py:161} INFO - Started process (PID=597) to work on /home/airflow/.local/lib/python3.8/site-packages/airflow/example_dags/example_python_decorator.py
[2025-04-11T12:49:19.607+0000] {processor.py:830} INFO - Processing file /home/airflow/.local/lib/python3.8/site-packages/airflow/example_dags/example_python_decorator.py for tasks to queue
[2025-04-11T12:49:19.610+0000] {logging_mixin.py:188} INFO - [2025-04-11T12:49:19.610+0000] {dagbag.py:538} INFO - Filling up the DagBag from /home/airflow/.local/lib/python3.8/site-packages/airflow/example_dags/example_python_decorator.py
[2025-04-11T12:49:19.617+0000] {processor.py:840} INFO - DAG(s) 'example_python_decorator' retrieved from /home/airflow/.local/lib/python3.8/site-packages/airflow/example_dags/example_python_decorator.py
[2025-04-11T12:49:19.626+0000] {logging_mixin.py:188} INFO - [2025-04-11T12:49:19.626+0000] {dag.py:3036} INFO - Sync 1 DAGs
[2025-04-11T12:49:19.631+0000] {logging_mixin.py:188} INFO - [2025-04-11T12:49:19.631+0000] {dag.py:3823} INFO - Setting next_dagrun for example_python_decorator to None, run_after=None
[2025-04-11T12:49:19.639+0000] {processor.py:183} INFO - Processing /home/airflow/.local/lib/python3.8/site-packages/airflow/example_dags/example_python_decorator.py took 0.036 seconds
[2025-04-11T12:49:49.974+0000] {processor.py:161} INFO - Started process (PID=653) to work on /home/airflow/.local/lib/python3.8/site-packages/airflow/example_dags/example_python_decorator.py
[2025-04-11T12:49:49.974+0000] {processor.py:830} INFO - Processing file /home/airflow/.local/lib/python3.8/site-packages/airflow/example_dags/example_python_decorator.py for tasks to queue
[2025-04-11T12:49:49.977+0000] {logging_mixin.py:188} INFO - [2025-04-11T12:49:49.977+0000] {dagbag.py:538} INFO - Filling up the DagBag from /home/airflow/.local/lib/python3.8/site-packages/airflow/example_dags/example_python_decorator.py
[2025-04-11T12:49:49.983+0000] {processor.py:840} INFO - DAG(s) 'example_python_decorator' retrieved from /home/airflow/.local/lib/python3.8/site-packages/airflow/example_dags/example_python_decorator.py
[2025-04-11T12:49:49.992+0000] {logging_mixin.py:188} INFO - [2025-04-11T12:49:49.992+0000] {dag.py:3036} INFO - Sync 1 DAGs
[2025-04-11T12:49:49.997+0000] {logging_mixin.py:188} INFO - [2025-04-11T12:49:49.997+0000] {dag.py:3823} INFO - Setting next_dagrun for example_python_decorator to None, run_after=None
[2025-04-11T12:49:50.004+0000] {processor.py:183} INFO - Processing /home/airflow/.local/lib/python3.8/site-packages/airflow/example_dags/example_python_decorator.py took 0.032 seconds
[2025-04-11T12:50:20.435+0000] {processor.py:161} INFO - Started process (PID=709) to work on /home/airflow/.local/lib/python3.8/site-packages/airflow/example_dags/example_python_decorator.py
[2025-04-11T12:50:20.436+0000] {processor.py:830} INFO - Processing file /home/airflow/.local/lib/python3.8/site-packages/airflow/example_dags/example_python_decorator.py for tasks to queue
[2025-04-11T12:50:20.436+0000] {logging_mixin.py:188} INFO - [2025-04-11T12:50:20.436+0000] {dagbag.py:538} INFO - Filling up the DagBag from /home/airflow/.local/lib/python3.8/site-packages/airflow/example_dags/example_python_decorator.py
[2025-04-11T12:50:20.441+0000] {processor.py:840} INFO - DAG(s) 'example_python_decorator' retrieved from /home/airflow/.local/lib/python3.8/site-packages/airflow/example_dags/example_python_decorator.py
[2025-04-11T12:50:20.450+0000] {logging_mixin.py:188} INFO - [2025-04-11T12:50:20.450+0000] {dag.py:3036} INFO - Sync 1 DAGs
[2025-04-11T12:50:20.454+0000] {logging_mixin.py:188} INFO - [2025-04-11T12:50:20.454+0000] {dag.py:3823} INFO - Setting next_dagrun for example_python_decorator to None, run_after=None
[2025-04-11T12:50:20.461+0000] {processor.py:183} INFO - Processing /home/airflow/.local/lib/python3.8/site-packages/airflow/example_dags/example_python_decorator.py took 0.027 seconds
[2025-04-11T12:50:50.920+0000] {processor.py:161} INFO - Started process (PID=765) to work on /home/airflow/.local/lib/python3.8/site-packages/airflow/example_dags/example_python_decorator.py
[2025-04-11T12:50:50.921+0000] {processor.py:830} INFO - Processing file /home/airflow/.local/lib/python3.8/site-packages/airflow/example_dags/example_python_decorator.py for tasks to queue
[2025-04-11T12:50:50.922+0000] {logging_mixin.py:188} INFO - [2025-04-11T12:50:50.922+0000] {dagbag.py:538} INFO - Filling up the DagBag from /home/airflow/.local/lib/python3.8/site-packages/airflow/example_dags/example_python_decorator.py
[2025-04-11T12:50:50.928+0000] {processor.py:840} INFO - DAG(s) 'example_python_decorator' retrieved from /home/airflow/.local/lib/python3.8/site-packages/airflow/example_dags/example_python_decorator.py
[2025-04-11T12:50:50.939+0000] {logging_mixin.py:188} INFO - [2025-04-11T12:50:50.939+0000] {dag.py:3036} INFO - Sync 1 DAGs
[2025-04-11T12:50:50.944+0000] {logging_mixin.py:188} INFO - [2025-04-11T12:50:50.944+0000] {dag.py:3823} INFO - Setting next_dagrun for example_python_decorator to None, run_after=None
[2025-04-11T12:50:50.953+0000] {processor.py:183} INFO - Processing /home/airflow/.local/lib/python3.8/site-packages/airflow/example_dags/example_python_decorator.py took 0.034 seconds
[2025-04-11T12:51:21.465+0000] {processor.py:161} INFO - Started process (PID=821) to work on /home/airflow/.local/lib/python3.8/site-packages/airflow/example_dags/example_python_decorator.py
[2025-04-11T12:51:21.467+0000] {processor.py:830} INFO - Processing file /home/airflow/.local/lib/python3.8/site-packages/airflow/example_dags/example_python_decorator.py for tasks to queue
[2025-04-11T12:51:21.468+0000] {logging_mixin.py:188} INFO - [2025-04-11T12:51:21.467+0000] {dagbag.py:538} INFO - Filling up the DagBag from /home/airflow/.local/lib/python3.8/site-packages/airflow/example_dags/example_python_decorator.py
[2025-04-11T12:51:21.473+0000] {processor.py:840} INFO - DAG(s) 'example_python_decorator' retrieved from /home/airflow/.local/lib/python3.8/site-packages/airflow/example_dags/example_python_decorator.py
[2025-04-11T12:51:21.483+0000] {logging_mixin.py:188} INFO - [2025-04-11T12:51:21.483+0000] {dag.py:3036} INFO - Sync 1 DAGs
[2025-04-11T12:51:21.487+0000] {logging_mixin.py:188} INFO - [2025-04-11T12:51:21.487+0000] {dag.py:3823} INFO - Setting next_dagrun for example_python_decorator to None, run_after=None
[2025-04-11T12:51:21.495+0000] {processor.py:183} INFO - Processing /home/airflow/.local/lib/python3.8/site-packages/airflow/example_dags/example_python_decorator.py took 0.031 seconds
[2025-04-11T12:51:51.910+0000] {processor.py:161} INFO - Started process (PID=877) to work on /home/airflow/.local/lib/python3.8/site-packages/airflow/example_dags/example_python_decorator.py
[2025-04-11T12:51:51.910+0000] {processor.py:830} INFO - Processing file /home/airflow/.local/lib/python3.8/site-packages/airflow/example_dags/example_python_decorator.py for tasks to queue
[2025-04-11T12:51:51.912+0000] {logging_mixin.py:188} INFO - [2025-04-11T12:51:51.912+0000] {dagbag.py:538} INFO - Filling up the DagBag from /home/airflow/.local/lib/python3.8/site-packages/airflow/example_dags/example_python_decorator.py
[2025-04-11T12:51:51.918+0000] {processor.py:840} INFO - DAG(s) 'example_python_decorator' retrieved from /home/airflow/.local/lib/python3.8/site-packages/airflow/example_dags/example_python_decorator.py
[2025-04-11T12:51:51.929+0000] {logging_mixin.py:188} INFO - [2025-04-11T12:51:51.929+0000] {dag.py:3036} INFO - Sync 1 DAGs
[2025-04-11T12:51:51.934+0000] {logging_mixin.py:188} INFO - [2025-04-11T12:51:51.934+0000] {dag.py:3823} INFO - Setting next_dagrun for example_python_decorator to None, run_after=None
[2025-04-11T12:51:51.943+0000] {processor.py:183} INFO - Processing /home/airflow/.local/lib/python3.8/site-packages/airflow/example_dags/example_python_decorator.py took 0.035 seconds
[2025-04-11T12:52:22.410+0000] {processor.py:161} INFO - Started process (PID=932) to work on /home/airflow/.local/lib/python3.8/site-packages/airflow/example_dags/example_python_decorator.py
[2025-04-11T12:52:22.410+0000] {processor.py:830} INFO - Processing file /home/airflow/.local/lib/python3.8/site-packages/airflow/example_dags/example_python_decorator.py for tasks to queue
[2025-04-11T12:52:22.411+0000] {logging_mixin.py:188} INFO - [2025-04-11T12:52:22.411+0000] {dagbag.py:538} INFO - Filling up the DagBag from /home/airflow/.local/lib/python3.8/site-packages/airflow/example_dags/example_python_decorator.py
[2025-04-11T12:52:22.417+0000] {processor.py:840} INFO - DAG(s) 'example_python_decorator' retrieved from /home/airflow/.local/lib/python3.8/site-packages/airflow/example_dags/example_python_decorator.py
[2025-04-11T12:52:22.429+0000] {logging_mixin.py:188} INFO - [2025-04-11T12:52:22.429+0000] {dag.py:3036} INFO - Sync 1 DAGs
[2025-04-11T12:52:22.434+0000] {logging_mixin.py:188} INFO - [2025-04-11T12:52:22.434+0000] {dag.py:3823} INFO - Setting next_dagrun for example_python_decorator to None, run_after=None
[2025-04-11T12:52:22.447+0000] {processor.py:183} INFO - Processing /home/airflow/.local/lib/python3.8/site-packages/airflow/example_dags/example_python_decorator.py took 0.039 seconds
[2025-04-11T12:52:52.723+0000] {processor.py:161} INFO - Started process (PID=988) to work on /home/airflow/.local/lib/python3.8/site-packages/airflow/example_dags/example_python_decorator.py
[2025-04-11T12:52:52.724+0000] {processor.py:830} INFO - Processing file /home/airflow/.local/lib/python3.8/site-packages/airflow/example_dags/example_python_decorator.py for tasks to queue
[2025-04-11T12:52:52.724+0000] {logging_mixin.py:188} INFO - [2025-04-11T12:52:52.724+0000] {dagbag.py:538} INFO - Filling up the DagBag from /home/airflow/.local/lib/python3.8/site-packages/airflow/example_dags/example_python_decorator.py
[2025-04-11T12:52:52.731+0000] {processor.py:840} INFO - DAG(s) 'example_python_decorator' retrieved from /home/airflow/.local/lib/python3.8/site-packages/airflow/example_dags/example_python_decorator.py
[2025-04-11T12:52:52.740+0000] {logging_mixin.py:188} INFO - [2025-04-11T12:52:52.739+0000] {dag.py:3036} INFO - Sync 1 DAGs
[2025-04-11T12:52:52.744+0000] {logging_mixin.py:188} INFO - [2025-04-11T12:52:52.744+0000] {dag.py:3823} INFO - Setting next_dagrun for example_python_decorator to None, run_after=None
[2025-04-11T12:52:52.752+0000] {processor.py:183} INFO - Processing /home/airflow/.local/lib/python3.8/site-packages/airflow/example_dags/example_python_decorator.py took 0.030 seconds
[2025-04-11T12:53:23.040+0000] {processor.py:161} INFO - Started process (PID=1044) to work on /home/airflow/.local/lib/python3.8/site-packages/airflow/example_dags/example_python_decorator.py
[2025-04-11T12:53:23.041+0000] {processor.py:830} INFO - Processing file /home/airflow/.local/lib/python3.8/site-packages/airflow/example_dags/example_python_decorator.py for tasks to queue
[2025-04-11T12:53:23.042+0000] {logging_mixin.py:188} INFO - [2025-04-11T12:53:23.042+0000] {dagbag.py:538} INFO - Filling up the DagBag from /home/airflow/.local/lib/python3.8/site-packages/airflow/example_dags/example_python_decorator.py
[2025-04-11T12:53:23.047+0000] {processor.py:840} INFO - DAG(s) 'example_python_decorator' retrieved from /home/airflow/.local/lib/python3.8/site-packages/airflow/example_dags/example_python_decorator.py
[2025-04-11T12:53:23.056+0000] {logging_mixin.py:188} INFO - [2025-04-11T12:53:23.056+0000] {dag.py:3036} INFO - Sync 1 DAGs
[2025-04-11T12:53:23.061+0000] {logging_mixin.py:188} INFO - [2025-04-11T12:53:23.061+0000] {dag.py:3823} INFO - Setting next_dagrun for example_python_decorator to None, run_after=None
[2025-04-11T12:53:23.068+0000] {processor.py:183} INFO - Processing /home/airflow/.local/lib/python3.8/site-packages/airflow/example_dags/example_python_decorator.py took 0.029 seconds
[2025-04-11T12:53:53.321+0000] {processor.py:161} INFO - Started process (PID=1100) to work on /home/airflow/.local/lib/python3.8/site-packages/airflow/example_dags/example_python_decorator.py
[2025-04-11T12:53:53.322+0000] {processor.py:830} INFO - Processing file /home/airflow/.local/lib/python3.8/site-packages/airflow/example_dags/example_python_decorator.py for tasks to queue
[2025-04-11T12:53:53.323+0000] {logging_mixin.py:188} INFO - [2025-04-11T12:53:53.323+0000] {dagbag.py:538} INFO - Filling up the DagBag from /home/airflow/.local/lib/python3.8/site-packages/airflow/example_dags/example_python_decorator.py
[2025-04-11T12:53:53.329+0000] {processor.py:840} INFO - DAG(s) 'example_python_decorator' retrieved from /home/airflow/.local/lib/python3.8/site-packages/airflow/example_dags/example_python_decorator.py
[2025-04-11T12:53:53.339+0000] {logging_mixin.py:188} INFO - [2025-04-11T12:53:53.339+0000] {dag.py:3036} INFO - Sync 1 DAGs
[2025-04-11T12:53:53.344+0000] {logging_mixin.py:188} INFO - [2025-04-11T12:53:53.344+0000] {dag.py:3823} INFO - Setting next_dagrun for example_python_decorator to None, run_after=None
[2025-04-11T12:53:53.352+0000] {processor.py:183} INFO - Processing /home/airflow/.local/lib/python3.8/site-packages/airflow/example_dags/example_python_decorator.py took 0.032 seconds
[2025-04-11T12:54:23.534+0000] {processor.py:161} INFO - Started process (PID=1156) to work on /home/airflow/.local/lib/python3.8/site-packages/airflow/example_dags/example_python_decorator.py
[2025-04-11T12:54:23.534+0000] {processor.py:830} INFO - Processing file /home/airflow/.local/lib/python3.8/site-packages/airflow/example_dags/example_python_decorator.py for tasks to queue
[2025-04-11T12:54:23.535+0000] {logging_mixin.py:188} INFO - [2025-04-11T12:54:23.535+0000] {dagbag.py:538} INFO - Filling up the DagBag from /home/airflow/.local/lib/python3.8/site-packages/airflow/example_dags/example_python_decorator.py
[2025-04-11T12:54:23.544+0000] {processor.py:840} INFO - DAG(s) 'example_python_decorator' retrieved from /home/airflow/.local/lib/python3.8/site-packages/airflow/example_dags/example_python_decorator.py
[2025-04-11T12:54:23.554+0000] {logging_mixin.py:188} INFO - [2025-04-11T12:54:23.554+0000] {dag.py:3036} INFO - Sync 1 DAGs
[2025-04-11T12:54:23.559+0000] {logging_mixin.py:188} INFO - [2025-04-11T12:54:23.559+0000] {dag.py:3823} INFO - Setting next_dagrun for example_python_decorator to None, run_after=None
[2025-04-11T12:54:23.566+0000] {processor.py:183} INFO - Processing /home/airflow/.local/lib/python3.8/site-packages/airflow/example_dags/example_python_decorator.py took 0.034 seconds
[2025-04-11T12:54:53.779+0000] {processor.py:161} INFO - Started process (PID=1212) to work on /home/airflow/.local/lib/python3.8/site-packages/airflow/example_dags/example_python_decorator.py
[2025-04-11T12:54:53.780+0000] {processor.py:830} INFO - Processing file /home/airflow/.local/lib/python3.8/site-packages/airflow/example_dags/example_python_decorator.py for tasks to queue
[2025-04-11T12:54:53.781+0000] {logging_mixin.py:188} INFO - [2025-04-11T12:54:53.780+0000] {dagbag.py:538} INFO - Filling up the DagBag from /home/airflow/.local/lib/python3.8/site-packages/airflow/example_dags/example_python_decorator.py
[2025-04-11T12:54:53.786+0000] {processor.py:840} INFO - DAG(s) 'example_python_decorator' retrieved from /home/airflow/.local/lib/python3.8/site-packages/airflow/example_dags/example_python_decorator.py
[2025-04-11T12:54:53.795+0000] {logging_mixin.py:188} INFO - [2025-04-11T12:54:53.795+0000] {dag.py:3036} INFO - Sync 1 DAGs
[2025-04-11T12:54:53.800+0000] {logging_mixin.py:188} INFO - [2025-04-11T12:54:53.800+0000] {dag.py:3823} INFO - Setting next_dagrun for example_python_decorator to None, run_after=None
[2025-04-11T12:54:53.808+0000] {processor.py:183} INFO - Processing /home/airflow/.local/lib/python3.8/site-packages/airflow/example_dags/example_python_decorator.py took 0.030 seconds
[2025-04-11T12:55:24.170+0000] {processor.py:161} INFO - Started process (PID=1268) to work on /home/airflow/.local/lib/python3.8/site-packages/airflow/example_dags/example_python_decorator.py
[2025-04-11T12:55:24.172+0000] {processor.py:830} INFO - Processing file /home/airflow/.local/lib/python3.8/site-packages/airflow/example_dags/example_python_decorator.py for tasks to queue
[2025-04-11T12:55:24.173+0000] {logging_mixin.py:188} INFO - [2025-04-11T12:55:24.173+0000] {dagbag.py:538} INFO - Filling up the DagBag from /home/airflow/.local/lib/python3.8/site-packages/airflow/example_dags/example_python_decorator.py
[2025-04-11T12:55:24.179+0000] {processor.py:840} INFO - DAG(s) 'example_python_decorator' retrieved from /home/airflow/.local/lib/python3.8/site-packages/airflow/example_dags/example_python_decorator.py
[2025-04-11T12:55:24.188+0000] {logging_mixin.py:188} INFO - [2025-04-11T12:55:24.188+0000] {dag.py:3036} INFO - Sync 1 DAGs
[2025-04-11T12:55:24.193+0000] {logging_mixin.py:188} INFO - [2025-04-11T12:55:24.193+0000] {dag.py:3823} INFO - Setting next_dagrun for example_python_decorator to None, run_after=None
[2025-04-11T12:55:24.200+0000] {processor.py:183} INFO - Processing /home/airflow/.local/lib/python3.8/site-packages/airflow/example_dags/example_python_decorator.py took 0.032 seconds
