[2025-04-11T12:44:45.758+0000] {processor.py:161} INFO - Started process (PID=88) to work on /home/airflow/.local/lib/python3.8/site-packages/airflow/example_dags/example_datasets.py
[2025-04-11T12:44:45.759+0000] {processor.py:830} INFO - Processing file /home/airflow/.local/lib/python3.8/site-packages/airflow/example_dags/example_datasets.py for tasks to queue
[2025-04-11T12:44:45.761+0000] {logging_mixin.py:188} INFO - [2025-04-11T12:44:45.760+0000] {dagbag.py:538} INFO - Filling up the DagBag from /home/airflow/.local/lib/python3.8/site-packages/airflow/example_dags/example_datasets.py
[2025-04-11T12:44:45.766+0000] {processor.py:840} INFO - DAG(s) 'dataset_produces_2', 'dataset_consumes_1', 'dataset_consumes_unknown_never_scheduled', 'dataset_produces_1', 'dataset_consumes_1_never_scheduled', 'dataset_consumes_1_and_2' retrieved from /home/airflow/.local/lib/python3.8/site-packages/airflow/example_dags/example_datasets.py
[2025-04-11T12:44:45.774+0000] {logging_mixin.py:188} INFO - [2025-04-11T12:44:45.774+0000] {dag.py:3036} INFO - Sync 6 DAGs
[2025-04-11T12:44:45.789+0000] {logging_mixin.py:188} INFO - [2025-04-11T12:44:45.789+0000] {dag.py:3823} INFO - Setting next_dagrun for dataset_consumes_1 to None, run_after=None
[2025-04-11T12:44:45.790+0000] {logging_mixin.py:188} INFO - [2025-04-11T12:44:45.790+0000] {dag.py:3823} INFO - Setting next_dagrun for dataset_consumes_1_and_2 to None, run_after=None
[2025-04-11T12:44:45.791+0000] {logging_mixin.py:188} INFO - [2025-04-11T12:44:45.791+0000] {dag.py:3823} INFO - Setting next_dagrun for dataset_consumes_1_never_scheduled to None, run_after=None
[2025-04-11T12:44:45.792+0000] {logging_mixin.py:188} INFO - [2025-04-11T12:44:45.792+0000] {dag.py:3823} INFO - Setting next_dagrun for dataset_consumes_unknown_never_scheduled to None, run_after=None
[2025-04-11T12:44:45.793+0000] {logging_mixin.py:188} INFO - [2025-04-11T12:44:45.793+0000] {dag.py:3823} INFO - Setting next_dagrun for dataset_produces_1 to 2025-04-10 00:00:00+00:00, run_after=2025-04-11 00:00:00+00:00
[2025-04-11T12:44:45.793+0000] {logging_mixin.py:188} INFO - [2025-04-11T12:44:45.793+0000] {dag.py:3823} INFO - Setting next_dagrun for dataset_produces_2 to None, run_after=None
[2025-04-11T12:44:45.807+0000] {processor.py:183} INFO - Processing /home/airflow/.local/lib/python3.8/site-packages/airflow/example_dags/example_datasets.py took 0.051 seconds
[2025-04-11T12:45:16.280+0000] {processor.py:161} INFO - Started process (PID=145) to work on /home/airflow/.local/lib/python3.8/site-packages/airflow/example_dags/example_datasets.py
[2025-04-11T12:45:16.281+0000] {processor.py:830} INFO - Processing file /home/airflow/.local/lib/python3.8/site-packages/airflow/example_dags/example_datasets.py for tasks to queue
[2025-04-11T12:45:16.282+0000] {logging_mixin.py:188} INFO - [2025-04-11T12:45:16.282+0000] {dagbag.py:538} INFO - Filling up the DagBag from /home/airflow/.local/lib/python3.8/site-packages/airflow/example_dags/example_datasets.py
[2025-04-11T12:45:16.287+0000] {processor.py:840} INFO - DAG(s) 'dataset_produces_2', 'dataset_consumes_1', 'dataset_produces_1', 'dataset_consumes_unknown_never_scheduled', 'dataset_consumes_1_and_2', 'dataset_consumes_1_never_scheduled' retrieved from /home/airflow/.local/lib/python3.8/site-packages/airflow/example_dags/example_datasets.py
[2025-04-11T12:45:16.352+0000] {logging_mixin.py:188} INFO - [2025-04-11T12:45:16.352+0000] {dag.py:3036} INFO - Sync 6 DAGs
[2025-04-11T12:45:16.360+0000] {logging_mixin.py:188} INFO - [2025-04-11T12:45:16.359+0000] {dag.py:3823} INFO - Setting next_dagrun for dataset_consumes_1 to None, run_after=None
[2025-04-11T12:45:16.361+0000] {logging_mixin.py:188} INFO - [2025-04-11T12:45:16.361+0000] {dag.py:3823} INFO - Setting next_dagrun for dataset_consumes_1_and_2 to None, run_after=None
[2025-04-11T12:45:16.361+0000] {logging_mixin.py:188} INFO - [2025-04-11T12:45:16.361+0000] {dag.py:3823} INFO - Setting next_dagrun for dataset_consumes_1_never_scheduled to None, run_after=None
[2025-04-11T12:45:16.361+0000] {logging_mixin.py:188} INFO - [2025-04-11T12:45:16.361+0000] {dag.py:3823} INFO - Setting next_dagrun for dataset_consumes_unknown_never_scheduled to None, run_after=None
[2025-04-11T12:45:16.362+0000] {logging_mixin.py:188} INFO - [2025-04-11T12:45:16.362+0000] {dag.py:3823} INFO - Setting next_dagrun for dataset_produces_1 to 2025-04-10 00:00:00+00:00, run_after=2025-04-11 00:00:00+00:00
[2025-04-11T12:45:16.363+0000] {logging_mixin.py:188} INFO - [2025-04-11T12:45:16.363+0000] {dag.py:3823} INFO - Setting next_dagrun for dataset_produces_2 to None, run_after=None
[2025-04-11T12:45:16.374+0000] {processor.py:183} INFO - Processing /home/airflow/.local/lib/python3.8/site-packages/airflow/example_dags/example_datasets.py took 0.096 seconds
[2025-04-11T12:45:46.918+0000] {processor.py:161} INFO - Started process (PID=201) to work on /home/airflow/.local/lib/python3.8/site-packages/airflow/example_dags/example_datasets.py
[2025-04-11T12:45:46.918+0000] {processor.py:830} INFO - Processing file /home/airflow/.local/lib/python3.8/site-packages/airflow/example_dags/example_datasets.py for tasks to queue
[2025-04-11T12:45:46.919+0000] {logging_mixin.py:188} INFO - [2025-04-11T12:45:46.919+0000] {dagbag.py:538} INFO - Filling up the DagBag from /home/airflow/.local/lib/python3.8/site-packages/airflow/example_dags/example_datasets.py
[2025-04-11T12:45:46.923+0000] {processor.py:840} INFO - DAG(s) 'dataset_consumes_1', 'dataset_produces_1', 'dataset_consumes_1_and_2', 'dataset_consumes_1_never_scheduled', 'dataset_consumes_unknown_never_scheduled', 'dataset_produces_2' retrieved from /home/airflow/.local/lib/python3.8/site-packages/airflow/example_dags/example_datasets.py
[2025-04-11T12:45:46.936+0000] {logging_mixin.py:188} INFO - [2025-04-11T12:45:46.935+0000] {dag.py:3036} INFO - Sync 6 DAGs
[2025-04-11T12:45:46.943+0000] {logging_mixin.py:188} INFO - [2025-04-11T12:45:46.943+0000] {dag.py:3823} INFO - Setting next_dagrun for dataset_consumes_1 to None, run_after=None
[2025-04-11T12:45:46.945+0000] {logging_mixin.py:188} INFO - [2025-04-11T12:45:46.945+0000] {dag.py:3823} INFO - Setting next_dagrun for dataset_consumes_1_and_2 to None, run_after=None
[2025-04-11T12:45:46.945+0000] {logging_mixin.py:188} INFO - [2025-04-11T12:45:46.945+0000] {dag.py:3823} INFO - Setting next_dagrun for dataset_consumes_1_never_scheduled to None, run_after=None
[2025-04-11T12:45:46.946+0000] {logging_mixin.py:188} INFO - [2025-04-11T12:45:46.946+0000] {dag.py:3823} INFO - Setting next_dagrun for dataset_consumes_unknown_never_scheduled to None, run_after=None
[2025-04-11T12:45:46.947+0000] {logging_mixin.py:188} INFO - [2025-04-11T12:45:46.947+0000] {dag.py:3823} INFO - Setting next_dagrun for dataset_produces_1 to 2025-04-10 00:00:00+00:00, run_after=2025-04-11 00:00:00+00:00
[2025-04-11T12:45:46.947+0000] {logging_mixin.py:188} INFO - [2025-04-11T12:45:46.947+0000] {dag.py:3823} INFO - Setting next_dagrun for dataset_produces_2 to None, run_after=None
[2025-04-11T12:45:46.958+0000] {processor.py:183} INFO - Processing /home/airflow/.local/lib/python3.8/site-packages/airflow/example_dags/example_datasets.py took 0.041 seconds
[2025-04-11T12:46:17.526+0000] {processor.py:161} INFO - Started process (PID=256) to work on /home/airflow/.local/lib/python3.8/site-packages/airflow/example_dags/example_datasets.py
[2025-04-11T12:46:17.526+0000] {processor.py:830} INFO - Processing file /home/airflow/.local/lib/python3.8/site-packages/airflow/example_dags/example_datasets.py for tasks to queue
[2025-04-11T12:46:17.527+0000] {logging_mixin.py:188} INFO - [2025-04-11T12:46:17.527+0000] {dagbag.py:538} INFO - Filling up the DagBag from /home/airflow/.local/lib/python3.8/site-packages/airflow/example_dags/example_datasets.py
[2025-04-11T12:46:17.531+0000] {processor.py:840} INFO - DAG(s) 'dataset_consumes_1_never_scheduled', 'dataset_produces_1', 'dataset_consumes_unknown_never_scheduled', 'dataset_consumes_1', 'dataset_consumes_1_and_2', 'dataset_produces_2' retrieved from /home/airflow/.local/lib/python3.8/site-packages/airflow/example_dags/example_datasets.py
[2025-04-11T12:46:17.544+0000] {logging_mixin.py:188} INFO - [2025-04-11T12:46:17.543+0000] {dag.py:3036} INFO - Sync 6 DAGs
[2025-04-11T12:46:17.551+0000] {logging_mixin.py:188} INFO - [2025-04-11T12:46:17.551+0000] {dag.py:3823} INFO - Setting next_dagrun for dataset_consumes_1 to None, run_after=None
[2025-04-11T12:46:17.553+0000] {logging_mixin.py:188} INFO - [2025-04-11T12:46:17.553+0000] {dag.py:3823} INFO - Setting next_dagrun for dataset_consumes_1_and_2 to None, run_after=None
[2025-04-11T12:46:17.553+0000] {logging_mixin.py:188} INFO - [2025-04-11T12:46:17.553+0000] {dag.py:3823} INFO - Setting next_dagrun for dataset_consumes_1_never_scheduled to None, run_after=None
[2025-04-11T12:46:17.554+0000] {logging_mixin.py:188} INFO - [2025-04-11T12:46:17.554+0000] {dag.py:3823} INFO - Setting next_dagrun for dataset_consumes_unknown_never_scheduled to None, run_after=None
[2025-04-11T12:46:17.555+0000] {logging_mixin.py:188} INFO - [2025-04-11T12:46:17.555+0000] {dag.py:3823} INFO - Setting next_dagrun for dataset_produces_1 to 2025-04-10 00:00:00+00:00, run_after=2025-04-11 00:00:00+00:00
[2025-04-11T12:46:17.555+0000] {logging_mixin.py:188} INFO - [2025-04-11T12:46:17.555+0000] {dag.py:3823} INFO - Setting next_dagrun for dataset_produces_2 to None, run_after=None
[2025-04-11T12:46:17.566+0000] {processor.py:183} INFO - Processing /home/airflow/.local/lib/python3.8/site-packages/airflow/example_dags/example_datasets.py took 0.041 seconds
[2025-04-11T12:46:48.007+0000] {processor.py:161} INFO - Started process (PID=318) to work on /home/airflow/.local/lib/python3.8/site-packages/airflow/example_dags/example_datasets.py
[2025-04-11T12:46:48.008+0000] {processor.py:830} INFO - Processing file /home/airflow/.local/lib/python3.8/site-packages/airflow/example_dags/example_datasets.py for tasks to queue
[2025-04-11T12:46:48.009+0000] {logging_mixin.py:188} INFO - [2025-04-11T12:46:48.008+0000] {dagbag.py:538} INFO - Filling up the DagBag from /home/airflow/.local/lib/python3.8/site-packages/airflow/example_dags/example_datasets.py
[2025-04-11T12:46:48.013+0000] {processor.py:840} INFO - DAG(s) 'dataset_consumes_unknown_never_scheduled', 'dataset_produces_2', 'dataset_consumes_1', 'dataset_consumes_1_and_2', 'dataset_consumes_1_never_scheduled', 'dataset_produces_1' retrieved from /home/airflow/.local/lib/python3.8/site-packages/airflow/example_dags/example_datasets.py
[2025-04-11T12:46:48.028+0000] {logging_mixin.py:188} INFO - [2025-04-11T12:46:48.028+0000] {dag.py:3036} INFO - Sync 6 DAGs
[2025-04-11T12:46:48.037+0000] {logging_mixin.py:188} INFO - [2025-04-11T12:46:48.036+0000] {dag.py:3823} INFO - Setting next_dagrun for dataset_consumes_1 to None, run_after=None
[2025-04-11T12:46:48.038+0000] {logging_mixin.py:188} INFO - [2025-04-11T12:46:48.038+0000] {dag.py:3823} INFO - Setting next_dagrun for dataset_consumes_1_and_2 to None, run_after=None
[2025-04-11T12:46:48.039+0000] {logging_mixin.py:188} INFO - [2025-04-11T12:46:48.039+0000] {dag.py:3823} INFO - Setting next_dagrun for dataset_consumes_1_never_scheduled to None, run_after=None
[2025-04-11T12:46:48.039+0000] {logging_mixin.py:188} INFO - [2025-04-11T12:46:48.039+0000] {dag.py:3823} INFO - Setting next_dagrun for dataset_consumes_unknown_never_scheduled to None, run_after=None
[2025-04-11T12:46:48.040+0000] {logging_mixin.py:188} INFO - [2025-04-11T12:46:48.040+0000] {dag.py:3823} INFO - Setting next_dagrun for dataset_produces_1 to 2025-04-10 00:00:00+00:00, run_after=2025-04-11 00:00:00+00:00
[2025-04-11T12:46:48.041+0000] {logging_mixin.py:188} INFO - [2025-04-11T12:46:48.040+0000] {dag.py:3823} INFO - Setting next_dagrun for dataset_produces_2 to None, run_after=None
[2025-04-11T12:46:48.058+0000] {processor.py:183} INFO - Processing /home/airflow/.local/lib/python3.8/site-packages/airflow/example_dags/example_datasets.py took 0.053 seconds
[2025-04-11T12:47:18.405+0000] {processor.py:161} INFO - Started process (PID=374) to work on /home/airflow/.local/lib/python3.8/site-packages/airflow/example_dags/example_datasets.py
[2025-04-11T12:47:18.406+0000] {processor.py:830} INFO - Processing file /home/airflow/.local/lib/python3.8/site-packages/airflow/example_dags/example_datasets.py for tasks to queue
[2025-04-11T12:47:18.408+0000] {logging_mixin.py:188} INFO - [2025-04-11T12:47:18.408+0000] {dagbag.py:538} INFO - Filling up the DagBag from /home/airflow/.local/lib/python3.8/site-packages/airflow/example_dags/example_datasets.py
[2025-04-11T12:47:18.412+0000] {processor.py:840} INFO - DAG(s) 'dataset_consumes_1_and_2', 'dataset_consumes_unknown_never_scheduled', 'dataset_produces_1', 'dataset_produces_2', 'dataset_consumes_1_never_scheduled', 'dataset_consumes_1' retrieved from /home/airflow/.local/lib/python3.8/site-packages/airflow/example_dags/example_datasets.py
[2025-04-11T12:47:18.428+0000] {logging_mixin.py:188} INFO - [2025-04-11T12:47:18.428+0000] {dag.py:3036} INFO - Sync 6 DAGs
[2025-04-11T12:47:18.439+0000] {logging_mixin.py:188} INFO - [2025-04-11T12:47:18.439+0000] {dag.py:3823} INFO - Setting next_dagrun for dataset_consumes_1 to None, run_after=None
[2025-04-11T12:47:18.441+0000] {logging_mixin.py:188} INFO - [2025-04-11T12:47:18.441+0000] {dag.py:3823} INFO - Setting next_dagrun for dataset_consumes_1_and_2 to None, run_after=None
[2025-04-11T12:47:18.442+0000] {logging_mixin.py:188} INFO - [2025-04-11T12:47:18.442+0000] {dag.py:3823} INFO - Setting next_dagrun for dataset_consumes_1_never_scheduled to None, run_after=None
[2025-04-11T12:47:18.443+0000] {logging_mixin.py:188} INFO - [2025-04-11T12:47:18.443+0000] {dag.py:3823} INFO - Setting next_dagrun for dataset_consumes_unknown_never_scheduled to None, run_after=None
[2025-04-11T12:47:18.444+0000] {logging_mixin.py:188} INFO - [2025-04-11T12:47:18.444+0000] {dag.py:3823} INFO - Setting next_dagrun for dataset_produces_1 to 2025-04-10 00:00:00+00:00, run_after=2025-04-11 00:00:00+00:00
[2025-04-11T12:47:18.445+0000] {logging_mixin.py:188} INFO - [2025-04-11T12:47:18.445+0000] {dag.py:3823} INFO - Setting next_dagrun for dataset_produces_2 to None, run_after=None
[2025-04-11T12:47:18.498+0000] {processor.py:183} INFO - Processing /home/airflow/.local/lib/python3.8/site-packages/airflow/example_dags/example_datasets.py took 0.094 seconds
[2025-04-11T12:47:48.865+0000] {processor.py:161} INFO - Started process (PID=430) to work on /home/airflow/.local/lib/python3.8/site-packages/airflow/example_dags/example_datasets.py
[2025-04-11T12:47:48.865+0000] {processor.py:830} INFO - Processing file /home/airflow/.local/lib/python3.8/site-packages/airflow/example_dags/example_datasets.py for tasks to queue
[2025-04-11T12:47:48.866+0000] {logging_mixin.py:188} INFO - [2025-04-11T12:47:48.866+0000] {dagbag.py:538} INFO - Filling up the DagBag from /home/airflow/.local/lib/python3.8/site-packages/airflow/example_dags/example_datasets.py
[2025-04-11T12:47:48.870+0000] {processor.py:840} INFO - DAG(s) 'dataset_consumes_unknown_never_scheduled', 'dataset_consumes_1', 'dataset_consumes_1_and_2', 'dataset_produces_2', 'dataset_consumes_1_never_scheduled', 'dataset_produces_1' retrieved from /home/airflow/.local/lib/python3.8/site-packages/airflow/example_dags/example_datasets.py
[2025-04-11T12:47:48.885+0000] {logging_mixin.py:188} INFO - [2025-04-11T12:47:48.885+0000] {dag.py:3036} INFO - Sync 6 DAGs
[2025-04-11T12:47:48.896+0000] {logging_mixin.py:188} INFO - [2025-04-11T12:47:48.896+0000] {dag.py:3823} INFO - Setting next_dagrun for dataset_consumes_1 to None, run_after=None
[2025-04-11T12:47:48.898+0000] {logging_mixin.py:188} INFO - [2025-04-11T12:47:48.898+0000] {dag.py:3823} INFO - Setting next_dagrun for dataset_consumes_1_and_2 to None, run_after=None
[2025-04-11T12:47:48.899+0000] {logging_mixin.py:188} INFO - [2025-04-11T12:47:48.899+0000] {dag.py:3823} INFO - Setting next_dagrun for dataset_consumes_1_never_scheduled to None, run_after=None
[2025-04-11T12:47:48.900+0000] {logging_mixin.py:188} INFO - [2025-04-11T12:47:48.899+0000] {dag.py:3823} INFO - Setting next_dagrun for dataset_consumes_unknown_never_scheduled to None, run_after=None
[2025-04-11T12:47:48.901+0000] {logging_mixin.py:188} INFO - [2025-04-11T12:47:48.901+0000] {dag.py:3823} INFO - Setting next_dagrun for dataset_produces_1 to 2025-04-10 00:00:00+00:00, run_after=2025-04-11 00:00:00+00:00
[2025-04-11T12:47:48.902+0000] {logging_mixin.py:188} INFO - [2025-04-11T12:47:48.902+0000] {dag.py:3823} INFO - Setting next_dagrun for dataset_produces_2 to None, run_after=None
[2025-04-11T12:47:48.917+0000] {processor.py:183} INFO - Processing /home/airflow/.local/lib/python3.8/site-packages/airflow/example_dags/example_datasets.py took 0.054 seconds
[2025-04-11T12:48:19.181+0000] {processor.py:161} INFO - Started process (PID=486) to work on /home/airflow/.local/lib/python3.8/site-packages/airflow/example_dags/example_datasets.py
[2025-04-11T12:48:19.182+0000] {processor.py:830} INFO - Processing file /home/airflow/.local/lib/python3.8/site-packages/airflow/example_dags/example_datasets.py for tasks to queue
[2025-04-11T12:48:19.183+0000] {logging_mixin.py:188} INFO - [2025-04-11T12:48:19.182+0000] {dagbag.py:538} INFO - Filling up the DagBag from /home/airflow/.local/lib/python3.8/site-packages/airflow/example_dags/example_datasets.py
[2025-04-11T12:48:19.187+0000] {processor.py:840} INFO - DAG(s) 'dataset_consumes_1_never_scheduled', 'dataset_produces_2', 'dataset_consumes_1_and_2', 'dataset_consumes_1', 'dataset_produces_1', 'dataset_consumes_unknown_never_scheduled' retrieved from /home/airflow/.local/lib/python3.8/site-packages/airflow/example_dags/example_datasets.py
[2025-04-11T12:48:19.202+0000] {logging_mixin.py:188} INFO - [2025-04-11T12:48:19.202+0000] {dag.py:3036} INFO - Sync 6 DAGs
[2025-04-11T12:48:19.211+0000] {logging_mixin.py:188} INFO - [2025-04-11T12:48:19.211+0000] {dag.py:3823} INFO - Setting next_dagrun for dataset_consumes_1 to None, run_after=None
[2025-04-11T12:48:19.213+0000] {logging_mixin.py:188} INFO - [2025-04-11T12:48:19.213+0000] {dag.py:3823} INFO - Setting next_dagrun for dataset_consumes_1_and_2 to None, run_after=None
[2025-04-11T12:48:19.213+0000] {logging_mixin.py:188} INFO - [2025-04-11T12:48:19.213+0000] {dag.py:3823} INFO - Setting next_dagrun for dataset_consumes_1_never_scheduled to None, run_after=None
[2025-04-11T12:48:19.214+0000] {logging_mixin.py:188} INFO - [2025-04-11T12:48:19.214+0000] {dag.py:3823} INFO - Setting next_dagrun for dataset_consumes_unknown_never_scheduled to None, run_after=None
[2025-04-11T12:48:19.215+0000] {logging_mixin.py:188} INFO - [2025-04-11T12:48:19.215+0000] {dag.py:3823} INFO - Setting next_dagrun for dataset_produces_1 to 2025-04-10 00:00:00+00:00, run_after=2025-04-11 00:00:00+00:00
[2025-04-11T12:48:19.216+0000] {logging_mixin.py:188} INFO - [2025-04-11T12:48:19.216+0000] {dag.py:3823} INFO - Setting next_dagrun for dataset_produces_2 to None, run_after=None
[2025-04-11T12:48:19.227+0000] {processor.py:183} INFO - Processing /home/airflow/.local/lib/python3.8/site-packages/airflow/example_dags/example_datasets.py took 0.047 seconds
[2025-04-11T12:48:49.316+0000] {processor.py:161} INFO - Started process (PID=542) to work on /home/airflow/.local/lib/python3.8/site-packages/airflow/example_dags/example_datasets.py
[2025-04-11T12:48:49.317+0000] {processor.py:830} INFO - Processing file /home/airflow/.local/lib/python3.8/site-packages/airflow/example_dags/example_datasets.py for tasks to queue
[2025-04-11T12:48:49.317+0000] {logging_mixin.py:188} INFO - [2025-04-11T12:48:49.317+0000] {dagbag.py:538} INFO - Filling up the DagBag from /home/airflow/.local/lib/python3.8/site-packages/airflow/example_dags/example_datasets.py
[2025-04-11T12:48:49.321+0000] {processor.py:840} INFO - DAG(s) 'dataset_consumes_unknown_never_scheduled', 'dataset_consumes_1_never_scheduled', 'dataset_produces_2', 'dataset_consumes_1', 'dataset_produces_1', 'dataset_consumes_1_and_2' retrieved from /home/airflow/.local/lib/python3.8/site-packages/airflow/example_dags/example_datasets.py
[2025-04-11T12:48:49.333+0000] {logging_mixin.py:188} INFO - [2025-04-11T12:48:49.333+0000] {dag.py:3036} INFO - Sync 6 DAGs
[2025-04-11T12:48:49.341+0000] {logging_mixin.py:188} INFO - [2025-04-11T12:48:49.340+0000] {dag.py:3823} INFO - Setting next_dagrun for dataset_consumes_1 to None, run_after=None
[2025-04-11T12:48:49.342+0000] {logging_mixin.py:188} INFO - [2025-04-11T12:48:49.342+0000] {dag.py:3823} INFO - Setting next_dagrun for dataset_consumes_1_and_2 to None, run_after=None
[2025-04-11T12:48:49.342+0000] {logging_mixin.py:188} INFO - [2025-04-11T12:48:49.342+0000] {dag.py:3823} INFO - Setting next_dagrun for dataset_consumes_1_never_scheduled to None, run_after=None
[2025-04-11T12:48:49.343+0000] {logging_mixin.py:188} INFO - [2025-04-11T12:48:49.343+0000] {dag.py:3823} INFO - Setting next_dagrun for dataset_consumes_unknown_never_scheduled to None, run_after=None
[2025-04-11T12:48:49.344+0000] {logging_mixin.py:188} INFO - [2025-04-11T12:48:49.344+0000] {dag.py:3823} INFO - Setting next_dagrun for dataset_produces_1 to 2025-04-10 00:00:00+00:00, run_after=2025-04-11 00:00:00+00:00
[2025-04-11T12:48:49.344+0000] {logging_mixin.py:188} INFO - [2025-04-11T12:48:49.344+0000] {dag.py:3823} INFO - Setting next_dagrun for dataset_produces_2 to None, run_after=None
[2025-04-11T12:48:49.355+0000] {processor.py:183} INFO - Processing /home/airflow/.local/lib/python3.8/site-packages/airflow/example_dags/example_datasets.py took 0.040 seconds
[2025-04-11T12:49:19.634+0000] {processor.py:161} INFO - Started process (PID=598) to work on /home/airflow/.local/lib/python3.8/site-packages/airflow/example_dags/example_datasets.py
[2025-04-11T12:49:19.634+0000] {processor.py:830} INFO - Processing file /home/airflow/.local/lib/python3.8/site-packages/airflow/example_dags/example_datasets.py for tasks to queue
[2025-04-11T12:49:19.635+0000] {logging_mixin.py:188} INFO - [2025-04-11T12:49:19.635+0000] {dagbag.py:538} INFO - Filling up the DagBag from /home/airflow/.local/lib/python3.8/site-packages/airflow/example_dags/example_datasets.py
[2025-04-11T12:49:19.639+0000] {processor.py:840} INFO - DAG(s) 'dataset_produces_2', 'dataset_consumes_unknown_never_scheduled', 'dataset_consumes_1_and_2', 'dataset_produces_1', 'dataset_consumes_1_never_scheduled', 'dataset_consumes_1' retrieved from /home/airflow/.local/lib/python3.8/site-packages/airflow/example_dags/example_datasets.py
[2025-04-11T12:49:19.656+0000] {logging_mixin.py:188} INFO - [2025-04-11T12:49:19.656+0000] {dag.py:3036} INFO - Sync 6 DAGs
[2025-04-11T12:49:19.666+0000] {logging_mixin.py:188} INFO - [2025-04-11T12:49:19.666+0000] {dag.py:3823} INFO - Setting next_dagrun for dataset_consumes_1 to None, run_after=None
[2025-04-11T12:49:19.668+0000] {logging_mixin.py:188} INFO - [2025-04-11T12:49:19.668+0000] {dag.py:3823} INFO - Setting next_dagrun for dataset_consumes_1_and_2 to None, run_after=None
[2025-04-11T12:49:19.668+0000] {logging_mixin.py:188} INFO - [2025-04-11T12:49:19.668+0000] {dag.py:3823} INFO - Setting next_dagrun for dataset_consumes_1_never_scheduled to None, run_after=None
[2025-04-11T12:49:19.669+0000] {logging_mixin.py:188} INFO - [2025-04-11T12:49:19.669+0000] {dag.py:3823} INFO - Setting next_dagrun for dataset_consumes_unknown_never_scheduled to None, run_after=None
[2025-04-11T12:49:19.670+0000] {logging_mixin.py:188} INFO - [2025-04-11T12:49:19.670+0000] {dag.py:3823} INFO - Setting next_dagrun for dataset_produces_1 to 2025-04-10 00:00:00+00:00, run_after=2025-04-11 00:00:00+00:00
[2025-04-11T12:49:19.670+0000] {logging_mixin.py:188} INFO - [2025-04-11T12:49:19.670+0000] {dag.py:3823} INFO - Setting next_dagrun for dataset_produces_2 to None, run_after=None
[2025-04-11T12:49:19.682+0000] {processor.py:183} INFO - Processing /home/airflow/.local/lib/python3.8/site-packages/airflow/example_dags/example_datasets.py took 0.050 seconds
[2025-04-11T12:49:49.984+0000] {processor.py:161} INFO - Started process (PID=654) to work on /home/airflow/.local/lib/python3.8/site-packages/airflow/example_dags/example_datasets.py
[2025-04-11T12:49:49.985+0000] {processor.py:830} INFO - Processing file /home/airflow/.local/lib/python3.8/site-packages/airflow/example_dags/example_datasets.py for tasks to queue
[2025-04-11T12:49:49.986+0000] {logging_mixin.py:188} INFO - [2025-04-11T12:49:49.986+0000] {dagbag.py:538} INFO - Filling up the DagBag from /home/airflow/.local/lib/python3.8/site-packages/airflow/example_dags/example_datasets.py
[2025-04-11T12:49:49.990+0000] {processor.py:840} INFO - DAG(s) 'dataset_consumes_1', 'dataset_consumes_1_and_2', 'dataset_produces_2', 'dataset_produces_1', 'dataset_consumes_unknown_never_scheduled', 'dataset_consumes_1_never_scheduled' retrieved from /home/airflow/.local/lib/python3.8/site-packages/airflow/example_dags/example_datasets.py
[2025-04-11T12:49:50.004+0000] {logging_mixin.py:188} INFO - [2025-04-11T12:49:50.004+0000] {dag.py:3036} INFO - Sync 6 DAGs
[2025-04-11T12:49:50.015+0000] {logging_mixin.py:188} INFO - [2025-04-11T12:49:50.015+0000] {dag.py:3823} INFO - Setting next_dagrun for dataset_consumes_1 to None, run_after=None
[2025-04-11T12:49:50.017+0000] {logging_mixin.py:188} INFO - [2025-04-11T12:49:50.017+0000] {dag.py:3823} INFO - Setting next_dagrun for dataset_consumes_1_and_2 to None, run_after=None
[2025-04-11T12:49:50.018+0000] {logging_mixin.py:188} INFO - [2025-04-11T12:49:50.018+0000] {dag.py:3823} INFO - Setting next_dagrun for dataset_consumes_1_never_scheduled to None, run_after=None
[2025-04-11T12:49:50.019+0000] {logging_mixin.py:188} INFO - [2025-04-11T12:49:50.018+0000] {dag.py:3823} INFO - Setting next_dagrun for dataset_consumes_unknown_never_scheduled to None, run_after=None
[2025-04-11T12:49:50.020+0000] {logging_mixin.py:188} INFO - [2025-04-11T12:49:50.020+0000] {dag.py:3823} INFO - Setting next_dagrun for dataset_produces_1 to 2025-04-10 00:00:00+00:00, run_after=2025-04-11 00:00:00+00:00
[2025-04-11T12:49:50.020+0000] {logging_mixin.py:188} INFO - [2025-04-11T12:49:50.020+0000] {dag.py:3823} INFO - Setting next_dagrun for dataset_produces_2 to None, run_after=None
[2025-04-11T12:49:50.032+0000] {processor.py:183} INFO - Processing /home/airflow/.local/lib/python3.8/site-packages/airflow/example_dags/example_datasets.py took 0.049 seconds
[2025-04-11T12:50:20.469+0000] {processor.py:161} INFO - Started process (PID=710) to work on /home/airflow/.local/lib/python3.8/site-packages/airflow/example_dags/example_datasets.py
[2025-04-11T12:50:20.469+0000] {processor.py:830} INFO - Processing file /home/airflow/.local/lib/python3.8/site-packages/airflow/example_dags/example_datasets.py for tasks to queue
[2025-04-11T12:50:20.470+0000] {logging_mixin.py:188} INFO - [2025-04-11T12:50:20.470+0000] {dagbag.py:538} INFO - Filling up the DagBag from /home/airflow/.local/lib/python3.8/site-packages/airflow/example_dags/example_datasets.py
[2025-04-11T12:50:20.474+0000] {processor.py:840} INFO - DAG(s) 'dataset_produces_1', 'dataset_consumes_1', 'dataset_consumes_1_never_scheduled', 'dataset_consumes_unknown_never_scheduled', 'dataset_consumes_1_and_2', 'dataset_produces_2' retrieved from /home/airflow/.local/lib/python3.8/site-packages/airflow/example_dags/example_datasets.py
[2025-04-11T12:50:20.490+0000] {logging_mixin.py:188} INFO - [2025-04-11T12:50:20.490+0000] {dag.py:3036} INFO - Sync 6 DAGs
[2025-04-11T12:50:20.499+0000] {logging_mixin.py:188} INFO - [2025-04-11T12:50:20.499+0000] {dag.py:3823} INFO - Setting next_dagrun for dataset_consumes_1 to None, run_after=None
[2025-04-11T12:50:20.501+0000] {logging_mixin.py:188} INFO - [2025-04-11T12:50:20.501+0000] {dag.py:3823} INFO - Setting next_dagrun for dataset_consumes_1_and_2 to None, run_after=None
[2025-04-11T12:50:20.502+0000] {logging_mixin.py:188} INFO - [2025-04-11T12:50:20.502+0000] {dag.py:3823} INFO - Setting next_dagrun for dataset_consumes_1_never_scheduled to None, run_after=None
[2025-04-11T12:50:20.504+0000] {logging_mixin.py:188} INFO - [2025-04-11T12:50:20.504+0000] {dag.py:3823} INFO - Setting next_dagrun for dataset_consumes_unknown_never_scheduled to None, run_after=None
[2025-04-11T12:50:20.505+0000] {logging_mixin.py:188} INFO - [2025-04-11T12:50:20.505+0000] {dag.py:3823} INFO - Setting next_dagrun for dataset_produces_1 to 2025-04-10 00:00:00+00:00, run_after=2025-04-11 00:00:00+00:00
[2025-04-11T12:50:20.506+0000] {logging_mixin.py:188} INFO - [2025-04-11T12:50:20.506+0000] {dag.py:3823} INFO - Setting next_dagrun for dataset_produces_2 to None, run_after=None
[2025-04-11T12:50:20.520+0000] {processor.py:183} INFO - Processing /home/airflow/.local/lib/python3.8/site-packages/airflow/example_dags/example_datasets.py took 0.053 seconds
[2025-04-11T12:50:50.957+0000] {processor.py:161} INFO - Started process (PID=766) to work on /home/airflow/.local/lib/python3.8/site-packages/airflow/example_dags/example_datasets.py
[2025-04-11T12:50:50.958+0000] {processor.py:830} INFO - Processing file /home/airflow/.local/lib/python3.8/site-packages/airflow/example_dags/example_datasets.py for tasks to queue
[2025-04-11T12:50:50.959+0000] {logging_mixin.py:188} INFO - [2025-04-11T12:50:50.958+0000] {dagbag.py:538} INFO - Filling up the DagBag from /home/airflow/.local/lib/python3.8/site-packages/airflow/example_dags/example_datasets.py
[2025-04-11T12:50:50.962+0000] {processor.py:840} INFO - DAG(s) 'dataset_produces_2', 'dataset_consumes_1', 'dataset_produces_1', 'dataset_consumes_unknown_never_scheduled', 'dataset_consumes_1_never_scheduled', 'dataset_consumes_1_and_2' retrieved from /home/airflow/.local/lib/python3.8/site-packages/airflow/example_dags/example_datasets.py
[2025-04-11T12:50:50.979+0000] {logging_mixin.py:188} INFO - [2025-04-11T12:50:50.979+0000] {dag.py:3036} INFO - Sync 6 DAGs
[2025-04-11T12:50:50.988+0000] {logging_mixin.py:188} INFO - [2025-04-11T12:50:50.988+0000] {dag.py:3823} INFO - Setting next_dagrun for dataset_consumes_1 to None, run_after=None
[2025-04-11T12:50:50.991+0000] {logging_mixin.py:188} INFO - [2025-04-11T12:50:50.991+0000] {dag.py:3823} INFO - Setting next_dagrun for dataset_consumes_1_and_2 to None, run_after=None
[2025-04-11T12:50:50.992+0000] {logging_mixin.py:188} INFO - [2025-04-11T12:50:50.992+0000] {dag.py:3823} INFO - Setting next_dagrun for dataset_consumes_1_never_scheduled to None, run_after=None
[2025-04-11T12:50:50.993+0000] {logging_mixin.py:188} INFO - [2025-04-11T12:50:50.993+0000] {dag.py:3823} INFO - Setting next_dagrun for dataset_consumes_unknown_never_scheduled to None, run_after=None
[2025-04-11T12:50:50.994+0000] {logging_mixin.py:188} INFO - [2025-04-11T12:50:50.994+0000] {dag.py:3823} INFO - Setting next_dagrun for dataset_produces_1 to 2025-04-10 00:00:00+00:00, run_after=2025-04-11 00:00:00+00:00
[2025-04-11T12:50:50.995+0000] {logging_mixin.py:188} INFO - [2025-04-11T12:50:50.995+0000] {dag.py:3823} INFO - Setting next_dagrun for dataset_produces_2 to None, run_after=None
[2025-04-11T12:50:51.009+0000] {processor.py:183} INFO - Processing /home/airflow/.local/lib/python3.8/site-packages/airflow/example_dags/example_datasets.py took 0.053 seconds
[2025-04-11T12:51:21.466+0000] {processor.py:161} INFO - Started process (PID=822) to work on /home/airflow/.local/lib/python3.8/site-packages/airflow/example_dags/example_datasets.py
[2025-04-11T12:51:21.467+0000] {processor.py:830} INFO - Processing file /home/airflow/.local/lib/python3.8/site-packages/airflow/example_dags/example_datasets.py for tasks to queue
[2025-04-11T12:51:21.472+0000] {logging_mixin.py:188} INFO - [2025-04-11T12:51:21.471+0000] {dagbag.py:538} INFO - Filling up the DagBag from /home/airflow/.local/lib/python3.8/site-packages/airflow/example_dags/example_datasets.py
[2025-04-11T12:51:21.475+0000] {processor.py:840} INFO - DAG(s) 'dataset_consumes_1', 'dataset_produces_1', 'dataset_produces_2', 'dataset_consumes_1_and_2', 'dataset_consumes_unknown_never_scheduled', 'dataset_consumes_1_never_scheduled' retrieved from /home/airflow/.local/lib/python3.8/site-packages/airflow/example_dags/example_datasets.py
[2025-04-11T12:51:21.489+0000] {logging_mixin.py:188} INFO - [2025-04-11T12:51:21.489+0000] {dag.py:3036} INFO - Sync 6 DAGs
[2025-04-11T12:51:21.497+0000] {logging_mixin.py:188} INFO - [2025-04-11T12:51:21.497+0000] {dag.py:3823} INFO - Setting next_dagrun for dataset_consumes_1 to None, run_after=None
[2025-04-11T12:51:21.498+0000] {logging_mixin.py:188} INFO - [2025-04-11T12:51:21.498+0000] {dag.py:3823} INFO - Setting next_dagrun for dataset_consumes_1_and_2 to None, run_after=None
[2025-04-11T12:51:21.499+0000] {logging_mixin.py:188} INFO - [2025-04-11T12:51:21.499+0000] {dag.py:3823} INFO - Setting next_dagrun for dataset_consumes_1_never_scheduled to None, run_after=None
[2025-04-11T12:51:21.499+0000] {logging_mixin.py:188} INFO - [2025-04-11T12:51:21.499+0000] {dag.py:3823} INFO - Setting next_dagrun for dataset_consumes_unknown_never_scheduled to None, run_after=None
[2025-04-11T12:51:21.500+0000] {logging_mixin.py:188} INFO - [2025-04-11T12:51:21.500+0000] {dag.py:3823} INFO - Setting next_dagrun for dataset_produces_1 to 2025-04-10 00:00:00+00:00, run_after=2025-04-11 00:00:00+00:00
[2025-04-11T12:51:21.501+0000] {logging_mixin.py:188} INFO - [2025-04-11T12:51:21.501+0000] {dag.py:3823} INFO - Setting next_dagrun for dataset_produces_2 to None, run_after=None
[2025-04-11T12:51:21.512+0000] {processor.py:183} INFO - Processing /home/airflow/.local/lib/python3.8/site-packages/airflow/example_dags/example_datasets.py took 0.047 seconds
[2025-04-11T12:51:51.948+0000] {processor.py:161} INFO - Started process (PID=878) to work on /home/airflow/.local/lib/python3.8/site-packages/airflow/example_dags/example_datasets.py
[2025-04-11T12:51:51.949+0000] {processor.py:830} INFO - Processing file /home/airflow/.local/lib/python3.8/site-packages/airflow/example_dags/example_datasets.py for tasks to queue
[2025-04-11T12:51:51.949+0000] {logging_mixin.py:188} INFO - [2025-04-11T12:51:51.949+0000] {dagbag.py:538} INFO - Filling up the DagBag from /home/airflow/.local/lib/python3.8/site-packages/airflow/example_dags/example_datasets.py
[2025-04-11T12:51:51.953+0000] {processor.py:840} INFO - DAG(s) 'dataset_produces_1', 'dataset_consumes_1_and_2', 'dataset_consumes_1', 'dataset_consumes_1_never_scheduled', 'dataset_produces_2', 'dataset_consumes_unknown_never_scheduled' retrieved from /home/airflow/.local/lib/python3.8/site-packages/airflow/example_dags/example_datasets.py
[2025-04-11T12:51:51.970+0000] {logging_mixin.py:188} INFO - [2025-04-11T12:51:51.970+0000] {dag.py:3036} INFO - Sync 6 DAGs
[2025-04-11T12:51:51.980+0000] {logging_mixin.py:188} INFO - [2025-04-11T12:51:51.979+0000] {dag.py:3823} INFO - Setting next_dagrun for dataset_consumes_1 to None, run_after=None
[2025-04-11T12:51:51.981+0000] {logging_mixin.py:188} INFO - [2025-04-11T12:51:51.981+0000] {dag.py:3823} INFO - Setting next_dagrun for dataset_consumes_1_and_2 to None, run_after=None
[2025-04-11T12:51:51.981+0000] {logging_mixin.py:188} INFO - [2025-04-11T12:51:51.981+0000] {dag.py:3823} INFO - Setting next_dagrun for dataset_consumes_1_never_scheduled to None, run_after=None
[2025-04-11T12:51:51.983+0000] {logging_mixin.py:188} INFO - [2025-04-11T12:51:51.983+0000] {dag.py:3823} INFO - Setting next_dagrun for dataset_consumes_unknown_never_scheduled to None, run_after=None
[2025-04-11T12:51:51.984+0000] {logging_mixin.py:188} INFO - [2025-04-11T12:51:51.984+0000] {dag.py:3823} INFO - Setting next_dagrun for dataset_produces_1 to 2025-04-10 00:00:00+00:00, run_after=2025-04-11 00:00:00+00:00
[2025-04-11T12:51:51.986+0000] {logging_mixin.py:188} INFO - [2025-04-11T12:51:51.986+0000] {dag.py:3823} INFO - Setting next_dagrun for dataset_produces_2 to None, run_after=None
[2025-04-11T12:51:52.000+0000] {processor.py:183} INFO - Processing /home/airflow/.local/lib/python3.8/site-packages/airflow/example_dags/example_datasets.py took 0.054 seconds
[2025-04-11T12:52:22.417+0000] {processor.py:161} INFO - Started process (PID=933) to work on /home/airflow/.local/lib/python3.8/site-packages/airflow/example_dags/example_datasets.py
[2025-04-11T12:52:22.418+0000] {processor.py:830} INFO - Processing file /home/airflow/.local/lib/python3.8/site-packages/airflow/example_dags/example_datasets.py for tasks to queue
[2025-04-11T12:52:22.419+0000] {logging_mixin.py:188} INFO - [2025-04-11T12:52:22.419+0000] {dagbag.py:538} INFO - Filling up the DagBag from /home/airflow/.local/lib/python3.8/site-packages/airflow/example_dags/example_datasets.py
[2025-04-11T12:52:22.425+0000] {processor.py:840} INFO - DAG(s) 'dataset_produces_2', 'dataset_consumes_1_never_scheduled', 'dataset_consumes_1', 'dataset_produces_1', 'dataset_consumes_unknown_never_scheduled', 'dataset_consumes_1_and_2' retrieved from /home/airflow/.local/lib/python3.8/site-packages/airflow/example_dags/example_datasets.py
[2025-04-11T12:52:22.443+0000] {logging_mixin.py:188} INFO - [2025-04-11T12:52:22.443+0000] {dag.py:3036} INFO - Sync 6 DAGs
[2025-04-11T12:52:22.452+0000] {logging_mixin.py:188} INFO - [2025-04-11T12:52:22.452+0000] {dag.py:3823} INFO - Setting next_dagrun for dataset_consumes_1 to None, run_after=None
[2025-04-11T12:52:22.454+0000] {logging_mixin.py:188} INFO - [2025-04-11T12:52:22.454+0000] {dag.py:3823} INFO - Setting next_dagrun for dataset_consumes_1_and_2 to None, run_after=None
[2025-04-11T12:52:22.454+0000] {logging_mixin.py:188} INFO - [2025-04-11T12:52:22.454+0000] {dag.py:3823} INFO - Setting next_dagrun for dataset_consumes_1_never_scheduled to None, run_after=None
[2025-04-11T12:52:22.455+0000] {logging_mixin.py:188} INFO - [2025-04-11T12:52:22.455+0000] {dag.py:3823} INFO - Setting next_dagrun for dataset_consumes_unknown_never_scheduled to None, run_after=None
[2025-04-11T12:52:22.456+0000] {logging_mixin.py:188} INFO - [2025-04-11T12:52:22.456+0000] {dag.py:3823} INFO - Setting next_dagrun for dataset_produces_1 to 2025-04-10 00:00:00+00:00, run_after=2025-04-11 00:00:00+00:00
[2025-04-11T12:52:22.456+0000] {logging_mixin.py:188} INFO - [2025-04-11T12:52:22.456+0000] {dag.py:3823} INFO - Setting next_dagrun for dataset_produces_2 to None, run_after=None
[2025-04-11T12:52:22.472+0000] {processor.py:183} INFO - Processing /home/airflow/.local/lib/python3.8/site-packages/airflow/example_dags/example_datasets.py took 0.057 seconds
[2025-04-11T12:52:52.759+0000] {processor.py:161} INFO - Started process (PID=989) to work on /home/airflow/.local/lib/python3.8/site-packages/airflow/example_dags/example_datasets.py
[2025-04-11T12:52:52.759+0000] {processor.py:830} INFO - Processing file /home/airflow/.local/lib/python3.8/site-packages/airflow/example_dags/example_datasets.py for tasks to queue
[2025-04-11T12:52:52.760+0000] {logging_mixin.py:188} INFO - [2025-04-11T12:52:52.760+0000] {dagbag.py:538} INFO - Filling up the DagBag from /home/airflow/.local/lib/python3.8/site-packages/airflow/example_dags/example_datasets.py
[2025-04-11T12:52:52.764+0000] {processor.py:840} INFO - DAG(s) 'dataset_produces_2', 'dataset_consumes_1_and_2', 'dataset_consumes_1_never_scheduled', 'dataset_consumes_unknown_never_scheduled', 'dataset_produces_1', 'dataset_consumes_1' retrieved from /home/airflow/.local/lib/python3.8/site-packages/airflow/example_dags/example_datasets.py
[2025-04-11T12:52:52.777+0000] {logging_mixin.py:188} INFO - [2025-04-11T12:52:52.777+0000] {dag.py:3036} INFO - Sync 6 DAGs
[2025-04-11T12:52:52.785+0000] {logging_mixin.py:188} INFO - [2025-04-11T12:52:52.785+0000] {dag.py:3823} INFO - Setting next_dagrun for dataset_consumes_1 to None, run_after=None
[2025-04-11T12:52:52.787+0000] {logging_mixin.py:188} INFO - [2025-04-11T12:52:52.787+0000] {dag.py:3823} INFO - Setting next_dagrun for dataset_consumes_1_and_2 to None, run_after=None
[2025-04-11T12:52:52.787+0000] {logging_mixin.py:188} INFO - [2025-04-11T12:52:52.787+0000] {dag.py:3823} INFO - Setting next_dagrun for dataset_consumes_1_never_scheduled to None, run_after=None
[2025-04-11T12:52:52.788+0000] {logging_mixin.py:188} INFO - [2025-04-11T12:52:52.788+0000] {dag.py:3823} INFO - Setting next_dagrun for dataset_consumes_unknown_never_scheduled to None, run_after=None
[2025-04-11T12:52:52.789+0000] {logging_mixin.py:188} INFO - [2025-04-11T12:52:52.789+0000] {dag.py:3823} INFO - Setting next_dagrun for dataset_produces_1 to 2025-04-10 00:00:00+00:00, run_after=2025-04-11 00:00:00+00:00
[2025-04-11T12:52:52.789+0000] {logging_mixin.py:188} INFO - [2025-04-11T12:52:52.789+0000] {dag.py:3823} INFO - Setting next_dagrun for dataset_produces_2 to None, run_after=None
[2025-04-11T12:52:52.800+0000] {processor.py:183} INFO - Processing /home/airflow/.local/lib/python3.8/site-packages/airflow/example_dags/example_datasets.py took 0.043 seconds
[2025-04-11T12:53:23.073+0000] {processor.py:161} INFO - Started process (PID=1045) to work on /home/airflow/.local/lib/python3.8/site-packages/airflow/example_dags/example_datasets.py
[2025-04-11T12:53:23.074+0000] {processor.py:830} INFO - Processing file /home/airflow/.local/lib/python3.8/site-packages/airflow/example_dags/example_datasets.py for tasks to queue
[2025-04-11T12:53:23.075+0000] {logging_mixin.py:188} INFO - [2025-04-11T12:53:23.074+0000] {dagbag.py:538} INFO - Filling up the DagBag from /home/airflow/.local/lib/python3.8/site-packages/airflow/example_dags/example_datasets.py
[2025-04-11T12:53:23.078+0000] {processor.py:840} INFO - DAG(s) 'dataset_consumes_1', 'dataset_consumes_1_never_scheduled', 'dataset_produces_1', 'dataset_consumes_1_and_2', 'dataset_consumes_unknown_never_scheduled', 'dataset_produces_2' retrieved from /home/airflow/.local/lib/python3.8/site-packages/airflow/example_dags/example_datasets.py
[2025-04-11T12:53:23.090+0000] {logging_mixin.py:188} INFO - [2025-04-11T12:53:23.090+0000] {dag.py:3036} INFO - Sync 6 DAGs
[2025-04-11T12:53:23.098+0000] {logging_mixin.py:188} INFO - [2025-04-11T12:53:23.098+0000] {dag.py:3823} INFO - Setting next_dagrun for dataset_consumes_1 to None, run_after=None
[2025-04-11T12:53:23.099+0000] {logging_mixin.py:188} INFO - [2025-04-11T12:53:23.099+0000] {dag.py:3823} INFO - Setting next_dagrun for dataset_consumes_1_and_2 to None, run_after=None
[2025-04-11T12:53:23.100+0000] {logging_mixin.py:188} INFO - [2025-04-11T12:53:23.100+0000] {dag.py:3823} INFO - Setting next_dagrun for dataset_consumes_1_never_scheduled to None, run_after=None
[2025-04-11T12:53:23.100+0000] {logging_mixin.py:188} INFO - [2025-04-11T12:53:23.100+0000] {dag.py:3823} INFO - Setting next_dagrun for dataset_consumes_unknown_never_scheduled to None, run_after=None
[2025-04-11T12:53:23.101+0000] {logging_mixin.py:188} INFO - [2025-04-11T12:53:23.101+0000] {dag.py:3823} INFO - Setting next_dagrun for dataset_produces_1 to 2025-04-10 00:00:00+00:00, run_after=2025-04-11 00:00:00+00:00
[2025-04-11T12:53:23.102+0000] {logging_mixin.py:188} INFO - [2025-04-11T12:53:23.102+0000] {dag.py:3823} INFO - Setting next_dagrun for dataset_produces_2 to None, run_after=None
[2025-04-11T12:53:23.114+0000] {processor.py:183} INFO - Processing /home/airflow/.local/lib/python3.8/site-packages/airflow/example_dags/example_datasets.py took 0.042 seconds
[2025-04-11T12:53:53.330+0000] {processor.py:161} INFO - Started process (PID=1101) to work on /home/airflow/.local/lib/python3.8/site-packages/airflow/example_dags/example_datasets.py
[2025-04-11T12:53:53.330+0000] {processor.py:830} INFO - Processing file /home/airflow/.local/lib/python3.8/site-packages/airflow/example_dags/example_datasets.py for tasks to queue
[2025-04-11T12:53:53.331+0000] {logging_mixin.py:188} INFO - [2025-04-11T12:53:53.331+0000] {dagbag.py:538} INFO - Filling up the DagBag from /home/airflow/.local/lib/python3.8/site-packages/airflow/example_dags/example_datasets.py
[2025-04-11T12:53:53.336+0000] {processor.py:840} INFO - DAG(s) 'dataset_consumes_unknown_never_scheduled', 'dataset_consumes_1_and_2', 'dataset_consumes_1', 'dataset_produces_1', 'dataset_consumes_1_never_scheduled', 'dataset_produces_2' retrieved from /home/airflow/.local/lib/python3.8/site-packages/airflow/example_dags/example_datasets.py
[2025-04-11T12:53:53.351+0000] {logging_mixin.py:188} INFO - [2025-04-11T12:53:53.350+0000] {dag.py:3036} INFO - Sync 6 DAGs
[2025-04-11T12:53:53.359+0000] {logging_mixin.py:188} INFO - [2025-04-11T12:53:53.359+0000] {dag.py:3823} INFO - Setting next_dagrun for dataset_consumes_1 to None, run_after=None
[2025-04-11T12:53:53.361+0000] {logging_mixin.py:188} INFO - [2025-04-11T12:53:53.361+0000] {dag.py:3823} INFO - Setting next_dagrun for dataset_consumes_1_and_2 to None, run_after=None
[2025-04-11T12:53:53.361+0000] {logging_mixin.py:188} INFO - [2025-04-11T12:53:53.361+0000] {dag.py:3823} INFO - Setting next_dagrun for dataset_consumes_1_never_scheduled to None, run_after=None
[2025-04-11T12:53:53.362+0000] {logging_mixin.py:188} INFO - [2025-04-11T12:53:53.362+0000] {dag.py:3823} INFO - Setting next_dagrun for dataset_consumes_unknown_never_scheduled to None, run_after=None
[2025-04-11T12:53:53.363+0000] {logging_mixin.py:188} INFO - [2025-04-11T12:53:53.363+0000] {dag.py:3823} INFO - Setting next_dagrun for dataset_produces_1 to 2025-04-10 00:00:00+00:00, run_after=2025-04-11 00:00:00+00:00
[2025-04-11T12:53:53.364+0000] {logging_mixin.py:188} INFO - [2025-04-11T12:53:53.364+0000] {dag.py:3823} INFO - Setting next_dagrun for dataset_produces_2 to None, run_after=None
[2025-04-11T12:53:53.377+0000] {processor.py:183} INFO - Processing /home/airflow/.local/lib/python3.8/site-packages/airflow/example_dags/example_datasets.py took 0.048 seconds
[2025-04-11T12:54:23.574+0000] {processor.py:161} INFO - Started process (PID=1157) to work on /home/airflow/.local/lib/python3.8/site-packages/airflow/example_dags/example_datasets.py
[2025-04-11T12:54:23.574+0000] {processor.py:830} INFO - Processing file /home/airflow/.local/lib/python3.8/site-packages/airflow/example_dags/example_datasets.py for tasks to queue
[2025-04-11T12:54:23.575+0000] {logging_mixin.py:188} INFO - [2025-04-11T12:54:23.575+0000] {dagbag.py:538} INFO - Filling up the DagBag from /home/airflow/.local/lib/python3.8/site-packages/airflow/example_dags/example_datasets.py
[2025-04-11T12:54:23.578+0000] {processor.py:840} INFO - DAG(s) 'dataset_produces_1', 'dataset_produces_2', 'dataset_consumes_unknown_never_scheduled', 'dataset_consumes_1', 'dataset_consumes_1_and_2', 'dataset_consumes_1_never_scheduled' retrieved from /home/airflow/.local/lib/python3.8/site-packages/airflow/example_dags/example_datasets.py
[2025-04-11T12:54:23.592+0000] {logging_mixin.py:188} INFO - [2025-04-11T12:54:23.591+0000] {dag.py:3036} INFO - Sync 6 DAGs
[2025-04-11T12:54:23.599+0000] {logging_mixin.py:188} INFO - [2025-04-11T12:54:23.599+0000] {dag.py:3823} INFO - Setting next_dagrun for dataset_consumes_1 to None, run_after=None
[2025-04-11T12:54:23.600+0000] {logging_mixin.py:188} INFO - [2025-04-11T12:54:23.600+0000] {dag.py:3823} INFO - Setting next_dagrun for dataset_consumes_1_and_2 to None, run_after=None
[2025-04-11T12:54:23.601+0000] {logging_mixin.py:188} INFO - [2025-04-11T12:54:23.601+0000] {dag.py:3823} INFO - Setting next_dagrun for dataset_consumes_1_never_scheduled to None, run_after=None
[2025-04-11T12:54:23.601+0000] {logging_mixin.py:188} INFO - [2025-04-11T12:54:23.601+0000] {dag.py:3823} INFO - Setting next_dagrun for dataset_consumes_unknown_never_scheduled to None, run_after=None
[2025-04-11T12:54:23.602+0000] {logging_mixin.py:188} INFO - [2025-04-11T12:54:23.602+0000] {dag.py:3823} INFO - Setting next_dagrun for dataset_produces_1 to 2025-04-10 00:00:00+00:00, run_after=2025-04-11 00:00:00+00:00
[2025-04-11T12:54:23.603+0000] {logging_mixin.py:188} INFO - [2025-04-11T12:54:23.603+0000] {dag.py:3823} INFO - Setting next_dagrun for dataset_produces_2 to None, run_after=None
[2025-04-11T12:54:23.613+0000] {processor.py:183} INFO - Processing /home/airflow/.local/lib/python3.8/site-packages/airflow/example_dags/example_datasets.py took 0.041 seconds
[2025-04-11T12:54:53.798+0000] {processor.py:161} INFO - Started process (PID=1213) to work on /home/airflow/.local/lib/python3.8/site-packages/airflow/example_dags/example_datasets.py
[2025-04-11T12:54:53.798+0000] {processor.py:830} INFO - Processing file /home/airflow/.local/lib/python3.8/site-packages/airflow/example_dags/example_datasets.py for tasks to queue
[2025-04-11T12:54:53.799+0000] {logging_mixin.py:188} INFO - [2025-04-11T12:54:53.799+0000] {dagbag.py:538} INFO - Filling up the DagBag from /home/airflow/.local/lib/python3.8/site-packages/airflow/example_dags/example_datasets.py
[2025-04-11T12:54:53.803+0000] {processor.py:840} INFO - DAG(s) 'dataset_consumes_unknown_never_scheduled', 'dataset_consumes_1_never_scheduled', 'dataset_produces_2', 'dataset_consumes_1_and_2', 'dataset_consumes_1', 'dataset_produces_1' retrieved from /home/airflow/.local/lib/python3.8/site-packages/airflow/example_dags/example_datasets.py
[2025-04-11T12:54:53.817+0000] {logging_mixin.py:188} INFO - [2025-04-11T12:54:53.817+0000] {dag.py:3036} INFO - Sync 6 DAGs
[2025-04-11T12:54:53.826+0000] {logging_mixin.py:188} INFO - [2025-04-11T12:54:53.826+0000] {dag.py:3823} INFO - Setting next_dagrun for dataset_consumes_1 to None, run_after=None
[2025-04-11T12:54:53.828+0000] {logging_mixin.py:188} INFO - [2025-04-11T12:54:53.828+0000] {dag.py:3823} INFO - Setting next_dagrun for dataset_consumes_1_and_2 to None, run_after=None
[2025-04-11T12:54:53.828+0000] {logging_mixin.py:188} INFO - [2025-04-11T12:54:53.828+0000] {dag.py:3823} INFO - Setting next_dagrun for dataset_consumes_1_never_scheduled to None, run_after=None
[2025-04-11T12:54:53.829+0000] {logging_mixin.py:188} INFO - [2025-04-11T12:54:53.829+0000] {dag.py:3823} INFO - Setting next_dagrun for dataset_consumes_unknown_never_scheduled to None, run_after=None
[2025-04-11T12:54:53.830+0000] {logging_mixin.py:188} INFO - [2025-04-11T12:54:53.830+0000] {dag.py:3823} INFO - Setting next_dagrun for dataset_produces_1 to 2025-04-10 00:00:00+00:00, run_after=2025-04-11 00:00:00+00:00
[2025-04-11T12:54:53.831+0000] {logging_mixin.py:188} INFO - [2025-04-11T12:54:53.831+0000] {dag.py:3823} INFO - Setting next_dagrun for dataset_produces_2 to None, run_after=None
[2025-04-11T12:54:53.844+0000] {processor.py:183} INFO - Processing /home/airflow/.local/lib/python3.8/site-packages/airflow/example_dags/example_datasets.py took 0.047 seconds
[2025-04-11T12:55:24.201+0000] {processor.py:161} INFO - Started process (PID=1269) to work on /home/airflow/.local/lib/python3.8/site-packages/airflow/example_dags/example_datasets.py
[2025-04-11T12:55:24.203+0000] {processor.py:830} INFO - Processing file /home/airflow/.local/lib/python3.8/site-packages/airflow/example_dags/example_datasets.py for tasks to queue
[2025-04-11T12:55:24.203+0000] {logging_mixin.py:188} INFO - [2025-04-11T12:55:24.203+0000] {dagbag.py:538} INFO - Filling up the DagBag from /home/airflow/.local/lib/python3.8/site-packages/airflow/example_dags/example_datasets.py
[2025-04-11T12:55:24.208+0000] {processor.py:840} INFO - DAG(s) 'dataset_consumes_1', 'dataset_produces_2', 'dataset_produces_1', 'dataset_consumes_1_never_scheduled', 'dataset_consumes_unknown_never_scheduled', 'dataset_consumes_1_and_2' retrieved from /home/airflow/.local/lib/python3.8/site-packages/airflow/example_dags/example_datasets.py
[2025-04-11T12:55:24.223+0000] {logging_mixin.py:188} INFO - [2025-04-11T12:55:24.223+0000] {dag.py:3036} INFO - Sync 6 DAGs
[2025-04-11T12:55:24.232+0000] {logging_mixin.py:188} INFO - [2025-04-11T12:55:24.232+0000] {dag.py:3823} INFO - Setting next_dagrun for dataset_consumes_1 to None, run_after=None
[2025-04-11T12:55:24.235+0000] {logging_mixin.py:188} INFO - [2025-04-11T12:55:24.235+0000] {dag.py:3823} INFO - Setting next_dagrun for dataset_consumes_1_and_2 to None, run_after=None
[2025-04-11T12:55:24.236+0000] {logging_mixin.py:188} INFO - [2025-04-11T12:55:24.236+0000] {dag.py:3823} INFO - Setting next_dagrun for dataset_consumes_1_never_scheduled to None, run_after=None
[2025-04-11T12:55:24.237+0000] {logging_mixin.py:188} INFO - [2025-04-11T12:55:24.237+0000] {dag.py:3823} INFO - Setting next_dagrun for dataset_consumes_unknown_never_scheduled to None, run_after=None
[2025-04-11T12:55:24.238+0000] {logging_mixin.py:188} INFO - [2025-04-11T12:55:24.238+0000] {dag.py:3823} INFO - Setting next_dagrun for dataset_produces_1 to 2025-04-10 00:00:00+00:00, run_after=2025-04-11 00:00:00+00:00
[2025-04-11T12:55:24.238+0000] {logging_mixin.py:188} INFO - [2025-04-11T12:55:24.238+0000] {dag.py:3823} INFO - Setting next_dagrun for dataset_produces_2 to None, run_after=None
[2025-04-11T12:55:24.252+0000] {processor.py:183} INFO - Processing /home/airflow/.local/lib/python3.8/site-packages/airflow/example_dags/example_datasets.py took 0.053 seconds
