[2025-04-11T12:44:45.536+0000] {processor.py:161} INFO - Started process (PID=80) to work on /home/airflow/.local/lib/python3.8/site-packages/airflow/example_dags/example_time_delta_sensor_async.py
[2025-04-11T12:44:45.540+0000] {processor.py:830} INFO - Processing file /home/airflow/.local/lib/python3.8/site-packages/airflow/example_dags/example_time_delta_sensor_async.py for tasks to queue
[2025-04-11T12:44:45.542+0000] {logging_mixin.py:188} INFO - [2025-04-11T12:44:45.541+0000] {dagbag.py:538} INFO - Filling up the DagBag from /home/airflow/.local/lib/python3.8/site-packages/airflow/example_dags/example_time_delta_sensor_async.py
[2025-04-11T12:44:45.545+0000] {processor.py:840} INFO - DAG(s) 'example_time_delta_sensor_async' retrieved from /home/airflow/.local/lib/python3.8/site-packages/airflow/example_dags/example_time_delta_sensor_async.py
[2025-04-11T12:44:45.552+0000] {logging_mixin.py:188} INFO - [2025-04-11T12:44:45.552+0000] {dag.py:3036} INFO - Sync 1 DAGs
[2025-04-11T12:44:45.557+0000] {logging_mixin.py:188} INFO - [2025-04-11T12:44:45.557+0000] {dag.py:3823} INFO - Setting next_dagrun for example_time_delta_sensor_async to None, run_after=None
[2025-04-11T12:44:45.568+0000] {processor.py:183} INFO - Processing /home/airflow/.local/lib/python3.8/site-packages/airflow/example_dags/example_time_delta_sensor_async.py took 0.033 seconds
[2025-04-11T12:45:15.978+0000] {processor.py:161} INFO - Started process (PID=137) to work on /home/airflow/.local/lib/python3.8/site-packages/airflow/example_dags/example_time_delta_sensor_async.py
[2025-04-11T12:45:15.979+0000] {processor.py:830} INFO - Processing file /home/airflow/.local/lib/python3.8/site-packages/airflow/example_dags/example_time_delta_sensor_async.py for tasks to queue
[2025-04-11T12:45:15.980+0000] {logging_mixin.py:188} INFO - [2025-04-11T12:45:15.980+0000] {dagbag.py:538} INFO - Filling up the DagBag from /home/airflow/.local/lib/python3.8/site-packages/airflow/example_dags/example_time_delta_sensor_async.py
[2025-04-11T12:45:15.982+0000] {processor.py:840} INFO - DAG(s) 'example_time_delta_sensor_async' retrieved from /home/airflow/.local/lib/python3.8/site-packages/airflow/example_dags/example_time_delta_sensor_async.py
[2025-04-11T12:45:16.022+0000] {logging_mixin.py:188} INFO - [2025-04-11T12:45:16.022+0000] {dag.py:3036} INFO - Sync 1 DAGs
[2025-04-11T12:45:16.026+0000] {logging_mixin.py:188} INFO - [2025-04-11T12:45:16.026+0000] {dag.py:3823} INFO - Setting next_dagrun for example_time_delta_sensor_async to None, run_after=None
[2025-04-11T12:45:16.033+0000] {processor.py:183} INFO - Processing /home/airflow/.local/lib/python3.8/site-packages/airflow/example_dags/example_time_delta_sensor_async.py took 0.056 seconds
[2025-04-11T12:45:46.714+0000] {processor.py:161} INFO - Started process (PID=193) to work on /home/airflow/.local/lib/python3.8/site-packages/airflow/example_dags/example_time_delta_sensor_async.py
[2025-04-11T12:45:46.716+0000] {processor.py:830} INFO - Processing file /home/airflow/.local/lib/python3.8/site-packages/airflow/example_dags/example_time_delta_sensor_async.py for tasks to queue
[2025-04-11T12:45:46.717+0000] {logging_mixin.py:188} INFO - [2025-04-11T12:45:46.717+0000] {dagbag.py:538} INFO - Filling up the DagBag from /home/airflow/.local/lib/python3.8/site-packages/airflow/example_dags/example_time_delta_sensor_async.py
[2025-04-11T12:45:46.720+0000] {processor.py:840} INFO - DAG(s) 'example_time_delta_sensor_async' retrieved from /home/airflow/.local/lib/python3.8/site-packages/airflow/example_dags/example_time_delta_sensor_async.py
[2025-04-11T12:45:46.730+0000] {logging_mixin.py:188} INFO - [2025-04-11T12:45:46.730+0000] {dag.py:3036} INFO - Sync 1 DAGs
[2025-04-11T12:45:46.735+0000] {logging_mixin.py:188} INFO - [2025-04-11T12:45:46.735+0000] {dag.py:3823} INFO - Setting next_dagrun for example_time_delta_sensor_async to None, run_after=None
[2025-04-11T12:45:46.743+0000] {processor.py:183} INFO - Processing /home/airflow/.local/lib/python3.8/site-packages/airflow/example_dags/example_time_delta_sensor_async.py took 0.030 seconds
[2025-04-11T12:46:17.257+0000] {processor.py:161} INFO - Started process (PID=248) to work on /home/airflow/.local/lib/python3.8/site-packages/airflow/example_dags/example_time_delta_sensor_async.py
[2025-04-11T12:46:17.260+0000] {processor.py:830} INFO - Processing file /home/airflow/.local/lib/python3.8/site-packages/airflow/example_dags/example_time_delta_sensor_async.py for tasks to queue
[2025-04-11T12:46:17.261+0000] {logging_mixin.py:188} INFO - [2025-04-11T12:46:17.261+0000] {dagbag.py:538} INFO - Filling up the DagBag from /home/airflow/.local/lib/python3.8/site-packages/airflow/example_dags/example_time_delta_sensor_async.py
[2025-04-11T12:46:17.264+0000] {processor.py:840} INFO - DAG(s) 'example_time_delta_sensor_async' retrieved from /home/airflow/.local/lib/python3.8/site-packages/airflow/example_dags/example_time_delta_sensor_async.py
[2025-04-11T12:46:17.272+0000] {logging_mixin.py:188} INFO - [2025-04-11T12:46:17.272+0000] {dag.py:3036} INFO - Sync 1 DAGs
[2025-04-11T12:46:17.277+0000] {logging_mixin.py:188} INFO - [2025-04-11T12:46:17.277+0000] {dag.py:3823} INFO - Setting next_dagrun for example_time_delta_sensor_async to None, run_after=None
[2025-04-11T12:46:17.287+0000] {processor.py:183} INFO - Processing /home/airflow/.local/lib/python3.8/site-packages/airflow/example_dags/example_time_delta_sensor_async.py took 0.031 seconds
[2025-04-11T12:46:47.810+0000] {processor.py:161} INFO - Started process (PID=304) to work on /home/airflow/.local/lib/python3.8/site-packages/airflow/example_dags/example_time_delta_sensor_async.py
[2025-04-11T12:46:47.811+0000] {processor.py:830} INFO - Processing file /home/airflow/.local/lib/python3.8/site-packages/airflow/example_dags/example_time_delta_sensor_async.py for tasks to queue
[2025-04-11T12:46:47.811+0000] {logging_mixin.py:188} INFO - [2025-04-11T12:46:47.811+0000] {dagbag.py:538} INFO - Filling up the DagBag from /home/airflow/.local/lib/python3.8/site-packages/airflow/example_dags/example_time_delta_sensor_async.py
[2025-04-11T12:46:47.814+0000] {processor.py:840} INFO - DAG(s) 'example_time_delta_sensor_async' retrieved from /home/airflow/.local/lib/python3.8/site-packages/airflow/example_dags/example_time_delta_sensor_async.py
[2025-04-11T12:46:47.826+0000] {logging_mixin.py:188} INFO - [2025-04-11T12:46:47.826+0000] {dag.py:3036} INFO - Sync 1 DAGs
[2025-04-11T12:46:47.832+0000] {logging_mixin.py:188} INFO - [2025-04-11T12:46:47.832+0000] {dag.py:3823} INFO - Setting next_dagrun for example_time_delta_sensor_async to None, run_after=None
[2025-04-11T12:46:47.839+0000] {processor.py:183} INFO - Processing /home/airflow/.local/lib/python3.8/site-packages/airflow/example_dags/example_time_delta_sensor_async.py took 0.031 seconds
[2025-04-11T12:47:18.193+0000] {processor.py:161} INFO - Started process (PID=366) to work on /home/airflow/.local/lib/python3.8/site-packages/airflow/example_dags/example_time_delta_sensor_async.py
[2025-04-11T12:47:18.197+0000] {processor.py:830} INFO - Processing file /home/airflow/.local/lib/python3.8/site-packages/airflow/example_dags/example_time_delta_sensor_async.py for tasks to queue
[2025-04-11T12:47:18.197+0000] {logging_mixin.py:188} INFO - [2025-04-11T12:47:18.197+0000] {dagbag.py:538} INFO - Filling up the DagBag from /home/airflow/.local/lib/python3.8/site-packages/airflow/example_dags/example_time_delta_sensor_async.py
[2025-04-11T12:47:18.200+0000] {processor.py:840} INFO - DAG(s) 'example_time_delta_sensor_async' retrieved from /home/airflow/.local/lib/python3.8/site-packages/airflow/example_dags/example_time_delta_sensor_async.py
[2025-04-11T12:47:18.212+0000] {logging_mixin.py:188} INFO - [2025-04-11T12:47:18.212+0000] {dag.py:3036} INFO - Sync 1 DAGs
[2025-04-11T12:47:18.218+0000] {logging_mixin.py:188} INFO - [2025-04-11T12:47:18.217+0000] {dag.py:3823} INFO - Setting next_dagrun for example_time_delta_sensor_async to None, run_after=None
[2025-04-11T12:47:18.226+0000] {processor.py:183} INFO - Processing /home/airflow/.local/lib/python3.8/site-packages/airflow/example_dags/example_time_delta_sensor_async.py took 0.034 seconds
[2025-04-11T12:47:48.672+0000] {processor.py:161} INFO - Started process (PID=422) to work on /home/airflow/.local/lib/python3.8/site-packages/airflow/example_dags/example_time_delta_sensor_async.py
[2025-04-11T12:47:48.673+0000] {processor.py:830} INFO - Processing file /home/airflow/.local/lib/python3.8/site-packages/airflow/example_dags/example_time_delta_sensor_async.py for tasks to queue
[2025-04-11T12:47:48.677+0000] {logging_mixin.py:188} INFO - [2025-04-11T12:47:48.677+0000] {dagbag.py:538} INFO - Filling up the DagBag from /home/airflow/.local/lib/python3.8/site-packages/airflow/example_dags/example_time_delta_sensor_async.py
[2025-04-11T12:47:48.679+0000] {processor.py:840} INFO - DAG(s) 'example_time_delta_sensor_async' retrieved from /home/airflow/.local/lib/python3.8/site-packages/airflow/example_dags/example_time_delta_sensor_async.py
[2025-04-11T12:47:48.689+0000] {logging_mixin.py:188} INFO - [2025-04-11T12:47:48.689+0000] {dag.py:3036} INFO - Sync 1 DAGs
[2025-04-11T12:47:48.694+0000] {logging_mixin.py:188} INFO - [2025-04-11T12:47:48.694+0000] {dag.py:3823} INFO - Setting next_dagrun for example_time_delta_sensor_async to None, run_after=None
[2025-04-11T12:47:48.702+0000] {processor.py:183} INFO - Processing /home/airflow/.local/lib/python3.8/site-packages/airflow/example_dags/example_time_delta_sensor_async.py took 0.032 seconds
[2025-04-11T12:48:18.984+0000] {processor.py:161} INFO - Started process (PID=478) to work on /home/airflow/.local/lib/python3.8/site-packages/airflow/example_dags/example_time_delta_sensor_async.py
[2025-04-11T12:48:18.984+0000] {processor.py:830} INFO - Processing file /home/airflow/.local/lib/python3.8/site-packages/airflow/example_dags/example_time_delta_sensor_async.py for tasks to queue
[2025-04-11T12:48:18.986+0000] {logging_mixin.py:188} INFO - [2025-04-11T12:48:18.986+0000] {dagbag.py:538} INFO - Filling up the DagBag from /home/airflow/.local/lib/python3.8/site-packages/airflow/example_dags/example_time_delta_sensor_async.py
[2025-04-11T12:48:18.988+0000] {processor.py:840} INFO - DAG(s) 'example_time_delta_sensor_async' retrieved from /home/airflow/.local/lib/python3.8/site-packages/airflow/example_dags/example_time_delta_sensor_async.py
[2025-04-11T12:48:18.997+0000] {logging_mixin.py:188} INFO - [2025-04-11T12:48:18.997+0000] {dag.py:3036} INFO - Sync 1 DAGs
[2025-04-11T12:48:19.002+0000] {logging_mixin.py:188} INFO - [2025-04-11T12:48:19.002+0000] {dag.py:3823} INFO - Setting next_dagrun for example_time_delta_sensor_async to None, run_after=None
[2025-04-11T12:48:19.010+0000] {processor.py:183} INFO - Processing /home/airflow/.local/lib/python3.8/site-packages/airflow/example_dags/example_time_delta_sensor_async.py took 0.028 seconds
[2025-04-11T12:48:49.132+0000] {processor.py:161} INFO - Started process (PID=534) to work on /home/airflow/.local/lib/python3.8/site-packages/airflow/example_dags/example_time_delta_sensor_async.py
[2025-04-11T12:48:49.133+0000] {processor.py:830} INFO - Processing file /home/airflow/.local/lib/python3.8/site-packages/airflow/example_dags/example_time_delta_sensor_async.py for tasks to queue
[2025-04-11T12:48:49.134+0000] {logging_mixin.py:188} INFO - [2025-04-11T12:48:49.133+0000] {dagbag.py:538} INFO - Filling up the DagBag from /home/airflow/.local/lib/python3.8/site-packages/airflow/example_dags/example_time_delta_sensor_async.py
[2025-04-11T12:48:49.136+0000] {processor.py:840} INFO - DAG(s) 'example_time_delta_sensor_async' retrieved from /home/airflow/.local/lib/python3.8/site-packages/airflow/example_dags/example_time_delta_sensor_async.py
[2025-04-11T12:48:49.144+0000] {logging_mixin.py:188} INFO - [2025-04-11T12:48:49.144+0000] {dag.py:3036} INFO - Sync 1 DAGs
[2025-04-11T12:48:49.148+0000] {logging_mixin.py:188} INFO - [2025-04-11T12:48:49.148+0000] {dag.py:3823} INFO - Setting next_dagrun for example_time_delta_sensor_async to None, run_after=None
[2025-04-11T12:48:49.155+0000] {processor.py:183} INFO - Processing /home/airflow/.local/lib/python3.8/site-packages/airflow/example_dags/example_time_delta_sensor_async.py took 0.024 seconds
[2025-04-11T12:49:19.435+0000] {processor.py:161} INFO - Started process (PID=590) to work on /home/airflow/.local/lib/python3.8/site-packages/airflow/example_dags/example_time_delta_sensor_async.py
[2025-04-11T12:49:19.436+0000] {processor.py:830} INFO - Processing file /home/airflow/.local/lib/python3.8/site-packages/airflow/example_dags/example_time_delta_sensor_async.py for tasks to queue
[2025-04-11T12:49:19.436+0000] {logging_mixin.py:188} INFO - [2025-04-11T12:49:19.436+0000] {dagbag.py:538} INFO - Filling up the DagBag from /home/airflow/.local/lib/python3.8/site-packages/airflow/example_dags/example_time_delta_sensor_async.py
[2025-04-11T12:49:19.438+0000] {processor.py:840} INFO - DAG(s) 'example_time_delta_sensor_async' retrieved from /home/airflow/.local/lib/python3.8/site-packages/airflow/example_dags/example_time_delta_sensor_async.py
[2025-04-11T12:49:19.447+0000] {logging_mixin.py:188} INFO - [2025-04-11T12:49:19.446+0000] {dag.py:3036} INFO - Sync 1 DAGs
[2025-04-11T12:49:19.451+0000] {logging_mixin.py:188} INFO - [2025-04-11T12:49:19.451+0000] {dag.py:3823} INFO - Setting next_dagrun for example_time_delta_sensor_async to None, run_after=None
[2025-04-11T12:49:19.459+0000] {processor.py:183} INFO - Processing /home/airflow/.local/lib/python3.8/site-packages/airflow/example_dags/example_time_delta_sensor_async.py took 0.025 seconds
[2025-04-11T12:49:49.790+0000] {processor.py:161} INFO - Started process (PID=646) to work on /home/airflow/.local/lib/python3.8/site-packages/airflow/example_dags/example_time_delta_sensor_async.py
[2025-04-11T12:49:49.790+0000] {processor.py:830} INFO - Processing file /home/airflow/.local/lib/python3.8/site-packages/airflow/example_dags/example_time_delta_sensor_async.py for tasks to queue
[2025-04-11T12:49:49.791+0000] {logging_mixin.py:188} INFO - [2025-04-11T12:49:49.791+0000] {dagbag.py:538} INFO - Filling up the DagBag from /home/airflow/.local/lib/python3.8/site-packages/airflow/example_dags/example_time_delta_sensor_async.py
[2025-04-11T12:49:49.794+0000] {processor.py:840} INFO - DAG(s) 'example_time_delta_sensor_async' retrieved from /home/airflow/.local/lib/python3.8/site-packages/airflow/example_dags/example_time_delta_sensor_async.py
[2025-04-11T12:49:49.803+0000] {logging_mixin.py:188} INFO - [2025-04-11T12:49:49.803+0000] {dag.py:3036} INFO - Sync 1 DAGs
[2025-04-11T12:49:49.808+0000] {logging_mixin.py:188} INFO - [2025-04-11T12:49:49.808+0000] {dag.py:3823} INFO - Setting next_dagrun for example_time_delta_sensor_async to None, run_after=None
[2025-04-11T12:49:49.816+0000] {processor.py:183} INFO - Processing /home/airflow/.local/lib/python3.8/site-packages/airflow/example_dags/example_time_delta_sensor_async.py took 0.028 seconds
[2025-04-11T12:50:20.233+0000] {processor.py:161} INFO - Started process (PID=702) to work on /home/airflow/.local/lib/python3.8/site-packages/airflow/example_dags/example_time_delta_sensor_async.py
[2025-04-11T12:50:20.234+0000] {processor.py:830} INFO - Processing file /home/airflow/.local/lib/python3.8/site-packages/airflow/example_dags/example_time_delta_sensor_async.py for tasks to queue
[2025-04-11T12:50:20.234+0000] {logging_mixin.py:188} INFO - [2025-04-11T12:50:20.234+0000] {dagbag.py:538} INFO - Filling up the DagBag from /home/airflow/.local/lib/python3.8/site-packages/airflow/example_dags/example_time_delta_sensor_async.py
[2025-04-11T12:50:20.237+0000] {processor.py:840} INFO - DAG(s) 'example_time_delta_sensor_async' retrieved from /home/airflow/.local/lib/python3.8/site-packages/airflow/example_dags/example_time_delta_sensor_async.py
[2025-04-11T12:50:20.245+0000] {logging_mixin.py:188} INFO - [2025-04-11T12:50:20.245+0000] {dag.py:3036} INFO - Sync 1 DAGs
[2025-04-11T12:50:20.250+0000] {logging_mixin.py:188} INFO - [2025-04-11T12:50:20.250+0000] {dag.py:3823} INFO - Setting next_dagrun for example_time_delta_sensor_async to None, run_after=None
[2025-04-11T12:50:20.260+0000] {processor.py:183} INFO - Processing /home/airflow/.local/lib/python3.8/site-packages/airflow/example_dags/example_time_delta_sensor_async.py took 0.030 seconds
[2025-04-11T12:50:50.778+0000] {processor.py:161} INFO - Started process (PID=758) to work on /home/airflow/.local/lib/python3.8/site-packages/airflow/example_dags/example_time_delta_sensor_async.py
[2025-04-11T12:50:50.779+0000] {processor.py:830} INFO - Processing file /home/airflow/.local/lib/python3.8/site-packages/airflow/example_dags/example_time_delta_sensor_async.py for tasks to queue
[2025-04-11T12:50:50.779+0000] {logging_mixin.py:188} INFO - [2025-04-11T12:50:50.779+0000] {dagbag.py:538} INFO - Filling up the DagBag from /home/airflow/.local/lib/python3.8/site-packages/airflow/example_dags/example_time_delta_sensor_async.py
[2025-04-11T12:50:50.782+0000] {processor.py:840} INFO - DAG(s) 'example_time_delta_sensor_async' retrieved from /home/airflow/.local/lib/python3.8/site-packages/airflow/example_dags/example_time_delta_sensor_async.py
[2025-04-11T12:50:50.792+0000] {logging_mixin.py:188} INFO - [2025-04-11T12:50:50.791+0000] {dag.py:3036} INFO - Sync 1 DAGs
[2025-04-11T12:50:50.797+0000] {logging_mixin.py:188} INFO - [2025-04-11T12:50:50.797+0000] {dag.py:3823} INFO - Setting next_dagrun for example_time_delta_sensor_async to None, run_after=None
[2025-04-11T12:50:50.804+0000] {processor.py:183} INFO - Processing /home/airflow/.local/lib/python3.8/site-packages/airflow/example_dags/example_time_delta_sensor_async.py took 0.028 seconds
[2025-04-11T12:51:21.266+0000] {processor.py:161} INFO - Started process (PID=814) to work on /home/airflow/.local/lib/python3.8/site-packages/airflow/example_dags/example_time_delta_sensor_async.py
[2025-04-11T12:51:21.266+0000] {processor.py:830} INFO - Processing file /home/airflow/.local/lib/python3.8/site-packages/airflow/example_dags/example_time_delta_sensor_async.py for tasks to queue
[2025-04-11T12:51:21.267+0000] {logging_mixin.py:188} INFO - [2025-04-11T12:51:21.267+0000] {dagbag.py:538} INFO - Filling up the DagBag from /home/airflow/.local/lib/python3.8/site-packages/airflow/example_dags/example_time_delta_sensor_async.py
[2025-04-11T12:51:21.269+0000] {processor.py:840} INFO - DAG(s) 'example_time_delta_sensor_async' retrieved from /home/airflow/.local/lib/python3.8/site-packages/airflow/example_dags/example_time_delta_sensor_async.py
[2025-04-11T12:51:21.277+0000] {logging_mixin.py:188} INFO - [2025-04-11T12:51:21.277+0000] {dag.py:3036} INFO - Sync 1 DAGs
[2025-04-11T12:51:21.281+0000] {logging_mixin.py:188} INFO - [2025-04-11T12:51:21.281+0000] {dag.py:3823} INFO - Setting next_dagrun for example_time_delta_sensor_async to None, run_after=None
[2025-04-11T12:51:21.287+0000] {processor.py:183} INFO - Processing /home/airflow/.local/lib/python3.8/site-packages/airflow/example_dags/example_time_delta_sensor_async.py took 0.022 seconds
[2025-04-11T12:51:51.736+0000] {processor.py:161} INFO - Started process (PID=870) to work on /home/airflow/.local/lib/python3.8/site-packages/airflow/example_dags/example_time_delta_sensor_async.py
[2025-04-11T12:51:51.737+0000] {processor.py:830} INFO - Processing file /home/airflow/.local/lib/python3.8/site-packages/airflow/example_dags/example_time_delta_sensor_async.py for tasks to queue
[2025-04-11T12:51:51.740+0000] {logging_mixin.py:188} INFO - [2025-04-11T12:51:51.740+0000] {dagbag.py:538} INFO - Filling up the DagBag from /home/airflow/.local/lib/python3.8/site-packages/airflow/example_dags/example_time_delta_sensor_async.py
[2025-04-11T12:51:51.743+0000] {processor.py:840} INFO - DAG(s) 'example_time_delta_sensor_async' retrieved from /home/airflow/.local/lib/python3.8/site-packages/airflow/example_dags/example_time_delta_sensor_async.py
[2025-04-11T12:51:51.754+0000] {logging_mixin.py:188} INFO - [2025-04-11T12:51:51.754+0000] {dag.py:3036} INFO - Sync 1 DAGs
[2025-04-11T12:51:51.759+0000] {logging_mixin.py:188} INFO - [2025-04-11T12:51:51.759+0000] {dag.py:3823} INFO - Setting next_dagrun for example_time_delta_sensor_async to None, run_after=None
[2025-04-11T12:51:51.767+0000] {processor.py:183} INFO - Processing /home/airflow/.local/lib/python3.8/site-packages/airflow/example_dags/example_time_delta_sensor_async.py took 0.032 seconds
[2025-04-11T12:52:22.225+0000] {processor.py:161} INFO - Started process (PID=925) to work on /home/airflow/.local/lib/python3.8/site-packages/airflow/example_dags/example_time_delta_sensor_async.py
[2025-04-11T12:52:22.227+0000] {processor.py:830} INFO - Processing file /home/airflow/.local/lib/python3.8/site-packages/airflow/example_dags/example_time_delta_sensor_async.py for tasks to queue
[2025-04-11T12:52:22.227+0000] {logging_mixin.py:188} INFO - [2025-04-11T12:52:22.227+0000] {dagbag.py:538} INFO - Filling up the DagBag from /home/airflow/.local/lib/python3.8/site-packages/airflow/example_dags/example_time_delta_sensor_async.py
[2025-04-11T12:52:22.230+0000] {processor.py:840} INFO - DAG(s) 'example_time_delta_sensor_async' retrieved from /home/airflow/.local/lib/python3.8/site-packages/airflow/example_dags/example_time_delta_sensor_async.py
[2025-04-11T12:52:22.239+0000] {logging_mixin.py:188} INFO - [2025-04-11T12:52:22.239+0000] {dag.py:3036} INFO - Sync 1 DAGs
[2025-04-11T12:52:22.244+0000] {logging_mixin.py:188} INFO - [2025-04-11T12:52:22.244+0000] {dag.py:3823} INFO - Setting next_dagrun for example_time_delta_sensor_async to None, run_after=None
[2025-04-11T12:52:22.261+0000] {processor.py:183} INFO - Processing /home/airflow/.local/lib/python3.8/site-packages/airflow/example_dags/example_time_delta_sensor_async.py took 0.038 seconds
[2025-04-11T12:52:52.557+0000] {processor.py:161} INFO - Started process (PID=981) to work on /home/airflow/.local/lib/python3.8/site-packages/airflow/example_dags/example_time_delta_sensor_async.py
[2025-04-11T12:52:52.557+0000] {processor.py:830} INFO - Processing file /home/airflow/.local/lib/python3.8/site-packages/airflow/example_dags/example_time_delta_sensor_async.py for tasks to queue
[2025-04-11T12:52:52.558+0000] {logging_mixin.py:188} INFO - [2025-04-11T12:52:52.558+0000] {dagbag.py:538} INFO - Filling up the DagBag from /home/airflow/.local/lib/python3.8/site-packages/airflow/example_dags/example_time_delta_sensor_async.py
[2025-04-11T12:52:52.560+0000] {processor.py:840} INFO - DAG(s) 'example_time_delta_sensor_async' retrieved from /home/airflow/.local/lib/python3.8/site-packages/airflow/example_dags/example_time_delta_sensor_async.py
[2025-04-11T12:52:52.569+0000] {logging_mixin.py:188} INFO - [2025-04-11T12:52:52.569+0000] {dag.py:3036} INFO - Sync 1 DAGs
[2025-04-11T12:52:52.573+0000] {logging_mixin.py:188} INFO - [2025-04-11T12:52:52.573+0000] {dag.py:3823} INFO - Setting next_dagrun for example_time_delta_sensor_async to None, run_after=None
[2025-04-11T12:52:52.581+0000] {processor.py:183} INFO - Processing /home/airflow/.local/lib/python3.8/site-packages/airflow/example_dags/example_time_delta_sensor_async.py took 0.025 seconds
[2025-04-11T12:53:22.916+0000] {processor.py:161} INFO - Started process (PID=1037) to work on /home/airflow/.local/lib/python3.8/site-packages/airflow/example_dags/example_time_delta_sensor_async.py
[2025-04-11T12:53:22.917+0000] {processor.py:830} INFO - Processing file /home/airflow/.local/lib/python3.8/site-packages/airflow/example_dags/example_time_delta_sensor_async.py for tasks to queue
[2025-04-11T12:53:22.918+0000] {logging_mixin.py:188} INFO - [2025-04-11T12:53:22.918+0000] {dagbag.py:538} INFO - Filling up the DagBag from /home/airflow/.local/lib/python3.8/site-packages/airflow/example_dags/example_time_delta_sensor_async.py
[2025-04-11T12:53:22.920+0000] {processor.py:840} INFO - DAG(s) 'example_time_delta_sensor_async' retrieved from /home/airflow/.local/lib/python3.8/site-packages/airflow/example_dags/example_time_delta_sensor_async.py
[2025-04-11T12:53:22.929+0000] {logging_mixin.py:188} INFO - [2025-04-11T12:53:22.929+0000] {dag.py:3036} INFO - Sync 1 DAGs
[2025-04-11T12:53:22.934+0000] {logging_mixin.py:188} INFO - [2025-04-11T12:53:22.934+0000] {dag.py:3823} INFO - Setting next_dagrun for example_time_delta_sensor_async to None, run_after=None
[2025-04-11T12:53:22.941+0000] {processor.py:183} INFO - Processing /home/airflow/.local/lib/python3.8/site-packages/airflow/example_dags/example_time_delta_sensor_async.py took 0.026 seconds
[2025-04-11T12:53:53.172+0000] {processor.py:161} INFO - Started process (PID=1093) to work on /home/airflow/.local/lib/python3.8/site-packages/airflow/example_dags/example_time_delta_sensor_async.py
[2025-04-11T12:53:53.173+0000] {processor.py:830} INFO - Processing file /home/airflow/.local/lib/python3.8/site-packages/airflow/example_dags/example_time_delta_sensor_async.py for tasks to queue
[2025-04-11T12:53:53.174+0000] {logging_mixin.py:188} INFO - [2025-04-11T12:53:53.174+0000] {dagbag.py:538} INFO - Filling up the DagBag from /home/airflow/.local/lib/python3.8/site-packages/airflow/example_dags/example_time_delta_sensor_async.py
[2025-04-11T12:53:53.176+0000] {processor.py:840} INFO - DAG(s) 'example_time_delta_sensor_async' retrieved from /home/airflow/.local/lib/python3.8/site-packages/airflow/example_dags/example_time_delta_sensor_async.py
[2025-04-11T12:53:53.185+0000] {logging_mixin.py:188} INFO - [2025-04-11T12:53:53.185+0000] {dag.py:3036} INFO - Sync 1 DAGs
[2025-04-11T12:53:53.189+0000] {logging_mixin.py:188} INFO - [2025-04-11T12:53:53.189+0000] {dag.py:3823} INFO - Setting next_dagrun for example_time_delta_sensor_async to None, run_after=None
[2025-04-11T12:53:53.197+0000] {processor.py:183} INFO - Processing /home/airflow/.local/lib/python3.8/site-packages/airflow/example_dags/example_time_delta_sensor_async.py took 0.026 seconds
[2025-04-11T12:54:23.364+0000] {processor.py:161} INFO - Started process (PID=1149) to work on /home/airflow/.local/lib/python3.8/site-packages/airflow/example_dags/example_time_delta_sensor_async.py
[2025-04-11T12:54:23.364+0000] {processor.py:830} INFO - Processing file /home/airflow/.local/lib/python3.8/site-packages/airflow/example_dags/example_time_delta_sensor_async.py for tasks to queue
[2025-04-11T12:54:23.365+0000] {logging_mixin.py:188} INFO - [2025-04-11T12:54:23.365+0000] {dagbag.py:538} INFO - Filling up the DagBag from /home/airflow/.local/lib/python3.8/site-packages/airflow/example_dags/example_time_delta_sensor_async.py
[2025-04-11T12:54:23.367+0000] {processor.py:840} INFO - DAG(s) 'example_time_delta_sensor_async' retrieved from /home/airflow/.local/lib/python3.8/site-packages/airflow/example_dags/example_time_delta_sensor_async.py
[2025-04-11T12:54:23.376+0000] {logging_mixin.py:188} INFO - [2025-04-11T12:54:23.376+0000] {dag.py:3036} INFO - Sync 1 DAGs
[2025-04-11T12:54:23.380+0000] {logging_mixin.py:188} INFO - [2025-04-11T12:54:23.380+0000] {dag.py:3823} INFO - Setting next_dagrun for example_time_delta_sensor_async to None, run_after=None
[2025-04-11T12:54:23.387+0000] {processor.py:183} INFO - Processing /home/airflow/.local/lib/python3.8/site-packages/airflow/example_dags/example_time_delta_sensor_async.py took 0.025 seconds
[2025-04-11T12:54:53.634+0000] {processor.py:161} INFO - Started process (PID=1205) to work on /home/airflow/.local/lib/python3.8/site-packages/airflow/example_dags/example_time_delta_sensor_async.py
[2025-04-11T12:54:53.635+0000] {processor.py:830} INFO - Processing file /home/airflow/.local/lib/python3.8/site-packages/airflow/example_dags/example_time_delta_sensor_async.py for tasks to queue
[2025-04-11T12:54:53.636+0000] {logging_mixin.py:188} INFO - [2025-04-11T12:54:53.635+0000] {dagbag.py:538} INFO - Filling up the DagBag from /home/airflow/.local/lib/python3.8/site-packages/airflow/example_dags/example_time_delta_sensor_async.py
[2025-04-11T12:54:53.638+0000] {processor.py:840} INFO - DAG(s) 'example_time_delta_sensor_async' retrieved from /home/airflow/.local/lib/python3.8/site-packages/airflow/example_dags/example_time_delta_sensor_async.py
[2025-04-11T12:54:53.647+0000] {logging_mixin.py:188} INFO - [2025-04-11T12:54:53.647+0000] {dag.py:3036} INFO - Sync 1 DAGs
[2025-04-11T12:54:53.652+0000] {logging_mixin.py:188} INFO - [2025-04-11T12:54:53.652+0000] {dag.py:3823} INFO - Setting next_dagrun for example_time_delta_sensor_async to None, run_after=None
[2025-04-11T12:54:53.659+0000] {processor.py:183} INFO - Processing /home/airflow/.local/lib/python3.8/site-packages/airflow/example_dags/example_time_delta_sensor_async.py took 0.026 seconds
[2025-04-11T12:55:24.023+0000] {processor.py:161} INFO - Started process (PID=1261) to work on /home/airflow/.local/lib/python3.8/site-packages/airflow/example_dags/example_time_delta_sensor_async.py
[2025-04-11T12:55:24.026+0000] {processor.py:830} INFO - Processing file /home/airflow/.local/lib/python3.8/site-packages/airflow/example_dags/example_time_delta_sensor_async.py for tasks to queue
[2025-04-11T12:55:24.026+0000] {logging_mixin.py:188} INFO - [2025-04-11T12:55:24.026+0000] {dagbag.py:538} INFO - Filling up the DagBag from /home/airflow/.local/lib/python3.8/site-packages/airflow/example_dags/example_time_delta_sensor_async.py
[2025-04-11T12:55:24.029+0000] {processor.py:840} INFO - DAG(s) 'example_time_delta_sensor_async' retrieved from /home/airflow/.local/lib/python3.8/site-packages/airflow/example_dags/example_time_delta_sensor_async.py
[2025-04-11T12:55:24.038+0000] {logging_mixin.py:188} INFO - [2025-04-11T12:55:24.037+0000] {dag.py:3036} INFO - Sync 1 DAGs
[2025-04-11T12:55:24.045+0000] {logging_mixin.py:188} INFO - [2025-04-11T12:55:24.045+0000] {dag.py:3823} INFO - Setting next_dagrun for example_time_delta_sensor_async to None, run_after=None
[2025-04-11T12:55:24.052+0000] {processor.py:183} INFO - Processing /home/airflow/.local/lib/python3.8/site-packages/airflow/example_dags/example_time_delta_sensor_async.py took 0.031 seconds
