[2025-04-11T12:44:44.629+0000] {processor.py:161} INFO - Started process (PID=51) to work on /home/airflow/.local/lib/python3.8/site-packages/airflow/example_dags/example_trigger_target_dag.py
[2025-04-11T12:44:44.630+0000] {processor.py:830} INFO - Processing file /home/airflow/.local/lib/python3.8/site-packages/airflow/example_dags/example_trigger_target_dag.py for tasks to queue
[2025-04-11T12:44:44.632+0000] {logging_mixin.py:188} INFO - [2025-04-11T12:44:44.632+0000] {dagbag.py:538} INFO - Filling up the DagBag from /home/airflow/.local/lib/python3.8/site-packages/airflow/example_dags/example_trigger_target_dag.py
[2025-04-11T12:44:44.637+0000] {processor.py:840} INFO - DAG(s) 'example_trigger_target_dag' retrieved from /home/airflow/.local/lib/python3.8/site-packages/airflow/example_dags/example_trigger_target_dag.py
[2025-04-11T12:44:44.644+0000] {logging_mixin.py:188} INFO - [2025-04-11T12:44:44.644+0000] {dag.py:3036} INFO - Sync 1 DAGs
[2025-04-11T12:44:44.649+0000] {logging_mixin.py:188} INFO - [2025-04-11T12:44:44.649+0000] {dag.py:3823} INFO - Setting next_dagrun for example_trigger_target_dag to None, run_after=None
[2025-04-11T12:44:44.658+0000] {processor.py:183} INFO - Processing /home/airflow/.local/lib/python3.8/site-packages/airflow/example_dags/example_trigger_target_dag.py took 0.031 seconds
[2025-04-11T12:45:14.745+0000] {processor.py:161} INFO - Started process (PID=108) to work on /home/airflow/.local/lib/python3.8/site-packages/airflow/example_dags/example_trigger_target_dag.py
[2025-04-11T12:45:14.746+0000] {processor.py:830} INFO - Processing file /home/airflow/.local/lib/python3.8/site-packages/airflow/example_dags/example_trigger_target_dag.py for tasks to queue
[2025-04-11T12:45:14.748+0000] {logging_mixin.py:188} INFO - [2025-04-11T12:45:14.748+0000] {dagbag.py:538} INFO - Filling up the DagBag from /home/airflow/.local/lib/python3.8/site-packages/airflow/example_dags/example_trigger_target_dag.py
[2025-04-11T12:45:14.751+0000] {processor.py:840} INFO - DAG(s) 'example_trigger_target_dag' retrieved from /home/airflow/.local/lib/python3.8/site-packages/airflow/example_dags/example_trigger_target_dag.py
[2025-04-11T12:45:14.793+0000] {logging_mixin.py:188} INFO - [2025-04-11T12:45:14.793+0000] {dag.py:3036} INFO - Sync 1 DAGs
[2025-04-11T12:45:14.798+0000] {logging_mixin.py:188} INFO - [2025-04-11T12:45:14.798+0000] {dag.py:3823} INFO - Setting next_dagrun for example_trigger_target_dag to None, run_after=None
[2025-04-11T12:45:14.808+0000] {processor.py:183} INFO - Processing /home/airflow/.local/lib/python3.8/site-packages/airflow/example_dags/example_trigger_target_dag.py took 0.065 seconds
[2025-04-11T12:45:44.829+0000] {processor.py:161} INFO - Started process (PID=164) to work on /home/airflow/.local/lib/python3.8/site-packages/airflow/example_dags/example_trigger_target_dag.py
[2025-04-11T12:45:44.831+0000] {processor.py:830} INFO - Processing file /home/airflow/.local/lib/python3.8/site-packages/airflow/example_dags/example_trigger_target_dag.py for tasks to queue
[2025-04-11T12:45:44.831+0000] {logging_mixin.py:188} INFO - [2025-04-11T12:45:44.831+0000] {dagbag.py:538} INFO - Filling up the DagBag from /home/airflow/.local/lib/python3.8/site-packages/airflow/example_dags/example_trigger_target_dag.py
[2025-04-11T12:45:44.834+0000] {processor.py:840} INFO - DAG(s) 'example_trigger_target_dag' retrieved from /home/airflow/.local/lib/python3.8/site-packages/airflow/example_dags/example_trigger_target_dag.py
[2025-04-11T12:45:44.844+0000] {logging_mixin.py:188} INFO - [2025-04-11T12:45:44.843+0000] {dag.py:3036} INFO - Sync 1 DAGs
[2025-04-11T12:45:44.849+0000] {logging_mixin.py:188} INFO - [2025-04-11T12:45:44.849+0000] {dag.py:3823} INFO - Setting next_dagrun for example_trigger_target_dag to None, run_after=None
[2025-04-11T12:45:44.856+0000] {processor.py:183} INFO - Processing /home/airflow/.local/lib/python3.8/site-packages/airflow/example_dags/example_trigger_target_dag.py took 0.029 seconds
[2025-04-11T12:46:15.446+0000] {processor.py:161} INFO - Started process (PID=219) to work on /home/airflow/.local/lib/python3.8/site-packages/airflow/example_dags/example_trigger_target_dag.py
[2025-04-11T12:46:15.447+0000] {processor.py:830} INFO - Processing file /home/airflow/.local/lib/python3.8/site-packages/airflow/example_dags/example_trigger_target_dag.py for tasks to queue
[2025-04-11T12:46:15.448+0000] {logging_mixin.py:188} INFO - [2025-04-11T12:46:15.448+0000] {dagbag.py:538} INFO - Filling up the DagBag from /home/airflow/.local/lib/python3.8/site-packages/airflow/example_dags/example_trigger_target_dag.py
[2025-04-11T12:46:15.451+0000] {processor.py:840} INFO - DAG(s) 'example_trigger_target_dag' retrieved from /home/airflow/.local/lib/python3.8/site-packages/airflow/example_dags/example_trigger_target_dag.py
[2025-04-11T12:46:15.461+0000] {logging_mixin.py:188} INFO - [2025-04-11T12:46:15.461+0000] {dag.py:3036} INFO - Sync 1 DAGs
[2025-04-11T12:46:15.466+0000] {logging_mixin.py:188} INFO - [2025-04-11T12:46:15.466+0000] {dag.py:3823} INFO - Setting next_dagrun for example_trigger_target_dag to None, run_after=None
[2025-04-11T12:46:15.479+0000] {processor.py:183} INFO - Processing /home/airflow/.local/lib/python3.8/site-packages/airflow/example_dags/example_trigger_target_dag.py took 0.035 seconds
[2025-04-11T12:46:46.093+0000] {processor.py:161} INFO - Started process (PID=275) to work on /home/airflow/.local/lib/python3.8/site-packages/airflow/example_dags/example_trigger_target_dag.py
[2025-04-11T12:46:46.094+0000] {processor.py:830} INFO - Processing file /home/airflow/.local/lib/python3.8/site-packages/airflow/example_dags/example_trigger_target_dag.py for tasks to queue
[2025-04-11T12:46:46.095+0000] {logging_mixin.py:188} INFO - [2025-04-11T12:46:46.095+0000] {dagbag.py:538} INFO - Filling up the DagBag from /home/airflow/.local/lib/python3.8/site-packages/airflow/example_dags/example_trigger_target_dag.py
[2025-04-11T12:46:46.098+0000] {processor.py:840} INFO - DAG(s) 'example_trigger_target_dag' retrieved from /home/airflow/.local/lib/python3.8/site-packages/airflow/example_dags/example_trigger_target_dag.py
[2025-04-11T12:46:46.109+0000] {logging_mixin.py:188} INFO - [2025-04-11T12:46:46.109+0000] {dag.py:3036} INFO - Sync 1 DAGs
[2025-04-11T12:46:46.115+0000] {logging_mixin.py:188} INFO - [2025-04-11T12:46:46.114+0000] {dag.py:3823} INFO - Setting next_dagrun for example_trigger_target_dag to None, run_after=None
[2025-04-11T12:46:46.124+0000] {processor.py:183} INFO - Processing /home/airflow/.local/lib/python3.8/site-packages/airflow/example_dags/example_trigger_target_dag.py took 0.033 seconds
[2025-04-11T12:47:16.528+0000] {processor.py:161} INFO - Started process (PID=331) to work on /home/airflow/.local/lib/python3.8/site-packages/airflow/example_dags/example_trigger_target_dag.py
[2025-04-11T12:47:16.529+0000] {processor.py:830} INFO - Processing file /home/airflow/.local/lib/python3.8/site-packages/airflow/example_dags/example_trigger_target_dag.py for tasks to queue
[2025-04-11T12:47:16.530+0000] {logging_mixin.py:188} INFO - [2025-04-11T12:47:16.530+0000] {dagbag.py:538} INFO - Filling up the DagBag from /home/airflow/.local/lib/python3.8/site-packages/airflow/example_dags/example_trigger_target_dag.py
[2025-04-11T12:47:16.533+0000] {processor.py:840} INFO - DAG(s) 'example_trigger_target_dag' retrieved from /home/airflow/.local/lib/python3.8/site-packages/airflow/example_dags/example_trigger_target_dag.py
[2025-04-11T12:47:16.542+0000] {logging_mixin.py:188} INFO - [2025-04-11T12:47:16.542+0000] {dag.py:3036} INFO - Sync 1 DAGs
[2025-04-11T12:47:16.548+0000] {logging_mixin.py:188} INFO - [2025-04-11T12:47:16.547+0000] {dag.py:3823} INFO - Setting next_dagrun for example_trigger_target_dag to None, run_after=None
[2025-04-11T12:47:16.556+0000] {processor.py:183} INFO - Processing /home/airflow/.local/lib/python3.8/site-packages/airflow/example_dags/example_trigger_target_dag.py took 0.029 seconds
[2025-04-11T12:47:46.969+0000] {processor.py:161} INFO - Started process (PID=387) to work on /home/airflow/.local/lib/python3.8/site-packages/airflow/example_dags/example_trigger_target_dag.py
[2025-04-11T12:47:46.969+0000] {processor.py:830} INFO - Processing file /home/airflow/.local/lib/python3.8/site-packages/airflow/example_dags/example_trigger_target_dag.py for tasks to queue
[2025-04-11T12:47:46.970+0000] {logging_mixin.py:188} INFO - [2025-04-11T12:47:46.970+0000] {dagbag.py:538} INFO - Filling up the DagBag from /home/airflow/.local/lib/python3.8/site-packages/airflow/example_dags/example_trigger_target_dag.py
[2025-04-11T12:47:46.974+0000] {processor.py:840} INFO - DAG(s) 'example_trigger_target_dag' retrieved from /home/airflow/.local/lib/python3.8/site-packages/airflow/example_dags/example_trigger_target_dag.py
[2025-04-11T12:47:46.983+0000] {logging_mixin.py:188} INFO - [2025-04-11T12:47:46.983+0000] {dag.py:3036} INFO - Sync 1 DAGs
[2025-04-11T12:47:46.990+0000] {logging_mixin.py:188} INFO - [2025-04-11T12:47:46.990+0000] {dag.py:3823} INFO - Setting next_dagrun for example_trigger_target_dag to None, run_after=None
[2025-04-11T12:47:46.999+0000] {processor.py:183} INFO - Processing /home/airflow/.local/lib/python3.8/site-packages/airflow/example_dags/example_trigger_target_dag.py took 0.032 seconds
[2025-04-11T12:48:17.328+0000] {processor.py:161} INFO - Started process (PID=443) to work on /home/airflow/.local/lib/python3.8/site-packages/airflow/example_dags/example_trigger_target_dag.py
[2025-04-11T12:48:17.329+0000] {processor.py:830} INFO - Processing file /home/airflow/.local/lib/python3.8/site-packages/airflow/example_dags/example_trigger_target_dag.py for tasks to queue
[2025-04-11T12:48:17.330+0000] {logging_mixin.py:188} INFO - [2025-04-11T12:48:17.330+0000] {dagbag.py:538} INFO - Filling up the DagBag from /home/airflow/.local/lib/python3.8/site-packages/airflow/example_dags/example_trigger_target_dag.py
[2025-04-11T12:48:17.334+0000] {processor.py:840} INFO - DAG(s) 'example_trigger_target_dag' retrieved from /home/airflow/.local/lib/python3.8/site-packages/airflow/example_dags/example_trigger_target_dag.py
[2025-04-11T12:48:17.344+0000] {logging_mixin.py:188} INFO - [2025-04-11T12:48:17.344+0000] {dag.py:3036} INFO - Sync 1 DAGs
[2025-04-11T12:48:17.350+0000] {logging_mixin.py:188} INFO - [2025-04-11T12:48:17.349+0000] {dag.py:3823} INFO - Setting next_dagrun for example_trigger_target_dag to None, run_after=None
[2025-04-11T12:48:17.357+0000] {processor.py:183} INFO - Processing /home/airflow/.local/lib/python3.8/site-packages/airflow/example_dags/example_trigger_target_dag.py took 0.031 seconds
[2025-04-11T12:48:47.525+0000] {processor.py:161} INFO - Started process (PID=499) to work on /home/airflow/.local/lib/python3.8/site-packages/airflow/example_dags/example_trigger_target_dag.py
[2025-04-11T12:48:47.526+0000] {processor.py:830} INFO - Processing file /home/airflow/.local/lib/python3.8/site-packages/airflow/example_dags/example_trigger_target_dag.py for tasks to queue
[2025-04-11T12:48:47.526+0000] {logging_mixin.py:188} INFO - [2025-04-11T12:48:47.526+0000] {dagbag.py:538} INFO - Filling up the DagBag from /home/airflow/.local/lib/python3.8/site-packages/airflow/example_dags/example_trigger_target_dag.py
[2025-04-11T12:48:47.529+0000] {processor.py:840} INFO - DAG(s) 'example_trigger_target_dag' retrieved from /home/airflow/.local/lib/python3.8/site-packages/airflow/example_dags/example_trigger_target_dag.py
[2025-04-11T12:48:47.537+0000] {logging_mixin.py:188} INFO - [2025-04-11T12:48:47.537+0000] {dag.py:3036} INFO - Sync 1 DAGs
[2025-04-11T12:48:47.542+0000] {logging_mixin.py:188} INFO - [2025-04-11T12:48:47.541+0000] {dag.py:3823} INFO - Setting next_dagrun for example_trigger_target_dag to None, run_after=None
[2025-04-11T12:48:47.548+0000] {processor.py:183} INFO - Processing /home/airflow/.local/lib/python3.8/site-packages/airflow/example_dags/example_trigger_target_dag.py took 0.025 seconds
[2025-04-11T12:49:17.740+0000] {processor.py:161} INFO - Started process (PID=555) to work on /home/airflow/.local/lib/python3.8/site-packages/airflow/example_dags/example_trigger_target_dag.py
[2025-04-11T12:49:17.741+0000] {processor.py:830} INFO - Processing file /home/airflow/.local/lib/python3.8/site-packages/airflow/example_dags/example_trigger_target_dag.py for tasks to queue
[2025-04-11T12:49:17.741+0000] {logging_mixin.py:188} INFO - [2025-04-11T12:49:17.741+0000] {dagbag.py:538} INFO - Filling up the DagBag from /home/airflow/.local/lib/python3.8/site-packages/airflow/example_dags/example_trigger_target_dag.py
[2025-04-11T12:49:17.744+0000] {processor.py:840} INFO - DAG(s) 'example_trigger_target_dag' retrieved from /home/airflow/.local/lib/python3.8/site-packages/airflow/example_dags/example_trigger_target_dag.py
[2025-04-11T12:49:17.752+0000] {logging_mixin.py:188} INFO - [2025-04-11T12:49:17.751+0000] {dag.py:3036} INFO - Sync 1 DAGs
[2025-04-11T12:49:17.756+0000] {logging_mixin.py:188} INFO - [2025-04-11T12:49:17.756+0000] {dag.py:3823} INFO - Setting next_dagrun for example_trigger_target_dag to None, run_after=None
[2025-04-11T12:49:17.762+0000] {processor.py:183} INFO - Processing /home/airflow/.local/lib/python3.8/site-packages/airflow/example_dags/example_trigger_target_dag.py took 0.023 seconds
[2025-04-11T12:49:48.151+0000] {processor.py:161} INFO - Started process (PID=617) to work on /home/airflow/.local/lib/python3.8/site-packages/airflow/example_dags/example_trigger_target_dag.py
[2025-04-11T12:49:48.152+0000] {processor.py:830} INFO - Processing file /home/airflow/.local/lib/python3.8/site-packages/airflow/example_dags/example_trigger_target_dag.py for tasks to queue
[2025-04-11T12:49:48.152+0000] {logging_mixin.py:188} INFO - [2025-04-11T12:49:48.152+0000] {dagbag.py:538} INFO - Filling up the DagBag from /home/airflow/.local/lib/python3.8/site-packages/airflow/example_dags/example_trigger_target_dag.py
[2025-04-11T12:49:48.155+0000] {processor.py:840} INFO - DAG(s) 'example_trigger_target_dag' retrieved from /home/airflow/.local/lib/python3.8/site-packages/airflow/example_dags/example_trigger_target_dag.py
[2025-04-11T12:49:48.164+0000] {logging_mixin.py:188} INFO - [2025-04-11T12:49:48.163+0000] {dag.py:3036} INFO - Sync 1 DAGs
[2025-04-11T12:49:48.168+0000] {logging_mixin.py:188} INFO - [2025-04-11T12:49:48.168+0000] {dag.py:3823} INFO - Setting next_dagrun for example_trigger_target_dag to None, run_after=None
[2025-04-11T12:49:48.175+0000] {processor.py:183} INFO - Processing /home/airflow/.local/lib/python3.8/site-packages/airflow/example_dags/example_trigger_target_dag.py took 0.026 seconds
[2025-04-11T12:50:18.473+0000] {processor.py:161} INFO - Started process (PID=673) to work on /home/airflow/.local/lib/python3.8/site-packages/airflow/example_dags/example_trigger_target_dag.py
[2025-04-11T12:50:18.474+0000] {processor.py:830} INFO - Processing file /home/airflow/.local/lib/python3.8/site-packages/airflow/example_dags/example_trigger_target_dag.py for tasks to queue
[2025-04-11T12:50:18.474+0000] {logging_mixin.py:188} INFO - [2025-04-11T12:50:18.474+0000] {dagbag.py:538} INFO - Filling up the DagBag from /home/airflow/.local/lib/python3.8/site-packages/airflow/example_dags/example_trigger_target_dag.py
[2025-04-11T12:50:18.477+0000] {processor.py:840} INFO - DAG(s) 'example_trigger_target_dag' retrieved from /home/airflow/.local/lib/python3.8/site-packages/airflow/example_dags/example_trigger_target_dag.py
[2025-04-11T12:50:18.488+0000] {logging_mixin.py:188} INFO - [2025-04-11T12:50:18.488+0000] {dag.py:3036} INFO - Sync 1 DAGs
[2025-04-11T12:50:18.493+0000] {logging_mixin.py:188} INFO - [2025-04-11T12:50:18.493+0000] {dag.py:3823} INFO - Setting next_dagrun for example_trigger_target_dag to None, run_after=None
[2025-04-11T12:50:18.504+0000] {processor.py:183} INFO - Processing /home/airflow/.local/lib/python3.8/site-packages/airflow/example_dags/example_trigger_target_dag.py took 0.033 seconds
[2025-04-11T12:50:49.047+0000] {processor.py:161} INFO - Started process (PID=729) to work on /home/airflow/.local/lib/python3.8/site-packages/airflow/example_dags/example_trigger_target_dag.py
[2025-04-11T12:50:49.047+0000] {processor.py:830} INFO - Processing file /home/airflow/.local/lib/python3.8/site-packages/airflow/example_dags/example_trigger_target_dag.py for tasks to queue
[2025-04-11T12:50:49.048+0000] {logging_mixin.py:188} INFO - [2025-04-11T12:50:49.048+0000] {dagbag.py:538} INFO - Filling up the DagBag from /home/airflow/.local/lib/python3.8/site-packages/airflow/example_dags/example_trigger_target_dag.py
[2025-04-11T12:50:49.051+0000] {processor.py:840} INFO - DAG(s) 'example_trigger_target_dag' retrieved from /home/airflow/.local/lib/python3.8/site-packages/airflow/example_dags/example_trigger_target_dag.py
[2025-04-11T12:50:49.062+0000] {logging_mixin.py:188} INFO - [2025-04-11T12:50:49.062+0000] {dag.py:3036} INFO - Sync 1 DAGs
[2025-04-11T12:50:49.066+0000] {logging_mixin.py:188} INFO - [2025-04-11T12:50:49.066+0000] {dag.py:3823} INFO - Setting next_dagrun for example_trigger_target_dag to None, run_after=None
[2025-04-11T12:50:49.078+0000] {processor.py:183} INFO - Processing /home/airflow/.local/lib/python3.8/site-packages/airflow/example_dags/example_trigger_target_dag.py took 0.033 seconds
[2025-04-11T12:51:19.539+0000] {processor.py:161} INFO - Started process (PID=785) to work on /home/airflow/.local/lib/python3.8/site-packages/airflow/example_dags/example_trigger_target_dag.py
[2025-04-11T12:51:19.539+0000] {processor.py:830} INFO - Processing file /home/airflow/.local/lib/python3.8/site-packages/airflow/example_dags/example_trigger_target_dag.py for tasks to queue
[2025-04-11T12:51:19.540+0000] {logging_mixin.py:188} INFO - [2025-04-11T12:51:19.540+0000] {dagbag.py:538} INFO - Filling up the DagBag from /home/airflow/.local/lib/python3.8/site-packages/airflow/example_dags/example_trigger_target_dag.py
[2025-04-11T12:51:19.542+0000] {processor.py:840} INFO - DAG(s) 'example_trigger_target_dag' retrieved from /home/airflow/.local/lib/python3.8/site-packages/airflow/example_dags/example_trigger_target_dag.py
[2025-04-11T12:51:19.554+0000] {logging_mixin.py:188} INFO - [2025-04-11T12:51:19.553+0000] {dag.py:3036} INFO - Sync 1 DAGs
[2025-04-11T12:51:19.559+0000] {logging_mixin.py:188} INFO - [2025-04-11T12:51:19.559+0000] {dag.py:3823} INFO - Setting next_dagrun for example_trigger_target_dag to None, run_after=None
[2025-04-11T12:51:19.570+0000] {processor.py:183} INFO - Processing /home/airflow/.local/lib/python3.8/site-packages/airflow/example_dags/example_trigger_target_dag.py took 0.033 seconds
[2025-04-11T12:51:50.034+0000] {processor.py:161} INFO - Started process (PID=841) to work on /home/airflow/.local/lib/python3.8/site-packages/airflow/example_dags/example_trigger_target_dag.py
[2025-04-11T12:51:50.034+0000] {processor.py:830} INFO - Processing file /home/airflow/.local/lib/python3.8/site-packages/airflow/example_dags/example_trigger_target_dag.py for tasks to queue
[2025-04-11T12:51:50.035+0000] {logging_mixin.py:188} INFO - [2025-04-11T12:51:50.035+0000] {dagbag.py:538} INFO - Filling up the DagBag from /home/airflow/.local/lib/python3.8/site-packages/airflow/example_dags/example_trigger_target_dag.py
[2025-04-11T12:51:50.037+0000] {processor.py:840} INFO - DAG(s) 'example_trigger_target_dag' retrieved from /home/airflow/.local/lib/python3.8/site-packages/airflow/example_dags/example_trigger_target_dag.py
[2025-04-11T12:51:50.046+0000] {logging_mixin.py:188} INFO - [2025-04-11T12:51:50.046+0000] {dag.py:3036} INFO - Sync 1 DAGs
[2025-04-11T12:51:50.051+0000] {logging_mixin.py:188} INFO - [2025-04-11T12:51:50.051+0000] {dag.py:3823} INFO - Setting next_dagrun for example_trigger_target_dag to None, run_after=None
[2025-04-11T12:51:50.059+0000] {processor.py:183} INFO - Processing /home/airflow/.local/lib/python3.8/site-packages/airflow/example_dags/example_trigger_target_dag.py took 0.027 seconds
[2025-04-11T12:52:20.484+0000] {processor.py:161} INFO - Started process (PID=896) to work on /home/airflow/.local/lib/python3.8/site-packages/airflow/example_dags/example_trigger_target_dag.py
[2025-04-11T12:52:20.485+0000] {processor.py:830} INFO - Processing file /home/airflow/.local/lib/python3.8/site-packages/airflow/example_dags/example_trigger_target_dag.py for tasks to queue
[2025-04-11T12:52:20.487+0000] {logging_mixin.py:188} INFO - [2025-04-11T12:52:20.486+0000] {dagbag.py:538} INFO - Filling up the DagBag from /home/airflow/.local/lib/python3.8/site-packages/airflow/example_dags/example_trigger_target_dag.py
[2025-04-11T12:52:20.490+0000] {processor.py:840} INFO - DAG(s) 'example_trigger_target_dag' retrieved from /home/airflow/.local/lib/python3.8/site-packages/airflow/example_dags/example_trigger_target_dag.py
[2025-04-11T12:52:20.500+0000] {logging_mixin.py:188} INFO - [2025-04-11T12:52:20.500+0000] {dag.py:3036} INFO - Sync 1 DAGs
[2025-04-11T12:52:20.505+0000] {logging_mixin.py:188} INFO - [2025-04-11T12:52:20.504+0000] {dag.py:3823} INFO - Setting next_dagrun for example_trigger_target_dag to None, run_after=None
[2025-04-11T12:52:20.512+0000] {processor.py:183} INFO - Processing /home/airflow/.local/lib/python3.8/site-packages/airflow/example_dags/example_trigger_target_dag.py took 0.030 seconds
[2025-04-11T12:52:50.893+0000] {processor.py:161} INFO - Started process (PID=952) to work on /home/airflow/.local/lib/python3.8/site-packages/airflow/example_dags/example_trigger_target_dag.py
[2025-04-11T12:52:50.893+0000] {processor.py:830} INFO - Processing file /home/airflow/.local/lib/python3.8/site-packages/airflow/example_dags/example_trigger_target_dag.py for tasks to queue
[2025-04-11T12:52:50.894+0000] {logging_mixin.py:188} INFO - [2025-04-11T12:52:50.894+0000] {dagbag.py:538} INFO - Filling up the DagBag from /home/airflow/.local/lib/python3.8/site-packages/airflow/example_dags/example_trigger_target_dag.py
[2025-04-11T12:52:50.897+0000] {processor.py:840} INFO - DAG(s) 'example_trigger_target_dag' retrieved from /home/airflow/.local/lib/python3.8/site-packages/airflow/example_dags/example_trigger_target_dag.py
[2025-04-11T12:52:50.906+0000] {logging_mixin.py:188} INFO - [2025-04-11T12:52:50.906+0000] {dag.py:3036} INFO - Sync 1 DAGs
[2025-04-11T12:52:50.910+0000] {logging_mixin.py:188} INFO - [2025-04-11T12:52:50.910+0000] {dag.py:3823} INFO - Setting next_dagrun for example_trigger_target_dag to None, run_after=None
[2025-04-11T12:52:50.918+0000] {processor.py:183} INFO - Processing /home/airflow/.local/lib/python3.8/site-packages/airflow/example_dags/example_trigger_target_dag.py took 0.027 seconds
[2025-04-11T12:53:21.213+0000] {processor.py:161} INFO - Started process (PID=1008) to work on /home/airflow/.local/lib/python3.8/site-packages/airflow/example_dags/example_trigger_target_dag.py
[2025-04-11T12:53:21.214+0000] {processor.py:830} INFO - Processing file /home/airflow/.local/lib/python3.8/site-packages/airflow/example_dags/example_trigger_target_dag.py for tasks to queue
[2025-04-11T12:53:21.215+0000] {logging_mixin.py:188} INFO - [2025-04-11T12:53:21.214+0000] {dagbag.py:538} INFO - Filling up the DagBag from /home/airflow/.local/lib/python3.8/site-packages/airflow/example_dags/example_trigger_target_dag.py
[2025-04-11T12:53:21.218+0000] {processor.py:840} INFO - DAG(s) 'example_trigger_target_dag' retrieved from /home/airflow/.local/lib/python3.8/site-packages/airflow/example_dags/example_trigger_target_dag.py
[2025-04-11T12:53:21.228+0000] {logging_mixin.py:188} INFO - [2025-04-11T12:53:21.228+0000] {dag.py:3036} INFO - Sync 1 DAGs
[2025-04-11T12:53:21.234+0000] {logging_mixin.py:188} INFO - [2025-04-11T12:53:21.234+0000] {dag.py:3823} INFO - Setting next_dagrun for example_trigger_target_dag to None, run_after=None
[2025-04-11T12:53:21.243+0000] {processor.py:183} INFO - Processing /home/airflow/.local/lib/python3.8/site-packages/airflow/example_dags/example_trigger_target_dag.py took 0.032 seconds
[2025-04-11T12:53:51.489+0000] {processor.py:161} INFO - Started process (PID=1064) to work on /home/airflow/.local/lib/python3.8/site-packages/airflow/example_dags/example_trigger_target_dag.py
[2025-04-11T12:53:51.489+0000] {processor.py:830} INFO - Processing file /home/airflow/.local/lib/python3.8/site-packages/airflow/example_dags/example_trigger_target_dag.py for tasks to queue
[2025-04-11T12:53:51.490+0000] {logging_mixin.py:188} INFO - [2025-04-11T12:53:51.490+0000] {dagbag.py:538} INFO - Filling up the DagBag from /home/airflow/.local/lib/python3.8/site-packages/airflow/example_dags/example_trigger_target_dag.py
[2025-04-11T12:53:51.493+0000] {processor.py:840} INFO - DAG(s) 'example_trigger_target_dag' retrieved from /home/airflow/.local/lib/python3.8/site-packages/airflow/example_dags/example_trigger_target_dag.py
[2025-04-11T12:53:51.502+0000] {logging_mixin.py:188} INFO - [2025-04-11T12:53:51.502+0000] {dag.py:3036} INFO - Sync 1 DAGs
[2025-04-11T12:53:51.507+0000] {logging_mixin.py:188} INFO - [2025-04-11T12:53:51.507+0000] {dag.py:3823} INFO - Setting next_dagrun for example_trigger_target_dag to None, run_after=None
[2025-04-11T12:53:51.514+0000] {processor.py:183} INFO - Processing /home/airflow/.local/lib/python3.8/site-packages/airflow/example_dags/example_trigger_target_dag.py took 0.027 seconds
[2025-04-11T12:54:21.748+0000] {processor.py:161} INFO - Started process (PID=1120) to work on /home/airflow/.local/lib/python3.8/site-packages/airflow/example_dags/example_trigger_target_dag.py
[2025-04-11T12:54:21.749+0000] {processor.py:830} INFO - Processing file /home/airflow/.local/lib/python3.8/site-packages/airflow/example_dags/example_trigger_target_dag.py for tasks to queue
[2025-04-11T12:54:21.750+0000] {logging_mixin.py:188} INFO - [2025-04-11T12:54:21.750+0000] {dagbag.py:538} INFO - Filling up the DagBag from /home/airflow/.local/lib/python3.8/site-packages/airflow/example_dags/example_trigger_target_dag.py
[2025-04-11T12:54:21.753+0000] {processor.py:840} INFO - DAG(s) 'example_trigger_target_dag' retrieved from /home/airflow/.local/lib/python3.8/site-packages/airflow/example_dags/example_trigger_target_dag.py
[2025-04-11T12:54:21.762+0000] {logging_mixin.py:188} INFO - [2025-04-11T12:54:21.762+0000] {dag.py:3036} INFO - Sync 1 DAGs
[2025-04-11T12:54:21.768+0000] {logging_mixin.py:188} INFO - [2025-04-11T12:54:21.768+0000] {dag.py:3823} INFO - Setting next_dagrun for example_trigger_target_dag to None, run_after=None
[2025-04-11T12:54:21.775+0000] {processor.py:183} INFO - Processing /home/airflow/.local/lib/python3.8/site-packages/airflow/example_dags/example_trigger_target_dag.py took 0.029 seconds
[2025-04-11T12:54:51.990+0000] {processor.py:161} INFO - Started process (PID=1176) to work on /home/airflow/.local/lib/python3.8/site-packages/airflow/example_dags/example_trigger_target_dag.py
[2025-04-11T12:54:51.991+0000] {processor.py:830} INFO - Processing file /home/airflow/.local/lib/python3.8/site-packages/airflow/example_dags/example_trigger_target_dag.py for tasks to queue
[2025-04-11T12:54:51.992+0000] {logging_mixin.py:188} INFO - [2025-04-11T12:54:51.992+0000] {dagbag.py:538} INFO - Filling up the DagBag from /home/airflow/.local/lib/python3.8/site-packages/airflow/example_dags/example_trigger_target_dag.py
[2025-04-11T12:54:51.994+0000] {processor.py:840} INFO - DAG(s) 'example_trigger_target_dag' retrieved from /home/airflow/.local/lib/python3.8/site-packages/airflow/example_dags/example_trigger_target_dag.py
[2025-04-11T12:54:52.003+0000] {logging_mixin.py:188} INFO - [2025-04-11T12:54:52.003+0000] {dag.py:3036} INFO - Sync 1 DAGs
[2025-04-11T12:54:52.007+0000] {logging_mixin.py:188} INFO - [2025-04-11T12:54:52.007+0000] {dag.py:3823} INFO - Setting next_dagrun for example_trigger_target_dag to None, run_after=None
[2025-04-11T12:54:52.014+0000] {processor.py:183} INFO - Processing /home/airflow/.local/lib/python3.8/site-packages/airflow/example_dags/example_trigger_target_dag.py took 0.025 seconds
[2025-04-11T12:55:22.265+0000] {processor.py:161} INFO - Started process (PID=1232) to work on /home/airflow/.local/lib/python3.8/site-packages/airflow/example_dags/example_trigger_target_dag.py
[2025-04-11T12:55:22.265+0000] {processor.py:830} INFO - Processing file /home/airflow/.local/lib/python3.8/site-packages/airflow/example_dags/example_trigger_target_dag.py for tasks to queue
[2025-04-11T12:55:22.268+0000] {logging_mixin.py:188} INFO - [2025-04-11T12:55:22.268+0000] {dagbag.py:538} INFO - Filling up the DagBag from /home/airflow/.local/lib/python3.8/site-packages/airflow/example_dags/example_trigger_target_dag.py
[2025-04-11T12:55:22.271+0000] {processor.py:840} INFO - DAG(s) 'example_trigger_target_dag' retrieved from /home/airflow/.local/lib/python3.8/site-packages/airflow/example_dags/example_trigger_target_dag.py
[2025-04-11T12:55:22.281+0000] {logging_mixin.py:188} INFO - [2025-04-11T12:55:22.281+0000] {dag.py:3036} INFO - Sync 1 DAGs
[2025-04-11T12:55:22.286+0000] {logging_mixin.py:188} INFO - [2025-04-11T12:55:22.286+0000] {dag.py:3823} INFO - Setting next_dagrun for example_trigger_target_dag to None, run_after=None
[2025-04-11T12:55:22.293+0000] {processor.py:183} INFO - Processing /home/airflow/.local/lib/python3.8/site-packages/airflow/example_dags/example_trigger_target_dag.py took 0.030 seconds
