[2025-04-11T12:44:44.977+0000] {processor.py:161} INFO - Started process (PID=63) to work on /home/airflow/.local/lib/python3.8/site-packages/airflow/example_dags/example_task_group.py
[2025-04-11T12:44:44.977+0000] {processor.py:830} INFO - Processing file /home/airflow/.local/lib/python3.8/site-packages/airflow/example_dags/example_task_group.py for tasks to queue
[2025-04-11T12:44:44.978+0000] {logging_mixin.py:188} INFO - [2025-04-11T12:44:44.978+0000] {dagbag.py:538} INFO - Filling up the DagBag from /home/airflow/.local/lib/python3.8/site-packages/airflow/example_dags/example_task_group.py
[2025-04-11T12:44:44.983+0000] {processor.py:840} INFO - DAG(s) 'example_task_group' retrieved from /home/airflow/.local/lib/python3.8/site-packages/airflow/example_dags/example_task_group.py
[2025-04-11T12:44:44.989+0000] {logging_mixin.py:188} INFO - [2025-04-11T12:44:44.989+0000] {dag.py:3036} INFO - Sync 1 DAGs
[2025-04-11T12:44:45.001+0000] {logging_mixin.py:188} INFO - [2025-04-11T12:44:45.001+0000] {dag.py:3823} INFO - Setting next_dagrun for example_task_group to 2025-04-10 00:00:00+00:00, run_after=2025-04-11 00:00:00+00:00
[2025-04-11T12:44:45.016+0000] {processor.py:183} INFO - Processing /home/airflow/.local/lib/python3.8/site-packages/airflow/example_dags/example_task_group.py took 0.041 seconds
[2025-04-11T12:45:15.182+0000] {processor.py:161} INFO - Started process (PID=120) to work on /home/airflow/.local/lib/python3.8/site-packages/airflow/example_dags/example_task_group.py
[2025-04-11T12:45:15.183+0000] {processor.py:830} INFO - Processing file /home/airflow/.local/lib/python3.8/site-packages/airflow/example_dags/example_task_group.py for tasks to queue
[2025-04-11T12:45:15.183+0000] {logging_mixin.py:188} INFO - [2025-04-11T12:45:15.183+0000] {dagbag.py:538} INFO - Filling up the DagBag from /home/airflow/.local/lib/python3.8/site-packages/airflow/example_dags/example_task_group.py
[2025-04-11T12:45:15.186+0000] {processor.py:840} INFO - DAG(s) 'example_task_group' retrieved from /home/airflow/.local/lib/python3.8/site-packages/airflow/example_dags/example_task_group.py
[2025-04-11T12:45:15.228+0000] {logging_mixin.py:188} INFO - [2025-04-11T12:45:15.228+0000] {dag.py:3036} INFO - Sync 1 DAGs
[2025-04-11T12:45:15.236+0000] {logging_mixin.py:188} INFO - [2025-04-11T12:45:15.235+0000] {dag.py:3823} INFO - Setting next_dagrun for example_task_group to 2025-04-10 00:00:00+00:00, run_after=2025-04-11 00:00:00+00:00
[2025-04-11T12:45:15.243+0000] {processor.py:183} INFO - Processing /home/airflow/.local/lib/python3.8/site-packages/airflow/example_dags/example_task_group.py took 0.062 seconds
[2025-04-11T12:45:45.263+0000] {processor.py:161} INFO - Started process (PID=176) to work on /home/airflow/.local/lib/python3.8/site-packages/airflow/example_dags/example_task_group.py
[2025-04-11T12:45:45.264+0000] {processor.py:830} INFO - Processing file /home/airflow/.local/lib/python3.8/site-packages/airflow/example_dags/example_task_group.py for tasks to queue
[2025-04-11T12:45:45.265+0000] {logging_mixin.py:188} INFO - [2025-04-11T12:45:45.264+0000] {dagbag.py:538} INFO - Filling up the DagBag from /home/airflow/.local/lib/python3.8/site-packages/airflow/example_dags/example_task_group.py
[2025-04-11T12:45:45.268+0000] {processor.py:840} INFO - DAG(s) 'example_task_group' retrieved from /home/airflow/.local/lib/python3.8/site-packages/airflow/example_dags/example_task_group.py
[2025-04-11T12:45:45.277+0000] {logging_mixin.py:188} INFO - [2025-04-11T12:45:45.277+0000] {dag.py:3036} INFO - Sync 1 DAGs
[2025-04-11T12:45:45.285+0000] {logging_mixin.py:188} INFO - [2025-04-11T12:45:45.285+0000] {dag.py:3823} INFO - Setting next_dagrun for example_task_group to 2025-04-10 00:00:00+00:00, run_after=2025-04-11 00:00:00+00:00
[2025-04-11T12:45:45.292+0000] {processor.py:183} INFO - Processing /home/airflow/.local/lib/python3.8/site-packages/airflow/example_dags/example_task_group.py took 0.030 seconds
[2025-04-11T12:46:15.791+0000] {processor.py:161} INFO - Started process (PID=231) to work on /home/airflow/.local/lib/python3.8/site-packages/airflow/example_dags/example_task_group.py
[2025-04-11T12:46:15.791+0000] {processor.py:830} INFO - Processing file /home/airflow/.local/lib/python3.8/site-packages/airflow/example_dags/example_task_group.py for tasks to queue
[2025-04-11T12:46:15.792+0000] {logging_mixin.py:188} INFO - [2025-04-11T12:46:15.792+0000] {dagbag.py:538} INFO - Filling up the DagBag from /home/airflow/.local/lib/python3.8/site-packages/airflow/example_dags/example_task_group.py
[2025-04-11T12:46:15.796+0000] {processor.py:840} INFO - DAG(s) 'example_task_group' retrieved from /home/airflow/.local/lib/python3.8/site-packages/airflow/example_dags/example_task_group.py
[2025-04-11T12:46:15.809+0000] {logging_mixin.py:188} INFO - [2025-04-11T12:46:15.809+0000] {dag.py:3036} INFO - Sync 1 DAGs
[2025-04-11T12:46:15.823+0000] {logging_mixin.py:188} INFO - [2025-04-11T12:46:15.823+0000] {dag.py:3823} INFO - Setting next_dagrun for example_task_group to 2025-04-10 00:00:00+00:00, run_after=2025-04-11 00:00:00+00:00
[2025-04-11T12:46:15.834+0000] {processor.py:183} INFO - Processing /home/airflow/.local/lib/python3.8/site-packages/airflow/example_dags/example_task_group.py took 0.046 seconds
[2025-04-11T12:46:46.390+0000] {processor.py:161} INFO - Started process (PID=287) to work on /home/airflow/.local/lib/python3.8/site-packages/airflow/example_dags/example_task_group.py
[2025-04-11T12:46:46.391+0000] {processor.py:830} INFO - Processing file /home/airflow/.local/lib/python3.8/site-packages/airflow/example_dags/example_task_group.py for tasks to queue
[2025-04-11T12:46:46.392+0000] {logging_mixin.py:188} INFO - [2025-04-11T12:46:46.392+0000] {dagbag.py:538} INFO - Filling up the DagBag from /home/airflow/.local/lib/python3.8/site-packages/airflow/example_dags/example_task_group.py
[2025-04-11T12:46:46.395+0000] {processor.py:840} INFO - DAG(s) 'example_task_group' retrieved from /home/airflow/.local/lib/python3.8/site-packages/airflow/example_dags/example_task_group.py
[2025-04-11T12:46:46.405+0000] {logging_mixin.py:188} INFO - [2025-04-11T12:46:46.405+0000] {dag.py:3036} INFO - Sync 1 DAGs
[2025-04-11T12:46:46.414+0000] {logging_mixin.py:188} INFO - [2025-04-11T12:46:46.414+0000] {dag.py:3823} INFO - Setting next_dagrun for example_task_group to 2025-04-10 00:00:00+00:00, run_after=2025-04-11 00:00:00+00:00
[2025-04-11T12:46:46.426+0000] {processor.py:183} INFO - Processing /home/airflow/.local/lib/python3.8/site-packages/airflow/example_dags/example_task_group.py took 0.038 seconds
[2025-04-11T12:47:16.806+0000] {processor.py:161} INFO - Started process (PID=343) to work on /home/airflow/.local/lib/python3.8/site-packages/airflow/example_dags/example_task_group.py
[2025-04-11T12:47:16.806+0000] {processor.py:830} INFO - Processing file /home/airflow/.local/lib/python3.8/site-packages/airflow/example_dags/example_task_group.py for tasks to queue
[2025-04-11T12:47:16.808+0000] {logging_mixin.py:188} INFO - [2025-04-11T12:47:16.808+0000] {dagbag.py:538} INFO - Filling up the DagBag from /home/airflow/.local/lib/python3.8/site-packages/airflow/example_dags/example_task_group.py
[2025-04-11T12:47:16.812+0000] {processor.py:840} INFO - DAG(s) 'example_task_group' retrieved from /home/airflow/.local/lib/python3.8/site-packages/airflow/example_dags/example_task_group.py
[2025-04-11T12:47:16.823+0000] {logging_mixin.py:188} INFO - [2025-04-11T12:47:16.823+0000] {dag.py:3036} INFO - Sync 1 DAGs
[2025-04-11T12:47:16.831+0000] {logging_mixin.py:188} INFO - [2025-04-11T12:47:16.831+0000] {dag.py:3823} INFO - Setting next_dagrun for example_task_group to 2025-04-10 00:00:00+00:00, run_after=2025-04-11 00:00:00+00:00
[2025-04-11T12:47:16.843+0000] {processor.py:183} INFO - Processing /home/airflow/.local/lib/python3.8/site-packages/airflow/example_dags/example_task_group.py took 0.039 seconds
[2025-04-11T12:47:47.265+0000] {processor.py:161} INFO - Started process (PID=399) to work on /home/airflow/.local/lib/python3.8/site-packages/airflow/example_dags/example_task_group.py
[2025-04-11T12:47:47.267+0000] {processor.py:830} INFO - Processing file /home/airflow/.local/lib/python3.8/site-packages/airflow/example_dags/example_task_group.py for tasks to queue
[2025-04-11T12:47:47.271+0000] {logging_mixin.py:188} INFO - [2025-04-11T12:47:47.271+0000] {dagbag.py:538} INFO - Filling up the DagBag from /home/airflow/.local/lib/python3.8/site-packages/airflow/example_dags/example_task_group.py
[2025-04-11T12:47:47.275+0000] {processor.py:840} INFO - DAG(s) 'example_task_group' retrieved from /home/airflow/.local/lib/python3.8/site-packages/airflow/example_dags/example_task_group.py
[2025-04-11T12:47:47.287+0000] {logging_mixin.py:188} INFO - [2025-04-11T12:47:47.287+0000] {dag.py:3036} INFO - Sync 1 DAGs
[2025-04-11T12:47:47.297+0000] {logging_mixin.py:188} INFO - [2025-04-11T12:47:47.297+0000] {dag.py:3823} INFO - Setting next_dagrun for example_task_group to 2025-04-10 00:00:00+00:00, run_after=2025-04-11 00:00:00+00:00
[2025-04-11T12:47:47.309+0000] {processor.py:183} INFO - Processing /home/airflow/.local/lib/python3.8/site-packages/airflow/example_dags/example_task_group.py took 0.046 seconds
[2025-04-11T12:48:17.618+0000] {processor.py:161} INFO - Started process (PID=455) to work on /home/airflow/.local/lib/python3.8/site-packages/airflow/example_dags/example_task_group.py
[2025-04-11T12:48:17.619+0000] {processor.py:830} INFO - Processing file /home/airflow/.local/lib/python3.8/site-packages/airflow/example_dags/example_task_group.py for tasks to queue
[2025-04-11T12:48:17.619+0000] {logging_mixin.py:188} INFO - [2025-04-11T12:48:17.619+0000] {dagbag.py:538} INFO - Filling up the DagBag from /home/airflow/.local/lib/python3.8/site-packages/airflow/example_dags/example_task_group.py
[2025-04-11T12:48:17.622+0000] {processor.py:840} INFO - DAG(s) 'example_task_group' retrieved from /home/airflow/.local/lib/python3.8/site-packages/airflow/example_dags/example_task_group.py
[2025-04-11T12:48:17.631+0000] {logging_mixin.py:188} INFO - [2025-04-11T12:48:17.631+0000] {dag.py:3036} INFO - Sync 1 DAGs
[2025-04-11T12:48:17.638+0000] {logging_mixin.py:188} INFO - [2025-04-11T12:48:17.638+0000] {dag.py:3823} INFO - Setting next_dagrun for example_task_group to 2025-04-10 00:00:00+00:00, run_after=2025-04-11 00:00:00+00:00
[2025-04-11T12:48:17.644+0000] {processor.py:183} INFO - Processing /home/airflow/.local/lib/python3.8/site-packages/airflow/example_dags/example_task_group.py took 0.028 seconds
[2025-04-11T12:48:47.781+0000] {processor.py:161} INFO - Started process (PID=511) to work on /home/airflow/.local/lib/python3.8/site-packages/airflow/example_dags/example_task_group.py
[2025-04-11T12:48:47.781+0000] {processor.py:830} INFO - Processing file /home/airflow/.local/lib/python3.8/site-packages/airflow/example_dags/example_task_group.py for tasks to queue
[2025-04-11T12:48:47.782+0000] {logging_mixin.py:188} INFO - [2025-04-11T12:48:47.782+0000] {dagbag.py:538} INFO - Filling up the DagBag from /home/airflow/.local/lib/python3.8/site-packages/airflow/example_dags/example_task_group.py
[2025-04-11T12:48:47.785+0000] {processor.py:840} INFO - DAG(s) 'example_task_group' retrieved from /home/airflow/.local/lib/python3.8/site-packages/airflow/example_dags/example_task_group.py
[2025-04-11T12:48:47.795+0000] {logging_mixin.py:188} INFO - [2025-04-11T12:48:47.795+0000] {dag.py:3036} INFO - Sync 1 DAGs
[2025-04-11T12:48:47.803+0000] {logging_mixin.py:188} INFO - [2025-04-11T12:48:47.803+0000] {dag.py:3823} INFO - Setting next_dagrun for example_task_group to 2025-04-10 00:00:00+00:00, run_after=2025-04-11 00:00:00+00:00
[2025-04-11T12:48:47.810+0000] {processor.py:183} INFO - Processing /home/airflow/.local/lib/python3.8/site-packages/airflow/example_dags/example_task_group.py took 0.030 seconds
[2025-04-11T12:49:18.004+0000] {processor.py:161} INFO - Started process (PID=567) to work on /home/airflow/.local/lib/python3.8/site-packages/airflow/example_dags/example_task_group.py
[2025-04-11T12:49:18.005+0000] {processor.py:830} INFO - Processing file /home/airflow/.local/lib/python3.8/site-packages/airflow/example_dags/example_task_group.py for tasks to queue
[2025-04-11T12:49:18.006+0000] {logging_mixin.py:188} INFO - [2025-04-11T12:49:18.006+0000] {dagbag.py:538} INFO - Filling up the DagBag from /home/airflow/.local/lib/python3.8/site-packages/airflow/example_dags/example_task_group.py
[2025-04-11T12:49:18.010+0000] {processor.py:840} INFO - DAG(s) 'example_task_group' retrieved from /home/airflow/.local/lib/python3.8/site-packages/airflow/example_dags/example_task_group.py
[2025-04-11T12:49:18.020+0000] {logging_mixin.py:188} INFO - [2025-04-11T12:49:18.020+0000] {dag.py:3036} INFO - Sync 1 DAGs
[2025-04-11T12:49:18.030+0000] {logging_mixin.py:188} INFO - [2025-04-11T12:49:18.030+0000] {dag.py:3823} INFO - Setting next_dagrun for example_task_group to 2025-04-10 00:00:00+00:00, run_after=2025-04-11 00:00:00+00:00
[2025-04-11T12:49:18.042+0000] {processor.py:183} INFO - Processing /home/airflow/.local/lib/python3.8/site-packages/airflow/example_dags/example_task_group.py took 0.039 seconds
[2025-04-11T12:49:48.389+0000] {processor.py:161} INFO - Started process (PID=629) to work on /home/airflow/.local/lib/python3.8/site-packages/airflow/example_dags/example_task_group.py
[2025-04-11T12:49:48.392+0000] {processor.py:830} INFO - Processing file /home/airflow/.local/lib/python3.8/site-packages/airflow/example_dags/example_task_group.py for tasks to queue
[2025-04-11T12:49:48.392+0000] {logging_mixin.py:188} INFO - [2025-04-11T12:49:48.392+0000] {dagbag.py:538} INFO - Filling up the DagBag from /home/airflow/.local/lib/python3.8/site-packages/airflow/example_dags/example_task_group.py
[2025-04-11T12:49:48.396+0000] {processor.py:840} INFO - DAG(s) 'example_task_group' retrieved from /home/airflow/.local/lib/python3.8/site-packages/airflow/example_dags/example_task_group.py
[2025-04-11T12:49:48.405+0000] {logging_mixin.py:188} INFO - [2025-04-11T12:49:48.405+0000] {dag.py:3036} INFO - Sync 1 DAGs
[2025-04-11T12:49:48.415+0000] {logging_mixin.py:188} INFO - [2025-04-11T12:49:48.414+0000] {dag.py:3823} INFO - Setting next_dagrun for example_task_group to 2025-04-10 00:00:00+00:00, run_after=2025-04-11 00:00:00+00:00
[2025-04-11T12:49:48.421+0000] {processor.py:183} INFO - Processing /home/airflow/.local/lib/python3.8/site-packages/airflow/example_dags/example_task_group.py took 0.034 seconds
[2025-04-11T12:50:18.801+0000] {processor.py:161} INFO - Started process (PID=685) to work on /home/airflow/.local/lib/python3.8/site-packages/airflow/example_dags/example_task_group.py
[2025-04-11T12:50:18.803+0000] {processor.py:830} INFO - Processing file /home/airflow/.local/lib/python3.8/site-packages/airflow/example_dags/example_task_group.py for tasks to queue
[2025-04-11T12:50:18.804+0000] {logging_mixin.py:188} INFO - [2025-04-11T12:50:18.804+0000] {dagbag.py:538} INFO - Filling up the DagBag from /home/airflow/.local/lib/python3.8/site-packages/airflow/example_dags/example_task_group.py
[2025-04-11T12:50:18.809+0000] {processor.py:840} INFO - DAG(s) 'example_task_group' retrieved from /home/airflow/.local/lib/python3.8/site-packages/airflow/example_dags/example_task_group.py
[2025-04-11T12:50:18.820+0000] {logging_mixin.py:188} INFO - [2025-04-11T12:50:18.820+0000] {dag.py:3036} INFO - Sync 1 DAGs
[2025-04-11T12:50:18.831+0000] {logging_mixin.py:188} INFO - [2025-04-11T12:50:18.831+0000] {dag.py:3823} INFO - Setting next_dagrun for example_task_group to 2025-04-10 00:00:00+00:00, run_after=2025-04-11 00:00:00+00:00
[2025-04-11T12:50:18.840+0000] {processor.py:183} INFO - Processing /home/airflow/.local/lib/python3.8/site-packages/airflow/example_dags/example_task_group.py took 0.041 seconds
[2025-04-11T12:50:49.322+0000] {processor.py:161} INFO - Started process (PID=741) to work on /home/airflow/.local/lib/python3.8/site-packages/airflow/example_dags/example_task_group.py
[2025-04-11T12:50:49.324+0000] {processor.py:830} INFO - Processing file /home/airflow/.local/lib/python3.8/site-packages/airflow/example_dags/example_task_group.py for tasks to queue
[2025-04-11T12:50:49.326+0000] {logging_mixin.py:188} INFO - [2025-04-11T12:50:49.325+0000] {dagbag.py:538} INFO - Filling up the DagBag from /home/airflow/.local/lib/python3.8/site-packages/airflow/example_dags/example_task_group.py
[2025-04-11T12:50:49.329+0000] {processor.py:840} INFO - DAG(s) 'example_task_group' retrieved from /home/airflow/.local/lib/python3.8/site-packages/airflow/example_dags/example_task_group.py
[2025-04-11T12:50:49.340+0000] {logging_mixin.py:188} INFO - [2025-04-11T12:50:49.340+0000] {dag.py:3036} INFO - Sync 1 DAGs
[2025-04-11T12:50:49.348+0000] {logging_mixin.py:188} INFO - [2025-04-11T12:50:49.348+0000] {dag.py:3823} INFO - Setting next_dagrun for example_task_group to 2025-04-10 00:00:00+00:00, run_after=2025-04-11 00:00:00+00:00
[2025-04-11T12:50:49.355+0000] {processor.py:183} INFO - Processing /home/airflow/.local/lib/python3.8/site-packages/airflow/example_dags/example_task_group.py took 0.034 seconds
[2025-04-11T12:51:19.837+0000] {processor.py:161} INFO - Started process (PID=797) to work on /home/airflow/.local/lib/python3.8/site-packages/airflow/example_dags/example_task_group.py
[2025-04-11T12:51:19.838+0000] {processor.py:830} INFO - Processing file /home/airflow/.local/lib/python3.8/site-packages/airflow/example_dags/example_task_group.py for tasks to queue
[2025-04-11T12:51:19.839+0000] {logging_mixin.py:188} INFO - [2025-04-11T12:51:19.839+0000] {dagbag.py:538} INFO - Filling up the DagBag from /home/airflow/.local/lib/python3.8/site-packages/airflow/example_dags/example_task_group.py
[2025-04-11T12:51:19.842+0000] {processor.py:840} INFO - DAG(s) 'example_task_group' retrieved from /home/airflow/.local/lib/python3.8/site-packages/airflow/example_dags/example_task_group.py
[2025-04-11T12:51:19.853+0000] {logging_mixin.py:188} INFO - [2025-04-11T12:51:19.853+0000] {dag.py:3036} INFO - Sync 1 DAGs
[2025-04-11T12:51:19.862+0000] {logging_mixin.py:188} INFO - [2025-04-11T12:51:19.862+0000] {dag.py:3823} INFO - Setting next_dagrun for example_task_group to 2025-04-10 00:00:00+00:00, run_after=2025-04-11 00:00:00+00:00
[2025-04-11T12:51:19.869+0000] {processor.py:183} INFO - Processing /home/airflow/.local/lib/python3.8/site-packages/airflow/example_dags/example_task_group.py took 0.033 seconds
[2025-04-11T12:51:50.306+0000] {processor.py:161} INFO - Started process (PID=853) to work on /home/airflow/.local/lib/python3.8/site-packages/airflow/example_dags/example_task_group.py
[2025-04-11T12:51:50.308+0000] {processor.py:830} INFO - Processing file /home/airflow/.local/lib/python3.8/site-packages/airflow/example_dags/example_task_group.py for tasks to queue
[2025-04-11T12:51:50.308+0000] {logging_mixin.py:188} INFO - [2025-04-11T12:51:50.308+0000] {dagbag.py:538} INFO - Filling up the DagBag from /home/airflow/.local/lib/python3.8/site-packages/airflow/example_dags/example_task_group.py
[2025-04-11T12:51:50.312+0000] {processor.py:840} INFO - DAG(s) 'example_task_group' retrieved from /home/airflow/.local/lib/python3.8/site-packages/airflow/example_dags/example_task_group.py
[2025-04-11T12:51:50.323+0000] {logging_mixin.py:188} INFO - [2025-04-11T12:51:50.323+0000] {dag.py:3036} INFO - Sync 1 DAGs
[2025-04-11T12:51:50.332+0000] {logging_mixin.py:188} INFO - [2025-04-11T12:51:50.332+0000] {dag.py:3823} INFO - Setting next_dagrun for example_task_group to 2025-04-10 00:00:00+00:00, run_after=2025-04-11 00:00:00+00:00
[2025-04-11T12:51:50.340+0000] {processor.py:183} INFO - Processing /home/airflow/.local/lib/python3.8/site-packages/airflow/example_dags/example_task_group.py took 0.035 seconds
[2025-04-11T12:52:20.783+0000] {processor.py:161} INFO - Started process (PID=908) to work on /home/airflow/.local/lib/python3.8/site-packages/airflow/example_dags/example_task_group.py
[2025-04-11T12:52:20.783+0000] {processor.py:830} INFO - Processing file /home/airflow/.local/lib/python3.8/site-packages/airflow/example_dags/example_task_group.py for tasks to queue
[2025-04-11T12:52:20.784+0000] {logging_mixin.py:188} INFO - [2025-04-11T12:52:20.784+0000] {dagbag.py:538} INFO - Filling up the DagBag from /home/airflow/.local/lib/python3.8/site-packages/airflow/example_dags/example_task_group.py
[2025-04-11T12:52:20.787+0000] {processor.py:840} INFO - DAG(s) 'example_task_group' retrieved from /home/airflow/.local/lib/python3.8/site-packages/airflow/example_dags/example_task_group.py
[2025-04-11T12:52:20.797+0000] {logging_mixin.py:188} INFO - [2025-04-11T12:52:20.797+0000] {dag.py:3036} INFO - Sync 1 DAGs
[2025-04-11T12:52:20.806+0000] {logging_mixin.py:188} INFO - [2025-04-11T12:52:20.806+0000] {dag.py:3823} INFO - Setting next_dagrun for example_task_group to 2025-04-10 00:00:00+00:00, run_after=2025-04-11 00:00:00+00:00
[2025-04-11T12:52:20.813+0000] {processor.py:183} INFO - Processing /home/airflow/.local/lib/python3.8/site-packages/airflow/example_dags/example_task_group.py took 0.032 seconds
[2025-04-11T12:52:51.174+0000] {processor.py:161} INFO - Started process (PID=964) to work on /home/airflow/.local/lib/python3.8/site-packages/airflow/example_dags/example_task_group.py
[2025-04-11T12:52:51.174+0000] {processor.py:830} INFO - Processing file /home/airflow/.local/lib/python3.8/site-packages/airflow/example_dags/example_task_group.py for tasks to queue
[2025-04-11T12:52:51.175+0000] {logging_mixin.py:188} INFO - [2025-04-11T12:52:51.175+0000] {dagbag.py:538} INFO - Filling up the DagBag from /home/airflow/.local/lib/python3.8/site-packages/airflow/example_dags/example_task_group.py
[2025-04-11T12:52:51.178+0000] {processor.py:840} INFO - DAG(s) 'example_task_group' retrieved from /home/airflow/.local/lib/python3.8/site-packages/airflow/example_dags/example_task_group.py
[2025-04-11T12:52:51.187+0000] {logging_mixin.py:188} INFO - [2025-04-11T12:52:51.187+0000] {dag.py:3036} INFO - Sync 1 DAGs
[2025-04-11T12:52:51.194+0000] {logging_mixin.py:188} INFO - [2025-04-11T12:52:51.194+0000] {dag.py:3823} INFO - Setting next_dagrun for example_task_group to 2025-04-10 00:00:00+00:00, run_after=2025-04-11 00:00:00+00:00
[2025-04-11T12:52:51.201+0000] {processor.py:183} INFO - Processing /home/airflow/.local/lib/python3.8/site-packages/airflow/example_dags/example_task_group.py took 0.028 seconds
[2025-04-11T12:53:21.480+0000] {processor.py:161} INFO - Started process (PID=1020) to work on /home/airflow/.local/lib/python3.8/site-packages/airflow/example_dags/example_task_group.py
[2025-04-11T12:53:21.481+0000] {processor.py:830} INFO - Processing file /home/airflow/.local/lib/python3.8/site-packages/airflow/example_dags/example_task_group.py for tasks to queue
[2025-04-11T12:53:21.481+0000] {logging_mixin.py:188} INFO - [2025-04-11T12:53:21.481+0000] {dagbag.py:538} INFO - Filling up the DagBag from /home/airflow/.local/lib/python3.8/site-packages/airflow/example_dags/example_task_group.py
[2025-04-11T12:53:21.485+0000] {processor.py:840} INFO - DAG(s) 'example_task_group' retrieved from /home/airflow/.local/lib/python3.8/site-packages/airflow/example_dags/example_task_group.py
[2025-04-11T12:53:21.494+0000] {logging_mixin.py:188} INFO - [2025-04-11T12:53:21.493+0000] {dag.py:3036} INFO - Sync 1 DAGs
[2025-04-11T12:53:21.504+0000] {logging_mixin.py:188} INFO - [2025-04-11T12:53:21.503+0000] {dag.py:3823} INFO - Setting next_dagrun for example_task_group to 2025-04-10 00:00:00+00:00, run_after=2025-04-11 00:00:00+00:00
[2025-04-11T12:53:21.511+0000] {processor.py:183} INFO - Processing /home/airflow/.local/lib/python3.8/site-packages/airflow/example_dags/example_task_group.py took 0.033 seconds
[2025-04-11T12:53:51.769+0000] {processor.py:161} INFO - Started process (PID=1076) to work on /home/airflow/.local/lib/python3.8/site-packages/airflow/example_dags/example_task_group.py
[2025-04-11T12:53:51.769+0000] {processor.py:830} INFO - Processing file /home/airflow/.local/lib/python3.8/site-packages/airflow/example_dags/example_task_group.py for tasks to queue
[2025-04-11T12:53:51.770+0000] {logging_mixin.py:188} INFO - [2025-04-11T12:53:51.770+0000] {dagbag.py:538} INFO - Filling up the DagBag from /home/airflow/.local/lib/python3.8/site-packages/airflow/example_dags/example_task_group.py
[2025-04-11T12:53:51.773+0000] {processor.py:840} INFO - DAG(s) 'example_task_group' retrieved from /home/airflow/.local/lib/python3.8/site-packages/airflow/example_dags/example_task_group.py
[2025-04-11T12:53:51.783+0000] {logging_mixin.py:188} INFO - [2025-04-11T12:53:51.782+0000] {dag.py:3036} INFO - Sync 1 DAGs
[2025-04-11T12:53:51.791+0000] {logging_mixin.py:188} INFO - [2025-04-11T12:53:51.790+0000] {dag.py:3823} INFO - Setting next_dagrun for example_task_group to 2025-04-10 00:00:00+00:00, run_after=2025-04-11 00:00:00+00:00
[2025-04-11T12:53:51.798+0000] {processor.py:183} INFO - Processing /home/airflow/.local/lib/python3.8/site-packages/airflow/example_dags/example_task_group.py took 0.031 seconds
[2025-04-11T12:54:22.016+0000] {processor.py:161} INFO - Started process (PID=1132) to work on /home/airflow/.local/lib/python3.8/site-packages/airflow/example_dags/example_task_group.py
[2025-04-11T12:54:22.016+0000] {processor.py:830} INFO - Processing file /home/airflow/.local/lib/python3.8/site-packages/airflow/example_dags/example_task_group.py for tasks to queue
[2025-04-11T12:54:22.017+0000] {logging_mixin.py:188} INFO - [2025-04-11T12:54:22.017+0000] {dagbag.py:538} INFO - Filling up the DagBag from /home/airflow/.local/lib/python3.8/site-packages/airflow/example_dags/example_task_group.py
[2025-04-11T12:54:22.020+0000] {processor.py:840} INFO - DAG(s) 'example_task_group' retrieved from /home/airflow/.local/lib/python3.8/site-packages/airflow/example_dags/example_task_group.py
[2025-04-11T12:54:22.029+0000] {logging_mixin.py:188} INFO - [2025-04-11T12:54:22.029+0000] {dag.py:3036} INFO - Sync 1 DAGs
[2025-04-11T12:54:22.038+0000] {logging_mixin.py:188} INFO - [2025-04-11T12:54:22.038+0000] {dag.py:3823} INFO - Setting next_dagrun for example_task_group to 2025-04-10 00:00:00+00:00, run_after=2025-04-11 00:00:00+00:00
[2025-04-11T12:54:22.045+0000] {processor.py:183} INFO - Processing /home/airflow/.local/lib/python3.8/site-packages/airflow/example_dags/example_task_group.py took 0.030 seconds
[2025-04-11T12:54:52.244+0000] {processor.py:161} INFO - Started process (PID=1188) to work on /home/airflow/.local/lib/python3.8/site-packages/airflow/example_dags/example_task_group.py
[2025-04-11T12:54:52.244+0000] {processor.py:830} INFO - Processing file /home/airflow/.local/lib/python3.8/site-packages/airflow/example_dags/example_task_group.py for tasks to queue
[2025-04-11T12:54:52.245+0000] {logging_mixin.py:188} INFO - [2025-04-11T12:54:52.245+0000] {dagbag.py:538} INFO - Filling up the DagBag from /home/airflow/.local/lib/python3.8/site-packages/airflow/example_dags/example_task_group.py
[2025-04-11T12:54:52.248+0000] {processor.py:840} INFO - DAG(s) 'example_task_group' retrieved from /home/airflow/.local/lib/python3.8/site-packages/airflow/example_dags/example_task_group.py
[2025-04-11T12:54:52.258+0000] {logging_mixin.py:188} INFO - [2025-04-11T12:54:52.257+0000] {dag.py:3036} INFO - Sync 1 DAGs
[2025-04-11T12:54:52.266+0000] {logging_mixin.py:188} INFO - [2025-04-11T12:54:52.266+0000] {dag.py:3823} INFO - Setting next_dagrun for example_task_group to 2025-04-10 00:00:00+00:00, run_after=2025-04-11 00:00:00+00:00
[2025-04-11T12:54:52.272+0000] {processor.py:183} INFO - Processing /home/airflow/.local/lib/python3.8/site-packages/airflow/example_dags/example_task_group.py took 0.030 seconds
[2025-04-11T12:55:22.540+0000] {processor.py:161} INFO - Started process (PID=1244) to work on /home/airflow/.local/lib/python3.8/site-packages/airflow/example_dags/example_task_group.py
[2025-04-11T12:55:22.544+0000] {processor.py:830} INFO - Processing file /home/airflow/.local/lib/python3.8/site-packages/airflow/example_dags/example_task_group.py for tasks to queue
[2025-04-11T12:55:22.545+0000] {logging_mixin.py:188} INFO - [2025-04-11T12:55:22.545+0000] {dagbag.py:538} INFO - Filling up the DagBag from /home/airflow/.local/lib/python3.8/site-packages/airflow/example_dags/example_task_group.py
[2025-04-11T12:55:22.548+0000] {processor.py:840} INFO - DAG(s) 'example_task_group' retrieved from /home/airflow/.local/lib/python3.8/site-packages/airflow/example_dags/example_task_group.py
[2025-04-11T12:55:22.558+0000] {logging_mixin.py:188} INFO - [2025-04-11T12:55:22.558+0000] {dag.py:3036} INFO - Sync 1 DAGs
[2025-04-11T12:55:22.567+0000] {logging_mixin.py:188} INFO - [2025-04-11T12:55:22.567+0000] {dag.py:3823} INFO - Setting next_dagrun for example_task_group to 2025-04-10 00:00:00+00:00, run_after=2025-04-11 00:00:00+00:00
[2025-04-11T12:55:22.574+0000] {processor.py:183} INFO - Processing /home/airflow/.local/lib/python3.8/site-packages/airflow/example_dags/example_task_group.py took 0.035 seconds
