[2025-04-11T12:44:44.374+0000] {processor.py:161} INFO - Started process (PID=46) to work on /home/airflow/.local/lib/python3.8/site-packages/airflow/example_dags/example_branch_python_dop_operator_3.py
[2025-04-11T12:44:44.378+0000] {processor.py:830} INFO - Processing file /home/airflow/.local/lib/python3.8/site-packages/airflow/example_dags/example_branch_python_dop_operator_3.py for tasks to queue
[2025-04-11T12:44:44.379+0000] {logging_mixin.py:188} INFO - [2025-04-11T12:44:44.379+0000] {dagbag.py:538} INFO - Filling up the DagBag from /home/airflow/.local/lib/python3.8/site-packages/airflow/example_dags/example_branch_python_dop_operator_3.py
[2025-04-11T12:44:44.385+0000] {processor.py:840} INFO - DAG(s) 'example_branch_dop_operator_v3' retrieved from /home/airflow/.local/lib/python3.8/site-packages/airflow/example_dags/example_branch_python_dop_operator_3.py
[2025-04-11T12:44:44.394+0000] {logging_mixin.py:188} INFO - [2025-04-11T12:44:44.394+0000] {dag.py:3036} INFO - Sync 1 DAGs
[2025-04-11T12:44:44.411+0000] {logging_mixin.py:188} INFO - [2025-04-11T12:44:44.411+0000] {dag.py:3823} INFO - Setting next_dagrun for example_branch_dop_operator_v3 to 2025-04-11 12:43:00+00:00, run_after=2025-04-11 12:44:00+00:00
[2025-04-11T12:44:44.421+0000] {processor.py:183} INFO - Processing /home/airflow/.local/lib/python3.8/site-packages/airflow/example_dags/example_branch_python_dop_operator_3.py took 0.049 seconds
[2025-04-11T12:45:14.482+0000] {processor.py:161} INFO - Started process (PID=103) to work on /home/airflow/.local/lib/python3.8/site-packages/airflow/example_dags/example_branch_python_dop_operator_3.py
[2025-04-11T12:45:14.487+0000] {processor.py:830} INFO - Processing file /home/airflow/.local/lib/python3.8/site-packages/airflow/example_dags/example_branch_python_dop_operator_3.py for tasks to queue
[2025-04-11T12:45:14.489+0000] {logging_mixin.py:188} INFO - [2025-04-11T12:45:14.489+0000] {dagbag.py:538} INFO - Filling up the DagBag from /home/airflow/.local/lib/python3.8/site-packages/airflow/example_dags/example_branch_python_dop_operator_3.py
[2025-04-11T12:45:14.493+0000] {processor.py:840} INFO - DAG(s) 'example_branch_dop_operator_v3' retrieved from /home/airflow/.local/lib/python3.8/site-packages/airflow/example_dags/example_branch_python_dop_operator_3.py
[2025-04-11T12:45:14.550+0000] {logging_mixin.py:188} INFO - [2025-04-11T12:45:14.550+0000] {dag.py:3036} INFO - Sync 1 DAGs
[2025-04-11T12:45:14.563+0000] {logging_mixin.py:188} INFO - [2025-04-11T12:45:14.563+0000] {dag.py:3823} INFO - Setting next_dagrun for example_branch_dop_operator_v3 to 2025-04-11 12:44:00+00:00, run_after=2025-04-11 12:45:00+00:00
[2025-04-11T12:45:14.576+0000] {processor.py:183} INFO - Processing /home/airflow/.local/lib/python3.8/site-packages/airflow/example_dags/example_branch_python_dop_operator_3.py took 0.096 seconds
[2025-04-11T12:45:44.694+0000] {processor.py:161} INFO - Started process (PID=159) to work on /home/airflow/.local/lib/python3.8/site-packages/airflow/example_dags/example_branch_python_dop_operator_3.py
[2025-04-11T12:45:44.698+0000] {processor.py:830} INFO - Processing file /home/airflow/.local/lib/python3.8/site-packages/airflow/example_dags/example_branch_python_dop_operator_3.py for tasks to queue
[2025-04-11T12:45:44.699+0000] {logging_mixin.py:188} INFO - [2025-04-11T12:45:44.699+0000] {dagbag.py:538} INFO - Filling up the DagBag from /home/airflow/.local/lib/python3.8/site-packages/airflow/example_dags/example_branch_python_dop_operator_3.py
[2025-04-11T12:45:44.705+0000] {processor.py:840} INFO - DAG(s) 'example_branch_dop_operator_v3' retrieved from /home/airflow/.local/lib/python3.8/site-packages/airflow/example_dags/example_branch_python_dop_operator_3.py
[2025-04-11T12:45:44.717+0000] {logging_mixin.py:188} INFO - [2025-04-11T12:45:44.717+0000] {dag.py:3036} INFO - Sync 1 DAGs
[2025-04-11T12:45:44.730+0000] {logging_mixin.py:188} INFO - [2025-04-11T12:45:44.730+0000] {dag.py:3823} INFO - Setting next_dagrun for example_branch_dop_operator_v3 to 2025-04-11 12:44:00+00:00, run_after=2025-04-11 12:45:00+00:00
[2025-04-11T12:45:44.740+0000] {processor.py:183} INFO - Processing /home/airflow/.local/lib/python3.8/site-packages/airflow/example_dags/example_branch_python_dop_operator_3.py took 0.048 seconds
[2025-04-11T12:46:15.309+0000] {processor.py:161} INFO - Started process (PID=214) to work on /home/airflow/.local/lib/python3.8/site-packages/airflow/example_dags/example_branch_python_dop_operator_3.py
[2025-04-11T12:46:15.310+0000] {processor.py:830} INFO - Processing file /home/airflow/.local/lib/python3.8/site-packages/airflow/example_dags/example_branch_python_dop_operator_3.py for tasks to queue
[2025-04-11T12:46:15.311+0000] {logging_mixin.py:188} INFO - [2025-04-11T12:46:15.311+0000] {dagbag.py:538} INFO - Filling up the DagBag from /home/airflow/.local/lib/python3.8/site-packages/airflow/example_dags/example_branch_python_dop_operator_3.py
[2025-04-11T12:46:15.318+0000] {processor.py:840} INFO - DAG(s) 'example_branch_dop_operator_v3' retrieved from /home/airflow/.local/lib/python3.8/site-packages/airflow/example_dags/example_branch_python_dop_operator_3.py
[2025-04-11T12:46:15.333+0000] {logging_mixin.py:188} INFO - [2025-04-11T12:46:15.332+0000] {dag.py:3036} INFO - Sync 1 DAGs
[2025-04-11T12:46:15.347+0000] {logging_mixin.py:188} INFO - [2025-04-11T12:46:15.347+0000] {dag.py:3823} INFO - Setting next_dagrun for example_branch_dop_operator_v3 to 2025-04-11 12:45:00+00:00, run_after=2025-04-11 12:46:00+00:00
[2025-04-11T12:46:15.358+0000] {processor.py:183} INFO - Processing /home/airflow/.local/lib/python3.8/site-packages/airflow/example_dags/example_branch_python_dop_operator_3.py took 0.052 seconds
[2025-04-11T12:46:45.908+0000] {processor.py:161} INFO - Started process (PID=270) to work on /home/airflow/.local/lib/python3.8/site-packages/airflow/example_dags/example_branch_python_dop_operator_3.py
[2025-04-11T12:46:45.910+0000] {processor.py:830} INFO - Processing file /home/airflow/.local/lib/python3.8/site-packages/airflow/example_dags/example_branch_python_dop_operator_3.py for tasks to queue
[2025-04-11T12:46:45.914+0000] {logging_mixin.py:188} INFO - [2025-04-11T12:46:45.914+0000] {dagbag.py:538} INFO - Filling up the DagBag from /home/airflow/.local/lib/python3.8/site-packages/airflow/example_dags/example_branch_python_dop_operator_3.py
[2025-04-11T12:46:45.922+0000] {processor.py:840} INFO - DAG(s) 'example_branch_dop_operator_v3' retrieved from /home/airflow/.local/lib/python3.8/site-packages/airflow/example_dags/example_branch_python_dop_operator_3.py
[2025-04-11T12:46:45.935+0000] {logging_mixin.py:188} INFO - [2025-04-11T12:46:45.935+0000] {dag.py:3036} INFO - Sync 1 DAGs
[2025-04-11T12:46:45.948+0000] {logging_mixin.py:188} INFO - [2025-04-11T12:46:45.947+0000] {dag.py:3823} INFO - Setting next_dagrun for example_branch_dop_operator_v3 to 2025-04-11 12:45:00+00:00, run_after=2025-04-11 12:46:00+00:00
[2025-04-11T12:46:45.960+0000] {processor.py:183} INFO - Processing /home/airflow/.local/lib/python3.8/site-packages/airflow/example_dags/example_branch_python_dop_operator_3.py took 0.056 seconds
[2025-04-11T12:47:16.391+0000] {processor.py:161} INFO - Started process (PID=326) to work on /home/airflow/.local/lib/python3.8/site-packages/airflow/example_dags/example_branch_python_dop_operator_3.py
[2025-04-11T12:47:16.392+0000] {processor.py:830} INFO - Processing file /home/airflow/.local/lib/python3.8/site-packages/airflow/example_dags/example_branch_python_dop_operator_3.py for tasks to queue
[2025-04-11T12:47:16.394+0000] {logging_mixin.py:188} INFO - [2025-04-11T12:47:16.394+0000] {dagbag.py:538} INFO - Filling up the DagBag from /home/airflow/.local/lib/python3.8/site-packages/airflow/example_dags/example_branch_python_dop_operator_3.py
[2025-04-11T12:47:16.401+0000] {processor.py:840} INFO - DAG(s) 'example_branch_dop_operator_v3' retrieved from /home/airflow/.local/lib/python3.8/site-packages/airflow/example_dags/example_branch_python_dop_operator_3.py
[2025-04-11T12:47:16.415+0000] {logging_mixin.py:188} INFO - [2025-04-11T12:47:16.415+0000] {dag.py:3036} INFO - Sync 1 DAGs
[2025-04-11T12:47:16.427+0000] {logging_mixin.py:188} INFO - [2025-04-11T12:47:16.427+0000] {dag.py:3823} INFO - Setting next_dagrun for example_branch_dop_operator_v3 to 2025-04-11 12:46:00+00:00, run_after=2025-04-11 12:47:00+00:00
[2025-04-11T12:47:16.436+0000] {processor.py:183} INFO - Processing /home/airflow/.local/lib/python3.8/site-packages/airflow/example_dags/example_branch_python_dop_operator_3.py took 0.048 seconds
[2025-04-11T12:47:46.773+0000] {processor.py:161} INFO - Started process (PID=382) to work on /home/airflow/.local/lib/python3.8/site-packages/airflow/example_dags/example_branch_python_dop_operator_3.py
[2025-04-11T12:47:46.774+0000] {processor.py:830} INFO - Processing file /home/airflow/.local/lib/python3.8/site-packages/airflow/example_dags/example_branch_python_dop_operator_3.py for tasks to queue
[2025-04-11T12:47:46.775+0000] {logging_mixin.py:188} INFO - [2025-04-11T12:47:46.775+0000] {dagbag.py:538} INFO - Filling up the DagBag from /home/airflow/.local/lib/python3.8/site-packages/airflow/example_dags/example_branch_python_dop_operator_3.py
[2025-04-11T12:47:46.782+0000] {processor.py:840} INFO - DAG(s) 'example_branch_dop_operator_v3' retrieved from /home/airflow/.local/lib/python3.8/site-packages/airflow/example_dags/example_branch_python_dop_operator_3.py
[2025-04-11T12:47:46.800+0000] {logging_mixin.py:188} INFO - [2025-04-11T12:47:46.799+0000] {dag.py:3036} INFO - Sync 1 DAGs
[2025-04-11T12:47:46.814+0000] {logging_mixin.py:188} INFO - [2025-04-11T12:47:46.814+0000] {dag.py:3823} INFO - Setting next_dagrun for example_branch_dop_operator_v3 to 2025-04-11 12:46:00+00:00, run_after=2025-04-11 12:47:00+00:00
[2025-04-11T12:47:46.825+0000] {processor.py:183} INFO - Processing /home/airflow/.local/lib/python3.8/site-packages/airflow/example_dags/example_branch_python_dop_operator_3.py took 0.054 seconds
[2025-04-11T12:48:17.161+0000] {processor.py:161} INFO - Started process (PID=438) to work on /home/airflow/.local/lib/python3.8/site-packages/airflow/example_dags/example_branch_python_dop_operator_3.py
[2025-04-11T12:48:17.162+0000] {processor.py:830} INFO - Processing file /home/airflow/.local/lib/python3.8/site-packages/airflow/example_dags/example_branch_python_dop_operator_3.py for tasks to queue
[2025-04-11T12:48:17.164+0000] {logging_mixin.py:188} INFO - [2025-04-11T12:48:17.164+0000] {dagbag.py:538} INFO - Filling up the DagBag from /home/airflow/.local/lib/python3.8/site-packages/airflow/example_dags/example_branch_python_dop_operator_3.py
[2025-04-11T12:48:17.170+0000] {processor.py:840} INFO - DAG(s) 'example_branch_dop_operator_v3' retrieved from /home/airflow/.local/lib/python3.8/site-packages/airflow/example_dags/example_branch_python_dop_operator_3.py
[2025-04-11T12:48:17.181+0000] {logging_mixin.py:188} INFO - [2025-04-11T12:48:17.181+0000] {dag.py:3036} INFO - Sync 1 DAGs
[2025-04-11T12:48:17.194+0000] {logging_mixin.py:188} INFO - [2025-04-11T12:48:17.194+0000] {dag.py:3823} INFO - Setting next_dagrun for example_branch_dop_operator_v3 to 2025-04-11 12:47:00+00:00, run_after=2025-04-11 12:48:00+00:00
[2025-04-11T12:48:17.203+0000] {processor.py:183} INFO - Processing /home/airflow/.local/lib/python3.8/site-packages/airflow/example_dags/example_branch_python_dop_operator_3.py took 0.044 seconds
[2025-04-11T12:48:47.418+0000] {processor.py:161} INFO - Started process (PID=494) to work on /home/airflow/.local/lib/python3.8/site-packages/airflow/example_dags/example_branch_python_dop_operator_3.py
[2025-04-11T12:48:47.419+0000] {processor.py:830} INFO - Processing file /home/airflow/.local/lib/python3.8/site-packages/airflow/example_dags/example_branch_python_dop_operator_3.py for tasks to queue
[2025-04-11T12:48:47.420+0000] {logging_mixin.py:188} INFO - [2025-04-11T12:48:47.420+0000] {dagbag.py:538} INFO - Filling up the DagBag from /home/airflow/.local/lib/python3.8/site-packages/airflow/example_dags/example_branch_python_dop_operator_3.py
[2025-04-11T12:48:47.424+0000] {processor.py:840} INFO - DAG(s) 'example_branch_dop_operator_v3' retrieved from /home/airflow/.local/lib/python3.8/site-packages/airflow/example_dags/example_branch_python_dop_operator_3.py
[2025-04-11T12:48:47.433+0000] {logging_mixin.py:188} INFO - [2025-04-11T12:48:47.433+0000] {dag.py:3036} INFO - Sync 1 DAGs
[2025-04-11T12:48:47.443+0000] {logging_mixin.py:188} INFO - [2025-04-11T12:48:47.443+0000] {dag.py:3823} INFO - Setting next_dagrun for example_branch_dop_operator_v3 to 2025-04-11 12:47:00+00:00, run_after=2025-04-11 12:48:00+00:00
[2025-04-11T12:48:47.451+0000] {processor.py:183} INFO - Processing /home/airflow/.local/lib/python3.8/site-packages/airflow/example_dags/example_branch_python_dop_operator_3.py took 0.035 seconds
[2025-04-11T12:49:17.578+0000] {processor.py:161} INFO - Started process (PID=550) to work on /home/airflow/.local/lib/python3.8/site-packages/airflow/example_dags/example_branch_python_dop_operator_3.py
[2025-04-11T12:49:17.582+0000] {processor.py:830} INFO - Processing file /home/airflow/.local/lib/python3.8/site-packages/airflow/example_dags/example_branch_python_dop_operator_3.py for tasks to queue
[2025-04-11T12:49:17.583+0000] {logging_mixin.py:188} INFO - [2025-04-11T12:49:17.583+0000] {dagbag.py:538} INFO - Filling up the DagBag from /home/airflow/.local/lib/python3.8/site-packages/airflow/example_dags/example_branch_python_dop_operator_3.py
[2025-04-11T12:49:17.589+0000] {processor.py:840} INFO - DAG(s) 'example_branch_dop_operator_v3' retrieved from /home/airflow/.local/lib/python3.8/site-packages/airflow/example_dags/example_branch_python_dop_operator_3.py
[2025-04-11T12:49:17.601+0000] {logging_mixin.py:188} INFO - [2025-04-11T12:49:17.601+0000] {dag.py:3036} INFO - Sync 1 DAGs
[2025-04-11T12:49:17.615+0000] {logging_mixin.py:188} INFO - [2025-04-11T12:49:17.615+0000] {dag.py:3823} INFO - Setting next_dagrun for example_branch_dop_operator_v3 to 2025-04-11 12:48:00+00:00, run_after=2025-04-11 12:49:00+00:00
[2025-04-11T12:49:17.625+0000] {processor.py:183} INFO - Processing /home/airflow/.local/lib/python3.8/site-packages/airflow/example_dags/example_branch_python_dop_operator_3.py took 0.049 seconds
[2025-04-11T12:49:47.998+0000] {processor.py:161} INFO - Started process (PID=606) to work on /home/airflow/.local/lib/python3.8/site-packages/airflow/example_dags/example_branch_python_dop_operator_3.py
[2025-04-11T12:49:47.999+0000] {processor.py:830} INFO - Processing file /home/airflow/.local/lib/python3.8/site-packages/airflow/example_dags/example_branch_python_dop_operator_3.py for tasks to queue
[2025-04-11T12:49:48.000+0000] {logging_mixin.py:188} INFO - [2025-04-11T12:49:48.000+0000] {dagbag.py:538} INFO - Filling up the DagBag from /home/airflow/.local/lib/python3.8/site-packages/airflow/example_dags/example_branch_python_dop_operator_3.py
[2025-04-11T12:49:48.004+0000] {processor.py:840} INFO - DAG(s) 'example_branch_dop_operator_v3' retrieved from /home/airflow/.local/lib/python3.8/site-packages/airflow/example_dags/example_branch_python_dop_operator_3.py
[2025-04-11T12:49:48.013+0000] {logging_mixin.py:188} INFO - [2025-04-11T12:49:48.013+0000] {dag.py:3036} INFO - Sync 1 DAGs
[2025-04-11T12:49:48.023+0000] {logging_mixin.py:188} INFO - [2025-04-11T12:49:48.023+0000] {dag.py:3823} INFO - Setting next_dagrun for example_branch_dop_operator_v3 to 2025-04-11 12:48:00+00:00, run_after=2025-04-11 12:49:00+00:00
[2025-04-11T12:49:48.031+0000] {processor.py:183} INFO - Processing /home/airflow/.local/lib/python3.8/site-packages/airflow/example_dags/example_branch_python_dop_operator_3.py took 0.034 seconds
[2025-04-11T12:50:18.297+0000] {processor.py:161} INFO - Started process (PID=668) to work on /home/airflow/.local/lib/python3.8/site-packages/airflow/example_dags/example_branch_python_dop_operator_3.py
[2025-04-11T12:50:18.299+0000] {processor.py:830} INFO - Processing file /home/airflow/.local/lib/python3.8/site-packages/airflow/example_dags/example_branch_python_dop_operator_3.py for tasks to queue
[2025-04-11T12:50:18.300+0000] {logging_mixin.py:188} INFO - [2025-04-11T12:50:18.300+0000] {dagbag.py:538} INFO - Filling up the DagBag from /home/airflow/.local/lib/python3.8/site-packages/airflow/example_dags/example_branch_python_dop_operator_3.py
[2025-04-11T12:50:18.308+0000] {processor.py:840} INFO - DAG(s) 'example_branch_dop_operator_v3' retrieved from /home/airflow/.local/lib/python3.8/site-packages/airflow/example_dags/example_branch_python_dop_operator_3.py
[2025-04-11T12:50:18.323+0000] {logging_mixin.py:188} INFO - [2025-04-11T12:50:18.323+0000] {dag.py:3036} INFO - Sync 1 DAGs
[2025-04-11T12:50:18.339+0000] {logging_mixin.py:188} INFO - [2025-04-11T12:50:18.339+0000] {dag.py:3823} INFO - Setting next_dagrun for example_branch_dop_operator_v3 to 2025-04-11 12:49:00+00:00, run_after=2025-04-11 12:50:00+00:00
[2025-04-11T12:50:18.348+0000] {processor.py:183} INFO - Processing /home/airflow/.local/lib/python3.8/site-packages/airflow/example_dags/example_branch_python_dop_operator_3.py took 0.053 seconds
[2025-04-11T12:50:48.875+0000] {processor.py:161} INFO - Started process (PID=724) to work on /home/airflow/.local/lib/python3.8/site-packages/airflow/example_dags/example_branch_python_dop_operator_3.py
[2025-04-11T12:50:48.876+0000] {processor.py:830} INFO - Processing file /home/airflow/.local/lib/python3.8/site-packages/airflow/example_dags/example_branch_python_dop_operator_3.py for tasks to queue
[2025-04-11T12:50:48.878+0000] {logging_mixin.py:188} INFO - [2025-04-11T12:50:48.878+0000] {dagbag.py:538} INFO - Filling up the DagBag from /home/airflow/.local/lib/python3.8/site-packages/airflow/example_dags/example_branch_python_dop_operator_3.py
[2025-04-11T12:50:48.888+0000] {processor.py:840} INFO - DAG(s) 'example_branch_dop_operator_v3' retrieved from /home/airflow/.local/lib/python3.8/site-packages/airflow/example_dags/example_branch_python_dop_operator_3.py
[2025-04-11T12:50:48.901+0000] {logging_mixin.py:188} INFO - [2025-04-11T12:50:48.901+0000] {dag.py:3036} INFO - Sync 1 DAGs
[2025-04-11T12:50:48.913+0000] {logging_mixin.py:188} INFO - [2025-04-11T12:50:48.913+0000] {dag.py:3823} INFO - Setting next_dagrun for example_branch_dop_operator_v3 to 2025-04-11 12:49:00+00:00, run_after=2025-04-11 12:50:00+00:00
[2025-04-11T12:50:48.923+0000] {processor.py:183} INFO - Processing /home/airflow/.local/lib/python3.8/site-packages/airflow/example_dags/example_branch_python_dop_operator_3.py took 0.051 seconds
[2025-04-11T12:51:19.361+0000] {processor.py:161} INFO - Started process (PID=780) to work on /home/airflow/.local/lib/python3.8/site-packages/airflow/example_dags/example_branch_python_dop_operator_3.py
[2025-04-11T12:51:19.362+0000] {processor.py:830} INFO - Processing file /home/airflow/.local/lib/python3.8/site-packages/airflow/example_dags/example_branch_python_dop_operator_3.py for tasks to queue
[2025-04-11T12:51:19.364+0000] {logging_mixin.py:188} INFO - [2025-04-11T12:51:19.364+0000] {dagbag.py:538} INFO - Filling up the DagBag from /home/airflow/.local/lib/python3.8/site-packages/airflow/example_dags/example_branch_python_dop_operator_3.py
[2025-04-11T12:51:19.371+0000] {processor.py:840} INFO - DAG(s) 'example_branch_dop_operator_v3' retrieved from /home/airflow/.local/lib/python3.8/site-packages/airflow/example_dags/example_branch_python_dop_operator_3.py
[2025-04-11T12:51:19.387+0000] {logging_mixin.py:188} INFO - [2025-04-11T12:51:19.387+0000] {dag.py:3036} INFO - Sync 1 DAGs
[2025-04-11T12:51:19.401+0000] {logging_mixin.py:188} INFO - [2025-04-11T12:51:19.401+0000] {dag.py:3823} INFO - Setting next_dagrun for example_branch_dop_operator_v3 to 2025-04-11 12:50:00+00:00, run_after=2025-04-11 12:51:00+00:00
[2025-04-11T12:51:19.412+0000] {processor.py:183} INFO - Processing /home/airflow/.local/lib/python3.8/site-packages/airflow/example_dags/example_branch_python_dop_operator_3.py took 0.054 seconds
[2025-04-11T12:51:49.865+0000] {processor.py:161} INFO - Started process (PID=836) to work on /home/airflow/.local/lib/python3.8/site-packages/airflow/example_dags/example_branch_python_dop_operator_3.py
[2025-04-11T12:51:49.866+0000] {processor.py:830} INFO - Processing file /home/airflow/.local/lib/python3.8/site-packages/airflow/example_dags/example_branch_python_dop_operator_3.py for tasks to queue
[2025-04-11T12:51:49.869+0000] {logging_mixin.py:188} INFO - [2025-04-11T12:51:49.869+0000] {dagbag.py:538} INFO - Filling up the DagBag from /home/airflow/.local/lib/python3.8/site-packages/airflow/example_dags/example_branch_python_dop_operator_3.py
[2025-04-11T12:51:49.880+0000] {processor.py:840} INFO - DAG(s) 'example_branch_dop_operator_v3' retrieved from /home/airflow/.local/lib/python3.8/site-packages/airflow/example_dags/example_branch_python_dop_operator_3.py
[2025-04-11T12:51:49.895+0000] {logging_mixin.py:188} INFO - [2025-04-11T12:51:49.895+0000] {dag.py:3036} INFO - Sync 1 DAGs
[2025-04-11T12:51:49.906+0000] {logging_mixin.py:188} INFO - [2025-04-11T12:51:49.906+0000] {dag.py:3823} INFO - Setting next_dagrun for example_branch_dop_operator_v3 to 2025-04-11 12:50:00+00:00, run_after=2025-04-11 12:51:00+00:00
[2025-04-11T12:51:49.918+0000] {processor.py:183} INFO - Processing /home/airflow/.local/lib/python3.8/site-packages/airflow/example_dags/example_branch_python_dop_operator_3.py took 0.055 seconds
[2025-04-11T12:52:20.358+0000] {processor.py:161} INFO - Started process (PID=891) to work on /home/airflow/.local/lib/python3.8/site-packages/airflow/example_dags/example_branch_python_dop_operator_3.py
[2025-04-11T12:52:20.361+0000] {processor.py:830} INFO - Processing file /home/airflow/.local/lib/python3.8/site-packages/airflow/example_dags/example_branch_python_dop_operator_3.py for tasks to queue
[2025-04-11T12:52:20.362+0000] {logging_mixin.py:188} INFO - [2025-04-11T12:52:20.362+0000] {dagbag.py:538} INFO - Filling up the DagBag from /home/airflow/.local/lib/python3.8/site-packages/airflow/example_dags/example_branch_python_dop_operator_3.py
[2025-04-11T12:52:20.367+0000] {processor.py:840} INFO - DAG(s) 'example_branch_dop_operator_v3' retrieved from /home/airflow/.local/lib/python3.8/site-packages/airflow/example_dags/example_branch_python_dop_operator_3.py
[2025-04-11T12:52:20.380+0000] {logging_mixin.py:188} INFO - [2025-04-11T12:52:20.380+0000] {dag.py:3036} INFO - Sync 1 DAGs
[2025-04-11T12:52:20.392+0000] {logging_mixin.py:188} INFO - [2025-04-11T12:52:20.392+0000] {dag.py:3823} INFO - Setting next_dagrun for example_branch_dop_operator_v3 to 2025-04-11 12:51:00+00:00, run_after=2025-04-11 12:52:00+00:00
[2025-04-11T12:52:20.401+0000] {processor.py:183} INFO - Processing /home/airflow/.local/lib/python3.8/site-packages/airflow/example_dags/example_branch_python_dop_operator_3.py took 0.046 seconds
[2025-04-11T12:52:50.732+0000] {processor.py:161} INFO - Started process (PID=947) to work on /home/airflow/.local/lib/python3.8/site-packages/airflow/example_dags/example_branch_python_dop_operator_3.py
[2025-04-11T12:52:50.733+0000] {processor.py:830} INFO - Processing file /home/airflow/.local/lib/python3.8/site-packages/airflow/example_dags/example_branch_python_dop_operator_3.py for tasks to queue
[2025-04-11T12:52:50.735+0000] {logging_mixin.py:188} INFO - [2025-04-11T12:52:50.735+0000] {dagbag.py:538} INFO - Filling up the DagBag from /home/airflow/.local/lib/python3.8/site-packages/airflow/example_dags/example_branch_python_dop_operator_3.py
[2025-04-11T12:52:50.742+0000] {processor.py:840} INFO - DAG(s) 'example_branch_dop_operator_v3' retrieved from /home/airflow/.local/lib/python3.8/site-packages/airflow/example_dags/example_branch_python_dop_operator_3.py
[2025-04-11T12:52:50.756+0000] {logging_mixin.py:188} INFO - [2025-04-11T12:52:50.756+0000] {dag.py:3036} INFO - Sync 1 DAGs
[2025-04-11T12:52:50.771+0000] {logging_mixin.py:188} INFO - [2025-04-11T12:52:50.771+0000] {dag.py:3823} INFO - Setting next_dagrun for example_branch_dop_operator_v3 to 2025-04-11 12:51:00+00:00, run_after=2025-04-11 12:52:00+00:00
[2025-04-11T12:52:50.778+0000] {processor.py:183} INFO - Processing /home/airflow/.local/lib/python3.8/site-packages/airflow/example_dags/example_branch_python_dop_operator_3.py took 0.049 seconds
[2025-04-11T12:53:21.039+0000] {processor.py:161} INFO - Started process (PID=1003) to work on /home/airflow/.local/lib/python3.8/site-packages/airflow/example_dags/example_branch_python_dop_operator_3.py
[2025-04-11T12:53:21.040+0000] {processor.py:830} INFO - Processing file /home/airflow/.local/lib/python3.8/site-packages/airflow/example_dags/example_branch_python_dop_operator_3.py for tasks to queue
[2025-04-11T12:53:21.041+0000] {logging_mixin.py:188} INFO - [2025-04-11T12:53:21.040+0000] {dagbag.py:538} INFO - Filling up the DagBag from /home/airflow/.local/lib/python3.8/site-packages/airflow/example_dags/example_branch_python_dop_operator_3.py
[2025-04-11T12:53:21.046+0000] {processor.py:840} INFO - DAG(s) 'example_branch_dop_operator_v3' retrieved from /home/airflow/.local/lib/python3.8/site-packages/airflow/example_dags/example_branch_python_dop_operator_3.py
[2025-04-11T12:53:21.056+0000] {logging_mixin.py:188} INFO - [2025-04-11T12:53:21.056+0000] {dag.py:3036} INFO - Sync 1 DAGs
[2025-04-11T12:53:21.066+0000] {logging_mixin.py:188} INFO - [2025-04-11T12:53:21.066+0000] {dag.py:3823} INFO - Setting next_dagrun for example_branch_dop_operator_v3 to 2025-04-11 12:52:00+00:00, run_after=2025-04-11 12:53:00+00:00
[2025-04-11T12:53:21.074+0000] {processor.py:183} INFO - Processing /home/airflow/.local/lib/python3.8/site-packages/airflow/example_dags/example_branch_python_dop_operator_3.py took 0.037 seconds
[2025-04-11T12:53:51.335+0000] {processor.py:161} INFO - Started process (PID=1059) to work on /home/airflow/.local/lib/python3.8/site-packages/airflow/example_dags/example_branch_python_dop_operator_3.py
[2025-04-11T12:53:51.336+0000] {processor.py:830} INFO - Processing file /home/airflow/.local/lib/python3.8/site-packages/airflow/example_dags/example_branch_python_dop_operator_3.py for tasks to queue
[2025-04-11T12:53:51.337+0000] {logging_mixin.py:188} INFO - [2025-04-11T12:53:51.337+0000] {dagbag.py:538} INFO - Filling up the DagBag from /home/airflow/.local/lib/python3.8/site-packages/airflow/example_dags/example_branch_python_dop_operator_3.py
[2025-04-11T12:53:51.342+0000] {processor.py:840} INFO - DAG(s) 'example_branch_dop_operator_v3' retrieved from /home/airflow/.local/lib/python3.8/site-packages/airflow/example_dags/example_branch_python_dop_operator_3.py
[2025-04-11T12:53:51.352+0000] {logging_mixin.py:188} INFO - [2025-04-11T12:53:51.352+0000] {dag.py:3036} INFO - Sync 1 DAGs
[2025-04-11T12:53:51.363+0000] {logging_mixin.py:188} INFO - [2025-04-11T12:53:51.362+0000] {dag.py:3823} INFO - Setting next_dagrun for example_branch_dop_operator_v3 to 2025-04-11 12:52:00+00:00, run_after=2025-04-11 12:53:00+00:00
[2025-04-11T12:53:51.371+0000] {processor.py:183} INFO - Processing /home/airflow/.local/lib/python3.8/site-packages/airflow/example_dags/example_branch_python_dop_operator_3.py took 0.038 seconds
[2025-04-11T12:54:21.593+0000] {processor.py:161} INFO - Started process (PID=1115) to work on /home/airflow/.local/lib/python3.8/site-packages/airflow/example_dags/example_branch_python_dop_operator_3.py
[2025-04-11T12:54:21.593+0000] {processor.py:830} INFO - Processing file /home/airflow/.local/lib/python3.8/site-packages/airflow/example_dags/example_branch_python_dop_operator_3.py for tasks to queue
[2025-04-11T12:54:21.594+0000] {logging_mixin.py:188} INFO - [2025-04-11T12:54:21.594+0000] {dagbag.py:538} INFO - Filling up the DagBag from /home/airflow/.local/lib/python3.8/site-packages/airflow/example_dags/example_branch_python_dop_operator_3.py
[2025-04-11T12:54:21.599+0000] {processor.py:840} INFO - DAG(s) 'example_branch_dop_operator_v3' retrieved from /home/airflow/.local/lib/python3.8/site-packages/airflow/example_dags/example_branch_python_dop_operator_3.py
[2025-04-11T12:54:21.609+0000] {logging_mixin.py:188} INFO - [2025-04-11T12:54:21.609+0000] {dag.py:3036} INFO - Sync 1 DAGs
[2025-04-11T12:54:21.621+0000] {logging_mixin.py:188} INFO - [2025-04-11T12:54:21.621+0000] {dag.py:3823} INFO - Setting next_dagrun for example_branch_dop_operator_v3 to 2025-04-11 12:53:00+00:00, run_after=2025-04-11 12:54:00+00:00
[2025-04-11T12:54:21.628+0000] {processor.py:183} INFO - Processing /home/airflow/.local/lib/python3.8/site-packages/airflow/example_dags/example_branch_python_dop_operator_3.py took 0.037 seconds
[2025-04-11T12:54:51.847+0000] {processor.py:161} INFO - Started process (PID=1171) to work on /home/airflow/.local/lib/python3.8/site-packages/airflow/example_dags/example_branch_python_dop_operator_3.py
[2025-04-11T12:54:51.847+0000] {processor.py:830} INFO - Processing file /home/airflow/.local/lib/python3.8/site-packages/airflow/example_dags/example_branch_python_dop_operator_3.py for tasks to queue
[2025-04-11T12:54:51.848+0000] {logging_mixin.py:188} INFO - [2025-04-11T12:54:51.848+0000] {dagbag.py:538} INFO - Filling up the DagBag from /home/airflow/.local/lib/python3.8/site-packages/airflow/example_dags/example_branch_python_dop_operator_3.py
[2025-04-11T12:54:51.854+0000] {processor.py:840} INFO - DAG(s) 'example_branch_dop_operator_v3' retrieved from /home/airflow/.local/lib/python3.8/site-packages/airflow/example_dags/example_branch_python_dop_operator_3.py
[2025-04-11T12:54:51.862+0000] {logging_mixin.py:188} INFO - [2025-04-11T12:54:51.862+0000] {dag.py:3036} INFO - Sync 1 DAGs
[2025-04-11T12:54:51.873+0000] {logging_mixin.py:188} INFO - [2025-04-11T12:54:51.873+0000] {dag.py:3823} INFO - Setting next_dagrun for example_branch_dop_operator_v3 to 2025-04-11 12:53:00+00:00, run_after=2025-04-11 12:54:00+00:00
[2025-04-11T12:54:51.881+0000] {processor.py:183} INFO - Processing /home/airflow/.local/lib/python3.8/site-packages/airflow/example_dags/example_branch_python_dop_operator_3.py took 0.035 seconds
[2025-04-11T12:55:22.131+0000] {processor.py:161} INFO - Started process (PID=1227) to work on /home/airflow/.local/lib/python3.8/site-packages/airflow/example_dags/example_branch_python_dop_operator_3.py
[2025-04-11T12:55:22.132+0000] {processor.py:830} INFO - Processing file /home/airflow/.local/lib/python3.8/site-packages/airflow/example_dags/example_branch_python_dop_operator_3.py for tasks to queue
[2025-04-11T12:55:22.133+0000] {logging_mixin.py:188} INFO - [2025-04-11T12:55:22.133+0000] {dagbag.py:538} INFO - Filling up the DagBag from /home/airflow/.local/lib/python3.8/site-packages/airflow/example_dags/example_branch_python_dop_operator_3.py
[2025-04-11T12:55:22.141+0000] {processor.py:840} INFO - DAG(s) 'example_branch_dop_operator_v3' retrieved from /home/airflow/.local/lib/python3.8/site-packages/airflow/example_dags/example_branch_python_dop_operator_3.py
[2025-04-11T12:55:22.154+0000] {logging_mixin.py:188} INFO - [2025-04-11T12:55:22.154+0000] {dag.py:3036} INFO - Sync 1 DAGs
[2025-04-11T12:55:22.168+0000] {logging_mixin.py:188} INFO - [2025-04-11T12:55:22.168+0000] {dag.py:3823} INFO - Setting next_dagrun for example_branch_dop_operator_v3 to 2025-04-11 12:54:00+00:00, run_after=2025-04-11 12:55:00+00:00
[2025-04-11T12:55:22.178+0000] {processor.py:183} INFO - Processing /home/airflow/.local/lib/python3.8/site-packages/airflow/example_dags/example_branch_python_dop_operator_3.py took 0.049 seconds
