[2025-04-11T12:44:45.144+0000] {processor.py:161} INFO - Started process (PID=69) to work on /home/airflow/.local/lib/python3.8/site-packages/airflow/example_dags/example_sensors.py
[2025-04-11T12:44:45.145+0000] {processor.py:830} INFO - Processing file /home/airflow/.local/lib/python3.8/site-packages/airflow/example_dags/example_sensors.py for tasks to queue
[2025-04-11T12:44:45.146+0000] {logging_mixin.py:188} INFO - [2025-04-11T12:44:45.146+0000] {dagbag.py:538} INFO - Filling up the DagBag from /home/airflow/.local/lib/python3.8/site-packages/airflow/example_dags/example_sensors.py
[2025-04-11T12:44:45.151+0000] {processor.py:840} INFO - DAG(s) 'example_sensors' retrieved from /home/airflow/.local/lib/python3.8/site-packages/airflow/example_dags/example_sensors.py
[2025-04-11T12:44:45.156+0000] {logging_mixin.py:188} INFO - [2025-04-11T12:44:45.156+0000] {dag.py:3036} INFO - Sync 1 DAGs
[2025-04-11T12:44:45.162+0000] {logging_mixin.py:188} INFO - [2025-04-11T12:44:45.162+0000] {dag.py:3823} INFO - Setting next_dagrun for example_sensors to None, run_after=None
[2025-04-11T12:44:45.175+0000] {processor.py:183} INFO - Processing /home/airflow/.local/lib/python3.8/site-packages/airflow/example_dags/example_sensors.py took 0.032 seconds
[2025-04-11T12:45:15.432+0000] {processor.py:161} INFO - Started process (PID=126) to work on /home/airflow/.local/lib/python3.8/site-packages/airflow/example_dags/example_sensors.py
[2025-04-11T12:45:15.433+0000] {processor.py:830} INFO - Processing file /home/airflow/.local/lib/python3.8/site-packages/airflow/example_dags/example_sensors.py for tasks to queue
[2025-04-11T12:45:15.433+0000] {logging_mixin.py:188} INFO - [2025-04-11T12:45:15.433+0000] {dagbag.py:538} INFO - Filling up the DagBag from /home/airflow/.local/lib/python3.8/site-packages/airflow/example_dags/example_sensors.py
[2025-04-11T12:45:15.437+0000] {processor.py:840} INFO - DAG(s) 'example_sensors' retrieved from /home/airflow/.local/lib/python3.8/site-packages/airflow/example_dags/example_sensors.py
[2025-04-11T12:45:15.473+0000] {logging_mixin.py:188} INFO - [2025-04-11T12:45:15.473+0000] {dag.py:3036} INFO - Sync 1 DAGs
[2025-04-11T12:45:15.476+0000] {logging_mixin.py:188} INFO - [2025-04-11T12:45:15.476+0000] {dag.py:3823} INFO - Setting next_dagrun for example_sensors to None, run_after=None
[2025-04-11T12:45:15.484+0000] {processor.py:183} INFO - Processing /home/airflow/.local/lib/python3.8/site-packages/airflow/example_dags/example_sensors.py took 0.053 seconds
[2025-04-11T12:45:46.464+0000] {processor.py:161} INFO - Started process (PID=182) to work on /home/airflow/.local/lib/python3.8/site-packages/airflow/example_dags/example_sensors.py
[2025-04-11T12:45:46.464+0000] {processor.py:830} INFO - Processing file /home/airflow/.local/lib/python3.8/site-packages/airflow/example_dags/example_sensors.py for tasks to queue
[2025-04-11T12:45:46.465+0000] {logging_mixin.py:188} INFO - [2025-04-11T12:45:46.465+0000] {dagbag.py:538} INFO - Filling up the DagBag from /home/airflow/.local/lib/python3.8/site-packages/airflow/example_dags/example_sensors.py
[2025-04-11T12:45:46.469+0000] {processor.py:840} INFO - DAG(s) 'example_sensors' retrieved from /home/airflow/.local/lib/python3.8/site-packages/airflow/example_dags/example_sensors.py
[2025-04-11T12:45:46.480+0000] {logging_mixin.py:188} INFO - [2025-04-11T12:45:46.480+0000] {dag.py:3036} INFO - Sync 1 DAGs
[2025-04-11T12:45:46.486+0000] {logging_mixin.py:188} INFO - [2025-04-11T12:45:46.486+0000] {dag.py:3823} INFO - Setting next_dagrun for example_sensors to None, run_after=None
[2025-04-11T12:45:46.493+0000] {processor.py:183} INFO - Processing /home/airflow/.local/lib/python3.8/site-packages/airflow/example_dags/example_sensors.py took 0.031 seconds
[2025-04-11T12:46:16.983+0000] {processor.py:161} INFO - Started process (PID=237) to work on /home/airflow/.local/lib/python3.8/site-packages/airflow/example_dags/example_sensors.py
[2025-04-11T12:46:16.983+0000] {processor.py:830} INFO - Processing file /home/airflow/.local/lib/python3.8/site-packages/airflow/example_dags/example_sensors.py for tasks to queue
[2025-04-11T12:46:16.984+0000] {logging_mixin.py:188} INFO - [2025-04-11T12:46:16.984+0000] {dagbag.py:538} INFO - Filling up the DagBag from /home/airflow/.local/lib/python3.8/site-packages/airflow/example_dags/example_sensors.py
[2025-04-11T12:46:16.990+0000] {processor.py:840} INFO - DAG(s) 'example_sensors' retrieved from /home/airflow/.local/lib/python3.8/site-packages/airflow/example_dags/example_sensors.py
[2025-04-11T12:46:17.001+0000] {logging_mixin.py:188} INFO - [2025-04-11T12:46:17.001+0000] {dag.py:3036} INFO - Sync 1 DAGs
[2025-04-11T12:46:17.006+0000] {logging_mixin.py:188} INFO - [2025-04-11T12:46:17.006+0000] {dag.py:3823} INFO - Setting next_dagrun for example_sensors to None, run_after=None
[2025-04-11T12:46:17.014+0000] {processor.py:183} INFO - Processing /home/airflow/.local/lib/python3.8/site-packages/airflow/example_dags/example_sensors.py took 0.033 seconds
[2025-04-11T12:46:47.544+0000] {processor.py:161} INFO - Started process (PID=293) to work on /home/airflow/.local/lib/python3.8/site-packages/airflow/example_dags/example_sensors.py
[2025-04-11T12:46:47.545+0000] {processor.py:830} INFO - Processing file /home/airflow/.local/lib/python3.8/site-packages/airflow/example_dags/example_sensors.py for tasks to queue
[2025-04-11T12:46:47.546+0000] {logging_mixin.py:188} INFO - [2025-04-11T12:46:47.546+0000] {dagbag.py:538} INFO - Filling up the DagBag from /home/airflow/.local/lib/python3.8/site-packages/airflow/example_dags/example_sensors.py
[2025-04-11T12:46:47.551+0000] {processor.py:840} INFO - DAG(s) 'example_sensors' retrieved from /home/airflow/.local/lib/python3.8/site-packages/airflow/example_dags/example_sensors.py
[2025-04-11T12:46:47.563+0000] {logging_mixin.py:188} INFO - [2025-04-11T12:46:47.563+0000] {dag.py:3036} INFO - Sync 1 DAGs
[2025-04-11T12:46:47.568+0000] {logging_mixin.py:188} INFO - [2025-04-11T12:46:47.568+0000] {dag.py:3823} INFO - Setting next_dagrun for example_sensors to None, run_after=None
[2025-04-11T12:46:47.576+0000] {processor.py:183} INFO - Processing /home/airflow/.local/lib/python3.8/site-packages/airflow/example_dags/example_sensors.py took 0.034 seconds
[2025-04-11T12:47:17.925+0000] {processor.py:161} INFO - Started process (PID=355) to work on /home/airflow/.local/lib/python3.8/site-packages/airflow/example_dags/example_sensors.py
[2025-04-11T12:47:17.926+0000] {processor.py:830} INFO - Processing file /home/airflow/.local/lib/python3.8/site-packages/airflow/example_dags/example_sensors.py for tasks to queue
[2025-04-11T12:47:17.927+0000] {logging_mixin.py:188} INFO - [2025-04-11T12:47:17.927+0000] {dagbag.py:538} INFO - Filling up the DagBag from /home/airflow/.local/lib/python3.8/site-packages/airflow/example_dags/example_sensors.py
[2025-04-11T12:47:17.931+0000] {processor.py:840} INFO - DAG(s) 'example_sensors' retrieved from /home/airflow/.local/lib/python3.8/site-packages/airflow/example_dags/example_sensors.py
[2025-04-11T12:47:17.942+0000] {logging_mixin.py:188} INFO - [2025-04-11T12:47:17.942+0000] {dag.py:3036} INFO - Sync 1 DAGs
[2025-04-11T12:47:17.948+0000] {logging_mixin.py:188} INFO - [2025-04-11T12:47:17.947+0000] {dag.py:3823} INFO - Setting next_dagrun for example_sensors to None, run_after=None
[2025-04-11T12:47:17.956+0000] {processor.py:183} INFO - Processing /home/airflow/.local/lib/python3.8/site-packages/airflow/example_dags/example_sensors.py took 0.032 seconds
[2025-04-11T12:47:48.420+0000] {processor.py:161} INFO - Started process (PID=411) to work on /home/airflow/.local/lib/python3.8/site-packages/airflow/example_dags/example_sensors.py
[2025-04-11T12:47:48.421+0000] {processor.py:830} INFO - Processing file /home/airflow/.local/lib/python3.8/site-packages/airflow/example_dags/example_sensors.py for tasks to queue
[2025-04-11T12:47:48.422+0000] {logging_mixin.py:188} INFO - [2025-04-11T12:47:48.422+0000] {dagbag.py:538} INFO - Filling up the DagBag from /home/airflow/.local/lib/python3.8/site-packages/airflow/example_dags/example_sensors.py
[2025-04-11T12:47:48.426+0000] {processor.py:840} INFO - DAG(s) 'example_sensors' retrieved from /home/airflow/.local/lib/python3.8/site-packages/airflow/example_dags/example_sensors.py
[2025-04-11T12:47:48.440+0000] {logging_mixin.py:188} INFO - [2025-04-11T12:47:48.439+0000] {dag.py:3036} INFO - Sync 1 DAGs
[2025-04-11T12:47:48.445+0000] {logging_mixin.py:188} INFO - [2025-04-11T12:47:48.445+0000] {dag.py:3823} INFO - Setting next_dagrun for example_sensors to None, run_after=None
[2025-04-11T12:47:48.452+0000] {processor.py:183} INFO - Processing /home/airflow/.local/lib/python3.8/site-packages/airflow/example_dags/example_sensors.py took 0.034 seconds
[2025-04-11T12:48:18.754+0000] {processor.py:161} INFO - Started process (PID=467) to work on /home/airflow/.local/lib/python3.8/site-packages/airflow/example_dags/example_sensors.py
[2025-04-11T12:48:18.754+0000] {processor.py:830} INFO - Processing file /home/airflow/.local/lib/python3.8/site-packages/airflow/example_dags/example_sensors.py for tasks to queue
[2025-04-11T12:48:18.755+0000] {logging_mixin.py:188} INFO - [2025-04-11T12:48:18.755+0000] {dagbag.py:538} INFO - Filling up the DagBag from /home/airflow/.local/lib/python3.8/site-packages/airflow/example_dags/example_sensors.py
[2025-04-11T12:48:18.759+0000] {processor.py:840} INFO - DAG(s) 'example_sensors' retrieved from /home/airflow/.local/lib/python3.8/site-packages/airflow/example_dags/example_sensors.py
[2025-04-11T12:48:18.771+0000] {logging_mixin.py:188} INFO - [2025-04-11T12:48:18.771+0000] {dag.py:3036} INFO - Sync 1 DAGs
[2025-04-11T12:48:18.776+0000] {logging_mixin.py:188} INFO - [2025-04-11T12:48:18.776+0000] {dag.py:3823} INFO - Setting next_dagrun for example_sensors to None, run_after=None
[2025-04-11T12:48:18.784+0000] {processor.py:183} INFO - Processing /home/airflow/.local/lib/python3.8/site-packages/airflow/example_dags/example_sensors.py took 0.032 seconds
[2025-04-11T12:48:48.914+0000] {processor.py:161} INFO - Started process (PID=523) to work on /home/airflow/.local/lib/python3.8/site-packages/airflow/example_dags/example_sensors.py
[2025-04-11T12:48:48.915+0000] {processor.py:830} INFO - Processing file /home/airflow/.local/lib/python3.8/site-packages/airflow/example_dags/example_sensors.py for tasks to queue
[2025-04-11T12:48:48.916+0000] {logging_mixin.py:188} INFO - [2025-04-11T12:48:48.916+0000] {dagbag.py:538} INFO - Filling up the DagBag from /home/airflow/.local/lib/python3.8/site-packages/airflow/example_dags/example_sensors.py
[2025-04-11T12:48:48.920+0000] {processor.py:840} INFO - DAG(s) 'example_sensors' retrieved from /home/airflow/.local/lib/python3.8/site-packages/airflow/example_dags/example_sensors.py
[2025-04-11T12:48:48.931+0000] {logging_mixin.py:188} INFO - [2025-04-11T12:48:48.930+0000] {dag.py:3036} INFO - Sync 1 DAGs
[2025-04-11T12:48:48.935+0000] {logging_mixin.py:188} INFO - [2025-04-11T12:48:48.935+0000] {dag.py:3823} INFO - Setting next_dagrun for example_sensors to None, run_after=None
[2025-04-11T12:48:48.943+0000] {processor.py:183} INFO - Processing /home/airflow/.local/lib/python3.8/site-packages/airflow/example_dags/example_sensors.py took 0.030 seconds
[2025-04-11T12:49:19.183+0000] {processor.py:161} INFO - Started process (PID=579) to work on /home/airflow/.local/lib/python3.8/site-packages/airflow/example_dags/example_sensors.py
[2025-04-11T12:49:19.183+0000] {processor.py:830} INFO - Processing file /home/airflow/.local/lib/python3.8/site-packages/airflow/example_dags/example_sensors.py for tasks to queue
[2025-04-11T12:49:19.188+0000] {logging_mixin.py:188} INFO - [2025-04-11T12:49:19.188+0000] {dagbag.py:538} INFO - Filling up the DagBag from /home/airflow/.local/lib/python3.8/site-packages/airflow/example_dags/example_sensors.py
[2025-04-11T12:49:19.192+0000] {processor.py:840} INFO - DAG(s) 'example_sensors' retrieved from /home/airflow/.local/lib/python3.8/site-packages/airflow/example_dags/example_sensors.py
[2025-04-11T12:49:19.204+0000] {logging_mixin.py:188} INFO - [2025-04-11T12:49:19.203+0000] {dag.py:3036} INFO - Sync 1 DAGs
[2025-04-11T12:49:19.209+0000] {logging_mixin.py:188} INFO - [2025-04-11T12:49:19.209+0000] {dag.py:3823} INFO - Setting next_dagrun for example_sensors to None, run_after=None
[2025-04-11T12:49:19.217+0000] {processor.py:183} INFO - Processing /home/airflow/.local/lib/python3.8/site-packages/airflow/example_dags/example_sensors.py took 0.036 seconds
[2025-04-11T12:49:49.553+0000] {processor.py:161} INFO - Started process (PID=635) to work on /home/airflow/.local/lib/python3.8/site-packages/airflow/example_dags/example_sensors.py
[2025-04-11T12:49:49.553+0000] {processor.py:830} INFO - Processing file /home/airflow/.local/lib/python3.8/site-packages/airflow/example_dags/example_sensors.py for tasks to queue
[2025-04-11T12:49:49.557+0000] {logging_mixin.py:188} INFO - [2025-04-11T12:49:49.557+0000] {dagbag.py:538} INFO - Filling up the DagBag from /home/airflow/.local/lib/python3.8/site-packages/airflow/example_dags/example_sensors.py
[2025-04-11T12:49:49.562+0000] {processor.py:840} INFO - DAG(s) 'example_sensors' retrieved from /home/airflow/.local/lib/python3.8/site-packages/airflow/example_dags/example_sensors.py
[2025-04-11T12:49:49.574+0000] {logging_mixin.py:188} INFO - [2025-04-11T12:49:49.574+0000] {dag.py:3036} INFO - Sync 1 DAGs
[2025-04-11T12:49:49.579+0000] {logging_mixin.py:188} INFO - [2025-04-11T12:49:49.579+0000] {dag.py:3823} INFO - Setting next_dagrun for example_sensors to None, run_after=None
[2025-04-11T12:49:49.586+0000] {processor.py:183} INFO - Processing /home/airflow/.local/lib/python3.8/site-packages/airflow/example_dags/example_sensors.py took 0.035 seconds
[2025-04-11T12:50:19.958+0000] {processor.py:161} INFO - Started process (PID=691) to work on /home/airflow/.local/lib/python3.8/site-packages/airflow/example_dags/example_sensors.py
[2025-04-11T12:50:19.959+0000] {processor.py:830} INFO - Processing file /home/airflow/.local/lib/python3.8/site-packages/airflow/example_dags/example_sensors.py for tasks to queue
[2025-04-11T12:50:19.960+0000] {logging_mixin.py:188} INFO - [2025-04-11T12:50:19.960+0000] {dagbag.py:538} INFO - Filling up the DagBag from /home/airflow/.local/lib/python3.8/site-packages/airflow/example_dags/example_sensors.py
[2025-04-11T12:50:19.965+0000] {processor.py:840} INFO - DAG(s) 'example_sensors' retrieved from /home/airflow/.local/lib/python3.8/site-packages/airflow/example_dags/example_sensors.py
[2025-04-11T12:50:19.976+0000] {logging_mixin.py:188} INFO - [2025-04-11T12:50:19.976+0000] {dag.py:3036} INFO - Sync 1 DAGs
[2025-04-11T12:50:19.983+0000] {logging_mixin.py:188} INFO - [2025-04-11T12:50:19.983+0000] {dag.py:3823} INFO - Setting next_dagrun for example_sensors to None, run_after=None
[2025-04-11T12:50:19.990+0000] {processor.py:183} INFO - Processing /home/airflow/.local/lib/python3.8/site-packages/airflow/example_dags/example_sensors.py took 0.034 seconds
[2025-04-11T12:50:50.499+0000] {processor.py:161} INFO - Started process (PID=747) to work on /home/airflow/.local/lib/python3.8/site-packages/airflow/example_dags/example_sensors.py
[2025-04-11T12:50:50.499+0000] {processor.py:830} INFO - Processing file /home/airflow/.local/lib/python3.8/site-packages/airflow/example_dags/example_sensors.py for tasks to queue
[2025-04-11T12:50:50.500+0000] {logging_mixin.py:188} INFO - [2025-04-11T12:50:50.500+0000] {dagbag.py:538} INFO - Filling up the DagBag from /home/airflow/.local/lib/python3.8/site-packages/airflow/example_dags/example_sensors.py
[2025-04-11T12:50:50.505+0000] {processor.py:840} INFO - DAG(s) 'example_sensors' retrieved from /home/airflow/.local/lib/python3.8/site-packages/airflow/example_dags/example_sensors.py
[2025-04-11T12:50:50.516+0000] {logging_mixin.py:188} INFO - [2025-04-11T12:50:50.516+0000] {dag.py:3036} INFO - Sync 1 DAGs
[2025-04-11T12:50:50.521+0000] {logging_mixin.py:188} INFO - [2025-04-11T12:50:50.521+0000] {dag.py:3823} INFO - Setting next_dagrun for example_sensors to None, run_after=None
[2025-04-11T12:50:50.528+0000] {processor.py:183} INFO - Processing /home/airflow/.local/lib/python3.8/site-packages/airflow/example_dags/example_sensors.py took 0.031 seconds
[2025-04-11T12:51:20.984+0000] {processor.py:161} INFO - Started process (PID=803) to work on /home/airflow/.local/lib/python3.8/site-packages/airflow/example_dags/example_sensors.py
[2025-04-11T12:51:20.984+0000] {processor.py:830} INFO - Processing file /home/airflow/.local/lib/python3.8/site-packages/airflow/example_dags/example_sensors.py for tasks to queue
[2025-04-11T12:51:20.985+0000] {logging_mixin.py:188} INFO - [2025-04-11T12:51:20.985+0000] {dagbag.py:538} INFO - Filling up the DagBag from /home/airflow/.local/lib/python3.8/site-packages/airflow/example_dags/example_sensors.py
[2025-04-11T12:51:20.991+0000] {processor.py:840} INFO - DAG(s) 'example_sensors' retrieved from /home/airflow/.local/lib/python3.8/site-packages/airflow/example_dags/example_sensors.py
[2025-04-11T12:51:21.002+0000] {logging_mixin.py:188} INFO - [2025-04-11T12:51:21.002+0000] {dag.py:3036} INFO - Sync 1 DAGs
[2025-04-11T12:51:21.011+0000] {logging_mixin.py:188} INFO - [2025-04-11T12:51:21.011+0000] {dag.py:3823} INFO - Setting next_dagrun for example_sensors to None, run_after=None
[2025-04-11T12:51:21.019+0000] {processor.py:183} INFO - Processing /home/airflow/.local/lib/python3.8/site-packages/airflow/example_dags/example_sensors.py took 0.037 seconds
[2025-04-11T12:51:51.478+0000] {processor.py:161} INFO - Started process (PID=859) to work on /home/airflow/.local/lib/python3.8/site-packages/airflow/example_dags/example_sensors.py
[2025-04-11T12:51:51.479+0000] {processor.py:830} INFO - Processing file /home/airflow/.local/lib/python3.8/site-packages/airflow/example_dags/example_sensors.py for tasks to queue
[2025-04-11T12:51:51.482+0000] {logging_mixin.py:188} INFO - [2025-04-11T12:51:51.480+0000] {dagbag.py:538} INFO - Filling up the DagBag from /home/airflow/.local/lib/python3.8/site-packages/airflow/example_dags/example_sensors.py
[2025-04-11T12:51:51.486+0000] {processor.py:840} INFO - DAG(s) 'example_sensors' retrieved from /home/airflow/.local/lib/python3.8/site-packages/airflow/example_dags/example_sensors.py
[2025-04-11T12:51:51.498+0000] {logging_mixin.py:188} INFO - [2025-04-11T12:51:51.498+0000] {dag.py:3036} INFO - Sync 1 DAGs
[2025-04-11T12:51:51.504+0000] {logging_mixin.py:188} INFO - [2025-04-11T12:51:51.504+0000] {dag.py:3823} INFO - Setting next_dagrun for example_sensors to None, run_after=None
[2025-04-11T12:51:51.516+0000] {processor.py:183} INFO - Processing /home/airflow/.local/lib/python3.8/site-packages/airflow/example_dags/example_sensors.py took 0.040 seconds
[2025-04-11T12:52:21.947+0000] {processor.py:161} INFO - Started process (PID=914) to work on /home/airflow/.local/lib/python3.8/site-packages/airflow/example_dags/example_sensors.py
[2025-04-11T12:52:21.947+0000] {processor.py:830} INFO - Processing file /home/airflow/.local/lib/python3.8/site-packages/airflow/example_dags/example_sensors.py for tasks to queue
[2025-04-11T12:52:21.951+0000] {logging_mixin.py:188} INFO - [2025-04-11T12:52:21.951+0000] {dagbag.py:538} INFO - Filling up the DagBag from /home/airflow/.local/lib/python3.8/site-packages/airflow/example_dags/example_sensors.py
[2025-04-11T12:52:21.955+0000] {processor.py:840} INFO - DAG(s) 'example_sensors' retrieved from /home/airflow/.local/lib/python3.8/site-packages/airflow/example_dags/example_sensors.py
[2025-04-11T12:52:21.969+0000] {logging_mixin.py:188} INFO - [2025-04-11T12:52:21.969+0000] {dag.py:3036} INFO - Sync 1 DAGs
[2025-04-11T12:52:21.975+0000] {logging_mixin.py:188} INFO - [2025-04-11T12:52:21.975+0000] {dag.py:3823} INFO - Setting next_dagrun for example_sensors to None, run_after=None
[2025-04-11T12:52:21.983+0000] {processor.py:183} INFO - Processing /home/airflow/.local/lib/python3.8/site-packages/airflow/example_dags/example_sensors.py took 0.038 seconds
[2025-04-11T12:52:52.316+0000] {processor.py:161} INFO - Started process (PID=970) to work on /home/airflow/.local/lib/python3.8/site-packages/airflow/example_dags/example_sensors.py
[2025-04-11T12:52:52.317+0000] {processor.py:830} INFO - Processing file /home/airflow/.local/lib/python3.8/site-packages/airflow/example_dags/example_sensors.py for tasks to queue
[2025-04-11T12:52:52.317+0000] {logging_mixin.py:188} INFO - [2025-04-11T12:52:52.317+0000] {dagbag.py:538} INFO - Filling up the DagBag from /home/airflow/.local/lib/python3.8/site-packages/airflow/example_dags/example_sensors.py
[2025-04-11T12:52:52.321+0000] {processor.py:840} INFO - DAG(s) 'example_sensors' retrieved from /home/airflow/.local/lib/python3.8/site-packages/airflow/example_dags/example_sensors.py
[2025-04-11T12:52:52.332+0000] {logging_mixin.py:188} INFO - [2025-04-11T12:52:52.332+0000] {dag.py:3036} INFO - Sync 1 DAGs
[2025-04-11T12:52:52.337+0000] {logging_mixin.py:188} INFO - [2025-04-11T12:52:52.337+0000] {dag.py:3823} INFO - Setting next_dagrun for example_sensors to None, run_after=None
[2025-04-11T12:52:52.344+0000] {processor.py:183} INFO - Processing /home/airflow/.local/lib/python3.8/site-packages/airflow/example_dags/example_sensors.py took 0.030 seconds
[2025-04-11T12:53:22.640+0000] {processor.py:161} INFO - Started process (PID=1026) to work on /home/airflow/.local/lib/python3.8/site-packages/airflow/example_dags/example_sensors.py
[2025-04-11T12:53:22.640+0000] {processor.py:830} INFO - Processing file /home/airflow/.local/lib/python3.8/site-packages/airflow/example_dags/example_sensors.py for tasks to queue
[2025-04-11T12:53:22.641+0000] {logging_mixin.py:188} INFO - [2025-04-11T12:53:22.641+0000] {dagbag.py:538} INFO - Filling up the DagBag from /home/airflow/.local/lib/python3.8/site-packages/airflow/example_dags/example_sensors.py
[2025-04-11T12:53:22.645+0000] {processor.py:840} INFO - DAG(s) 'example_sensors' retrieved from /home/airflow/.local/lib/python3.8/site-packages/airflow/example_dags/example_sensors.py
[2025-04-11T12:53:22.655+0000] {logging_mixin.py:188} INFO - [2025-04-11T12:53:22.654+0000] {dag.py:3036} INFO - Sync 1 DAGs
[2025-04-11T12:53:22.660+0000] {logging_mixin.py:188} INFO - [2025-04-11T12:53:22.660+0000] {dag.py:3823} INFO - Setting next_dagrun for example_sensors to None, run_after=None
[2025-04-11T12:53:22.668+0000] {processor.py:183} INFO - Processing /home/airflow/.local/lib/python3.8/site-packages/airflow/example_dags/example_sensors.py took 0.030 seconds
[2025-04-11T12:53:52.923+0000] {processor.py:161} INFO - Started process (PID=1082) to work on /home/airflow/.local/lib/python3.8/site-packages/airflow/example_dags/example_sensors.py
[2025-04-11T12:53:52.923+0000] {processor.py:830} INFO - Processing file /home/airflow/.local/lib/python3.8/site-packages/airflow/example_dags/example_sensors.py for tasks to queue
[2025-04-11T12:53:52.924+0000] {logging_mixin.py:188} INFO - [2025-04-11T12:53:52.924+0000] {dagbag.py:538} INFO - Filling up the DagBag from /home/airflow/.local/lib/python3.8/site-packages/airflow/example_dags/example_sensors.py
[2025-04-11T12:53:52.928+0000] {processor.py:840} INFO - DAG(s) 'example_sensors' retrieved from /home/airflow/.local/lib/python3.8/site-packages/airflow/example_dags/example_sensors.py
[2025-04-11T12:53:52.939+0000] {logging_mixin.py:188} INFO - [2025-04-11T12:53:52.939+0000] {dag.py:3036} INFO - Sync 1 DAGs
[2025-04-11T12:53:52.944+0000] {logging_mixin.py:188} INFO - [2025-04-11T12:53:52.944+0000] {dag.py:3823} INFO - Setting next_dagrun for example_sensors to None, run_after=None
[2025-04-11T12:53:52.951+0000] {processor.py:183} INFO - Processing /home/airflow/.local/lib/python3.8/site-packages/airflow/example_dags/example_sensors.py took 0.030 seconds
[2025-04-11T12:54:23.137+0000] {processor.py:161} INFO - Started process (PID=1138) to work on /home/airflow/.local/lib/python3.8/site-packages/airflow/example_dags/example_sensors.py
[2025-04-11T12:54:23.138+0000] {processor.py:830} INFO - Processing file /home/airflow/.local/lib/python3.8/site-packages/airflow/example_dags/example_sensors.py for tasks to queue
[2025-04-11T12:54:23.139+0000] {logging_mixin.py:188} INFO - [2025-04-11T12:54:23.139+0000] {dagbag.py:538} INFO - Filling up the DagBag from /home/airflow/.local/lib/python3.8/site-packages/airflow/example_dags/example_sensors.py
[2025-04-11T12:54:23.143+0000] {processor.py:840} INFO - DAG(s) 'example_sensors' retrieved from /home/airflow/.local/lib/python3.8/site-packages/airflow/example_dags/example_sensors.py
[2025-04-11T12:54:23.154+0000] {logging_mixin.py:188} INFO - [2025-04-11T12:54:23.154+0000] {dag.py:3036} INFO - Sync 1 DAGs
[2025-04-11T12:54:23.159+0000] {logging_mixin.py:188} INFO - [2025-04-11T12:54:23.159+0000] {dag.py:3823} INFO - Setting next_dagrun for example_sensors to None, run_after=None
[2025-04-11T12:54:23.166+0000] {processor.py:183} INFO - Processing /home/airflow/.local/lib/python3.8/site-packages/airflow/example_dags/example_sensors.py took 0.030 seconds
[2025-04-11T12:54:53.372+0000] {processor.py:161} INFO - Started process (PID=1194) to work on /home/airflow/.local/lib/python3.8/site-packages/airflow/example_dags/example_sensors.py
[2025-04-11T12:54:53.373+0000] {processor.py:830} INFO - Processing file /home/airflow/.local/lib/python3.8/site-packages/airflow/example_dags/example_sensors.py for tasks to queue
[2025-04-11T12:54:53.374+0000] {logging_mixin.py:188} INFO - [2025-04-11T12:54:53.373+0000] {dagbag.py:538} INFO - Filling up the DagBag from /home/airflow/.local/lib/python3.8/site-packages/airflow/example_dags/example_sensors.py
[2025-04-11T12:54:53.378+0000] {processor.py:840} INFO - DAG(s) 'example_sensors' retrieved from /home/airflow/.local/lib/python3.8/site-packages/airflow/example_dags/example_sensors.py
[2025-04-11T12:54:53.389+0000] {logging_mixin.py:188} INFO - [2025-04-11T12:54:53.389+0000] {dag.py:3036} INFO - Sync 1 DAGs
[2025-04-11T12:54:53.394+0000] {logging_mixin.py:188} INFO - [2025-04-11T12:54:53.394+0000] {dag.py:3823} INFO - Setting next_dagrun for example_sensors to None, run_after=None
[2025-04-11T12:54:53.401+0000] {processor.py:183} INFO - Processing /home/airflow/.local/lib/python3.8/site-packages/airflow/example_dags/example_sensors.py took 0.032 seconds
[2025-04-11T12:55:23.706+0000] {processor.py:161} INFO - Started process (PID=1250) to work on /home/airflow/.local/lib/python3.8/site-packages/airflow/example_dags/example_sensors.py
[2025-04-11T12:55:23.710+0000] {processor.py:830} INFO - Processing file /home/airflow/.local/lib/python3.8/site-packages/airflow/example_dags/example_sensors.py for tasks to queue
[2025-04-11T12:55:23.712+0000] {logging_mixin.py:188} INFO - [2025-04-11T12:55:23.711+0000] {dagbag.py:538} INFO - Filling up the DagBag from /home/airflow/.local/lib/python3.8/site-packages/airflow/example_dags/example_sensors.py
[2025-04-11T12:55:23.715+0000] {processor.py:840} INFO - DAG(s) 'example_sensors' retrieved from /home/airflow/.local/lib/python3.8/site-packages/airflow/example_dags/example_sensors.py
[2025-04-11T12:55:23.727+0000] {logging_mixin.py:188} INFO - [2025-04-11T12:55:23.726+0000] {dag.py:3036} INFO - Sync 1 DAGs
[2025-04-11T12:55:23.731+0000] {logging_mixin.py:188} INFO - [2025-04-11T12:55:23.731+0000] {dag.py:3823} INFO - Setting next_dagrun for example_sensors to None, run_after=None
[2025-04-11T12:55:23.740+0000] {processor.py:183} INFO - Processing /home/airflow/.local/lib/python3.8/site-packages/airflow/example_dags/example_sensors.py took 0.035 seconds
