[2025-04-11T12:44:45.579+0000] {processor.py:161} INFO - Started process (PID=81) to work on /home/airflow/.local/lib/python3.8/site-packages/airflow/example_dags/example_kubernetes_executor.py
[2025-04-11T12:44:45.580+0000] {processor.py:830} INFO - Processing file /home/airflow/.local/lib/python3.8/site-packages/airflow/example_dags/example_kubernetes_executor.py for tasks to queue
[2025-04-11T12:44:45.581+0000] {logging_mixin.py:188} INFO - [2025-04-11T12:44:45.581+0000] {dagbag.py:538} INFO - Filling up the DagBag from /home/airflow/.local/lib/python3.8/site-packages/airflow/example_dags/example_kubernetes_executor.py
[2025-04-11T12:44:45.588+0000] {processor.py:840} INFO - DAG(s) 'example_kubernetes_executor' retrieved from /home/airflow/.local/lib/python3.8/site-packages/airflow/example_dags/example_kubernetes_executor.py
[2025-04-11T12:44:45.594+0000] {logging_mixin.py:188} INFO - [2025-04-11T12:44:45.594+0000] {dag.py:3036} INFO - Sync 1 DAGs
[2025-04-11T12:44:45.599+0000] {logging_mixin.py:188} INFO - [2025-04-11T12:44:45.599+0000] {dag.py:3823} INFO - Setting next_dagrun for example_kubernetes_executor to None, run_after=None
[2025-04-11T12:44:45.607+0000] {processor.py:183} INFO - Processing /home/airflow/.local/lib/python3.8/site-packages/airflow/example_dags/example_kubernetes_executor.py took 0.030 seconds
[2025-04-11T12:45:15.981+0000] {processor.py:161} INFO - Started process (PID=138) to work on /home/airflow/.local/lib/python3.8/site-packages/airflow/example_dags/example_kubernetes_executor.py
[2025-04-11T12:45:15.982+0000] {processor.py:830} INFO - Processing file /home/airflow/.local/lib/python3.8/site-packages/airflow/example_dags/example_kubernetes_executor.py for tasks to queue
[2025-04-11T12:45:15.984+0000] {logging_mixin.py:188} INFO - [2025-04-11T12:45:15.984+0000] {dagbag.py:538} INFO - Filling up the DagBag from /home/airflow/.local/lib/python3.8/site-packages/airflow/example_dags/example_kubernetes_executor.py
[2025-04-11T12:45:15.990+0000] {processor.py:840} INFO - DAG(s) 'example_kubernetes_executor' retrieved from /home/airflow/.local/lib/python3.8/site-packages/airflow/example_dags/example_kubernetes_executor.py
[2025-04-11T12:45:16.040+0000] {logging_mixin.py:188} INFO - [2025-04-11T12:45:16.040+0000] {dag.py:3036} INFO - Sync 1 DAGs
[2025-04-11T12:45:16.044+0000] {logging_mixin.py:188} INFO - [2025-04-11T12:45:16.043+0000] {dag.py:3823} INFO - Setting next_dagrun for example_kubernetes_executor to None, run_after=None
[2025-04-11T12:45:16.051+0000] {processor.py:183} INFO - Processing /home/airflow/.local/lib/python3.8/site-packages/airflow/example_dags/example_kubernetes_executor.py took 0.071 seconds
[2025-04-11T12:45:46.744+0000] {processor.py:161} INFO - Started process (PID=194) to work on /home/airflow/.local/lib/python3.8/site-packages/airflow/example_dags/example_kubernetes_executor.py
[2025-04-11T12:45:46.745+0000] {processor.py:830} INFO - Processing file /home/airflow/.local/lib/python3.8/site-packages/airflow/example_dags/example_kubernetes_executor.py for tasks to queue
[2025-04-11T12:45:46.746+0000] {logging_mixin.py:188} INFO - [2025-04-11T12:45:46.746+0000] {dagbag.py:538} INFO - Filling up the DagBag from /home/airflow/.local/lib/python3.8/site-packages/airflow/example_dags/example_kubernetes_executor.py
[2025-04-11T12:45:46.753+0000] {processor.py:840} INFO - DAG(s) 'example_kubernetes_executor' retrieved from /home/airflow/.local/lib/python3.8/site-packages/airflow/example_dags/example_kubernetes_executor.py
[2025-04-11T12:45:46.770+0000] {logging_mixin.py:188} INFO - [2025-04-11T12:45:46.770+0000] {dag.py:3036} INFO - Sync 1 DAGs
[2025-04-11T12:45:46.777+0000] {logging_mixin.py:188} INFO - [2025-04-11T12:45:46.777+0000] {dag.py:3823} INFO - Setting next_dagrun for example_kubernetes_executor to None, run_after=None
[2025-04-11T12:45:46.788+0000] {processor.py:183} INFO - Processing /home/airflow/.local/lib/python3.8/site-packages/airflow/example_dags/example_kubernetes_executor.py took 0.045 seconds
[2025-04-11T12:46:17.301+0000] {processor.py:161} INFO - Started process (PID=249) to work on /home/airflow/.local/lib/python3.8/site-packages/airflow/example_dags/example_kubernetes_executor.py
[2025-04-11T12:46:17.301+0000] {processor.py:830} INFO - Processing file /home/airflow/.local/lib/python3.8/site-packages/airflow/example_dags/example_kubernetes_executor.py for tasks to queue
[2025-04-11T12:46:17.302+0000] {logging_mixin.py:188} INFO - [2025-04-11T12:46:17.302+0000] {dagbag.py:538} INFO - Filling up the DagBag from /home/airflow/.local/lib/python3.8/site-packages/airflow/example_dags/example_kubernetes_executor.py
[2025-04-11T12:46:17.314+0000] {processor.py:840} INFO - DAG(s) 'example_kubernetes_executor' retrieved from /home/airflow/.local/lib/python3.8/site-packages/airflow/example_dags/example_kubernetes_executor.py
[2025-04-11T12:46:17.330+0000] {logging_mixin.py:188} INFO - [2025-04-11T12:46:17.330+0000] {dag.py:3036} INFO - Sync 1 DAGs
[2025-04-11T12:46:17.335+0000] {logging_mixin.py:188} INFO - [2025-04-11T12:46:17.335+0000] {dag.py:3823} INFO - Setting next_dagrun for example_kubernetes_executor to None, run_after=None
[2025-04-11T12:46:17.343+0000] {processor.py:183} INFO - Processing /home/airflow/.local/lib/python3.8/site-packages/airflow/example_dags/example_kubernetes_executor.py took 0.046 seconds
[2025-04-11T12:46:47.837+0000] {processor.py:161} INFO - Started process (PID=311) to work on /home/airflow/.local/lib/python3.8/site-packages/airflow/example_dags/example_kubernetes_executor.py
[2025-04-11T12:46:47.837+0000] {processor.py:830} INFO - Processing file /home/airflow/.local/lib/python3.8/site-packages/airflow/example_dags/example_kubernetes_executor.py for tasks to queue
[2025-04-11T12:46:47.838+0000] {logging_mixin.py:188} INFO - [2025-04-11T12:46:47.838+0000] {dagbag.py:538} INFO - Filling up the DagBag from /home/airflow/.local/lib/python3.8/site-packages/airflow/example_dags/example_kubernetes_executor.py
[2025-04-11T12:46:47.844+0000] {processor.py:840} INFO - DAG(s) 'example_kubernetes_executor' retrieved from /home/airflow/.local/lib/python3.8/site-packages/airflow/example_dags/example_kubernetes_executor.py
[2025-04-11T12:46:47.862+0000] {logging_mixin.py:188} INFO - [2025-04-11T12:46:47.862+0000] {dag.py:3036} INFO - Sync 1 DAGs
[2025-04-11T12:46:47.866+0000] {logging_mixin.py:188} INFO - [2025-04-11T12:46:47.866+0000] {dag.py:3823} INFO - Setting next_dagrun for example_kubernetes_executor to None, run_after=None
[2025-04-11T12:46:47.875+0000] {processor.py:183} INFO - Processing /home/airflow/.local/lib/python3.8/site-packages/airflow/example_dags/example_kubernetes_executor.py took 0.040 seconds
[2025-04-11T12:47:18.223+0000] {processor.py:161} INFO - Started process (PID=367) to work on /home/airflow/.local/lib/python3.8/site-packages/airflow/example_dags/example_kubernetes_executor.py
[2025-04-11T12:47:18.223+0000] {processor.py:830} INFO - Processing file /home/airflow/.local/lib/python3.8/site-packages/airflow/example_dags/example_kubernetes_executor.py for tasks to queue
[2025-04-11T12:47:18.224+0000] {logging_mixin.py:188} INFO - [2025-04-11T12:47:18.224+0000] {dagbag.py:538} INFO - Filling up the DagBag from /home/airflow/.local/lib/python3.8/site-packages/airflow/example_dags/example_kubernetes_executor.py
[2025-04-11T12:47:18.231+0000] {processor.py:840} INFO - DAG(s) 'example_kubernetes_executor' retrieved from /home/airflow/.local/lib/python3.8/site-packages/airflow/example_dags/example_kubernetes_executor.py
[2025-04-11T12:47:18.248+0000] {logging_mixin.py:188} INFO - [2025-04-11T12:47:18.248+0000] {dag.py:3036} INFO - Sync 1 DAGs
[2025-04-11T12:47:18.253+0000] {logging_mixin.py:188} INFO - [2025-04-11T12:47:18.253+0000] {dag.py:3823} INFO - Setting next_dagrun for example_kubernetes_executor to None, run_after=None
[2025-04-11T12:47:18.264+0000] {processor.py:183} INFO - Processing /home/airflow/.local/lib/python3.8/site-packages/airflow/example_dags/example_kubernetes_executor.py took 0.043 seconds
[2025-04-11T12:47:48.702+0000] {processor.py:161} INFO - Started process (PID=423) to work on /home/airflow/.local/lib/python3.8/site-packages/airflow/example_dags/example_kubernetes_executor.py
[2025-04-11T12:47:48.703+0000] {processor.py:830} INFO - Processing file /home/airflow/.local/lib/python3.8/site-packages/airflow/example_dags/example_kubernetes_executor.py for tasks to queue
[2025-04-11T12:47:48.704+0000] {logging_mixin.py:188} INFO - [2025-04-11T12:47:48.704+0000] {dagbag.py:538} INFO - Filling up the DagBag from /home/airflow/.local/lib/python3.8/site-packages/airflow/example_dags/example_kubernetes_executor.py
[2025-04-11T12:47:48.711+0000] {processor.py:840} INFO - DAG(s) 'example_kubernetes_executor' retrieved from /home/airflow/.local/lib/python3.8/site-packages/airflow/example_dags/example_kubernetes_executor.py
[2025-04-11T12:47:48.727+0000] {logging_mixin.py:188} INFO - [2025-04-11T12:47:48.727+0000] {dag.py:3036} INFO - Sync 1 DAGs
[2025-04-11T12:47:48.732+0000] {logging_mixin.py:188} INFO - [2025-04-11T12:47:48.732+0000] {dag.py:3823} INFO - Setting next_dagrun for example_kubernetes_executor to None, run_after=None
[2025-04-11T12:47:48.739+0000] {processor.py:183} INFO - Processing /home/airflow/.local/lib/python3.8/site-packages/airflow/example_dags/example_kubernetes_executor.py took 0.039 seconds
[2025-04-11T12:48:19.015+0000] {processor.py:161} INFO - Started process (PID=479) to work on /home/airflow/.local/lib/python3.8/site-packages/airflow/example_dags/example_kubernetes_executor.py
[2025-04-11T12:48:19.015+0000] {processor.py:830} INFO - Processing file /home/airflow/.local/lib/python3.8/site-packages/airflow/example_dags/example_kubernetes_executor.py for tasks to queue
[2025-04-11T12:48:19.016+0000] {logging_mixin.py:188} INFO - [2025-04-11T12:48:19.016+0000] {dagbag.py:538} INFO - Filling up the DagBag from /home/airflow/.local/lib/python3.8/site-packages/airflow/example_dags/example_kubernetes_executor.py
[2025-04-11T12:48:19.023+0000] {processor.py:840} INFO - DAG(s) 'example_kubernetes_executor' retrieved from /home/airflow/.local/lib/python3.8/site-packages/airflow/example_dags/example_kubernetes_executor.py
[2025-04-11T12:48:19.038+0000] {logging_mixin.py:188} INFO - [2025-04-11T12:48:19.038+0000] {dag.py:3036} INFO - Sync 1 DAGs
[2025-04-11T12:48:19.043+0000] {logging_mixin.py:188} INFO - [2025-04-11T12:48:19.042+0000] {dag.py:3823} INFO - Setting next_dagrun for example_kubernetes_executor to None, run_after=None
[2025-04-11T12:48:19.049+0000] {processor.py:183} INFO - Processing /home/airflow/.local/lib/python3.8/site-packages/airflow/example_dags/example_kubernetes_executor.py took 0.035 seconds
[2025-04-11T12:48:49.163+0000] {processor.py:161} INFO - Started process (PID=535) to work on /home/airflow/.local/lib/python3.8/site-packages/airflow/example_dags/example_kubernetes_executor.py
[2025-04-11T12:48:49.164+0000] {processor.py:830} INFO - Processing file /home/airflow/.local/lib/python3.8/site-packages/airflow/example_dags/example_kubernetes_executor.py for tasks to queue
[2025-04-11T12:48:49.164+0000] {logging_mixin.py:188} INFO - [2025-04-11T12:48:49.164+0000] {dagbag.py:538} INFO - Filling up the DagBag from /home/airflow/.local/lib/python3.8/site-packages/airflow/example_dags/example_kubernetes_executor.py
[2025-04-11T12:48:49.170+0000] {processor.py:840} INFO - DAG(s) 'example_kubernetes_executor' retrieved from /home/airflow/.local/lib/python3.8/site-packages/airflow/example_dags/example_kubernetes_executor.py
[2025-04-11T12:48:49.183+0000] {logging_mixin.py:188} INFO - [2025-04-11T12:48:49.183+0000] {dag.py:3036} INFO - Sync 1 DAGs
[2025-04-11T12:48:49.188+0000] {logging_mixin.py:188} INFO - [2025-04-11T12:48:49.188+0000] {dag.py:3823} INFO - Setting next_dagrun for example_kubernetes_executor to None, run_after=None
[2025-04-11T12:48:49.194+0000] {processor.py:183} INFO - Processing /home/airflow/.local/lib/python3.8/site-packages/airflow/example_dags/example_kubernetes_executor.py took 0.032 seconds
[2025-04-11T12:49:19.462+0000] {processor.py:161} INFO - Started process (PID=591) to work on /home/airflow/.local/lib/python3.8/site-packages/airflow/example_dags/example_kubernetes_executor.py
[2025-04-11T12:49:19.462+0000] {processor.py:830} INFO - Processing file /home/airflow/.local/lib/python3.8/site-packages/airflow/example_dags/example_kubernetes_executor.py for tasks to queue
[2025-04-11T12:49:19.463+0000] {logging_mixin.py:188} INFO - [2025-04-11T12:49:19.463+0000] {dagbag.py:538} INFO - Filling up the DagBag from /home/airflow/.local/lib/python3.8/site-packages/airflow/example_dags/example_kubernetes_executor.py
[2025-04-11T12:49:19.470+0000] {processor.py:840} INFO - DAG(s) 'example_kubernetes_executor' retrieved from /home/airflow/.local/lib/python3.8/site-packages/airflow/example_dags/example_kubernetes_executor.py
[2025-04-11T12:49:19.486+0000] {logging_mixin.py:188} INFO - [2025-04-11T12:49:19.486+0000] {dag.py:3036} INFO - Sync 1 DAGs
[2025-04-11T12:49:19.490+0000] {logging_mixin.py:188} INFO - [2025-04-11T12:49:19.490+0000] {dag.py:3823} INFO - Setting next_dagrun for example_kubernetes_executor to None, run_after=None
[2025-04-11T12:49:19.498+0000] {processor.py:183} INFO - Processing /home/airflow/.local/lib/python3.8/site-packages/airflow/example_dags/example_kubernetes_executor.py took 0.037 seconds
[2025-04-11T12:49:49.822+0000] {processor.py:161} INFO - Started process (PID=647) to work on /home/airflow/.local/lib/python3.8/site-packages/airflow/example_dags/example_kubernetes_executor.py
[2025-04-11T12:49:49.823+0000] {processor.py:830} INFO - Processing file /home/airflow/.local/lib/python3.8/site-packages/airflow/example_dags/example_kubernetes_executor.py for tasks to queue
[2025-04-11T12:49:49.823+0000] {logging_mixin.py:188} INFO - [2025-04-11T12:49:49.823+0000] {dagbag.py:538} INFO - Filling up the DagBag from /home/airflow/.local/lib/python3.8/site-packages/airflow/example_dags/example_kubernetes_executor.py
[2025-04-11T12:49:49.829+0000] {processor.py:840} INFO - DAG(s) 'example_kubernetes_executor' retrieved from /home/airflow/.local/lib/python3.8/site-packages/airflow/example_dags/example_kubernetes_executor.py
[2025-04-11T12:49:49.843+0000] {logging_mixin.py:188} INFO - [2025-04-11T12:49:49.843+0000] {dag.py:3036} INFO - Sync 1 DAGs
[2025-04-11T12:49:49.847+0000] {logging_mixin.py:188} INFO - [2025-04-11T12:49:49.847+0000] {dag.py:3823} INFO - Setting next_dagrun for example_kubernetes_executor to None, run_after=None
[2025-04-11T12:49:49.854+0000] {processor.py:183} INFO - Processing /home/airflow/.local/lib/python3.8/site-packages/airflow/example_dags/example_kubernetes_executor.py took 0.033 seconds
[2025-04-11T12:50:20.270+0000] {processor.py:161} INFO - Started process (PID=703) to work on /home/airflow/.local/lib/python3.8/site-packages/airflow/example_dags/example_kubernetes_executor.py
[2025-04-11T12:50:20.270+0000] {processor.py:830} INFO - Processing file /home/airflow/.local/lib/python3.8/site-packages/airflow/example_dags/example_kubernetes_executor.py for tasks to queue
[2025-04-11T12:50:20.271+0000] {logging_mixin.py:188} INFO - [2025-04-11T12:50:20.271+0000] {dagbag.py:538} INFO - Filling up the DagBag from /home/airflow/.local/lib/python3.8/site-packages/airflow/example_dags/example_kubernetes_executor.py
[2025-04-11T12:50:20.276+0000] {processor.py:840} INFO - DAG(s) 'example_kubernetes_executor' retrieved from /home/airflow/.local/lib/python3.8/site-packages/airflow/example_dags/example_kubernetes_executor.py
[2025-04-11T12:50:20.291+0000] {logging_mixin.py:188} INFO - [2025-04-11T12:50:20.290+0000] {dag.py:3036} INFO - Sync 1 DAGs
[2025-04-11T12:50:20.295+0000] {logging_mixin.py:188} INFO - [2025-04-11T12:50:20.295+0000] {dag.py:3823} INFO - Setting next_dagrun for example_kubernetes_executor to None, run_after=None
[2025-04-11T12:50:20.301+0000] {processor.py:183} INFO - Processing /home/airflow/.local/lib/python3.8/site-packages/airflow/example_dags/example_kubernetes_executor.py took 0.033 seconds
[2025-04-11T12:50:50.785+0000] {processor.py:161} INFO - Started process (PID=759) to work on /home/airflow/.local/lib/python3.8/site-packages/airflow/example_dags/example_kubernetes_executor.py
[2025-04-11T12:50:50.785+0000] {processor.py:830} INFO - Processing file /home/airflow/.local/lib/python3.8/site-packages/airflow/example_dags/example_kubernetes_executor.py for tasks to queue
[2025-04-11T12:50:50.786+0000] {logging_mixin.py:188} INFO - [2025-04-11T12:50:50.786+0000] {dagbag.py:538} INFO - Filling up the DagBag from /home/airflow/.local/lib/python3.8/site-packages/airflow/example_dags/example_kubernetes_executor.py
[2025-04-11T12:50:50.792+0000] {processor.py:840} INFO - DAG(s) 'example_kubernetes_executor' retrieved from /home/airflow/.local/lib/python3.8/site-packages/airflow/example_dags/example_kubernetes_executor.py
[2025-04-11T12:50:50.809+0000] {logging_mixin.py:188} INFO - [2025-04-11T12:50:50.809+0000] {dag.py:3036} INFO - Sync 1 DAGs
[2025-04-11T12:50:50.814+0000] {logging_mixin.py:188} INFO - [2025-04-11T12:50:50.814+0000] {dag.py:3823} INFO - Setting next_dagrun for example_kubernetes_executor to None, run_after=None
[2025-04-11T12:50:50.821+0000] {processor.py:183} INFO - Processing /home/airflow/.local/lib/python3.8/site-packages/airflow/example_dags/example_kubernetes_executor.py took 0.038 seconds
[2025-04-11T12:51:21.295+0000] {processor.py:161} INFO - Started process (PID=815) to work on /home/airflow/.local/lib/python3.8/site-packages/airflow/example_dags/example_kubernetes_executor.py
[2025-04-11T12:51:21.297+0000] {processor.py:830} INFO - Processing file /home/airflow/.local/lib/python3.8/site-packages/airflow/example_dags/example_kubernetes_executor.py for tasks to queue
[2025-04-11T12:51:21.300+0000] {logging_mixin.py:188} INFO - [2025-04-11T12:51:21.300+0000] {dagbag.py:538} INFO - Filling up the DagBag from /home/airflow/.local/lib/python3.8/site-packages/airflow/example_dags/example_kubernetes_executor.py
[2025-04-11T12:51:21.306+0000] {processor.py:840} INFO - DAG(s) 'example_kubernetes_executor' retrieved from /home/airflow/.local/lib/python3.8/site-packages/airflow/example_dags/example_kubernetes_executor.py
[2025-04-11T12:51:21.322+0000] {logging_mixin.py:188} INFO - [2025-04-11T12:51:21.322+0000] {dag.py:3036} INFO - Sync 1 DAGs
[2025-04-11T12:51:21.329+0000] {logging_mixin.py:188} INFO - [2025-04-11T12:51:21.329+0000] {dag.py:3823} INFO - Setting next_dagrun for example_kubernetes_executor to None, run_after=None
[2025-04-11T12:51:21.340+0000] {processor.py:183} INFO - Processing /home/airflow/.local/lib/python3.8/site-packages/airflow/example_dags/example_kubernetes_executor.py took 0.047 seconds
[2025-04-11T12:51:51.771+0000] {processor.py:161} INFO - Started process (PID=871) to work on /home/airflow/.local/lib/python3.8/site-packages/airflow/example_dags/example_kubernetes_executor.py
[2025-04-11T12:51:51.772+0000] {processor.py:830} INFO - Processing file /home/airflow/.local/lib/python3.8/site-packages/airflow/example_dags/example_kubernetes_executor.py for tasks to queue
[2025-04-11T12:51:51.772+0000] {logging_mixin.py:188} INFO - [2025-04-11T12:51:51.772+0000] {dagbag.py:538} INFO - Filling up the DagBag from /home/airflow/.local/lib/python3.8/site-packages/airflow/example_dags/example_kubernetes_executor.py
[2025-04-11T12:51:51.778+0000] {processor.py:840} INFO - DAG(s) 'example_kubernetes_executor' retrieved from /home/airflow/.local/lib/python3.8/site-packages/airflow/example_dags/example_kubernetes_executor.py
[2025-04-11T12:51:51.797+0000] {logging_mixin.py:188} INFO - [2025-04-11T12:51:51.796+0000] {dag.py:3036} INFO - Sync 1 DAGs
[2025-04-11T12:51:51.807+0000] {logging_mixin.py:188} INFO - [2025-04-11T12:51:51.806+0000] {dag.py:3823} INFO - Setting next_dagrun for example_kubernetes_executor to None, run_after=None
[2025-04-11T12:51:51.817+0000] {processor.py:183} INFO - Processing /home/airflow/.local/lib/python3.8/site-packages/airflow/example_dags/example_kubernetes_executor.py took 0.047 seconds
[2025-04-11T12:52:22.236+0000] {processor.py:161} INFO - Started process (PID=926) to work on /home/airflow/.local/lib/python3.8/site-packages/airflow/example_dags/example_kubernetes_executor.py
[2025-04-11T12:52:22.238+0000] {processor.py:830} INFO - Processing file /home/airflow/.local/lib/python3.8/site-packages/airflow/example_dags/example_kubernetes_executor.py for tasks to queue
[2025-04-11T12:52:22.239+0000] {logging_mixin.py:188} INFO - [2025-04-11T12:52:22.239+0000] {dagbag.py:538} INFO - Filling up the DagBag from /home/airflow/.local/lib/python3.8/site-packages/airflow/example_dags/example_kubernetes_executor.py
[2025-04-11T12:52:22.245+0000] {processor.py:840} INFO - DAG(s) 'example_kubernetes_executor' retrieved from /home/airflow/.local/lib/python3.8/site-packages/airflow/example_dags/example_kubernetes_executor.py
[2025-04-11T12:52:22.263+0000] {logging_mixin.py:188} INFO - [2025-04-11T12:52:22.262+0000] {dag.py:3036} INFO - Sync 1 DAGs
[2025-04-11T12:52:22.267+0000] {logging_mixin.py:188} INFO - [2025-04-11T12:52:22.267+0000] {dag.py:3823} INFO - Setting next_dagrun for example_kubernetes_executor to None, run_after=None
[2025-04-11T12:52:22.274+0000] {processor.py:183} INFO - Processing /home/airflow/.local/lib/python3.8/site-packages/airflow/example_dags/example_kubernetes_executor.py took 0.040 seconds
[2025-04-11T12:52:52.587+0000] {processor.py:161} INFO - Started process (PID=982) to work on /home/airflow/.local/lib/python3.8/site-packages/airflow/example_dags/example_kubernetes_executor.py
[2025-04-11T12:52:52.588+0000] {processor.py:830} INFO - Processing file /home/airflow/.local/lib/python3.8/site-packages/airflow/example_dags/example_kubernetes_executor.py for tasks to queue
[2025-04-11T12:52:52.588+0000] {logging_mixin.py:188} INFO - [2025-04-11T12:52:52.588+0000] {dagbag.py:538} INFO - Filling up the DagBag from /home/airflow/.local/lib/python3.8/site-packages/airflow/example_dags/example_kubernetes_executor.py
[2025-04-11T12:52:52.595+0000] {processor.py:840} INFO - DAG(s) 'example_kubernetes_executor' retrieved from /home/airflow/.local/lib/python3.8/site-packages/airflow/example_dags/example_kubernetes_executor.py
[2025-04-11T12:52:52.609+0000] {logging_mixin.py:188} INFO - [2025-04-11T12:52:52.609+0000] {dag.py:3036} INFO - Sync 1 DAGs
[2025-04-11T12:52:52.614+0000] {logging_mixin.py:188} INFO - [2025-04-11T12:52:52.614+0000] {dag.py:3823} INFO - Setting next_dagrun for example_kubernetes_executor to None, run_after=None
[2025-04-11T12:52:52.621+0000] {processor.py:183} INFO - Processing /home/airflow/.local/lib/python3.8/site-packages/airflow/example_dags/example_kubernetes_executor.py took 0.036 seconds
[2025-04-11T12:53:22.919+0000] {processor.py:161} INFO - Started process (PID=1038) to work on /home/airflow/.local/lib/python3.8/site-packages/airflow/example_dags/example_kubernetes_executor.py
[2025-04-11T12:53:22.919+0000] {processor.py:830} INFO - Processing file /home/airflow/.local/lib/python3.8/site-packages/airflow/example_dags/example_kubernetes_executor.py for tasks to queue
[2025-04-11T12:53:22.920+0000] {logging_mixin.py:188} INFO - [2025-04-11T12:53:22.920+0000] {dagbag.py:538} INFO - Filling up the DagBag from /home/airflow/.local/lib/python3.8/site-packages/airflow/example_dags/example_kubernetes_executor.py
[2025-04-11T12:53:22.926+0000] {processor.py:840} INFO - DAG(s) 'example_kubernetes_executor' retrieved from /home/airflow/.local/lib/python3.8/site-packages/airflow/example_dags/example_kubernetes_executor.py
[2025-04-11T12:53:22.941+0000] {logging_mixin.py:188} INFO - [2025-04-11T12:53:22.941+0000] {dag.py:3036} INFO - Sync 1 DAGs
[2025-04-11T12:53:22.946+0000] {logging_mixin.py:188} INFO - [2025-04-11T12:53:22.946+0000] {dag.py:3823} INFO - Setting next_dagrun for example_kubernetes_executor to None, run_after=None
[2025-04-11T12:53:22.953+0000] {processor.py:183} INFO - Processing /home/airflow/.local/lib/python3.8/site-packages/airflow/example_dags/example_kubernetes_executor.py took 0.036 seconds
[2025-04-11T12:53:53.175+0000] {processor.py:161} INFO - Started process (PID=1094) to work on /home/airflow/.local/lib/python3.8/site-packages/airflow/example_dags/example_kubernetes_executor.py
[2025-04-11T12:53:53.175+0000] {processor.py:830} INFO - Processing file /home/airflow/.local/lib/python3.8/site-packages/airflow/example_dags/example_kubernetes_executor.py for tasks to queue
[2025-04-11T12:53:53.176+0000] {logging_mixin.py:188} INFO - [2025-04-11T12:53:53.176+0000] {dagbag.py:538} INFO - Filling up the DagBag from /home/airflow/.local/lib/python3.8/site-packages/airflow/example_dags/example_kubernetes_executor.py
[2025-04-11T12:53:53.182+0000] {processor.py:840} INFO - DAG(s) 'example_kubernetes_executor' retrieved from /home/airflow/.local/lib/python3.8/site-packages/airflow/example_dags/example_kubernetes_executor.py
[2025-04-11T12:53:53.196+0000] {logging_mixin.py:188} INFO - [2025-04-11T12:53:53.196+0000] {dag.py:3036} INFO - Sync 1 DAGs
[2025-04-11T12:53:53.201+0000] {logging_mixin.py:188} INFO - [2025-04-11T12:53:53.201+0000] {dag.py:3823} INFO - Setting next_dagrun for example_kubernetes_executor to None, run_after=None
[2025-04-11T12:53:53.208+0000] {processor.py:183} INFO - Processing /home/airflow/.local/lib/python3.8/site-packages/airflow/example_dags/example_kubernetes_executor.py took 0.035 seconds
[2025-04-11T12:54:23.394+0000] {processor.py:161} INFO - Started process (PID=1150) to work on /home/airflow/.local/lib/python3.8/site-packages/airflow/example_dags/example_kubernetes_executor.py
[2025-04-11T12:54:23.395+0000] {processor.py:830} INFO - Processing file /home/airflow/.local/lib/python3.8/site-packages/airflow/example_dags/example_kubernetes_executor.py for tasks to queue
[2025-04-11T12:54:23.396+0000] {logging_mixin.py:188} INFO - [2025-04-11T12:54:23.395+0000] {dagbag.py:538} INFO - Filling up the DagBag from /home/airflow/.local/lib/python3.8/site-packages/airflow/example_dags/example_kubernetes_executor.py
[2025-04-11T12:54:23.402+0000] {processor.py:840} INFO - DAG(s) 'example_kubernetes_executor' retrieved from /home/airflow/.local/lib/python3.8/site-packages/airflow/example_dags/example_kubernetes_executor.py
[2025-04-11T12:54:23.416+0000] {logging_mixin.py:188} INFO - [2025-04-11T12:54:23.416+0000] {dag.py:3036} INFO - Sync 1 DAGs
[2025-04-11T12:54:23.420+0000] {logging_mixin.py:188} INFO - [2025-04-11T12:54:23.420+0000] {dag.py:3823} INFO - Setting next_dagrun for example_kubernetes_executor to None, run_after=None
[2025-04-11T12:54:23.427+0000] {processor.py:183} INFO - Processing /home/airflow/.local/lib/python3.8/site-packages/airflow/example_dags/example_kubernetes_executor.py took 0.034 seconds
[2025-04-11T12:54:53.655+0000] {processor.py:161} INFO - Started process (PID=1206) to work on /home/airflow/.local/lib/python3.8/site-packages/airflow/example_dags/example_kubernetes_executor.py
[2025-04-11T12:54:53.655+0000] {processor.py:830} INFO - Processing file /home/airflow/.local/lib/python3.8/site-packages/airflow/example_dags/example_kubernetes_executor.py for tasks to queue
[2025-04-11T12:54:53.656+0000] {logging_mixin.py:188} INFO - [2025-04-11T12:54:53.656+0000] {dagbag.py:538} INFO - Filling up the DagBag from /home/airflow/.local/lib/python3.8/site-packages/airflow/example_dags/example_kubernetes_executor.py
[2025-04-11T12:54:53.662+0000] {processor.py:840} INFO - DAG(s) 'example_kubernetes_executor' retrieved from /home/airflow/.local/lib/python3.8/site-packages/airflow/example_dags/example_kubernetes_executor.py
[2025-04-11T12:54:53.678+0000] {logging_mixin.py:188} INFO - [2025-04-11T12:54:53.678+0000] {dag.py:3036} INFO - Sync 1 DAGs
[2025-04-11T12:54:53.682+0000] {logging_mixin.py:188} INFO - [2025-04-11T12:54:53.682+0000] {dag.py:3823} INFO - Setting next_dagrun for example_kubernetes_executor to None, run_after=None
[2025-04-11T12:54:53.689+0000] {processor.py:183} INFO - Processing /home/airflow/.local/lib/python3.8/site-packages/airflow/example_dags/example_kubernetes_executor.py took 0.036 seconds
[2025-04-11T12:55:24.033+0000] {processor.py:161} INFO - Started process (PID=1262) to work on /home/airflow/.local/lib/python3.8/site-packages/airflow/example_dags/example_kubernetes_executor.py
[2025-04-11T12:55:24.034+0000] {processor.py:830} INFO - Processing file /home/airflow/.local/lib/python3.8/site-packages/airflow/example_dags/example_kubernetes_executor.py for tasks to queue
[2025-04-11T12:55:24.034+0000] {logging_mixin.py:188} INFO - [2025-04-11T12:55:24.034+0000] {dagbag.py:538} INFO - Filling up the DagBag from /home/airflow/.local/lib/python3.8/site-packages/airflow/example_dags/example_kubernetes_executor.py
[2025-04-11T12:55:24.040+0000] {processor.py:840} INFO - DAG(s) 'example_kubernetes_executor' retrieved from /home/airflow/.local/lib/python3.8/site-packages/airflow/example_dags/example_kubernetes_executor.py
[2025-04-11T12:55:24.058+0000] {logging_mixin.py:188} INFO - [2025-04-11T12:55:24.057+0000] {dag.py:3036} INFO - Sync 1 DAGs
[2025-04-11T12:55:24.062+0000] {logging_mixin.py:188} INFO - [2025-04-11T12:55:24.062+0000] {dag.py:3823} INFO - Setting next_dagrun for example_kubernetes_executor to None, run_after=None
[2025-04-11T12:55:24.071+0000] {processor.py:183} INFO - Processing /home/airflow/.local/lib/python3.8/site-packages/airflow/example_dags/example_kubernetes_executor.py took 0.039 seconds
