[2025-04-11T12:44:44.586+0000] {processor.py:161} INFO - Started process (PID=50) to work on /home/airflow/.local/lib/python3.8/site-packages/airflow/example_dags/example_branch_datetime_operator.py
[2025-04-11T12:44:44.586+0000] {processor.py:830} INFO - Processing file /home/airflow/.local/lib/python3.8/site-packages/airflow/example_dags/example_branch_datetime_operator.py for tasks to queue
[2025-04-11T12:44:44.587+0000] {logging_mixin.py:188} INFO - [2025-04-11T12:44:44.587+0000] {dagbag.py:538} INFO - Filling up the DagBag from /home/airflow/.local/lib/python3.8/site-packages/airflow/example_dags/example_branch_datetime_operator.py
[2025-04-11T12:44:44.598+0000] {processor.py:840} INFO - DAG(s) 'example_branch_datetime_operator_2', 'example_branch_datetime_operator', 'example_branch_datetime_operator_3' retrieved from /home/airflow/.local/lib/python3.8/site-packages/airflow/example_dags/example_branch_datetime_operator.py
[2025-04-11T12:44:44.607+0000] {logging_mixin.py:188} INFO - [2025-04-11T12:44:44.607+0000] {dag.py:3036} INFO - Sync 3 DAGs
[2025-04-11T12:44:44.622+0000] {logging_mixin.py:188} INFO - [2025-04-11T12:44:44.621+0000] {dag.py:3823} INFO - Setting next_dagrun for example_branch_datetime_operator to 2025-04-10 00:00:00+00:00, run_after=2025-04-11 00:00:00+00:00
[2025-04-11T12:44:44.625+0000] {logging_mixin.py:188} INFO - [2025-04-11T12:44:44.625+0000] {dag.py:3823} INFO - Setting next_dagrun for example_branch_datetime_operator_2 to 2025-04-10 00:00:00+00:00, run_after=2025-04-11 00:00:00+00:00
[2025-04-11T12:44:44.627+0000] {logging_mixin.py:188} INFO - [2025-04-11T12:44:44.627+0000] {dag.py:3823} INFO - Setting next_dagrun for example_branch_datetime_operator_3 to 2025-04-10 00:00:00+00:00, run_after=2025-04-11 00:00:00+00:00
[2025-04-11T12:44:44.638+0000] {processor.py:183} INFO - Processing /home/airflow/.local/lib/python3.8/site-packages/airflow/example_dags/example_branch_datetime_operator.py took 0.054 seconds
[2025-04-11T12:45:14.670+0000] {processor.py:161} INFO - Started process (PID=107) to work on /home/airflow/.local/lib/python3.8/site-packages/airflow/example_dags/example_branch_datetime_operator.py
[2025-04-11T12:45:14.670+0000] {processor.py:830} INFO - Processing file /home/airflow/.local/lib/python3.8/site-packages/airflow/example_dags/example_branch_datetime_operator.py for tasks to queue
[2025-04-11T12:45:14.671+0000] {logging_mixin.py:188} INFO - [2025-04-11T12:45:14.671+0000] {dagbag.py:538} INFO - Filling up the DagBag from /home/airflow/.local/lib/python3.8/site-packages/airflow/example_dags/example_branch_datetime_operator.py
[2025-04-11T12:45:14.677+0000] {processor.py:840} INFO - DAG(s) 'example_branch_datetime_operator', 'example_branch_datetime_operator_2', 'example_branch_datetime_operator_3' retrieved from /home/airflow/.local/lib/python3.8/site-packages/airflow/example_dags/example_branch_datetime_operator.py
[2025-04-11T12:45:14.735+0000] {logging_mixin.py:188} INFO - [2025-04-11T12:45:14.735+0000] {dag.py:3036} INFO - Sync 3 DAGs
[2025-04-11T12:45:14.744+0000] {logging_mixin.py:188} INFO - [2025-04-11T12:45:14.744+0000] {dag.py:3823} INFO - Setting next_dagrun for example_branch_datetime_operator to 2025-04-10 00:00:00+00:00, run_after=2025-04-11 00:00:00+00:00
[2025-04-11T12:45:14.745+0000] {logging_mixin.py:188} INFO - [2025-04-11T12:45:14.745+0000] {dag.py:3823} INFO - Setting next_dagrun for example_branch_datetime_operator_2 to 2025-04-10 00:00:00+00:00, run_after=2025-04-11 00:00:00+00:00
[2025-04-11T12:45:14.747+0000] {logging_mixin.py:188} INFO - [2025-04-11T12:45:14.747+0000] {dag.py:3823} INFO - Setting next_dagrun for example_branch_datetime_operator_3 to 2025-04-10 00:00:00+00:00, run_after=2025-04-11 00:00:00+00:00
[2025-04-11T12:45:14.757+0000] {processor.py:183} INFO - Processing /home/airflow/.local/lib/python3.8/site-packages/airflow/example_dags/example_branch_datetime_operator.py took 0.089 seconds
[2025-04-11T12:45:44.795+0000] {processor.py:161} INFO - Started process (PID=163) to work on /home/airflow/.local/lib/python3.8/site-packages/airflow/example_dags/example_branch_datetime_operator.py
[2025-04-11T12:45:44.796+0000] {processor.py:830} INFO - Processing file /home/airflow/.local/lib/python3.8/site-packages/airflow/example_dags/example_branch_datetime_operator.py for tasks to queue
[2025-04-11T12:45:44.796+0000] {logging_mixin.py:188} INFO - [2025-04-11T12:45:44.796+0000] {dagbag.py:538} INFO - Filling up the DagBag from /home/airflow/.local/lib/python3.8/site-packages/airflow/example_dags/example_branch_datetime_operator.py
[2025-04-11T12:45:44.801+0000] {processor.py:840} INFO - DAG(s) 'example_branch_datetime_operator_2', 'example_branch_datetime_operator', 'example_branch_datetime_operator_3' retrieved from /home/airflow/.local/lib/python3.8/site-packages/airflow/example_dags/example_branch_datetime_operator.py
[2025-04-11T12:45:44.815+0000] {logging_mixin.py:188} INFO - [2025-04-11T12:45:44.814+0000] {dag.py:3036} INFO - Sync 3 DAGs
[2025-04-11T12:45:44.825+0000] {logging_mixin.py:188} INFO - [2025-04-11T12:45:44.824+0000] {dag.py:3823} INFO - Setting next_dagrun for example_branch_datetime_operator to 2025-04-10 00:00:00+00:00, run_after=2025-04-11 00:00:00+00:00
[2025-04-11T12:45:44.827+0000] {logging_mixin.py:188} INFO - [2025-04-11T12:45:44.827+0000] {dag.py:3823} INFO - Setting next_dagrun for example_branch_datetime_operator_2 to 2025-04-10 00:00:00+00:00, run_after=2025-04-11 00:00:00+00:00
[2025-04-11T12:45:44.828+0000] {logging_mixin.py:188} INFO - [2025-04-11T12:45:44.828+0000] {dag.py:3823} INFO - Setting next_dagrun for example_branch_datetime_operator_3 to 2025-04-10 00:00:00+00:00, run_after=2025-04-11 00:00:00+00:00
[2025-04-11T12:45:44.835+0000] {processor.py:183} INFO - Processing /home/airflow/.local/lib/python3.8/site-packages/airflow/example_dags/example_branch_datetime_operator.py took 0.042 seconds
[2025-04-11T12:46:15.414+0000] {processor.py:161} INFO - Started process (PID=218) to work on /home/airflow/.local/lib/python3.8/site-packages/airflow/example_dags/example_branch_datetime_operator.py
[2025-04-11T12:46:15.415+0000] {processor.py:830} INFO - Processing file /home/airflow/.local/lib/python3.8/site-packages/airflow/example_dags/example_branch_datetime_operator.py for tasks to queue
[2025-04-11T12:46:15.416+0000] {logging_mixin.py:188} INFO - [2025-04-11T12:46:15.416+0000] {dagbag.py:538} INFO - Filling up the DagBag from /home/airflow/.local/lib/python3.8/site-packages/airflow/example_dags/example_branch_datetime_operator.py
[2025-04-11T12:46:15.420+0000] {processor.py:840} INFO - DAG(s) 'example_branch_datetime_operator_3', 'example_branch_datetime_operator_2', 'example_branch_datetime_operator' retrieved from /home/airflow/.local/lib/python3.8/site-packages/airflow/example_dags/example_branch_datetime_operator.py
[2025-04-11T12:46:15.432+0000] {logging_mixin.py:188} INFO - [2025-04-11T12:46:15.432+0000] {dag.py:3036} INFO - Sync 3 DAGs
[2025-04-11T12:46:15.441+0000] {logging_mixin.py:188} INFO - [2025-04-11T12:46:15.441+0000] {dag.py:3823} INFO - Setting next_dagrun for example_branch_datetime_operator to 2025-04-10 00:00:00+00:00, run_after=2025-04-11 00:00:00+00:00
[2025-04-11T12:46:15.443+0000] {logging_mixin.py:188} INFO - [2025-04-11T12:46:15.443+0000] {dag.py:3823} INFO - Setting next_dagrun for example_branch_datetime_operator_2 to 2025-04-10 00:00:00+00:00, run_after=2025-04-11 00:00:00+00:00
[2025-04-11T12:46:15.445+0000] {logging_mixin.py:188} INFO - [2025-04-11T12:46:15.444+0000] {dag.py:3823} INFO - Setting next_dagrun for example_branch_datetime_operator_3 to 2025-04-10 00:00:00+00:00, run_after=2025-04-11 00:00:00+00:00
[2025-04-11T12:46:15.452+0000] {processor.py:183} INFO - Processing /home/airflow/.local/lib/python3.8/site-packages/airflow/example_dags/example_branch_datetime_operator.py took 0.040 seconds
[2025-04-11T12:46:46.047+0000] {processor.py:161} INFO - Started process (PID=274) to work on /home/airflow/.local/lib/python3.8/site-packages/airflow/example_dags/example_branch_datetime_operator.py
[2025-04-11T12:46:46.047+0000] {processor.py:830} INFO - Processing file /home/airflow/.local/lib/python3.8/site-packages/airflow/example_dags/example_branch_datetime_operator.py for tasks to queue
[2025-04-11T12:46:46.048+0000] {logging_mixin.py:188} INFO - [2025-04-11T12:46:46.048+0000] {dagbag.py:538} INFO - Filling up the DagBag from /home/airflow/.local/lib/python3.8/site-packages/airflow/example_dags/example_branch_datetime_operator.py
[2025-04-11T12:46:46.052+0000] {processor.py:840} INFO - DAG(s) 'example_branch_datetime_operator', 'example_branch_datetime_operator_3', 'example_branch_datetime_operator_2' retrieved from /home/airflow/.local/lib/python3.8/site-packages/airflow/example_dags/example_branch_datetime_operator.py
[2025-04-11T12:46:46.065+0000] {logging_mixin.py:188} INFO - [2025-04-11T12:46:46.065+0000] {dag.py:3036} INFO - Sync 3 DAGs
[2025-04-11T12:46:46.074+0000] {logging_mixin.py:188} INFO - [2025-04-11T12:46:46.074+0000] {dag.py:3823} INFO - Setting next_dagrun for example_branch_datetime_operator to 2025-04-10 00:00:00+00:00, run_after=2025-04-11 00:00:00+00:00
[2025-04-11T12:46:46.076+0000] {logging_mixin.py:188} INFO - [2025-04-11T12:46:46.076+0000] {dag.py:3823} INFO - Setting next_dagrun for example_branch_datetime_operator_2 to 2025-04-10 00:00:00+00:00, run_after=2025-04-11 00:00:00+00:00
[2025-04-11T12:46:46.077+0000] {logging_mixin.py:188} INFO - [2025-04-11T12:46:46.077+0000] {dag.py:3823} INFO - Setting next_dagrun for example_branch_datetime_operator_3 to 2025-04-10 00:00:00+00:00, run_after=2025-04-11 00:00:00+00:00
[2025-04-11T12:46:46.084+0000] {processor.py:183} INFO - Processing /home/airflow/.local/lib/python3.8/site-packages/airflow/example_dags/example_branch_datetime_operator.py took 0.039 seconds
[2025-04-11T12:47:16.493+0000] {processor.py:161} INFO - Started process (PID=330) to work on /home/airflow/.local/lib/python3.8/site-packages/airflow/example_dags/example_branch_datetime_operator.py
[2025-04-11T12:47:16.494+0000] {processor.py:830} INFO - Processing file /home/airflow/.local/lib/python3.8/site-packages/airflow/example_dags/example_branch_datetime_operator.py for tasks to queue
[2025-04-11T12:47:16.495+0000] {logging_mixin.py:188} INFO - [2025-04-11T12:47:16.495+0000] {dagbag.py:538} INFO - Filling up the DagBag from /home/airflow/.local/lib/python3.8/site-packages/airflow/example_dags/example_branch_datetime_operator.py
[2025-04-11T12:47:16.499+0000] {processor.py:840} INFO - DAG(s) 'example_branch_datetime_operator_2', 'example_branch_datetime_operator', 'example_branch_datetime_operator_3' retrieved from /home/airflow/.local/lib/python3.8/site-packages/airflow/example_dags/example_branch_datetime_operator.py
[2025-04-11T12:47:16.511+0000] {logging_mixin.py:188} INFO - [2025-04-11T12:47:16.511+0000] {dag.py:3036} INFO - Sync 3 DAGs
[2025-04-11T12:47:16.519+0000] {logging_mixin.py:188} INFO - [2025-04-11T12:47:16.519+0000] {dag.py:3823} INFO - Setting next_dagrun for example_branch_datetime_operator to 2025-04-10 00:00:00+00:00, run_after=2025-04-11 00:00:00+00:00
[2025-04-11T12:47:16.523+0000] {logging_mixin.py:188} INFO - [2025-04-11T12:47:16.522+0000] {dag.py:3823} INFO - Setting next_dagrun for example_branch_datetime_operator_2 to 2025-04-10 00:00:00+00:00, run_after=2025-04-11 00:00:00+00:00
[2025-04-11T12:47:16.523+0000] {logging_mixin.py:188} INFO - [2025-04-11T12:47:16.523+0000] {dag.py:3823} INFO - Setting next_dagrun for example_branch_datetime_operator_3 to 2025-04-10 00:00:00+00:00, run_after=2025-04-11 00:00:00+00:00
[2025-04-11T12:47:16.532+0000] {processor.py:183} INFO - Processing /home/airflow/.local/lib/python3.8/site-packages/airflow/example_dags/example_branch_datetime_operator.py took 0.041 seconds
[2025-04-11T12:47:46.921+0000] {processor.py:161} INFO - Started process (PID=386) to work on /home/airflow/.local/lib/python3.8/site-packages/airflow/example_dags/example_branch_datetime_operator.py
[2025-04-11T12:47:46.922+0000] {processor.py:830} INFO - Processing file /home/airflow/.local/lib/python3.8/site-packages/airflow/example_dags/example_branch_datetime_operator.py for tasks to queue
[2025-04-11T12:47:46.924+0000] {logging_mixin.py:188} INFO - [2025-04-11T12:47:46.924+0000] {dagbag.py:538} INFO - Filling up the DagBag from /home/airflow/.local/lib/python3.8/site-packages/airflow/example_dags/example_branch_datetime_operator.py
[2025-04-11T12:47:46.928+0000] {processor.py:840} INFO - DAG(s) 'example_branch_datetime_operator', 'example_branch_datetime_operator_3', 'example_branch_datetime_operator_2' retrieved from /home/airflow/.local/lib/python3.8/site-packages/airflow/example_dags/example_branch_datetime_operator.py
[2025-04-11T12:47:46.940+0000] {logging_mixin.py:188} INFO - [2025-04-11T12:47:46.940+0000] {dag.py:3036} INFO - Sync 3 DAGs
[2025-04-11T12:47:46.949+0000] {logging_mixin.py:188} INFO - [2025-04-11T12:47:46.949+0000] {dag.py:3823} INFO - Setting next_dagrun for example_branch_datetime_operator to 2025-04-10 00:00:00+00:00, run_after=2025-04-11 00:00:00+00:00
[2025-04-11T12:47:46.952+0000] {logging_mixin.py:188} INFO - [2025-04-11T12:47:46.951+0000] {dag.py:3823} INFO - Setting next_dagrun for example_branch_datetime_operator_2 to 2025-04-10 00:00:00+00:00, run_after=2025-04-11 00:00:00+00:00
[2025-04-11T12:47:46.953+0000] {logging_mixin.py:188} INFO - [2025-04-11T12:47:46.953+0000] {dag.py:3823} INFO - Setting next_dagrun for example_branch_datetime_operator_3 to 2025-04-10 00:00:00+00:00, run_after=2025-04-11 00:00:00+00:00
[2025-04-11T12:47:46.960+0000] {processor.py:183} INFO - Processing /home/airflow/.local/lib/python3.8/site-packages/airflow/example_dags/example_branch_datetime_operator.py took 0.041 seconds
[2025-04-11T12:48:17.282+0000] {processor.py:161} INFO - Started process (PID=442) to work on /home/airflow/.local/lib/python3.8/site-packages/airflow/example_dags/example_branch_datetime_operator.py
[2025-04-11T12:48:17.282+0000] {processor.py:830} INFO - Processing file /home/airflow/.local/lib/python3.8/site-packages/airflow/example_dags/example_branch_datetime_operator.py for tasks to queue
[2025-04-11T12:48:17.283+0000] {logging_mixin.py:188} INFO - [2025-04-11T12:48:17.283+0000] {dagbag.py:538} INFO - Filling up the DagBag from /home/airflow/.local/lib/python3.8/site-packages/airflow/example_dags/example_branch_datetime_operator.py
[2025-04-11T12:48:17.287+0000] {processor.py:840} INFO - DAG(s) 'example_branch_datetime_operator_3', 'example_branch_datetime_operator', 'example_branch_datetime_operator_2' retrieved from /home/airflow/.local/lib/python3.8/site-packages/airflow/example_dags/example_branch_datetime_operator.py
[2025-04-11T12:48:17.299+0000] {logging_mixin.py:188} INFO - [2025-04-11T12:48:17.299+0000] {dag.py:3036} INFO - Sync 3 DAGs
[2025-04-11T12:48:17.309+0000] {logging_mixin.py:188} INFO - [2025-04-11T12:48:17.309+0000] {dag.py:3823} INFO - Setting next_dagrun for example_branch_datetime_operator to 2025-04-10 00:00:00+00:00, run_after=2025-04-11 00:00:00+00:00
[2025-04-11T12:48:17.311+0000] {logging_mixin.py:188} INFO - [2025-04-11T12:48:17.311+0000] {dag.py:3823} INFO - Setting next_dagrun for example_branch_datetime_operator_2 to 2025-04-10 00:00:00+00:00, run_after=2025-04-11 00:00:00+00:00
[2025-04-11T12:48:17.312+0000] {logging_mixin.py:188} INFO - [2025-04-11T12:48:17.312+0000] {dag.py:3823} INFO - Setting next_dagrun for example_branch_datetime_operator_3 to 2025-04-10 00:00:00+00:00, run_after=2025-04-11 00:00:00+00:00
[2025-04-11T12:48:17.319+0000] {processor.py:183} INFO - Processing /home/airflow/.local/lib/python3.8/site-packages/airflow/example_dags/example_branch_datetime_operator.py took 0.039 seconds
[2025-04-11T12:48:47.524+0000] {processor.py:161} INFO - Started process (PID=498) to work on /home/airflow/.local/lib/python3.8/site-packages/airflow/example_dags/example_branch_datetime_operator.py
[2025-04-11T12:48:47.525+0000] {processor.py:830} INFO - Processing file /home/airflow/.local/lib/python3.8/site-packages/airflow/example_dags/example_branch_datetime_operator.py for tasks to queue
[2025-04-11T12:48:47.525+0000] {logging_mixin.py:188} INFO - [2025-04-11T12:48:47.525+0000] {dagbag.py:538} INFO - Filling up the DagBag from /home/airflow/.local/lib/python3.8/site-packages/airflow/example_dags/example_branch_datetime_operator.py
[2025-04-11T12:48:47.530+0000] {processor.py:840} INFO - DAG(s) 'example_branch_datetime_operator_2', 'example_branch_datetime_operator_3', 'example_branch_datetime_operator' retrieved from /home/airflow/.local/lib/python3.8/site-packages/airflow/example_dags/example_branch_datetime_operator.py
[2025-04-11T12:48:47.539+0000] {logging_mixin.py:188} INFO - [2025-04-11T12:48:47.539+0000] {dag.py:3036} INFO - Sync 3 DAGs
[2025-04-11T12:48:47.547+0000] {logging_mixin.py:188} INFO - [2025-04-11T12:48:47.547+0000] {dag.py:3823} INFO - Setting next_dagrun for example_branch_datetime_operator to 2025-04-10 00:00:00+00:00, run_after=2025-04-11 00:00:00+00:00
[2025-04-11T12:48:47.549+0000] {logging_mixin.py:188} INFO - [2025-04-11T12:48:47.549+0000] {dag.py:3823} INFO - Setting next_dagrun for example_branch_datetime_operator_2 to 2025-04-10 00:00:00+00:00, run_after=2025-04-11 00:00:00+00:00
[2025-04-11T12:48:47.550+0000] {logging_mixin.py:188} INFO - [2025-04-11T12:48:47.550+0000] {dag.py:3823} INFO - Setting next_dagrun for example_branch_datetime_operator_3 to 2025-04-10 00:00:00+00:00, run_after=2025-04-11 00:00:00+00:00
[2025-04-11T12:48:47.557+0000] {processor.py:183} INFO - Processing /home/airflow/.local/lib/python3.8/site-packages/airflow/example_dags/example_branch_datetime_operator.py took 0.034 seconds
[2025-04-11T12:49:17.700+0000] {processor.py:161} INFO - Started process (PID=554) to work on /home/airflow/.local/lib/python3.8/site-packages/airflow/example_dags/example_branch_datetime_operator.py
[2025-04-11T12:49:17.701+0000] {processor.py:830} INFO - Processing file /home/airflow/.local/lib/python3.8/site-packages/airflow/example_dags/example_branch_datetime_operator.py for tasks to queue
[2025-04-11T12:49:17.701+0000] {logging_mixin.py:188} INFO - [2025-04-11T12:49:17.701+0000] {dagbag.py:538} INFO - Filling up the DagBag from /home/airflow/.local/lib/python3.8/site-packages/airflow/example_dags/example_branch_datetime_operator.py
[2025-04-11T12:49:17.706+0000] {processor.py:840} INFO - DAG(s) 'example_branch_datetime_operator_2', 'example_branch_datetime_operator_3', 'example_branch_datetime_operator' retrieved from /home/airflow/.local/lib/python3.8/site-packages/airflow/example_dags/example_branch_datetime_operator.py
[2025-04-11T12:49:17.716+0000] {logging_mixin.py:188} INFO - [2025-04-11T12:49:17.716+0000] {dag.py:3036} INFO - Sync 3 DAGs
[2025-04-11T12:49:17.724+0000] {logging_mixin.py:188} INFO - [2025-04-11T12:49:17.724+0000] {dag.py:3823} INFO - Setting next_dagrun for example_branch_datetime_operator to 2025-04-10 00:00:00+00:00, run_after=2025-04-11 00:00:00+00:00
[2025-04-11T12:49:17.726+0000] {logging_mixin.py:188} INFO - [2025-04-11T12:49:17.726+0000] {dag.py:3823} INFO - Setting next_dagrun for example_branch_datetime_operator_2 to 2025-04-10 00:00:00+00:00, run_after=2025-04-11 00:00:00+00:00
[2025-04-11T12:49:17.727+0000] {logging_mixin.py:188} INFO - [2025-04-11T12:49:17.727+0000] {dag.py:3823} INFO - Setting next_dagrun for example_branch_datetime_operator_3 to 2025-04-10 00:00:00+00:00, run_after=2025-04-11 00:00:00+00:00
[2025-04-11T12:49:17.732+0000] {processor.py:183} INFO - Processing /home/airflow/.local/lib/python3.8/site-packages/airflow/example_dags/example_branch_datetime_operator.py took 0.034 seconds
[2025-04-11T12:49:48.111+0000] {processor.py:161} INFO - Started process (PID=616) to work on /home/airflow/.local/lib/python3.8/site-packages/airflow/example_dags/example_branch_datetime_operator.py
[2025-04-11T12:49:48.112+0000] {processor.py:830} INFO - Processing file /home/airflow/.local/lib/python3.8/site-packages/airflow/example_dags/example_branch_datetime_operator.py for tasks to queue
[2025-04-11T12:49:48.112+0000] {logging_mixin.py:188} INFO - [2025-04-11T12:49:48.112+0000] {dagbag.py:538} INFO - Filling up the DagBag from /home/airflow/.local/lib/python3.8/site-packages/airflow/example_dags/example_branch_datetime_operator.py
[2025-04-11T12:49:48.116+0000] {processor.py:840} INFO - DAG(s) 'example_branch_datetime_operator', 'example_branch_datetime_operator_3', 'example_branch_datetime_operator_2' retrieved from /home/airflow/.local/lib/python3.8/site-packages/airflow/example_dags/example_branch_datetime_operator.py
[2025-04-11T12:49:48.127+0000] {logging_mixin.py:188} INFO - [2025-04-11T12:49:48.127+0000] {dag.py:3036} INFO - Sync 3 DAGs
[2025-04-11T12:49:48.135+0000] {logging_mixin.py:188} INFO - [2025-04-11T12:49:48.134+0000] {dag.py:3823} INFO - Setting next_dagrun for example_branch_datetime_operator to 2025-04-10 00:00:00+00:00, run_after=2025-04-11 00:00:00+00:00
[2025-04-11T12:49:48.136+0000] {logging_mixin.py:188} INFO - [2025-04-11T12:49:48.136+0000] {dag.py:3823} INFO - Setting next_dagrun for example_branch_datetime_operator_2 to 2025-04-10 00:00:00+00:00, run_after=2025-04-11 00:00:00+00:00
[2025-04-11T12:49:48.137+0000] {logging_mixin.py:188} INFO - [2025-04-11T12:49:48.137+0000] {dag.py:3823} INFO - Setting next_dagrun for example_branch_datetime_operator_3 to 2025-04-10 00:00:00+00:00, run_after=2025-04-11 00:00:00+00:00
[2025-04-11T12:49:48.143+0000] {processor.py:183} INFO - Processing /home/airflow/.local/lib/python3.8/site-packages/airflow/example_dags/example_branch_datetime_operator.py took 0.033 seconds
[2025-04-11T12:50:18.433+0000] {processor.py:161} INFO - Started process (PID=672) to work on /home/airflow/.local/lib/python3.8/site-packages/airflow/example_dags/example_branch_datetime_operator.py
[2025-04-11T12:50:18.433+0000] {processor.py:830} INFO - Processing file /home/airflow/.local/lib/python3.8/site-packages/airflow/example_dags/example_branch_datetime_operator.py for tasks to queue
[2025-04-11T12:50:18.434+0000] {logging_mixin.py:188} INFO - [2025-04-11T12:50:18.434+0000] {dagbag.py:538} INFO - Filling up the DagBag from /home/airflow/.local/lib/python3.8/site-packages/airflow/example_dags/example_branch_datetime_operator.py
[2025-04-11T12:50:18.438+0000] {processor.py:840} INFO - DAG(s) 'example_branch_datetime_operator', 'example_branch_datetime_operator_2', 'example_branch_datetime_operator_3' retrieved from /home/airflow/.local/lib/python3.8/site-packages/airflow/example_dags/example_branch_datetime_operator.py
[2025-04-11T12:50:18.449+0000] {logging_mixin.py:188} INFO - [2025-04-11T12:50:18.449+0000] {dag.py:3036} INFO - Sync 3 DAGs
[2025-04-11T12:50:18.456+0000] {logging_mixin.py:188} INFO - [2025-04-11T12:50:18.456+0000] {dag.py:3823} INFO - Setting next_dagrun for example_branch_datetime_operator to 2025-04-10 00:00:00+00:00, run_after=2025-04-11 00:00:00+00:00
[2025-04-11T12:50:18.458+0000] {logging_mixin.py:188} INFO - [2025-04-11T12:50:18.458+0000] {dag.py:3823} INFO - Setting next_dagrun for example_branch_datetime_operator_2 to 2025-04-10 00:00:00+00:00, run_after=2025-04-11 00:00:00+00:00
[2025-04-11T12:50:18.459+0000] {logging_mixin.py:188} INFO - [2025-04-11T12:50:18.459+0000] {dag.py:3823} INFO - Setting next_dagrun for example_branch_datetime_operator_3 to 2025-04-10 00:00:00+00:00, run_after=2025-04-11 00:00:00+00:00
[2025-04-11T12:50:18.465+0000] {processor.py:183} INFO - Processing /home/airflow/.local/lib/python3.8/site-packages/airflow/example_dags/example_branch_datetime_operator.py took 0.033 seconds
[2025-04-11T12:50:49.007+0000] {processor.py:161} INFO - Started process (PID=728) to work on /home/airflow/.local/lib/python3.8/site-packages/airflow/example_dags/example_branch_datetime_operator.py
[2025-04-11T12:50:49.007+0000] {processor.py:830} INFO - Processing file /home/airflow/.local/lib/python3.8/site-packages/airflow/example_dags/example_branch_datetime_operator.py for tasks to queue
[2025-04-11T12:50:49.008+0000] {logging_mixin.py:188} INFO - [2025-04-11T12:50:49.008+0000] {dagbag.py:538} INFO - Filling up the DagBag from /home/airflow/.local/lib/python3.8/site-packages/airflow/example_dags/example_branch_datetime_operator.py
[2025-04-11T12:50:49.012+0000] {processor.py:840} INFO - DAG(s) 'example_branch_datetime_operator_3', 'example_branch_datetime_operator', 'example_branch_datetime_operator_2' retrieved from /home/airflow/.local/lib/python3.8/site-packages/airflow/example_dags/example_branch_datetime_operator.py
[2025-04-11T12:50:49.023+0000] {logging_mixin.py:188} INFO - [2025-04-11T12:50:49.023+0000] {dag.py:3036} INFO - Sync 3 DAGs
[2025-04-11T12:50:49.031+0000] {logging_mixin.py:188} INFO - [2025-04-11T12:50:49.031+0000] {dag.py:3823} INFO - Setting next_dagrun for example_branch_datetime_operator to 2025-04-10 00:00:00+00:00, run_after=2025-04-11 00:00:00+00:00
[2025-04-11T12:50:49.032+0000] {logging_mixin.py:188} INFO - [2025-04-11T12:50:49.032+0000] {dag.py:3823} INFO - Setting next_dagrun for example_branch_datetime_operator_2 to 2025-04-10 00:00:00+00:00, run_after=2025-04-11 00:00:00+00:00
[2025-04-11T12:50:49.033+0000] {logging_mixin.py:188} INFO - [2025-04-11T12:50:49.033+0000] {dag.py:3823} INFO - Setting next_dagrun for example_branch_datetime_operator_3 to 2025-04-10 00:00:00+00:00, run_after=2025-04-11 00:00:00+00:00
[2025-04-11T12:50:49.039+0000] {processor.py:183} INFO - Processing /home/airflow/.local/lib/python3.8/site-packages/airflow/example_dags/example_branch_datetime_operator.py took 0.033 seconds
[2025-04-11T12:51:19.497+0000] {processor.py:161} INFO - Started process (PID=784) to work on /home/airflow/.local/lib/python3.8/site-packages/airflow/example_dags/example_branch_datetime_operator.py
[2025-04-11T12:51:19.497+0000] {processor.py:830} INFO - Processing file /home/airflow/.local/lib/python3.8/site-packages/airflow/example_dags/example_branch_datetime_operator.py for tasks to queue
[2025-04-11T12:51:19.498+0000] {logging_mixin.py:188} INFO - [2025-04-11T12:51:19.498+0000] {dagbag.py:538} INFO - Filling up the DagBag from /home/airflow/.local/lib/python3.8/site-packages/airflow/example_dags/example_branch_datetime_operator.py
[2025-04-11T12:51:19.502+0000] {processor.py:840} INFO - DAG(s) 'example_branch_datetime_operator_2', 'example_branch_datetime_operator_3', 'example_branch_datetime_operator' retrieved from /home/airflow/.local/lib/python3.8/site-packages/airflow/example_dags/example_branch_datetime_operator.py
[2025-04-11T12:51:19.512+0000] {logging_mixin.py:188} INFO - [2025-04-11T12:51:19.512+0000] {dag.py:3036} INFO - Sync 3 DAGs
[2025-04-11T12:51:19.520+0000] {logging_mixin.py:188} INFO - [2025-04-11T12:51:19.520+0000] {dag.py:3823} INFO - Setting next_dagrun for example_branch_datetime_operator to 2025-04-10 00:00:00+00:00, run_after=2025-04-11 00:00:00+00:00
[2025-04-11T12:51:19.522+0000] {logging_mixin.py:188} INFO - [2025-04-11T12:51:19.522+0000] {dag.py:3823} INFO - Setting next_dagrun for example_branch_datetime_operator_2 to 2025-04-10 00:00:00+00:00, run_after=2025-04-11 00:00:00+00:00
[2025-04-11T12:51:19.523+0000] {logging_mixin.py:188} INFO - [2025-04-11T12:51:19.523+0000] {dag.py:3823} INFO - Setting next_dagrun for example_branch_datetime_operator_3 to 2025-04-10 00:00:00+00:00, run_after=2025-04-11 00:00:00+00:00
[2025-04-11T12:51:19.530+0000] {processor.py:183} INFO - Processing /home/airflow/.local/lib/python3.8/site-packages/airflow/example_dags/example_branch_datetime_operator.py took 0.035 seconds
[2025-04-11T12:51:49.994+0000] {processor.py:161} INFO - Started process (PID=840) to work on /home/airflow/.local/lib/python3.8/site-packages/airflow/example_dags/example_branch_datetime_operator.py
[2025-04-11T12:51:49.995+0000] {processor.py:830} INFO - Processing file /home/airflow/.local/lib/python3.8/site-packages/airflow/example_dags/example_branch_datetime_operator.py for tasks to queue
[2025-04-11T12:51:49.996+0000] {logging_mixin.py:188} INFO - [2025-04-11T12:51:49.995+0000] {dagbag.py:538} INFO - Filling up the DagBag from /home/airflow/.local/lib/python3.8/site-packages/airflow/example_dags/example_branch_datetime_operator.py
[2025-04-11T12:51:49.999+0000] {processor.py:840} INFO - DAG(s) 'example_branch_datetime_operator', 'example_branch_datetime_operator_3', 'example_branch_datetime_operator_2' retrieved from /home/airflow/.local/lib/python3.8/site-packages/airflow/example_dags/example_branch_datetime_operator.py
[2025-04-11T12:51:50.010+0000] {logging_mixin.py:188} INFO - [2025-04-11T12:51:50.010+0000] {dag.py:3036} INFO - Sync 3 DAGs
[2025-04-11T12:51:50.017+0000] {logging_mixin.py:188} INFO - [2025-04-11T12:51:50.017+0000] {dag.py:3823} INFO - Setting next_dagrun for example_branch_datetime_operator to 2025-04-10 00:00:00+00:00, run_after=2025-04-11 00:00:00+00:00
[2025-04-11T12:51:50.019+0000] {logging_mixin.py:188} INFO - [2025-04-11T12:51:50.019+0000] {dag.py:3823} INFO - Setting next_dagrun for example_branch_datetime_operator_2 to 2025-04-10 00:00:00+00:00, run_after=2025-04-11 00:00:00+00:00
[2025-04-11T12:51:50.020+0000] {logging_mixin.py:188} INFO - [2025-04-11T12:51:50.020+0000] {dag.py:3823} INFO - Setting next_dagrun for example_branch_datetime_operator_3 to 2025-04-10 00:00:00+00:00, run_after=2025-04-11 00:00:00+00:00
[2025-04-11T12:51:50.025+0000] {processor.py:183} INFO - Processing /home/airflow/.local/lib/python3.8/site-packages/airflow/example_dags/example_branch_datetime_operator.py took 0.032 seconds
[2025-04-11T12:52:20.456+0000] {processor.py:161} INFO - Started process (PID=895) to work on /home/airflow/.local/lib/python3.8/site-packages/airflow/example_dags/example_branch_datetime_operator.py
[2025-04-11T12:52:20.456+0000] {processor.py:830} INFO - Processing file /home/airflow/.local/lib/python3.8/site-packages/airflow/example_dags/example_branch_datetime_operator.py for tasks to queue
[2025-04-11T12:52:20.457+0000] {logging_mixin.py:188} INFO - [2025-04-11T12:52:20.457+0000] {dagbag.py:538} INFO - Filling up the DagBag from /home/airflow/.local/lib/python3.8/site-packages/airflow/example_dags/example_branch_datetime_operator.py
[2025-04-11T12:52:20.461+0000] {processor.py:840} INFO - DAG(s) 'example_branch_datetime_operator_3', 'example_branch_datetime_operator_2', 'example_branch_datetime_operator' retrieved from /home/airflow/.local/lib/python3.8/site-packages/airflow/example_dags/example_branch_datetime_operator.py
[2025-04-11T12:52:20.472+0000] {logging_mixin.py:188} INFO - [2025-04-11T12:52:20.472+0000] {dag.py:3036} INFO - Sync 3 DAGs
[2025-04-11T12:52:20.480+0000] {logging_mixin.py:188} INFO - [2025-04-11T12:52:20.480+0000] {dag.py:3823} INFO - Setting next_dagrun for example_branch_datetime_operator to 2025-04-10 00:00:00+00:00, run_after=2025-04-11 00:00:00+00:00
[2025-04-11T12:52:20.482+0000] {logging_mixin.py:188} INFO - [2025-04-11T12:52:20.482+0000] {dag.py:3823} INFO - Setting next_dagrun for example_branch_datetime_operator_2 to 2025-04-10 00:00:00+00:00, run_after=2025-04-11 00:00:00+00:00
[2025-04-11T12:52:20.483+0000] {logging_mixin.py:188} INFO - [2025-04-11T12:52:20.483+0000] {dag.py:3823} INFO - Setting next_dagrun for example_branch_datetime_operator_3 to 2025-04-10 00:00:00+00:00, run_after=2025-04-11 00:00:00+00:00
[2025-04-11T12:52:20.492+0000] {processor.py:183} INFO - Processing /home/airflow/.local/lib/python3.8/site-packages/airflow/example_dags/example_branch_datetime_operator.py took 0.038 seconds
[2025-04-11T12:52:50.852+0000] {processor.py:161} INFO - Started process (PID=951) to work on /home/airflow/.local/lib/python3.8/site-packages/airflow/example_dags/example_branch_datetime_operator.py
[2025-04-11T12:52:50.852+0000] {processor.py:830} INFO - Processing file /home/airflow/.local/lib/python3.8/site-packages/airflow/example_dags/example_branch_datetime_operator.py for tasks to queue
[2025-04-11T12:52:50.853+0000] {logging_mixin.py:188} INFO - [2025-04-11T12:52:50.853+0000] {dagbag.py:538} INFO - Filling up the DagBag from /home/airflow/.local/lib/python3.8/site-packages/airflow/example_dags/example_branch_datetime_operator.py
[2025-04-11T12:52:50.857+0000] {processor.py:840} INFO - DAG(s) 'example_branch_datetime_operator', 'example_branch_datetime_operator_2', 'example_branch_datetime_operator_3' retrieved from /home/airflow/.local/lib/python3.8/site-packages/airflow/example_dags/example_branch_datetime_operator.py
[2025-04-11T12:52:50.867+0000] {logging_mixin.py:188} INFO - [2025-04-11T12:52:50.867+0000] {dag.py:3036} INFO - Sync 3 DAGs
[2025-04-11T12:52:50.875+0000] {logging_mixin.py:188} INFO - [2025-04-11T12:52:50.875+0000] {dag.py:3823} INFO - Setting next_dagrun for example_branch_datetime_operator to 2025-04-10 00:00:00+00:00, run_after=2025-04-11 00:00:00+00:00
[2025-04-11T12:52:50.877+0000] {logging_mixin.py:188} INFO - [2025-04-11T12:52:50.877+0000] {dag.py:3823} INFO - Setting next_dagrun for example_branch_datetime_operator_2 to 2025-04-10 00:00:00+00:00, run_after=2025-04-11 00:00:00+00:00
[2025-04-11T12:52:50.878+0000] {logging_mixin.py:188} INFO - [2025-04-11T12:52:50.877+0000] {dag.py:3823} INFO - Setting next_dagrun for example_branch_datetime_operator_3 to 2025-04-10 00:00:00+00:00, run_after=2025-04-11 00:00:00+00:00
[2025-04-11T12:52:50.883+0000] {processor.py:183} INFO - Processing /home/airflow/.local/lib/python3.8/site-packages/airflow/example_dags/example_branch_datetime_operator.py took 0.033 seconds
[2025-04-11T12:53:21.165+0000] {processor.py:161} INFO - Started process (PID=1007) to work on /home/airflow/.local/lib/python3.8/site-packages/airflow/example_dags/example_branch_datetime_operator.py
[2025-04-11T12:53:21.165+0000] {processor.py:830} INFO - Processing file /home/airflow/.local/lib/python3.8/site-packages/airflow/example_dags/example_branch_datetime_operator.py for tasks to queue
[2025-04-11T12:53:21.166+0000] {logging_mixin.py:188} INFO - [2025-04-11T12:53:21.166+0000] {dagbag.py:538} INFO - Filling up the DagBag from /home/airflow/.local/lib/python3.8/site-packages/airflow/example_dags/example_branch_datetime_operator.py
[2025-04-11T12:53:21.171+0000] {processor.py:840} INFO - DAG(s) 'example_branch_datetime_operator_3', 'example_branch_datetime_operator', 'example_branch_datetime_operator_2' retrieved from /home/airflow/.local/lib/python3.8/site-packages/airflow/example_dags/example_branch_datetime_operator.py
[2025-04-11T12:53:21.184+0000] {logging_mixin.py:188} INFO - [2025-04-11T12:53:21.184+0000] {dag.py:3036} INFO - Sync 3 DAGs
[2025-04-11T12:53:21.194+0000] {logging_mixin.py:188} INFO - [2025-04-11T12:53:21.194+0000] {dag.py:3823} INFO - Setting next_dagrun for example_branch_datetime_operator to 2025-04-10 00:00:00+00:00, run_after=2025-04-11 00:00:00+00:00
[2025-04-11T12:53:21.196+0000] {logging_mixin.py:188} INFO - [2025-04-11T12:53:21.196+0000] {dag.py:3823} INFO - Setting next_dagrun for example_branch_datetime_operator_2 to 2025-04-10 00:00:00+00:00, run_after=2025-04-11 00:00:00+00:00
[2025-04-11T12:53:21.197+0000] {logging_mixin.py:188} INFO - [2025-04-11T12:53:21.197+0000] {dag.py:3823} INFO - Setting next_dagrun for example_branch_datetime_operator_3 to 2025-04-10 00:00:00+00:00, run_after=2025-04-11 00:00:00+00:00
[2025-04-11T12:53:21.204+0000] {processor.py:183} INFO - Processing /home/airflow/.local/lib/python3.8/site-packages/airflow/example_dags/example_branch_datetime_operator.py took 0.041 seconds
[2025-04-11T12:53:51.447+0000] {processor.py:161} INFO - Started process (PID=1063) to work on /home/airflow/.local/lib/python3.8/site-packages/airflow/example_dags/example_branch_datetime_operator.py
[2025-04-11T12:53:51.448+0000] {processor.py:830} INFO - Processing file /home/airflow/.local/lib/python3.8/site-packages/airflow/example_dags/example_branch_datetime_operator.py for tasks to queue
[2025-04-11T12:53:51.448+0000] {logging_mixin.py:188} INFO - [2025-04-11T12:53:51.448+0000] {dagbag.py:538} INFO - Filling up the DagBag from /home/airflow/.local/lib/python3.8/site-packages/airflow/example_dags/example_branch_datetime_operator.py
[2025-04-11T12:53:51.453+0000] {processor.py:840} INFO - DAG(s) 'example_branch_datetime_operator', 'example_branch_datetime_operator_3', 'example_branch_datetime_operator_2' retrieved from /home/airflow/.local/lib/python3.8/site-packages/airflow/example_dags/example_branch_datetime_operator.py
[2025-04-11T12:53:51.464+0000] {logging_mixin.py:188} INFO - [2025-04-11T12:53:51.464+0000] {dag.py:3036} INFO - Sync 3 DAGs
[2025-04-11T12:53:51.472+0000] {logging_mixin.py:188} INFO - [2025-04-11T12:53:51.472+0000] {dag.py:3823} INFO - Setting next_dagrun for example_branch_datetime_operator to 2025-04-10 00:00:00+00:00, run_after=2025-04-11 00:00:00+00:00
[2025-04-11T12:53:51.474+0000] {logging_mixin.py:188} INFO - [2025-04-11T12:53:51.473+0000] {dag.py:3823} INFO - Setting next_dagrun for example_branch_datetime_operator_2 to 2025-04-10 00:00:00+00:00, run_after=2025-04-11 00:00:00+00:00
[2025-04-11T12:53:51.475+0000] {logging_mixin.py:188} INFO - [2025-04-11T12:53:51.474+0000] {dag.py:3823} INFO - Setting next_dagrun for example_branch_datetime_operator_3 to 2025-04-10 00:00:00+00:00, run_after=2025-04-11 00:00:00+00:00
[2025-04-11T12:53:51.480+0000] {processor.py:183} INFO - Processing /home/airflow/.local/lib/python3.8/site-packages/airflow/example_dags/example_branch_datetime_operator.py took 0.035 seconds
[2025-04-11T12:54:21.701+0000] {processor.py:161} INFO - Started process (PID=1119) to work on /home/airflow/.local/lib/python3.8/site-packages/airflow/example_dags/example_branch_datetime_operator.py
[2025-04-11T12:54:21.701+0000] {processor.py:830} INFO - Processing file /home/airflow/.local/lib/python3.8/site-packages/airflow/example_dags/example_branch_datetime_operator.py for tasks to queue
[2025-04-11T12:54:21.702+0000] {logging_mixin.py:188} INFO - [2025-04-11T12:54:21.702+0000] {dagbag.py:538} INFO - Filling up the DagBag from /home/airflow/.local/lib/python3.8/site-packages/airflow/example_dags/example_branch_datetime_operator.py
[2025-04-11T12:54:21.706+0000] {processor.py:840} INFO - DAG(s) 'example_branch_datetime_operator', 'example_branch_datetime_operator_2', 'example_branch_datetime_operator_3' retrieved from /home/airflow/.local/lib/python3.8/site-packages/airflow/example_dags/example_branch_datetime_operator.py
[2025-04-11T12:54:21.717+0000] {logging_mixin.py:188} INFO - [2025-04-11T12:54:21.717+0000] {dag.py:3036} INFO - Sync 3 DAGs
[2025-04-11T12:54:21.728+0000] {logging_mixin.py:188} INFO - [2025-04-11T12:54:21.728+0000] {dag.py:3823} INFO - Setting next_dagrun for example_branch_datetime_operator to 2025-04-10 00:00:00+00:00, run_after=2025-04-11 00:00:00+00:00
[2025-04-11T12:54:21.730+0000] {logging_mixin.py:188} INFO - [2025-04-11T12:54:21.730+0000] {dag.py:3823} INFO - Setting next_dagrun for example_branch_datetime_operator_2 to 2025-04-10 00:00:00+00:00, run_after=2025-04-11 00:00:00+00:00
[2025-04-11T12:54:21.731+0000] {logging_mixin.py:188} INFO - [2025-04-11T12:54:21.731+0000] {dag.py:3823} INFO - Setting next_dagrun for example_branch_datetime_operator_3 to 2025-04-10 00:00:00+00:00, run_after=2025-04-11 00:00:00+00:00
[2025-04-11T12:54:21.737+0000] {processor.py:183} INFO - Processing /home/airflow/.local/lib/python3.8/site-packages/airflow/example_dags/example_branch_datetime_operator.py took 0.037 seconds
[2025-04-11T12:54:51.951+0000] {processor.py:161} INFO - Started process (PID=1175) to work on /home/airflow/.local/lib/python3.8/site-packages/airflow/example_dags/example_branch_datetime_operator.py
[2025-04-11T12:54:51.952+0000] {processor.py:830} INFO - Processing file /home/airflow/.local/lib/python3.8/site-packages/airflow/example_dags/example_branch_datetime_operator.py for tasks to queue
[2025-04-11T12:54:51.952+0000] {logging_mixin.py:188} INFO - [2025-04-11T12:54:51.952+0000] {dagbag.py:538} INFO - Filling up the DagBag from /home/airflow/.local/lib/python3.8/site-packages/airflow/example_dags/example_branch_datetime_operator.py
[2025-04-11T12:54:51.956+0000] {processor.py:840} INFO - DAG(s) 'example_branch_datetime_operator_2', 'example_branch_datetime_operator_3', 'example_branch_datetime_operator' retrieved from /home/airflow/.local/lib/python3.8/site-packages/airflow/example_dags/example_branch_datetime_operator.py
[2025-04-11T12:54:51.967+0000] {logging_mixin.py:188} INFO - [2025-04-11T12:54:51.967+0000] {dag.py:3036} INFO - Sync 3 DAGs
[2025-04-11T12:54:51.975+0000] {logging_mixin.py:188} INFO - [2025-04-11T12:54:51.974+0000] {dag.py:3823} INFO - Setting next_dagrun for example_branch_datetime_operator to 2025-04-10 00:00:00+00:00, run_after=2025-04-11 00:00:00+00:00
[2025-04-11T12:54:51.976+0000] {logging_mixin.py:188} INFO - [2025-04-11T12:54:51.976+0000] {dag.py:3823} INFO - Setting next_dagrun for example_branch_datetime_operator_2 to 2025-04-10 00:00:00+00:00, run_after=2025-04-11 00:00:00+00:00
[2025-04-11T12:54:51.977+0000] {logging_mixin.py:188} INFO - [2025-04-11T12:54:51.977+0000] {dag.py:3823} INFO - Setting next_dagrun for example_branch_datetime_operator_3 to 2025-04-10 00:00:00+00:00, run_after=2025-04-11 00:00:00+00:00
[2025-04-11T12:54:51.983+0000] {processor.py:183} INFO - Processing /home/airflow/.local/lib/python3.8/site-packages/airflow/example_dags/example_branch_datetime_operator.py took 0.033 seconds
[2025-04-11T12:55:22.234+0000] {processor.py:161} INFO - Started process (PID=1231) to work on /home/airflow/.local/lib/python3.8/site-packages/airflow/example_dags/example_branch_datetime_operator.py
[2025-04-11T12:55:22.235+0000] {processor.py:830} INFO - Processing file /home/airflow/.local/lib/python3.8/site-packages/airflow/example_dags/example_branch_datetime_operator.py for tasks to queue
[2025-04-11T12:55:22.236+0000] {logging_mixin.py:188} INFO - [2025-04-11T12:55:22.236+0000] {dagbag.py:538} INFO - Filling up the DagBag from /home/airflow/.local/lib/python3.8/site-packages/airflow/example_dags/example_branch_datetime_operator.py
[2025-04-11T12:55:22.240+0000] {processor.py:840} INFO - DAG(s) 'example_branch_datetime_operator', 'example_branch_datetime_operator_2', 'example_branch_datetime_operator_3' retrieved from /home/airflow/.local/lib/python3.8/site-packages/airflow/example_dags/example_branch_datetime_operator.py
[2025-04-11T12:55:22.253+0000] {logging_mixin.py:188} INFO - [2025-04-11T12:55:22.253+0000] {dag.py:3036} INFO - Sync 3 DAGs
[2025-04-11T12:55:22.262+0000] {logging_mixin.py:188} INFO - [2025-04-11T12:55:22.262+0000] {dag.py:3823} INFO - Setting next_dagrun for example_branch_datetime_operator to 2025-04-10 00:00:00+00:00, run_after=2025-04-11 00:00:00+00:00
[2025-04-11T12:55:22.264+0000] {logging_mixin.py:188} INFO - [2025-04-11T12:55:22.264+0000] {dag.py:3823} INFO - Setting next_dagrun for example_branch_datetime_operator_2 to 2025-04-10 00:00:00+00:00, run_after=2025-04-11 00:00:00+00:00
[2025-04-11T12:55:22.265+0000] {logging_mixin.py:188} INFO - [2025-04-11T12:55:22.265+0000] {dag.py:3823} INFO - Setting next_dagrun for example_branch_datetime_operator_3 to 2025-04-10 00:00:00+00:00, run_after=2025-04-11 00:00:00+00:00
[2025-04-11T12:55:22.275+0000] {processor.py:183} INFO - Processing /home/airflow/.local/lib/python3.8/site-packages/airflow/example_dags/example_branch_datetime_operator.py took 0.042 seconds
