[2025-04-11T12:44:45.035+0000] {processor.py:161} INFO - Started process (PID=66) to work on /home/airflow/.local/lib/python3.8/site-packages/airflow/example_dags/example_skip_dag.py
[2025-04-11T12:44:45.036+0000] {processor.py:830} INFO - Processing file /home/airflow/.local/lib/python3.8/site-packages/airflow/example_dags/example_skip_dag.py for tasks to queue
[2025-04-11T12:44:45.037+0000] {logging_mixin.py:188} INFO - [2025-04-11T12:44:45.036+0000] {dagbag.py:538} INFO - Filling up the DagBag from /home/airflow/.local/lib/python3.8/site-packages/airflow/example_dags/example_skip_dag.py
[2025-04-11T12:44:45.042+0000] {processor.py:840} INFO - DAG(s) 'example_skip_dag' retrieved from /home/airflow/.local/lib/python3.8/site-packages/airflow/example_dags/example_skip_dag.py
[2025-04-11T12:44:45.051+0000] {logging_mixin.py:188} INFO - [2025-04-11T12:44:45.051+0000] {dag.py:3036} INFO - Sync 1 DAGs
[2025-04-11T12:44:45.063+0000] {logging_mixin.py:188} INFO - [2025-04-11T12:44:45.063+0000] {dag.py:3823} INFO - Setting next_dagrun for example_skip_dag to 2025-04-10 00:00:00+00:00, run_after=2025-04-11 00:00:00+00:00
[2025-04-11T12:44:45.073+0000] {processor.py:183} INFO - Processing /home/airflow/.local/lib/python3.8/site-packages/airflow/example_dags/example_skip_dag.py took 0.040 seconds
[2025-04-11T12:45:15.290+0000] {processor.py:161} INFO - Started process (PID=123) to work on /home/airflow/.local/lib/python3.8/site-packages/airflow/example_dags/example_skip_dag.py
[2025-04-11T12:45:15.291+0000] {processor.py:830} INFO - Processing file /home/airflow/.local/lib/python3.8/site-packages/airflow/example_dags/example_skip_dag.py for tasks to queue
[2025-04-11T12:45:15.292+0000] {logging_mixin.py:188} INFO - [2025-04-11T12:45:15.292+0000] {dagbag.py:538} INFO - Filling up the DagBag from /home/airflow/.local/lib/python3.8/site-packages/airflow/example_dags/example_skip_dag.py
[2025-04-11T12:45:15.294+0000] {processor.py:840} INFO - DAG(s) 'example_skip_dag' retrieved from /home/airflow/.local/lib/python3.8/site-packages/airflow/example_dags/example_skip_dag.py
[2025-04-11T12:45:15.334+0000] {logging_mixin.py:188} INFO - [2025-04-11T12:45:15.334+0000] {dag.py:3036} INFO - Sync 1 DAGs
[2025-04-11T12:45:15.345+0000] {logging_mixin.py:188} INFO - [2025-04-11T12:45:15.345+0000] {dag.py:3823} INFO - Setting next_dagrun for example_skip_dag to 2025-04-10 00:00:00+00:00, run_after=2025-04-11 00:00:00+00:00
[2025-04-11T12:45:15.352+0000] {processor.py:183} INFO - Processing /home/airflow/.local/lib/python3.8/site-packages/airflow/example_dags/example_skip_dag.py took 0.063 seconds
[2025-04-11T12:45:45.389+0000] {processor.py:161} INFO - Started process (PID=179) to work on /home/airflow/.local/lib/python3.8/site-packages/airflow/example_dags/example_skip_dag.py
[2025-04-11T12:45:45.389+0000] {processor.py:830} INFO - Processing file /home/airflow/.local/lib/python3.8/site-packages/airflow/example_dags/example_skip_dag.py for tasks to queue
[2025-04-11T12:45:45.390+0000] {logging_mixin.py:188} INFO - [2025-04-11T12:45:45.390+0000] {dagbag.py:538} INFO - Filling up the DagBag from /home/airflow/.local/lib/python3.8/site-packages/airflow/example_dags/example_skip_dag.py
[2025-04-11T12:45:45.393+0000] {processor.py:840} INFO - DAG(s) 'example_skip_dag' retrieved from /home/airflow/.local/lib/python3.8/site-packages/airflow/example_dags/example_skip_dag.py
[2025-04-11T12:45:45.402+0000] {logging_mixin.py:188} INFO - [2025-04-11T12:45:45.402+0000] {dag.py:3036} INFO - Sync 1 DAGs
[2025-04-11T12:45:45.410+0000] {logging_mixin.py:188} INFO - [2025-04-11T12:45:45.410+0000] {dag.py:3823} INFO - Setting next_dagrun for example_skip_dag to 2025-04-10 00:00:00+00:00, run_after=2025-04-11 00:00:00+00:00
[2025-04-11T12:45:45.417+0000] {processor.py:183} INFO - Processing /home/airflow/.local/lib/python3.8/site-packages/airflow/example_dags/example_skip_dag.py took 0.030 seconds
[2025-04-11T12:46:15.850+0000] {processor.py:161} INFO - Started process (PID=234) to work on /home/airflow/.local/lib/python3.8/site-packages/airflow/example_dags/example_skip_dag.py
[2025-04-11T12:46:15.852+0000] {processor.py:830} INFO - Processing file /home/airflow/.local/lib/python3.8/site-packages/airflow/example_dags/example_skip_dag.py for tasks to queue
[2025-04-11T12:46:15.853+0000] {logging_mixin.py:188} INFO - [2025-04-11T12:46:15.853+0000] {dagbag.py:538} INFO - Filling up the DagBag from /home/airflow/.local/lib/python3.8/site-packages/airflow/example_dags/example_skip_dag.py
[2025-04-11T12:46:15.857+0000] {processor.py:840} INFO - DAG(s) 'example_skip_dag' retrieved from /home/airflow/.local/lib/python3.8/site-packages/airflow/example_dags/example_skip_dag.py
[2025-04-11T12:46:15.867+0000] {logging_mixin.py:188} INFO - [2025-04-11T12:46:15.866+0000] {dag.py:3036} INFO - Sync 1 DAGs
[2025-04-11T12:46:15.876+0000] {logging_mixin.py:188} INFO - [2025-04-11T12:46:15.876+0000] {dag.py:3823} INFO - Setting next_dagrun for example_skip_dag to 2025-04-10 00:00:00+00:00, run_after=2025-04-11 00:00:00+00:00
[2025-04-11T12:46:15.889+0000] {processor.py:183} INFO - Processing /home/airflow/.local/lib/python3.8/site-packages/airflow/example_dags/example_skip_dag.py took 0.042 seconds
[2025-04-11T12:46:46.443+0000] {processor.py:161} INFO - Started process (PID=290) to work on /home/airflow/.local/lib/python3.8/site-packages/airflow/example_dags/example_skip_dag.py
[2025-04-11T12:46:46.444+0000] {processor.py:830} INFO - Processing file /home/airflow/.local/lib/python3.8/site-packages/airflow/example_dags/example_skip_dag.py for tasks to queue
[2025-04-11T12:46:46.446+0000] {logging_mixin.py:188} INFO - [2025-04-11T12:46:46.446+0000] {dagbag.py:538} INFO - Filling up the DagBag from /home/airflow/.local/lib/python3.8/site-packages/airflow/example_dags/example_skip_dag.py
[2025-04-11T12:46:46.449+0000] {processor.py:840} INFO - DAG(s) 'example_skip_dag' retrieved from /home/airflow/.local/lib/python3.8/site-packages/airflow/example_dags/example_skip_dag.py
[2025-04-11T12:46:46.458+0000] {logging_mixin.py:188} INFO - [2025-04-11T12:46:46.458+0000] {dag.py:3036} INFO - Sync 1 DAGs
[2025-04-11T12:46:46.466+0000] {logging_mixin.py:188} INFO - [2025-04-11T12:46:46.466+0000] {dag.py:3823} INFO - Setting next_dagrun for example_skip_dag to 2025-04-10 00:00:00+00:00, run_after=2025-04-11 00:00:00+00:00
[2025-04-11T12:46:46.478+0000] {processor.py:183} INFO - Processing /home/airflow/.local/lib/python3.8/site-packages/airflow/example_dags/example_skip_dag.py took 0.036 seconds
[2025-04-11T12:47:16.872+0000] {processor.py:161} INFO - Started process (PID=346) to work on /home/airflow/.local/lib/python3.8/site-packages/airflow/example_dags/example_skip_dag.py
[2025-04-11T12:47:16.874+0000] {processor.py:830} INFO - Processing file /home/airflow/.local/lib/python3.8/site-packages/airflow/example_dags/example_skip_dag.py for tasks to queue
[2025-04-11T12:47:16.875+0000] {logging_mixin.py:188} INFO - [2025-04-11T12:47:16.874+0000] {dagbag.py:538} INFO - Filling up the DagBag from /home/airflow/.local/lib/python3.8/site-packages/airflow/example_dags/example_skip_dag.py
[2025-04-11T12:47:16.878+0000] {processor.py:840} INFO - DAG(s) 'example_skip_dag' retrieved from /home/airflow/.local/lib/python3.8/site-packages/airflow/example_dags/example_skip_dag.py
[2025-04-11T12:47:16.886+0000] {logging_mixin.py:188} INFO - [2025-04-11T12:47:16.886+0000] {dag.py:3036} INFO - Sync 1 DAGs
[2025-04-11T12:47:16.894+0000] {logging_mixin.py:188} INFO - [2025-04-11T12:47:16.894+0000] {dag.py:3823} INFO - Setting next_dagrun for example_skip_dag to 2025-04-10 00:00:00+00:00, run_after=2025-04-11 00:00:00+00:00
[2025-04-11T12:47:16.901+0000] {processor.py:183} INFO - Processing /home/airflow/.local/lib/python3.8/site-packages/airflow/example_dags/example_skip_dag.py took 0.031 seconds
[2025-04-11T12:47:47.343+0000] {processor.py:161} INFO - Started process (PID=402) to work on /home/airflow/.local/lib/python3.8/site-packages/airflow/example_dags/example_skip_dag.py
[2025-04-11T12:47:47.343+0000] {processor.py:830} INFO - Processing file /home/airflow/.local/lib/python3.8/site-packages/airflow/example_dags/example_skip_dag.py for tasks to queue
[2025-04-11T12:47:47.344+0000] {logging_mixin.py:188} INFO - [2025-04-11T12:47:47.344+0000] {dagbag.py:538} INFO - Filling up the DagBag from /home/airflow/.local/lib/python3.8/site-packages/airflow/example_dags/example_skip_dag.py
[2025-04-11T12:47:47.347+0000] {processor.py:840} INFO - DAG(s) 'example_skip_dag' retrieved from /home/airflow/.local/lib/python3.8/site-packages/airflow/example_dags/example_skip_dag.py
[2025-04-11T12:47:47.357+0000] {logging_mixin.py:188} INFO - [2025-04-11T12:47:47.357+0000] {dag.py:3036} INFO - Sync 1 DAGs
[2025-04-11T12:47:47.366+0000] {logging_mixin.py:188} INFO - [2025-04-11T12:47:47.366+0000] {dag.py:3823} INFO - Setting next_dagrun for example_skip_dag to 2025-04-10 00:00:00+00:00, run_after=2025-04-11 00:00:00+00:00
[2025-04-11T12:47:47.373+0000] {processor.py:183} INFO - Processing /home/airflow/.local/lib/python3.8/site-packages/airflow/example_dags/example_skip_dag.py took 0.032 seconds
[2025-04-11T12:48:17.697+0000] {processor.py:161} INFO - Started process (PID=458) to work on /home/airflow/.local/lib/python3.8/site-packages/airflow/example_dags/example_skip_dag.py
[2025-04-11T12:48:17.697+0000] {processor.py:830} INFO - Processing file /home/airflow/.local/lib/python3.8/site-packages/airflow/example_dags/example_skip_dag.py for tasks to queue
[2025-04-11T12:48:17.698+0000] {logging_mixin.py:188} INFO - [2025-04-11T12:48:17.698+0000] {dagbag.py:538} INFO - Filling up the DagBag from /home/airflow/.local/lib/python3.8/site-packages/airflow/example_dags/example_skip_dag.py
[2025-04-11T12:48:17.701+0000] {processor.py:840} INFO - DAG(s) 'example_skip_dag' retrieved from /home/airflow/.local/lib/python3.8/site-packages/airflow/example_dags/example_skip_dag.py
[2025-04-11T12:48:17.710+0000] {logging_mixin.py:188} INFO - [2025-04-11T12:48:17.710+0000] {dag.py:3036} INFO - Sync 1 DAGs
[2025-04-11T12:48:17.718+0000] {logging_mixin.py:188} INFO - [2025-04-11T12:48:17.717+0000] {dag.py:3823} INFO - Setting next_dagrun for example_skip_dag to 2025-04-10 00:00:00+00:00, run_after=2025-04-11 00:00:00+00:00
[2025-04-11T12:48:17.724+0000] {processor.py:183} INFO - Processing /home/airflow/.local/lib/python3.8/site-packages/airflow/example_dags/example_skip_dag.py took 0.029 seconds
[2025-04-11T12:48:47.864+0000] {processor.py:161} INFO - Started process (PID=514) to work on /home/airflow/.local/lib/python3.8/site-packages/airflow/example_dags/example_skip_dag.py
[2025-04-11T12:48:47.864+0000] {processor.py:830} INFO - Processing file /home/airflow/.local/lib/python3.8/site-packages/airflow/example_dags/example_skip_dag.py for tasks to queue
[2025-04-11T12:48:47.865+0000] {logging_mixin.py:188} INFO - [2025-04-11T12:48:47.865+0000] {dagbag.py:538} INFO - Filling up the DagBag from /home/airflow/.local/lib/python3.8/site-packages/airflow/example_dags/example_skip_dag.py
[2025-04-11T12:48:47.867+0000] {processor.py:840} INFO - DAG(s) 'example_skip_dag' retrieved from /home/airflow/.local/lib/python3.8/site-packages/airflow/example_dags/example_skip_dag.py
[2025-04-11T12:48:47.876+0000] {logging_mixin.py:188} INFO - [2025-04-11T12:48:47.876+0000] {dag.py:3036} INFO - Sync 1 DAGs
[2025-04-11T12:48:47.883+0000] {logging_mixin.py:188} INFO - [2025-04-11T12:48:47.883+0000] {dag.py:3823} INFO - Setting next_dagrun for example_skip_dag to 2025-04-10 00:00:00+00:00, run_after=2025-04-11 00:00:00+00:00
[2025-04-11T12:48:47.889+0000] {processor.py:183} INFO - Processing /home/airflow/.local/lib/python3.8/site-packages/airflow/example_dags/example_skip_dag.py took 0.027 seconds
[2025-04-11T12:49:18.083+0000] {processor.py:161} INFO - Started process (PID=576) to work on /home/airflow/.local/lib/python3.8/site-packages/airflow/example_dags/example_skip_dag.py
[2025-04-11T12:49:18.084+0000] {processor.py:830} INFO - Processing file /home/airflow/.local/lib/python3.8/site-packages/airflow/example_dags/example_skip_dag.py for tasks to queue
[2025-04-11T12:49:18.084+0000] {logging_mixin.py:188} INFO - [2025-04-11T12:49:18.084+0000] {dagbag.py:538} INFO - Filling up the DagBag from /home/airflow/.local/lib/python3.8/site-packages/airflow/example_dags/example_skip_dag.py
[2025-04-11T12:49:18.087+0000] {processor.py:840} INFO - DAG(s) 'example_skip_dag' retrieved from /home/airflow/.local/lib/python3.8/site-packages/airflow/example_dags/example_skip_dag.py
[2025-04-11T12:49:18.097+0000] {logging_mixin.py:188} INFO - [2025-04-11T12:49:18.097+0000] {dag.py:3036} INFO - Sync 1 DAGs
[2025-04-11T12:49:18.104+0000] {logging_mixin.py:188} INFO - [2025-04-11T12:49:18.104+0000] {dag.py:3823} INFO - Setting next_dagrun for example_skip_dag to 2025-04-10 00:00:00+00:00, run_after=2025-04-11 00:00:00+00:00
[2025-04-11T12:49:18.111+0000] {processor.py:183} INFO - Processing /home/airflow/.local/lib/python3.8/site-packages/airflow/example_dags/example_skip_dag.py took 0.029 seconds
[2025-04-11T12:49:48.466+0000] {processor.py:161} INFO - Started process (PID=632) to work on /home/airflow/.local/lib/python3.8/site-packages/airflow/example_dags/example_skip_dag.py
[2025-04-11T12:49:48.467+0000] {processor.py:830} INFO - Processing file /home/airflow/.local/lib/python3.8/site-packages/airflow/example_dags/example_skip_dag.py for tasks to queue
[2025-04-11T12:49:48.468+0000] {logging_mixin.py:188} INFO - [2025-04-11T12:49:48.468+0000] {dagbag.py:538} INFO - Filling up the DagBag from /home/airflow/.local/lib/python3.8/site-packages/airflow/example_dags/example_skip_dag.py
[2025-04-11T12:49:48.472+0000] {processor.py:840} INFO - DAG(s) 'example_skip_dag' retrieved from /home/airflow/.local/lib/python3.8/site-packages/airflow/example_dags/example_skip_dag.py
[2025-04-11T12:49:48.480+0000] {logging_mixin.py:188} INFO - [2025-04-11T12:49:48.480+0000] {dag.py:3036} INFO - Sync 1 DAGs
[2025-04-11T12:49:48.488+0000] {logging_mixin.py:188} INFO - [2025-04-11T12:49:48.488+0000] {dag.py:3823} INFO - Setting next_dagrun for example_skip_dag to 2025-04-10 00:00:00+00:00, run_after=2025-04-11 00:00:00+00:00
[2025-04-11T12:49:48.494+0000] {processor.py:183} INFO - Processing /home/airflow/.local/lib/python3.8/site-packages/airflow/example_dags/example_skip_dag.py took 0.029 seconds
[2025-04-11T12:50:18.893+0000] {processor.py:161} INFO - Started process (PID=688) to work on /home/airflow/.local/lib/python3.8/site-packages/airflow/example_dags/example_skip_dag.py
[2025-04-11T12:50:18.893+0000] {processor.py:830} INFO - Processing file /home/airflow/.local/lib/python3.8/site-packages/airflow/example_dags/example_skip_dag.py for tasks to queue
[2025-04-11T12:50:18.894+0000] {logging_mixin.py:188} INFO - [2025-04-11T12:50:18.894+0000] {dagbag.py:538} INFO - Filling up the DagBag from /home/airflow/.local/lib/python3.8/site-packages/airflow/example_dags/example_skip_dag.py
[2025-04-11T12:50:18.897+0000] {processor.py:840} INFO - DAG(s) 'example_skip_dag' retrieved from /home/airflow/.local/lib/python3.8/site-packages/airflow/example_dags/example_skip_dag.py
[2025-04-11T12:50:18.905+0000] {logging_mixin.py:188} INFO - [2025-04-11T12:50:18.905+0000] {dag.py:3036} INFO - Sync 1 DAGs
[2025-04-11T12:50:18.913+0000] {logging_mixin.py:188} INFO - [2025-04-11T12:50:18.913+0000] {dag.py:3823} INFO - Setting next_dagrun for example_skip_dag to 2025-04-10 00:00:00+00:00, run_after=2025-04-11 00:00:00+00:00
[2025-04-11T12:50:18.920+0000] {processor.py:183} INFO - Processing /home/airflow/.local/lib/python3.8/site-packages/airflow/example_dags/example_skip_dag.py took 0.029 seconds
[2025-04-11T12:50:49.402+0000] {processor.py:161} INFO - Started process (PID=744) to work on /home/airflow/.local/lib/python3.8/site-packages/airflow/example_dags/example_skip_dag.py
[2025-04-11T12:50:49.402+0000] {processor.py:830} INFO - Processing file /home/airflow/.local/lib/python3.8/site-packages/airflow/example_dags/example_skip_dag.py for tasks to queue
[2025-04-11T12:50:49.405+0000] {logging_mixin.py:188} INFO - [2025-04-11T12:50:49.405+0000] {dagbag.py:538} INFO - Filling up the DagBag from /home/airflow/.local/lib/python3.8/site-packages/airflow/example_dags/example_skip_dag.py
[2025-04-11T12:50:49.408+0000] {processor.py:840} INFO - DAG(s) 'example_skip_dag' retrieved from /home/airflow/.local/lib/python3.8/site-packages/airflow/example_dags/example_skip_dag.py
[2025-04-11T12:50:49.418+0000] {logging_mixin.py:188} INFO - [2025-04-11T12:50:49.418+0000] {dag.py:3036} INFO - Sync 1 DAGs
[2025-04-11T12:50:49.426+0000] {logging_mixin.py:188} INFO - [2025-04-11T12:50:49.426+0000] {dag.py:3823} INFO - Setting next_dagrun for example_skip_dag to 2025-04-10 00:00:00+00:00, run_after=2025-04-11 00:00:00+00:00
[2025-04-11T12:50:49.432+0000] {processor.py:183} INFO - Processing /home/airflow/.local/lib/python3.8/site-packages/airflow/example_dags/example_skip_dag.py took 0.032 seconds
[2025-04-11T12:51:19.888+0000] {processor.py:161} INFO - Started process (PID=800) to work on /home/airflow/.local/lib/python3.8/site-packages/airflow/example_dags/example_skip_dag.py
[2025-04-11T12:51:19.889+0000] {processor.py:830} INFO - Processing file /home/airflow/.local/lib/python3.8/site-packages/airflow/example_dags/example_skip_dag.py for tasks to queue
[2025-04-11T12:51:19.890+0000] {logging_mixin.py:188} INFO - [2025-04-11T12:51:19.890+0000] {dagbag.py:538} INFO - Filling up the DagBag from /home/airflow/.local/lib/python3.8/site-packages/airflow/example_dags/example_skip_dag.py
[2025-04-11T12:51:19.893+0000] {processor.py:840} INFO - DAG(s) 'example_skip_dag' retrieved from /home/airflow/.local/lib/python3.8/site-packages/airflow/example_dags/example_skip_dag.py
[2025-04-11T12:51:19.901+0000] {logging_mixin.py:188} INFO - [2025-04-11T12:51:19.901+0000] {dag.py:3036} INFO - Sync 1 DAGs
[2025-04-11T12:51:19.909+0000] {logging_mixin.py:188} INFO - [2025-04-11T12:51:19.909+0000] {dag.py:3823} INFO - Setting next_dagrun for example_skip_dag to 2025-04-10 00:00:00+00:00, run_after=2025-04-11 00:00:00+00:00
[2025-04-11T12:51:19.920+0000] {processor.py:183} INFO - Processing /home/airflow/.local/lib/python3.8/site-packages/airflow/example_dags/example_skip_dag.py took 0.034 seconds
[2025-04-11T12:51:50.378+0000] {processor.py:161} INFO - Started process (PID=856) to work on /home/airflow/.local/lib/python3.8/site-packages/airflow/example_dags/example_skip_dag.py
[2025-04-11T12:51:50.380+0000] {processor.py:830} INFO - Processing file /home/airflow/.local/lib/python3.8/site-packages/airflow/example_dags/example_skip_dag.py for tasks to queue
[2025-04-11T12:51:50.382+0000] {logging_mixin.py:188} INFO - [2025-04-11T12:51:50.382+0000] {dagbag.py:538} INFO - Filling up the DagBag from /home/airflow/.local/lib/python3.8/site-packages/airflow/example_dags/example_skip_dag.py
[2025-04-11T12:51:50.385+0000] {processor.py:840} INFO - DAG(s) 'example_skip_dag' retrieved from /home/airflow/.local/lib/python3.8/site-packages/airflow/example_dags/example_skip_dag.py
[2025-04-11T12:51:50.398+0000] {logging_mixin.py:188} INFO - [2025-04-11T12:51:50.398+0000] {dag.py:3036} INFO - Sync 1 DAGs
[2025-04-11T12:51:50.407+0000] {logging_mixin.py:188} INFO - [2025-04-11T12:51:50.407+0000] {dag.py:3823} INFO - Setting next_dagrun for example_skip_dag to 2025-04-10 00:00:00+00:00, run_after=2025-04-11 00:00:00+00:00
[2025-04-11T12:51:50.414+0000] {processor.py:183} INFO - Processing /home/airflow/.local/lib/python3.8/site-packages/airflow/example_dags/example_skip_dag.py took 0.037 seconds
[2025-04-11T12:52:20.832+0000] {processor.py:161} INFO - Started process (PID=911) to work on /home/airflow/.local/lib/python3.8/site-packages/airflow/example_dags/example_skip_dag.py
[2025-04-11T12:52:20.833+0000] {processor.py:830} INFO - Processing file /home/airflow/.local/lib/python3.8/site-packages/airflow/example_dags/example_skip_dag.py for tasks to queue
[2025-04-11T12:52:20.834+0000] {logging_mixin.py:188} INFO - [2025-04-11T12:52:20.834+0000] {dagbag.py:538} INFO - Filling up the DagBag from /home/airflow/.local/lib/python3.8/site-packages/airflow/example_dags/example_skip_dag.py
[2025-04-11T12:52:20.837+0000] {processor.py:840} INFO - DAG(s) 'example_skip_dag' retrieved from /home/airflow/.local/lib/python3.8/site-packages/airflow/example_dags/example_skip_dag.py
[2025-04-11T12:52:20.846+0000] {logging_mixin.py:188} INFO - [2025-04-11T12:52:20.845+0000] {dag.py:3036} INFO - Sync 1 DAGs
[2025-04-11T12:52:20.853+0000] {logging_mixin.py:188} INFO - [2025-04-11T12:52:20.853+0000] {dag.py:3823} INFO - Setting next_dagrun for example_skip_dag to 2025-04-10 00:00:00+00:00, run_after=2025-04-11 00:00:00+00:00
[2025-04-11T12:52:20.864+0000] {processor.py:183} INFO - Processing /home/airflow/.local/lib/python3.8/site-packages/airflow/example_dags/example_skip_dag.py took 0.034 seconds
[2025-04-11T12:52:51.250+0000] {processor.py:161} INFO - Started process (PID=967) to work on /home/airflow/.local/lib/python3.8/site-packages/airflow/example_dags/example_skip_dag.py
[2025-04-11T12:52:51.250+0000] {processor.py:830} INFO - Processing file /home/airflow/.local/lib/python3.8/site-packages/airflow/example_dags/example_skip_dag.py for tasks to queue
[2025-04-11T12:52:51.252+0000] {logging_mixin.py:188} INFO - [2025-04-11T12:52:51.251+0000] {dagbag.py:538} INFO - Filling up the DagBag from /home/airflow/.local/lib/python3.8/site-packages/airflow/example_dags/example_skip_dag.py
[2025-04-11T12:52:51.255+0000] {processor.py:840} INFO - DAG(s) 'example_skip_dag' retrieved from /home/airflow/.local/lib/python3.8/site-packages/airflow/example_dags/example_skip_dag.py
[2025-04-11T12:52:51.264+0000] {logging_mixin.py:188} INFO - [2025-04-11T12:52:51.264+0000] {dag.py:3036} INFO - Sync 1 DAGs
[2025-04-11T12:52:51.272+0000] {logging_mixin.py:188} INFO - [2025-04-11T12:52:51.272+0000] {dag.py:3823} INFO - Setting next_dagrun for example_skip_dag to 2025-04-10 00:00:00+00:00, run_after=2025-04-11 00:00:00+00:00
[2025-04-11T12:52:51.279+0000] {processor.py:183} INFO - Processing /home/airflow/.local/lib/python3.8/site-packages/airflow/example_dags/example_skip_dag.py took 0.031 seconds
[2025-04-11T12:53:21.529+0000] {processor.py:161} INFO - Started process (PID=1023) to work on /home/airflow/.local/lib/python3.8/site-packages/airflow/example_dags/example_skip_dag.py
[2025-04-11T12:53:21.529+0000] {processor.py:830} INFO - Processing file /home/airflow/.local/lib/python3.8/site-packages/airflow/example_dags/example_skip_dag.py for tasks to queue
[2025-04-11T12:53:21.531+0000] {logging_mixin.py:188} INFO - [2025-04-11T12:53:21.530+0000] {dagbag.py:538} INFO - Filling up the DagBag from /home/airflow/.local/lib/python3.8/site-packages/airflow/example_dags/example_skip_dag.py
[2025-04-11T12:53:21.535+0000] {processor.py:840} INFO - DAG(s) 'example_skip_dag' retrieved from /home/airflow/.local/lib/python3.8/site-packages/airflow/example_dags/example_skip_dag.py
[2025-04-11T12:53:21.546+0000] {logging_mixin.py:188} INFO - [2025-04-11T12:53:21.546+0000] {dag.py:3036} INFO - Sync 1 DAGs
[2025-04-11T12:53:21.558+0000] {logging_mixin.py:188} INFO - [2025-04-11T12:53:21.558+0000] {dag.py:3823} INFO - Setting next_dagrun for example_skip_dag to 2025-04-10 00:00:00+00:00, run_after=2025-04-11 00:00:00+00:00
[2025-04-11T12:53:21.566+0000] {processor.py:183} INFO - Processing /home/airflow/.local/lib/python3.8/site-packages/airflow/example_dags/example_skip_dag.py took 0.039 seconds
[2025-04-11T12:53:51.853+0000] {processor.py:161} INFO - Started process (PID=1079) to work on /home/airflow/.local/lib/python3.8/site-packages/airflow/example_dags/example_skip_dag.py
[2025-04-11T12:53:51.853+0000] {processor.py:830} INFO - Processing file /home/airflow/.local/lib/python3.8/site-packages/airflow/example_dags/example_skip_dag.py for tasks to queue
[2025-04-11T12:53:51.854+0000] {logging_mixin.py:188} INFO - [2025-04-11T12:53:51.854+0000] {dagbag.py:538} INFO - Filling up the DagBag from /home/airflow/.local/lib/python3.8/site-packages/airflow/example_dags/example_skip_dag.py
[2025-04-11T12:53:51.856+0000] {processor.py:840} INFO - DAG(s) 'example_skip_dag' retrieved from /home/airflow/.local/lib/python3.8/site-packages/airflow/example_dags/example_skip_dag.py
[2025-04-11T12:53:51.865+0000] {logging_mixin.py:188} INFO - [2025-04-11T12:53:51.865+0000] {dag.py:3036} INFO - Sync 1 DAGs
[2025-04-11T12:53:51.873+0000] {logging_mixin.py:188} INFO - [2025-04-11T12:53:51.873+0000] {dag.py:3823} INFO - Setting next_dagrun for example_skip_dag to 2025-04-10 00:00:00+00:00, run_after=2025-04-11 00:00:00+00:00
[2025-04-11T12:53:51.879+0000] {processor.py:183} INFO - Processing /home/airflow/.local/lib/python3.8/site-packages/airflow/example_dags/example_skip_dag.py took 0.028 seconds
[2025-04-11T12:54:22.059+0000] {processor.py:161} INFO - Started process (PID=1135) to work on /home/airflow/.local/lib/python3.8/site-packages/airflow/example_dags/example_skip_dag.py
[2025-04-11T12:54:22.059+0000] {processor.py:830} INFO - Processing file /home/airflow/.local/lib/python3.8/site-packages/airflow/example_dags/example_skip_dag.py for tasks to queue
[2025-04-11T12:54:22.060+0000] {logging_mixin.py:188} INFO - [2025-04-11T12:54:22.060+0000] {dagbag.py:538} INFO - Filling up the DagBag from /home/airflow/.local/lib/python3.8/site-packages/airflow/example_dags/example_skip_dag.py
[2025-04-11T12:54:22.063+0000] {processor.py:840} INFO - DAG(s) 'example_skip_dag' retrieved from /home/airflow/.local/lib/python3.8/site-packages/airflow/example_dags/example_skip_dag.py
[2025-04-11T12:54:22.071+0000] {logging_mixin.py:188} INFO - [2025-04-11T12:54:22.071+0000] {dag.py:3036} INFO - Sync 1 DAGs
[2025-04-11T12:54:22.079+0000] {logging_mixin.py:188} INFO - [2025-04-11T12:54:22.079+0000] {dag.py:3823} INFO - Setting next_dagrun for example_skip_dag to 2025-04-10 00:00:00+00:00, run_after=2025-04-11 00:00:00+00:00
[2025-04-11T12:54:22.085+0000] {processor.py:183} INFO - Processing /home/airflow/.local/lib/python3.8/site-packages/airflow/example_dags/example_skip_dag.py took 0.028 seconds
[2025-04-11T12:54:52.289+0000] {processor.py:161} INFO - Started process (PID=1191) to work on /home/airflow/.local/lib/python3.8/site-packages/airflow/example_dags/example_skip_dag.py
[2025-04-11T12:54:52.290+0000] {processor.py:830} INFO - Processing file /home/airflow/.local/lib/python3.8/site-packages/airflow/example_dags/example_skip_dag.py for tasks to queue
[2025-04-11T12:54:52.290+0000] {logging_mixin.py:188} INFO - [2025-04-11T12:54:52.290+0000] {dagbag.py:538} INFO - Filling up the DagBag from /home/airflow/.local/lib/python3.8/site-packages/airflow/example_dags/example_skip_dag.py
[2025-04-11T12:54:52.293+0000] {processor.py:840} INFO - DAG(s) 'example_skip_dag' retrieved from /home/airflow/.local/lib/python3.8/site-packages/airflow/example_dags/example_skip_dag.py
[2025-04-11T12:54:52.301+0000] {logging_mixin.py:188} INFO - [2025-04-11T12:54:52.301+0000] {dag.py:3036} INFO - Sync 1 DAGs
[2025-04-11T12:54:52.309+0000] {logging_mixin.py:188} INFO - [2025-04-11T12:54:52.309+0000] {dag.py:3823} INFO - Setting next_dagrun for example_skip_dag to 2025-04-10 00:00:00+00:00, run_after=2025-04-11 00:00:00+00:00
[2025-04-11T12:54:52.317+0000] {processor.py:183} INFO - Processing /home/airflow/.local/lib/python3.8/site-packages/airflow/example_dags/example_skip_dag.py took 0.030 seconds
[2025-04-11T12:55:22.614+0000] {processor.py:161} INFO - Started process (PID=1247) to work on /home/airflow/.local/lib/python3.8/site-packages/airflow/example_dags/example_skip_dag.py
[2025-04-11T12:55:22.615+0000] {processor.py:830} INFO - Processing file /home/airflow/.local/lib/python3.8/site-packages/airflow/example_dags/example_skip_dag.py for tasks to queue
[2025-04-11T12:55:22.616+0000] {logging_mixin.py:188} INFO - [2025-04-11T12:55:22.616+0000] {dagbag.py:538} INFO - Filling up the DagBag from /home/airflow/.local/lib/python3.8/site-packages/airflow/example_dags/example_skip_dag.py
[2025-04-11T12:55:22.620+0000] {processor.py:840} INFO - DAG(s) 'example_skip_dag' retrieved from /home/airflow/.local/lib/python3.8/site-packages/airflow/example_dags/example_skip_dag.py
[2025-04-11T12:55:22.633+0000] {logging_mixin.py:188} INFO - [2025-04-11T12:55:22.632+0000] {dag.py:3036} INFO - Sync 1 DAGs
[2025-04-11T12:55:22.641+0000] {logging_mixin.py:188} INFO - [2025-04-11T12:55:22.641+0000] {dag.py:3823} INFO - Setting next_dagrun for example_skip_dag to 2025-04-10 00:00:00+00:00, run_after=2025-04-11 00:00:00+00:00
[2025-04-11T12:55:22.647+0000] {processor.py:183} INFO - Processing /home/airflow/.local/lib/python3.8/site-packages/airflow/example_dags/example_skip_dag.py took 0.035 seconds
