[2025-04-11T12:44:44.926+0000] {processor.py:161} INFO - Started process (PID=62) to work on /home/airflow/.local/lib/python3.8/site-packages/airflow/example_dags/example_setup_teardown.py
[2025-04-11T12:44:44.927+0000] {processor.py:830} INFO - Processing file /home/airflow/.local/lib/python3.8/site-packages/airflow/example_dags/example_setup_teardown.py for tasks to queue
[2025-04-11T12:44:44.930+0000] {logging_mixin.py:188} INFO - [2025-04-11T12:44:44.930+0000] {dagbag.py:538} INFO - Filling up the DagBag from /home/airflow/.local/lib/python3.8/site-packages/airflow/example_dags/example_setup_teardown.py
[2025-04-11T12:44:44.937+0000] {processor.py:840} INFO - DAG(s) 'example_setup_teardown' retrieved from /home/airflow/.local/lib/python3.8/site-packages/airflow/example_dags/example_setup_teardown.py
[2025-04-11T12:44:44.946+0000] {logging_mixin.py:188} INFO - [2025-04-11T12:44:44.946+0000] {dag.py:3036} INFO - Sync 1 DAGs
[2025-04-11T12:44:44.963+0000] {logging_mixin.py:188} INFO - [2025-04-11T12:44:44.963+0000] {dag.py:3823} INFO - Setting next_dagrun for example_setup_teardown to 2025-04-10 00:00:00+00:00, run_after=2025-04-11 00:00:00+00:00
[2025-04-11T12:44:44.974+0000] {processor.py:183} INFO - Processing /home/airflow/.local/lib/python3.8/site-packages/airflow/example_dags/example_setup_teardown.py took 0.050 seconds
[2025-04-11T12:45:15.145+0000] {processor.py:161} INFO - Started process (PID=119) to work on /home/airflow/.local/lib/python3.8/site-packages/airflow/example_dags/example_setup_teardown.py
[2025-04-11T12:45:15.146+0000] {processor.py:830} INFO - Processing file /home/airflow/.local/lib/python3.8/site-packages/airflow/example_dags/example_setup_teardown.py for tasks to queue
[2025-04-11T12:45:15.149+0000] {logging_mixin.py:188} INFO - [2025-04-11T12:45:15.149+0000] {dagbag.py:538} INFO - Filling up the DagBag from /home/airflow/.local/lib/python3.8/site-packages/airflow/example_dags/example_setup_teardown.py
[2025-04-11T12:45:15.152+0000] {processor.py:840} INFO - DAG(s) 'example_setup_teardown' retrieved from /home/airflow/.local/lib/python3.8/site-packages/airflow/example_dags/example_setup_teardown.py
[2025-04-11T12:45:15.193+0000] {logging_mixin.py:188} INFO - [2025-04-11T12:45:15.193+0000] {dag.py:3036} INFO - Sync 1 DAGs
[2025-04-11T12:45:15.202+0000] {logging_mixin.py:188} INFO - [2025-04-11T12:45:15.202+0000] {dag.py:3823} INFO - Setting next_dagrun for example_setup_teardown to 2025-04-10 00:00:00+00:00, run_after=2025-04-11 00:00:00+00:00
[2025-04-11T12:45:15.210+0000] {processor.py:183} INFO - Processing /home/airflow/.local/lib/python3.8/site-packages/airflow/example_dags/example_setup_teardown.py took 0.066 seconds
[2025-04-11T12:45:45.219+0000] {processor.py:161} INFO - Started process (PID=175) to work on /home/airflow/.local/lib/python3.8/site-packages/airflow/example_dags/example_setup_teardown.py
[2025-04-11T12:45:45.220+0000] {processor.py:830} INFO - Processing file /home/airflow/.local/lib/python3.8/site-packages/airflow/example_dags/example_setup_teardown.py for tasks to queue
[2025-04-11T12:45:45.221+0000] {logging_mixin.py:188} INFO - [2025-04-11T12:45:45.221+0000] {dagbag.py:538} INFO - Filling up the DagBag from /home/airflow/.local/lib/python3.8/site-packages/airflow/example_dags/example_setup_teardown.py
[2025-04-11T12:45:45.226+0000] {processor.py:840} INFO - DAG(s) 'example_setup_teardown' retrieved from /home/airflow/.local/lib/python3.8/site-packages/airflow/example_dags/example_setup_teardown.py
[2025-04-11T12:45:45.237+0000] {logging_mixin.py:188} INFO - [2025-04-11T12:45:45.237+0000] {dag.py:3036} INFO - Sync 1 DAGs
[2025-04-11T12:45:45.248+0000] {logging_mixin.py:188} INFO - [2025-04-11T12:45:45.248+0000] {dag.py:3823} INFO - Setting next_dagrun for example_setup_teardown to 2025-04-10 00:00:00+00:00, run_after=2025-04-11 00:00:00+00:00
[2025-04-11T12:45:45.259+0000] {processor.py:183} INFO - Processing /home/airflow/.local/lib/python3.8/site-packages/airflow/example_dags/example_setup_teardown.py took 0.041 seconds
[2025-04-11T12:46:15.745+0000] {processor.py:161} INFO - Started process (PID=230) to work on /home/airflow/.local/lib/python3.8/site-packages/airflow/example_dags/example_setup_teardown.py
[2025-04-11T12:46:15.746+0000] {processor.py:830} INFO - Processing file /home/airflow/.local/lib/python3.8/site-packages/airflow/example_dags/example_setup_teardown.py for tasks to queue
[2025-04-11T12:46:15.747+0000] {logging_mixin.py:188} INFO - [2025-04-11T12:46:15.746+0000] {dagbag.py:538} INFO - Filling up the DagBag from /home/airflow/.local/lib/python3.8/site-packages/airflow/example_dags/example_setup_teardown.py
[2025-04-11T12:46:15.750+0000] {processor.py:840} INFO - DAG(s) 'example_setup_teardown' retrieved from /home/airflow/.local/lib/python3.8/site-packages/airflow/example_dags/example_setup_teardown.py
[2025-04-11T12:46:15.760+0000] {logging_mixin.py:188} INFO - [2025-04-11T12:46:15.760+0000] {dag.py:3036} INFO - Sync 1 DAGs
[2025-04-11T12:46:15.770+0000] {logging_mixin.py:188} INFO - [2025-04-11T12:46:15.770+0000] {dag.py:3823} INFO - Setting next_dagrun for example_setup_teardown to 2025-04-10 00:00:00+00:00, run_after=2025-04-11 00:00:00+00:00
[2025-04-11T12:46:15.779+0000] {processor.py:183} INFO - Processing /home/airflow/.local/lib/python3.8/site-packages/airflow/example_dags/example_setup_teardown.py took 0.036 seconds
[2025-04-11T12:46:46.361+0000] {processor.py:161} INFO - Started process (PID=286) to work on /home/airflow/.local/lib/python3.8/site-packages/airflow/example_dags/example_setup_teardown.py
[2025-04-11T12:46:46.361+0000] {processor.py:830} INFO - Processing file /home/airflow/.local/lib/python3.8/site-packages/airflow/example_dags/example_setup_teardown.py for tasks to queue
[2025-04-11T12:46:46.362+0000] {logging_mixin.py:188} INFO - [2025-04-11T12:46:46.362+0000] {dagbag.py:538} INFO - Filling up the DagBag from /home/airflow/.local/lib/python3.8/site-packages/airflow/example_dags/example_setup_teardown.py
[2025-04-11T12:46:46.365+0000] {processor.py:840} INFO - DAG(s) 'example_setup_teardown' retrieved from /home/airflow/.local/lib/python3.8/site-packages/airflow/example_dags/example_setup_teardown.py
[2025-04-11T12:46:46.374+0000] {logging_mixin.py:188} INFO - [2025-04-11T12:46:46.374+0000] {dag.py:3036} INFO - Sync 1 DAGs
[2025-04-11T12:46:46.382+0000] {logging_mixin.py:188} INFO - [2025-04-11T12:46:46.382+0000] {dag.py:3823} INFO - Setting next_dagrun for example_setup_teardown to 2025-04-10 00:00:00+00:00, run_after=2025-04-11 00:00:00+00:00
[2025-04-11T12:46:46.389+0000] {processor.py:183} INFO - Processing /home/airflow/.local/lib/python3.8/site-packages/airflow/example_dags/example_setup_teardown.py took 0.030 seconds
[2025-04-11T12:47:16.781+0000] {processor.py:161} INFO - Started process (PID=342) to work on /home/airflow/.local/lib/python3.8/site-packages/airflow/example_dags/example_setup_teardown.py
[2025-04-11T12:47:16.781+0000] {processor.py:830} INFO - Processing file /home/airflow/.local/lib/python3.8/site-packages/airflow/example_dags/example_setup_teardown.py for tasks to queue
[2025-04-11T12:47:16.783+0000] {logging_mixin.py:188} INFO - [2025-04-11T12:47:16.782+0000] {dagbag.py:538} INFO - Filling up the DagBag from /home/airflow/.local/lib/python3.8/site-packages/airflow/example_dags/example_setup_teardown.py
[2025-04-11T12:47:16.787+0000] {processor.py:840} INFO - DAG(s) 'example_setup_teardown' retrieved from /home/airflow/.local/lib/python3.8/site-packages/airflow/example_dags/example_setup_teardown.py
[2025-04-11T12:47:16.798+0000] {logging_mixin.py:188} INFO - [2025-04-11T12:47:16.797+0000] {dag.py:3036} INFO - Sync 1 DAGs
[2025-04-11T12:47:16.806+0000] {logging_mixin.py:188} INFO - [2025-04-11T12:47:16.806+0000] {dag.py:3823} INFO - Setting next_dagrun for example_setup_teardown to 2025-04-10 00:00:00+00:00, run_after=2025-04-11 00:00:00+00:00
[2025-04-11T12:47:16.818+0000] {processor.py:183} INFO - Processing /home/airflow/.local/lib/python3.8/site-packages/airflow/example_dags/example_setup_teardown.py took 0.038 seconds
[2025-04-11T12:47:47.247+0000] {processor.py:161} INFO - Started process (PID=398) to work on /home/airflow/.local/lib/python3.8/site-packages/airflow/example_dags/example_setup_teardown.py
[2025-04-11T12:47:47.248+0000] {processor.py:830} INFO - Processing file /home/airflow/.local/lib/python3.8/site-packages/airflow/example_dags/example_setup_teardown.py for tasks to queue
[2025-04-11T12:47:47.249+0000] {logging_mixin.py:188} INFO - [2025-04-11T12:47:47.249+0000] {dagbag.py:538} INFO - Filling up the DagBag from /home/airflow/.local/lib/python3.8/site-packages/airflow/example_dags/example_setup_teardown.py
[2025-04-11T12:47:47.253+0000] {processor.py:840} INFO - DAG(s) 'example_setup_teardown' retrieved from /home/airflow/.local/lib/python3.8/site-packages/airflow/example_dags/example_setup_teardown.py
[2025-04-11T12:47:47.263+0000] {logging_mixin.py:188} INFO - [2025-04-11T12:47:47.263+0000] {dag.py:3036} INFO - Sync 1 DAGs
[2025-04-11T12:47:47.272+0000] {logging_mixin.py:188} INFO - [2025-04-11T12:47:47.272+0000] {dag.py:3823} INFO - Setting next_dagrun for example_setup_teardown to 2025-04-10 00:00:00+00:00, run_after=2025-04-11 00:00:00+00:00
[2025-04-11T12:47:47.281+0000] {processor.py:183} INFO - Processing /home/airflow/.local/lib/python3.8/site-packages/airflow/example_dags/example_setup_teardown.py took 0.036 seconds
[2025-04-11T12:48:17.585+0000] {processor.py:161} INFO - Started process (PID=454) to work on /home/airflow/.local/lib/python3.8/site-packages/airflow/example_dags/example_setup_teardown.py
[2025-04-11T12:48:17.585+0000] {processor.py:830} INFO - Processing file /home/airflow/.local/lib/python3.8/site-packages/airflow/example_dags/example_setup_teardown.py for tasks to queue
[2025-04-11T12:48:17.586+0000] {logging_mixin.py:188} INFO - [2025-04-11T12:48:17.586+0000] {dagbag.py:538} INFO - Filling up the DagBag from /home/airflow/.local/lib/python3.8/site-packages/airflow/example_dags/example_setup_teardown.py
[2025-04-11T12:48:17.588+0000] {processor.py:840} INFO - DAG(s) 'example_setup_teardown' retrieved from /home/airflow/.local/lib/python3.8/site-packages/airflow/example_dags/example_setup_teardown.py
[2025-04-11T12:48:17.596+0000] {logging_mixin.py:188} INFO - [2025-04-11T12:48:17.596+0000] {dag.py:3036} INFO - Sync 1 DAGs
[2025-04-11T12:48:17.604+0000] {logging_mixin.py:188} INFO - [2025-04-11T12:48:17.604+0000] {dag.py:3823} INFO - Setting next_dagrun for example_setup_teardown to 2025-04-10 00:00:00+00:00, run_after=2025-04-11 00:00:00+00:00
[2025-04-11T12:48:17.611+0000] {processor.py:183} INFO - Processing /home/airflow/.local/lib/python3.8/site-packages/airflow/example_dags/example_setup_teardown.py took 0.028 seconds
[2025-04-11T12:48:47.750+0000] {processor.py:161} INFO - Started process (PID=510) to work on /home/airflow/.local/lib/python3.8/site-packages/airflow/example_dags/example_setup_teardown.py
[2025-04-11T12:48:47.751+0000] {processor.py:830} INFO - Processing file /home/airflow/.local/lib/python3.8/site-packages/airflow/example_dags/example_setup_teardown.py for tasks to queue
[2025-04-11T12:48:47.752+0000] {logging_mixin.py:188} INFO - [2025-04-11T12:48:47.752+0000] {dagbag.py:538} INFO - Filling up the DagBag from /home/airflow/.local/lib/python3.8/site-packages/airflow/example_dags/example_setup_teardown.py
[2025-04-11T12:48:47.755+0000] {processor.py:840} INFO - DAG(s) 'example_setup_teardown' retrieved from /home/airflow/.local/lib/python3.8/site-packages/airflow/example_dags/example_setup_teardown.py
[2025-04-11T12:48:47.762+0000] {logging_mixin.py:188} INFO - [2025-04-11T12:48:47.762+0000] {dag.py:3036} INFO - Sync 1 DAGs
[2025-04-11T12:48:47.770+0000] {logging_mixin.py:188} INFO - [2025-04-11T12:48:47.769+0000] {dag.py:3823} INFO - Setting next_dagrun for example_setup_teardown to 2025-04-10 00:00:00+00:00, run_after=2025-04-11 00:00:00+00:00
[2025-04-11T12:48:47.776+0000] {processor.py:183} INFO - Processing /home/airflow/.local/lib/python3.8/site-packages/airflow/example_dags/example_setup_teardown.py took 0.028 seconds
[2025-04-11T12:49:17.993+0000] {processor.py:161} INFO - Started process (PID=566) to work on /home/airflow/.local/lib/python3.8/site-packages/airflow/example_dags/example_setup_teardown.py
[2025-04-11T12:49:17.994+0000] {processor.py:830} INFO - Processing file /home/airflow/.local/lib/python3.8/site-packages/airflow/example_dags/example_setup_teardown.py for tasks to queue
[2025-04-11T12:49:17.995+0000] {logging_mixin.py:188} INFO - [2025-04-11T12:49:17.995+0000] {dagbag.py:538} INFO - Filling up the DagBag from /home/airflow/.local/lib/python3.8/site-packages/airflow/example_dags/example_setup_teardown.py
[2025-04-11T12:49:17.998+0000] {processor.py:840} INFO - DAG(s) 'example_setup_teardown' retrieved from /home/airflow/.local/lib/python3.8/site-packages/airflow/example_dags/example_setup_teardown.py
[2025-04-11T12:49:18.007+0000] {logging_mixin.py:188} INFO - [2025-04-11T12:49:18.006+0000] {dag.py:3036} INFO - Sync 1 DAGs
[2025-04-11T12:49:18.016+0000] {logging_mixin.py:188} INFO - [2025-04-11T12:49:18.015+0000] {dag.py:3823} INFO - Setting next_dagrun for example_setup_teardown to 2025-04-10 00:00:00+00:00, run_after=2025-04-11 00:00:00+00:00
[2025-04-11T12:49:18.024+0000] {processor.py:183} INFO - Processing /home/airflow/.local/lib/python3.8/site-packages/airflow/example_dags/example_setup_teardown.py took 0.033 seconds
[2025-04-11T12:49:48.388+0000] {processor.py:161} INFO - Started process (PID=628) to work on /home/airflow/.local/lib/python3.8/site-packages/airflow/example_dags/example_setup_teardown.py
[2025-04-11T12:49:48.388+0000] {processor.py:830} INFO - Processing file /home/airflow/.local/lib/python3.8/site-packages/airflow/example_dags/example_setup_teardown.py for tasks to queue
[2025-04-11T12:49:48.389+0000] {logging_mixin.py:188} INFO - [2025-04-11T12:49:48.389+0000] {dagbag.py:538} INFO - Filling up the DagBag from /home/airflow/.local/lib/python3.8/site-packages/airflow/example_dags/example_setup_teardown.py
[2025-04-11T12:49:48.391+0000] {processor.py:840} INFO - DAG(s) 'example_setup_teardown' retrieved from /home/airflow/.local/lib/python3.8/site-packages/airflow/example_dags/example_setup_teardown.py
[2025-04-11T12:49:48.401+0000] {logging_mixin.py:188} INFO - [2025-04-11T12:49:48.401+0000] {dag.py:3036} INFO - Sync 1 DAGs
[2025-04-11T12:49:48.409+0000] {logging_mixin.py:188} INFO - [2025-04-11T12:49:48.408+0000] {dag.py:3823} INFO - Setting next_dagrun for example_setup_teardown to 2025-04-10 00:00:00+00:00, run_after=2025-04-11 00:00:00+00:00
[2025-04-11T12:49:48.415+0000] {processor.py:183} INFO - Processing /home/airflow/.local/lib/python3.8/site-packages/airflow/example_dags/example_setup_teardown.py took 0.029 seconds
[2025-04-11T12:50:18.767+0000] {processor.py:161} INFO - Started process (PID=684) to work on /home/airflow/.local/lib/python3.8/site-packages/airflow/example_dags/example_setup_teardown.py
[2025-04-11T12:50:18.768+0000] {processor.py:830} INFO - Processing file /home/airflow/.local/lib/python3.8/site-packages/airflow/example_dags/example_setup_teardown.py for tasks to queue
[2025-04-11T12:50:18.769+0000] {logging_mixin.py:188} INFO - [2025-04-11T12:50:18.768+0000] {dagbag.py:538} INFO - Filling up the DagBag from /home/airflow/.local/lib/python3.8/site-packages/airflow/example_dags/example_setup_teardown.py
[2025-04-11T12:50:18.771+0000] {processor.py:840} INFO - DAG(s) 'example_setup_teardown' retrieved from /home/airflow/.local/lib/python3.8/site-packages/airflow/example_dags/example_setup_teardown.py
[2025-04-11T12:50:18.779+0000] {logging_mixin.py:188} INFO - [2025-04-11T12:50:18.779+0000] {dag.py:3036} INFO - Sync 1 DAGs
[2025-04-11T12:50:18.786+0000] {logging_mixin.py:188} INFO - [2025-04-11T12:50:18.786+0000] {dag.py:3823} INFO - Setting next_dagrun for example_setup_teardown to 2025-04-10 00:00:00+00:00, run_after=2025-04-11 00:00:00+00:00
[2025-04-11T12:50:18.793+0000] {processor.py:183} INFO - Processing /home/airflow/.local/lib/python3.8/site-packages/airflow/example_dags/example_setup_teardown.py took 0.027 seconds
[2025-04-11T12:50:49.310+0000] {processor.py:161} INFO - Started process (PID=740) to work on /home/airflow/.local/lib/python3.8/site-packages/airflow/example_dags/example_setup_teardown.py
[2025-04-11T12:50:49.311+0000] {processor.py:830} INFO - Processing file /home/airflow/.local/lib/python3.8/site-packages/airflow/example_dags/example_setup_teardown.py for tasks to queue
[2025-04-11T12:50:49.312+0000] {logging_mixin.py:188} INFO - [2025-04-11T12:50:49.312+0000] {dagbag.py:538} INFO - Filling up the DagBag from /home/airflow/.local/lib/python3.8/site-packages/airflow/example_dags/example_setup_teardown.py
[2025-04-11T12:50:49.316+0000] {processor.py:840} INFO - DAG(s) 'example_setup_teardown' retrieved from /home/airflow/.local/lib/python3.8/site-packages/airflow/example_dags/example_setup_teardown.py
[2025-04-11T12:50:49.325+0000] {logging_mixin.py:188} INFO - [2025-04-11T12:50:49.325+0000] {dag.py:3036} INFO - Sync 1 DAGs
[2025-04-11T12:50:49.334+0000] {logging_mixin.py:188} INFO - [2025-04-11T12:50:49.334+0000] {dag.py:3823} INFO - Setting next_dagrun for example_setup_teardown to 2025-04-10 00:00:00+00:00, run_after=2025-04-11 00:00:00+00:00
[2025-04-11T12:50:49.344+0000] {processor.py:183} INFO - Processing /home/airflow/.local/lib/python3.8/site-packages/airflow/example_dags/example_setup_teardown.py took 0.035 seconds
[2025-04-11T12:51:19.802+0000] {processor.py:161} INFO - Started process (PID=796) to work on /home/airflow/.local/lib/python3.8/site-packages/airflow/example_dags/example_setup_teardown.py
[2025-04-11T12:51:19.803+0000] {processor.py:830} INFO - Processing file /home/airflow/.local/lib/python3.8/site-packages/airflow/example_dags/example_setup_teardown.py for tasks to queue
[2025-04-11T12:51:19.804+0000] {logging_mixin.py:188} INFO - [2025-04-11T12:51:19.804+0000] {dagbag.py:538} INFO - Filling up the DagBag from /home/airflow/.local/lib/python3.8/site-packages/airflow/example_dags/example_setup_teardown.py
[2025-04-11T12:51:19.808+0000] {processor.py:840} INFO - DAG(s) 'example_setup_teardown' retrieved from /home/airflow/.local/lib/python3.8/site-packages/airflow/example_dags/example_setup_teardown.py
[2025-04-11T12:51:19.818+0000] {logging_mixin.py:188} INFO - [2025-04-11T12:51:19.817+0000] {dag.py:3036} INFO - Sync 1 DAGs
[2025-04-11T12:51:19.827+0000] {logging_mixin.py:188} INFO - [2025-04-11T12:51:19.827+0000] {dag.py:3823} INFO - Setting next_dagrun for example_setup_teardown to 2025-04-10 00:00:00+00:00, run_after=2025-04-11 00:00:00+00:00
[2025-04-11T12:51:19.835+0000] {processor.py:183} INFO - Processing /home/airflow/.local/lib/python3.8/site-packages/airflow/example_dags/example_setup_teardown.py took 0.035 seconds
[2025-04-11T12:51:50.286+0000] {processor.py:161} INFO - Started process (PID=852) to work on /home/airflow/.local/lib/python3.8/site-packages/airflow/example_dags/example_setup_teardown.py
[2025-04-11T12:51:50.287+0000] {processor.py:830} INFO - Processing file /home/airflow/.local/lib/python3.8/site-packages/airflow/example_dags/example_setup_teardown.py for tasks to queue
[2025-04-11T12:51:50.288+0000] {logging_mixin.py:188} INFO - [2025-04-11T12:51:50.288+0000] {dagbag.py:538} INFO - Filling up the DagBag from /home/airflow/.local/lib/python3.8/site-packages/airflow/example_dags/example_setup_teardown.py
[2025-04-11T12:51:50.292+0000] {processor.py:840} INFO - DAG(s) 'example_setup_teardown' retrieved from /home/airflow/.local/lib/python3.8/site-packages/airflow/example_dags/example_setup_teardown.py
[2025-04-11T12:51:50.301+0000] {logging_mixin.py:188} INFO - [2025-04-11T12:51:50.301+0000] {dag.py:3036} INFO - Sync 1 DAGs
[2025-04-11T12:51:50.309+0000] {logging_mixin.py:188} INFO - [2025-04-11T12:51:50.309+0000] {dag.py:3823} INFO - Setting next_dagrun for example_setup_teardown to 2025-04-10 00:00:00+00:00, run_after=2025-04-11 00:00:00+00:00
[2025-04-11T12:51:50.321+0000] {processor.py:183} INFO - Processing /home/airflow/.local/lib/python3.8/site-packages/airflow/example_dags/example_setup_teardown.py took 0.037 seconds
[2025-04-11T12:52:20.748+0000] {processor.py:161} INFO - Started process (PID=907) to work on /home/airflow/.local/lib/python3.8/site-packages/airflow/example_dags/example_setup_teardown.py
[2025-04-11T12:52:20.749+0000] {processor.py:830} INFO - Processing file /home/airflow/.local/lib/python3.8/site-packages/airflow/example_dags/example_setup_teardown.py for tasks to queue
[2025-04-11T12:52:20.749+0000] {logging_mixin.py:188} INFO - [2025-04-11T12:52:20.749+0000] {dagbag.py:538} INFO - Filling up the DagBag from /home/airflow/.local/lib/python3.8/site-packages/airflow/example_dags/example_setup_teardown.py
[2025-04-11T12:52:20.752+0000] {processor.py:840} INFO - DAG(s) 'example_setup_teardown' retrieved from /home/airflow/.local/lib/python3.8/site-packages/airflow/example_dags/example_setup_teardown.py
[2025-04-11T12:52:20.760+0000] {logging_mixin.py:188} INFO - [2025-04-11T12:52:20.760+0000] {dag.py:3036} INFO - Sync 1 DAGs
[2025-04-11T12:52:20.773+0000] {logging_mixin.py:188} INFO - [2025-04-11T12:52:20.772+0000] {dag.py:3823} INFO - Setting next_dagrun for example_setup_teardown to 2025-04-10 00:00:00+00:00, run_after=2025-04-11 00:00:00+00:00
[2025-04-11T12:52:20.781+0000] {processor.py:183} INFO - Processing /home/airflow/.local/lib/python3.8/site-packages/airflow/example_dags/example_setup_teardown.py took 0.034 seconds
[2025-04-11T12:52:51.172+0000] {processor.py:161} INFO - Started process (PID=963) to work on /home/airflow/.local/lib/python3.8/site-packages/airflow/example_dags/example_setup_teardown.py
[2025-04-11T12:52:51.173+0000] {processor.py:830} INFO - Processing file /home/airflow/.local/lib/python3.8/site-packages/airflow/example_dags/example_setup_teardown.py for tasks to queue
[2025-04-11T12:52:51.173+0000] {logging_mixin.py:188} INFO - [2025-04-11T12:52:51.173+0000] {dagbag.py:538} INFO - Filling up the DagBag from /home/airflow/.local/lib/python3.8/site-packages/airflow/example_dags/example_setup_teardown.py
[2025-04-11T12:52:51.176+0000] {processor.py:840} INFO - DAG(s) 'example_setup_teardown' retrieved from /home/airflow/.local/lib/python3.8/site-packages/airflow/example_dags/example_setup_teardown.py
[2025-04-11T12:52:51.186+0000] {logging_mixin.py:188} INFO - [2025-04-11T12:52:51.186+0000] {dag.py:3036} INFO - Sync 1 DAGs
[2025-04-11T12:52:51.194+0000] {logging_mixin.py:188} INFO - [2025-04-11T12:52:51.194+0000] {dag.py:3823} INFO - Setting next_dagrun for example_setup_teardown to 2025-04-10 00:00:00+00:00, run_after=2025-04-11 00:00:00+00:00
[2025-04-11T12:52:51.201+0000] {processor.py:183} INFO - Processing /home/airflow/.local/lib/python3.8/site-packages/airflow/example_dags/example_setup_teardown.py took 0.030 seconds
[2025-04-11T12:53:21.452+0000] {processor.py:161} INFO - Started process (PID=1019) to work on /home/airflow/.local/lib/python3.8/site-packages/airflow/example_dags/example_setup_teardown.py
[2025-04-11T12:53:21.453+0000] {processor.py:830} INFO - Processing file /home/airflow/.local/lib/python3.8/site-packages/airflow/example_dags/example_setup_teardown.py for tasks to queue
[2025-04-11T12:53:21.454+0000] {logging_mixin.py:188} INFO - [2025-04-11T12:53:21.454+0000] {dagbag.py:538} INFO - Filling up the DagBag from /home/airflow/.local/lib/python3.8/site-packages/airflow/example_dags/example_setup_teardown.py
[2025-04-11T12:53:21.457+0000] {processor.py:840} INFO - DAG(s) 'example_setup_teardown' retrieved from /home/airflow/.local/lib/python3.8/site-packages/airflow/example_dags/example_setup_teardown.py
[2025-04-11T12:53:21.465+0000] {logging_mixin.py:188} INFO - [2025-04-11T12:53:21.464+0000] {dag.py:3036} INFO - Sync 1 DAGs
[2025-04-11T12:53:21.472+0000] {logging_mixin.py:188} INFO - [2025-04-11T12:53:21.472+0000] {dag.py:3823} INFO - Setting next_dagrun for example_setup_teardown to 2025-04-10 00:00:00+00:00, run_after=2025-04-11 00:00:00+00:00
[2025-04-11T12:53:21.479+0000] {processor.py:183} INFO - Processing /home/airflow/.local/lib/python3.8/site-packages/airflow/example_dags/example_setup_teardown.py took 0.028 seconds
[2025-04-11T12:53:51.738+0000] {processor.py:161} INFO - Started process (PID=1075) to work on /home/airflow/.local/lib/python3.8/site-packages/airflow/example_dags/example_setup_teardown.py
[2025-04-11T12:53:51.739+0000] {processor.py:830} INFO - Processing file /home/airflow/.local/lib/python3.8/site-packages/airflow/example_dags/example_setup_teardown.py for tasks to queue
[2025-04-11T12:53:51.740+0000] {logging_mixin.py:188} INFO - [2025-04-11T12:53:51.740+0000] {dagbag.py:538} INFO - Filling up the DagBag from /home/airflow/.local/lib/python3.8/site-packages/airflow/example_dags/example_setup_teardown.py
[2025-04-11T12:53:51.743+0000] {processor.py:840} INFO - DAG(s) 'example_setup_teardown' retrieved from /home/airflow/.local/lib/python3.8/site-packages/airflow/example_dags/example_setup_teardown.py
[2025-04-11T12:53:51.751+0000] {logging_mixin.py:188} INFO - [2025-04-11T12:53:51.750+0000] {dag.py:3036} INFO - Sync 1 DAGs
[2025-04-11T12:53:51.758+0000] {logging_mixin.py:188} INFO - [2025-04-11T12:53:51.758+0000] {dag.py:3823} INFO - Setting next_dagrun for example_setup_teardown to 2025-04-10 00:00:00+00:00, run_after=2025-04-11 00:00:00+00:00
[2025-04-11T12:53:51.765+0000] {processor.py:183} INFO - Processing /home/airflow/.local/lib/python3.8/site-packages/airflow/example_dags/example_setup_teardown.py took 0.028 seconds
[2025-04-11T12:54:21.985+0000] {processor.py:161} INFO - Started process (PID=1131) to work on /home/airflow/.local/lib/python3.8/site-packages/airflow/example_dags/example_setup_teardown.py
[2025-04-11T12:54:21.986+0000] {processor.py:830} INFO - Processing file /home/airflow/.local/lib/python3.8/site-packages/airflow/example_dags/example_setup_teardown.py for tasks to queue
[2025-04-11T12:54:21.986+0000] {logging_mixin.py:188} INFO - [2025-04-11T12:54:21.986+0000] {dagbag.py:538} INFO - Filling up the DagBag from /home/airflow/.local/lib/python3.8/site-packages/airflow/example_dags/example_setup_teardown.py
[2025-04-11T12:54:21.990+0000] {processor.py:840} INFO - DAG(s) 'example_setup_teardown' retrieved from /home/airflow/.local/lib/python3.8/site-packages/airflow/example_dags/example_setup_teardown.py
[2025-04-11T12:54:21.998+0000] {logging_mixin.py:188} INFO - [2025-04-11T12:54:21.997+0000] {dag.py:3036} INFO - Sync 1 DAGs
[2025-04-11T12:54:22.006+0000] {logging_mixin.py:188} INFO - [2025-04-11T12:54:22.006+0000] {dag.py:3823} INFO - Setting next_dagrun for example_setup_teardown to 2025-04-10 00:00:00+00:00, run_after=2025-04-11 00:00:00+00:00
[2025-04-11T12:54:22.012+0000] {processor.py:183} INFO - Processing /home/airflow/.local/lib/python3.8/site-packages/airflow/example_dags/example_setup_teardown.py took 0.029 seconds
[2025-04-11T12:54:52.215+0000] {processor.py:161} INFO - Started process (PID=1187) to work on /home/airflow/.local/lib/python3.8/site-packages/airflow/example_dags/example_setup_teardown.py
[2025-04-11T12:54:52.215+0000] {processor.py:830} INFO - Processing file /home/airflow/.local/lib/python3.8/site-packages/airflow/example_dags/example_setup_teardown.py for tasks to queue
[2025-04-11T12:54:52.216+0000] {logging_mixin.py:188} INFO - [2025-04-11T12:54:52.216+0000] {dagbag.py:538} INFO - Filling up the DagBag from /home/airflow/.local/lib/python3.8/site-packages/airflow/example_dags/example_setup_teardown.py
[2025-04-11T12:54:52.219+0000] {processor.py:840} INFO - DAG(s) 'example_setup_teardown' retrieved from /home/airflow/.local/lib/python3.8/site-packages/airflow/example_dags/example_setup_teardown.py
[2025-04-11T12:54:52.227+0000] {logging_mixin.py:188} INFO - [2025-04-11T12:54:52.227+0000] {dag.py:3036} INFO - Sync 1 DAGs
[2025-04-11T12:54:52.235+0000] {logging_mixin.py:188} INFO - [2025-04-11T12:54:52.235+0000] {dag.py:3823} INFO - Setting next_dagrun for example_setup_teardown to 2025-04-10 00:00:00+00:00, run_after=2025-04-11 00:00:00+00:00
[2025-04-11T12:54:52.242+0000] {processor.py:183} INFO - Processing /home/airflow/.local/lib/python3.8/site-packages/airflow/example_dags/example_setup_teardown.py took 0.029 seconds
[2025-04-11T12:55:22.526+0000] {processor.py:161} INFO - Started process (PID=1243) to work on /home/airflow/.local/lib/python3.8/site-packages/airflow/example_dags/example_setup_teardown.py
[2025-04-11T12:55:22.526+0000] {processor.py:830} INFO - Processing file /home/airflow/.local/lib/python3.8/site-packages/airflow/example_dags/example_setup_teardown.py for tasks to queue
[2025-04-11T12:55:22.527+0000] {logging_mixin.py:188} INFO - [2025-04-11T12:55:22.527+0000] {dagbag.py:538} INFO - Filling up the DagBag from /home/airflow/.local/lib/python3.8/site-packages/airflow/example_dags/example_setup_teardown.py
[2025-04-11T12:55:22.530+0000] {processor.py:840} INFO - DAG(s) 'example_setup_teardown' retrieved from /home/airflow/.local/lib/python3.8/site-packages/airflow/example_dags/example_setup_teardown.py
[2025-04-11T12:55:22.540+0000] {logging_mixin.py:188} INFO - [2025-04-11T12:55:22.540+0000] {dag.py:3036} INFO - Sync 1 DAGs
[2025-04-11T12:55:22.549+0000] {logging_mixin.py:188} INFO - [2025-04-11T12:55:22.549+0000] {dag.py:3823} INFO - Setting next_dagrun for example_setup_teardown to 2025-04-10 00:00:00+00:00, run_after=2025-04-11 00:00:00+00:00
[2025-04-11T12:55:22.557+0000] {processor.py:183} INFO - Processing /home/airflow/.local/lib/python3.8/site-packages/airflow/example_dags/example_setup_teardown.py took 0.034 seconds
