[2025-04-11T12:44:44.822+0000] {processor.py:161} INFO - Started process (PID=58) to work on /home/airflow/.local/lib/python3.8/site-packages/airflow/example_dags/example_latest_only.py
[2025-04-11T12:44:44.823+0000] {processor.py:830} INFO - Processing file /home/airflow/.local/lib/python3.8/site-packages/airflow/example_dags/example_latest_only.py for tasks to queue
[2025-04-11T12:44:44.824+0000] {logging_mixin.py:188} INFO - [2025-04-11T12:44:44.824+0000] {dagbag.py:538} INFO - Filling up the DagBag from /home/airflow/.local/lib/python3.8/site-packages/airflow/example_dags/example_latest_only.py
[2025-04-11T12:44:44.828+0000] {processor.py:840} INFO - DAG(s) 'latest_only' retrieved from /home/airflow/.local/lib/python3.8/site-packages/airflow/example_dags/example_latest_only.py
[2025-04-11T12:44:44.835+0000] {logging_mixin.py:188} INFO - [2025-04-11T12:44:44.834+0000] {dag.py:3036} INFO - Sync 1 DAGs
[2025-04-11T12:44:44.847+0000] {logging_mixin.py:188} INFO - [2025-04-11T12:44:44.847+0000] {dag.py:3823} INFO - Setting next_dagrun for latest_only to 2025-04-11 08:00:00+00:00, run_after=2025-04-11 12:00:00+00:00
[2025-04-11T12:44:44.858+0000] {processor.py:183} INFO - Processing /home/airflow/.local/lib/python3.8/site-packages/airflow/example_dags/example_latest_only.py took 0.038 seconds
[2025-04-11T12:45:14.999+0000] {processor.py:161} INFO - Started process (PID=115) to work on /home/airflow/.local/lib/python3.8/site-packages/airflow/example_dags/example_latest_only.py
[2025-04-11T12:45:15.000+0000] {processor.py:830} INFO - Processing file /home/airflow/.local/lib/python3.8/site-packages/airflow/example_dags/example_latest_only.py for tasks to queue
[2025-04-11T12:45:15.000+0000] {logging_mixin.py:188} INFO - [2025-04-11T12:45:15.000+0000] {dagbag.py:538} INFO - Filling up the DagBag from /home/airflow/.local/lib/python3.8/site-packages/airflow/example_dags/example_latest_only.py
[2025-04-11T12:45:15.003+0000] {processor.py:840} INFO - DAG(s) 'latest_only' retrieved from /home/airflow/.local/lib/python3.8/site-packages/airflow/example_dags/example_latest_only.py
[2025-04-11T12:45:15.041+0000] {logging_mixin.py:188} INFO - [2025-04-11T12:45:15.041+0000] {dag.py:3036} INFO - Sync 1 DAGs
[2025-04-11T12:45:15.049+0000] {logging_mixin.py:188} INFO - [2025-04-11T12:45:15.049+0000] {dag.py:3823} INFO - Setting next_dagrun for latest_only to 2025-04-11 08:00:00+00:00, run_after=2025-04-11 12:00:00+00:00
[2025-04-11T12:45:15.059+0000] {processor.py:183} INFO - Processing /home/airflow/.local/lib/python3.8/site-packages/airflow/example_dags/example_latest_only.py took 0.061 seconds
[2025-04-11T12:45:45.099+0000] {processor.py:161} INFO - Started process (PID=171) to work on /home/airflow/.local/lib/python3.8/site-packages/airflow/example_dags/example_latest_only.py
[2025-04-11T12:45:45.100+0000] {processor.py:830} INFO - Processing file /home/airflow/.local/lib/python3.8/site-packages/airflow/example_dags/example_latest_only.py for tasks to queue
[2025-04-11T12:45:45.100+0000] {logging_mixin.py:188} INFO - [2025-04-11T12:45:45.100+0000] {dagbag.py:538} INFO - Filling up the DagBag from /home/airflow/.local/lib/python3.8/site-packages/airflow/example_dags/example_latest_only.py
[2025-04-11T12:45:45.102+0000] {processor.py:840} INFO - DAG(s) 'latest_only' retrieved from /home/airflow/.local/lib/python3.8/site-packages/airflow/example_dags/example_latest_only.py
[2025-04-11T12:45:45.112+0000] {logging_mixin.py:188} INFO - [2025-04-11T12:45:45.112+0000] {dag.py:3036} INFO - Sync 1 DAGs
[2025-04-11T12:45:45.120+0000] {logging_mixin.py:188} INFO - [2025-04-11T12:45:45.120+0000] {dag.py:3823} INFO - Setting next_dagrun for latest_only to 2025-04-11 08:00:00+00:00, run_after=2025-04-11 12:00:00+00:00
[2025-04-11T12:45:45.127+0000] {processor.py:183} INFO - Processing /home/airflow/.local/lib/python3.8/site-packages/airflow/example_dags/example_latest_only.py took 0.029 seconds
[2025-04-11T12:46:15.609+0000] {processor.py:161} INFO - Started process (PID=226) to work on /home/airflow/.local/lib/python3.8/site-packages/airflow/example_dags/example_latest_only.py
[2025-04-11T12:46:15.609+0000] {processor.py:830} INFO - Processing file /home/airflow/.local/lib/python3.8/site-packages/airflow/example_dags/example_latest_only.py for tasks to queue
[2025-04-11T12:46:15.610+0000] {logging_mixin.py:188} INFO - [2025-04-11T12:46:15.610+0000] {dagbag.py:538} INFO - Filling up the DagBag from /home/airflow/.local/lib/python3.8/site-packages/airflow/example_dags/example_latest_only.py
[2025-04-11T12:46:15.612+0000] {processor.py:840} INFO - DAG(s) 'latest_only' retrieved from /home/airflow/.local/lib/python3.8/site-packages/airflow/example_dags/example_latest_only.py
[2025-04-11T12:46:15.622+0000] {logging_mixin.py:188} INFO - [2025-04-11T12:46:15.622+0000] {dag.py:3036} INFO - Sync 1 DAGs
[2025-04-11T12:46:15.631+0000] {logging_mixin.py:188} INFO - [2025-04-11T12:46:15.631+0000] {dag.py:3823} INFO - Setting next_dagrun for latest_only to 2025-04-11 08:00:00+00:00, run_after=2025-04-11 12:00:00+00:00
[2025-04-11T12:46:15.639+0000] {processor.py:183} INFO - Processing /home/airflow/.local/lib/python3.8/site-packages/airflow/example_dags/example_latest_only.py took 0.033 seconds
[2025-04-11T12:46:46.269+0000] {processor.py:161} INFO - Started process (PID=282) to work on /home/airflow/.local/lib/python3.8/site-packages/airflow/example_dags/example_latest_only.py
[2025-04-11T12:46:46.269+0000] {processor.py:830} INFO - Processing file /home/airflow/.local/lib/python3.8/site-packages/airflow/example_dags/example_latest_only.py for tasks to queue
[2025-04-11T12:46:46.270+0000] {logging_mixin.py:188} INFO - [2025-04-11T12:46:46.270+0000] {dagbag.py:538} INFO - Filling up the DagBag from /home/airflow/.local/lib/python3.8/site-packages/airflow/example_dags/example_latest_only.py
[2025-04-11T12:46:46.272+0000] {processor.py:840} INFO - DAG(s) 'latest_only' retrieved from /home/airflow/.local/lib/python3.8/site-packages/airflow/example_dags/example_latest_only.py
[2025-04-11T12:46:46.280+0000] {logging_mixin.py:188} INFO - [2025-04-11T12:46:46.280+0000] {dag.py:3036} INFO - Sync 1 DAGs
[2025-04-11T12:46:46.288+0000] {logging_mixin.py:188} INFO - [2025-04-11T12:46:46.288+0000] {dag.py:3823} INFO - Setting next_dagrun for latest_only to 2025-04-11 08:00:00+00:00, run_after=2025-04-11 12:00:00+00:00
[2025-04-11T12:46:46.294+0000] {processor.py:183} INFO - Processing /home/airflow/.local/lib/python3.8/site-packages/airflow/example_dags/example_latest_only.py took 0.027 seconds
[2025-04-11T12:47:16.695+0000] {processor.py:161} INFO - Started process (PID=338) to work on /home/airflow/.local/lib/python3.8/site-packages/airflow/example_dags/example_latest_only.py
[2025-04-11T12:47:16.696+0000] {processor.py:830} INFO - Processing file /home/airflow/.local/lib/python3.8/site-packages/airflow/example_dags/example_latest_only.py for tasks to queue
[2025-04-11T12:47:16.697+0000] {logging_mixin.py:188} INFO - [2025-04-11T12:47:16.697+0000] {dagbag.py:538} INFO - Filling up the DagBag from /home/airflow/.local/lib/python3.8/site-packages/airflow/example_dags/example_latest_only.py
[2025-04-11T12:47:16.700+0000] {processor.py:840} INFO - DAG(s) 'latest_only' retrieved from /home/airflow/.local/lib/python3.8/site-packages/airflow/example_dags/example_latest_only.py
[2025-04-11T12:47:16.710+0000] {logging_mixin.py:188} INFO - [2025-04-11T12:47:16.710+0000] {dag.py:3036} INFO - Sync 1 DAGs
[2025-04-11T12:47:16.719+0000] {logging_mixin.py:188} INFO - [2025-04-11T12:47:16.719+0000] {dag.py:3823} INFO - Setting next_dagrun for latest_only to 2025-04-11 08:00:00+00:00, run_after=2025-04-11 12:00:00+00:00
[2025-04-11T12:47:16.726+0000] {processor.py:183} INFO - Processing /home/airflow/.local/lib/python3.8/site-packages/airflow/example_dags/example_latest_only.py took 0.032 seconds
[2025-04-11T12:47:47.141+0000] {processor.py:161} INFO - Started process (PID=394) to work on /home/airflow/.local/lib/python3.8/site-packages/airflow/example_dags/example_latest_only.py
[2025-04-11T12:47:47.141+0000] {processor.py:830} INFO - Processing file /home/airflow/.local/lib/python3.8/site-packages/airflow/example_dags/example_latest_only.py for tasks to queue
[2025-04-11T12:47:47.142+0000] {logging_mixin.py:188} INFO - [2025-04-11T12:47:47.142+0000] {dagbag.py:538} INFO - Filling up the DagBag from /home/airflow/.local/lib/python3.8/site-packages/airflow/example_dags/example_latest_only.py
[2025-04-11T12:47:47.145+0000] {processor.py:840} INFO - DAG(s) 'latest_only' retrieved from /home/airflow/.local/lib/python3.8/site-packages/airflow/example_dags/example_latest_only.py
[2025-04-11T12:47:47.157+0000] {logging_mixin.py:188} INFO - [2025-04-11T12:47:47.157+0000] {dag.py:3036} INFO - Sync 1 DAGs
[2025-04-11T12:47:47.167+0000] {logging_mixin.py:188} INFO - [2025-04-11T12:47:47.166+0000] {dag.py:3823} INFO - Setting next_dagrun for latest_only to 2025-04-11 08:00:00+00:00, run_after=2025-04-11 12:00:00+00:00
[2025-04-11T12:47:47.176+0000] {processor.py:183} INFO - Processing /home/airflow/.local/lib/python3.8/site-packages/airflow/example_dags/example_latest_only.py took 0.037 seconds
[2025-04-11T12:48:17.493+0000] {processor.py:161} INFO - Started process (PID=450) to work on /home/airflow/.local/lib/python3.8/site-packages/airflow/example_dags/example_latest_only.py
[2025-04-11T12:48:17.493+0000] {processor.py:830} INFO - Processing file /home/airflow/.local/lib/python3.8/site-packages/airflow/example_dags/example_latest_only.py for tasks to queue
[2025-04-11T12:48:17.494+0000] {logging_mixin.py:188} INFO - [2025-04-11T12:48:17.494+0000] {dagbag.py:538} INFO - Filling up the DagBag from /home/airflow/.local/lib/python3.8/site-packages/airflow/example_dags/example_latest_only.py
[2025-04-11T12:48:17.497+0000] {processor.py:840} INFO - DAG(s) 'latest_only' retrieved from /home/airflow/.local/lib/python3.8/site-packages/airflow/example_dags/example_latest_only.py
[2025-04-11T12:48:17.507+0000] {logging_mixin.py:188} INFO - [2025-04-11T12:48:17.507+0000] {dag.py:3036} INFO - Sync 1 DAGs
[2025-04-11T12:48:17.515+0000] {logging_mixin.py:188} INFO - [2025-04-11T12:48:17.515+0000] {dag.py:3823} INFO - Setting next_dagrun for latest_only to 2025-04-11 08:00:00+00:00, run_after=2025-04-11 12:00:00+00:00
[2025-04-11T12:48:17.523+0000] {processor.py:183} INFO - Processing /home/airflow/.local/lib/python3.8/site-packages/airflow/example_dags/example_latest_only.py took 0.031 seconds
[2025-04-11T12:48:47.675+0000] {processor.py:161} INFO - Started process (PID=506) to work on /home/airflow/.local/lib/python3.8/site-packages/airflow/example_dags/example_latest_only.py
[2025-04-11T12:48:47.676+0000] {processor.py:830} INFO - Processing file /home/airflow/.local/lib/python3.8/site-packages/airflow/example_dags/example_latest_only.py for tasks to queue
[2025-04-11T12:48:47.676+0000] {logging_mixin.py:188} INFO - [2025-04-11T12:48:47.676+0000] {dagbag.py:538} INFO - Filling up the DagBag from /home/airflow/.local/lib/python3.8/site-packages/airflow/example_dags/example_latest_only.py
[2025-04-11T12:48:47.678+0000] {processor.py:840} INFO - DAG(s) 'latest_only' retrieved from /home/airflow/.local/lib/python3.8/site-packages/airflow/example_dags/example_latest_only.py
[2025-04-11T12:48:47.686+0000] {logging_mixin.py:188} INFO - [2025-04-11T12:48:47.686+0000] {dag.py:3036} INFO - Sync 1 DAGs
[2025-04-11T12:48:47.693+0000] {logging_mixin.py:188} INFO - [2025-04-11T12:48:47.693+0000] {dag.py:3823} INFO - Setting next_dagrun for latest_only to 2025-04-11 08:00:00+00:00, run_after=2025-04-11 12:00:00+00:00
[2025-04-11T12:48:47.700+0000] {processor.py:183} INFO - Processing /home/airflow/.local/lib/python3.8/site-packages/airflow/example_dags/example_latest_only.py took 0.026 seconds
[2025-04-11T12:49:17.893+0000] {processor.py:161} INFO - Started process (PID=562) to work on /home/airflow/.local/lib/python3.8/site-packages/airflow/example_dags/example_latest_only.py
[2025-04-11T12:49:17.894+0000] {processor.py:830} INFO - Processing file /home/airflow/.local/lib/python3.8/site-packages/airflow/example_dags/example_latest_only.py for tasks to queue
[2025-04-11T12:49:17.895+0000] {logging_mixin.py:188} INFO - [2025-04-11T12:49:17.895+0000] {dagbag.py:538} INFO - Filling up the DagBag from /home/airflow/.local/lib/python3.8/site-packages/airflow/example_dags/example_latest_only.py
[2025-04-11T12:49:17.897+0000] {processor.py:840} INFO - DAG(s) 'latest_only' retrieved from /home/airflow/.local/lib/python3.8/site-packages/airflow/example_dags/example_latest_only.py
[2025-04-11T12:49:17.907+0000] {logging_mixin.py:188} INFO - [2025-04-11T12:49:17.907+0000] {dag.py:3036} INFO - Sync 1 DAGs
[2025-04-11T12:49:17.917+0000] {logging_mixin.py:188} INFO - [2025-04-11T12:49:17.917+0000] {dag.py:3823} INFO - Setting next_dagrun for latest_only to 2025-04-11 08:00:00+00:00, run_after=2025-04-11 12:00:00+00:00
[2025-04-11T12:49:17.926+0000] {processor.py:183} INFO - Processing /home/airflow/.local/lib/python3.8/site-packages/airflow/example_dags/example_latest_only.py took 0.035 seconds
[2025-04-11T12:49:48.283+0000] {processor.py:161} INFO - Started process (PID=624) to work on /home/airflow/.local/lib/python3.8/site-packages/airflow/example_dags/example_latest_only.py
[2025-04-11T12:49:48.283+0000] {processor.py:830} INFO - Processing file /home/airflow/.local/lib/python3.8/site-packages/airflow/example_dags/example_latest_only.py for tasks to queue
[2025-04-11T12:49:48.284+0000] {logging_mixin.py:188} INFO - [2025-04-11T12:49:48.284+0000] {dagbag.py:538} INFO - Filling up the DagBag from /home/airflow/.local/lib/python3.8/site-packages/airflow/example_dags/example_latest_only.py
[2025-04-11T12:49:48.286+0000] {processor.py:840} INFO - DAG(s) 'latest_only' retrieved from /home/airflow/.local/lib/python3.8/site-packages/airflow/example_dags/example_latest_only.py
[2025-04-11T12:49:48.295+0000] {logging_mixin.py:188} INFO - [2025-04-11T12:49:48.294+0000] {dag.py:3036} INFO - Sync 1 DAGs
[2025-04-11T12:49:48.302+0000] {logging_mixin.py:188} INFO - [2025-04-11T12:49:48.302+0000] {dag.py:3823} INFO - Setting next_dagrun for latest_only to 2025-04-11 08:00:00+00:00, run_after=2025-04-11 12:00:00+00:00
[2025-04-11T12:49:48.309+0000] {processor.py:183} INFO - Processing /home/airflow/.local/lib/python3.8/site-packages/airflow/example_dags/example_latest_only.py took 0.027 seconds
[2025-04-11T12:50:18.640+0000] {processor.py:161} INFO - Started process (PID=680) to work on /home/airflow/.local/lib/python3.8/site-packages/airflow/example_dags/example_latest_only.py
[2025-04-11T12:50:18.644+0000] {processor.py:830} INFO - Processing file /home/airflow/.local/lib/python3.8/site-packages/airflow/example_dags/example_latest_only.py for tasks to queue
[2025-04-11T12:50:18.645+0000] {logging_mixin.py:188} INFO - [2025-04-11T12:50:18.645+0000] {dagbag.py:538} INFO - Filling up the DagBag from /home/airflow/.local/lib/python3.8/site-packages/airflow/example_dags/example_latest_only.py
[2025-04-11T12:50:18.649+0000] {processor.py:840} INFO - DAG(s) 'latest_only' retrieved from /home/airflow/.local/lib/python3.8/site-packages/airflow/example_dags/example_latest_only.py
[2025-04-11T12:50:18.658+0000] {logging_mixin.py:188} INFO - [2025-04-11T12:50:18.657+0000] {dag.py:3036} INFO - Sync 1 DAGs
[2025-04-11T12:50:18.669+0000] {logging_mixin.py:188} INFO - [2025-04-11T12:50:18.668+0000] {dag.py:3823} INFO - Setting next_dagrun for latest_only to 2025-04-11 08:00:00+00:00, run_after=2025-04-11 12:00:00+00:00
[2025-04-11T12:50:18.678+0000] {processor.py:183} INFO - Processing /home/airflow/.local/lib/python3.8/site-packages/airflow/example_dags/example_latest_only.py took 0.039 seconds
[2025-04-11T12:50:49.219+0000] {processor.py:161} INFO - Started process (PID=736) to work on /home/airflow/.local/lib/python3.8/site-packages/airflow/example_dags/example_latest_only.py
[2025-04-11T12:50:49.219+0000] {processor.py:830} INFO - Processing file /home/airflow/.local/lib/python3.8/site-packages/airflow/example_dags/example_latest_only.py for tasks to queue
[2025-04-11T12:50:49.220+0000] {logging_mixin.py:188} INFO - [2025-04-11T12:50:49.220+0000] {dagbag.py:538} INFO - Filling up the DagBag from /home/airflow/.local/lib/python3.8/site-packages/airflow/example_dags/example_latest_only.py
[2025-04-11T12:50:49.222+0000] {processor.py:840} INFO - DAG(s) 'latest_only' retrieved from /home/airflow/.local/lib/python3.8/site-packages/airflow/example_dags/example_latest_only.py
[2025-04-11T12:50:49.232+0000] {logging_mixin.py:188} INFO - [2025-04-11T12:50:49.232+0000] {dag.py:3036} INFO - Sync 1 DAGs
[2025-04-11T12:50:49.242+0000] {logging_mixin.py:188} INFO - [2025-04-11T12:50:49.242+0000] {dag.py:3823} INFO - Setting next_dagrun for latest_only to 2025-04-11 08:00:00+00:00, run_after=2025-04-11 12:00:00+00:00
[2025-04-11T12:50:49.254+0000] {processor.py:183} INFO - Processing /home/airflow/.local/lib/python3.8/site-packages/airflow/example_dags/example_latest_only.py took 0.036 seconds
[2025-04-11T12:51:19.712+0000] {processor.py:161} INFO - Started process (PID=792) to work on /home/airflow/.local/lib/python3.8/site-packages/airflow/example_dags/example_latest_only.py
[2025-04-11T12:51:19.712+0000] {processor.py:830} INFO - Processing file /home/airflow/.local/lib/python3.8/site-packages/airflow/example_dags/example_latest_only.py for tasks to queue
[2025-04-11T12:51:19.713+0000] {logging_mixin.py:188} INFO - [2025-04-11T12:51:19.713+0000] {dagbag.py:538} INFO - Filling up the DagBag from /home/airflow/.local/lib/python3.8/site-packages/airflow/example_dags/example_latest_only.py
[2025-04-11T12:51:19.715+0000] {processor.py:840} INFO - DAG(s) 'latest_only' retrieved from /home/airflow/.local/lib/python3.8/site-packages/airflow/example_dags/example_latest_only.py
[2025-04-11T12:51:19.723+0000] {logging_mixin.py:188} INFO - [2025-04-11T12:51:19.723+0000] {dag.py:3036} INFO - Sync 1 DAGs
[2025-04-11T12:51:19.730+0000] {logging_mixin.py:188} INFO - [2025-04-11T12:51:19.730+0000] {dag.py:3823} INFO - Setting next_dagrun for latest_only to 2025-04-11 08:00:00+00:00, run_after=2025-04-11 12:00:00+00:00
[2025-04-11T12:51:19.736+0000] {processor.py:183} INFO - Processing /home/airflow/.local/lib/python3.8/site-packages/airflow/example_dags/example_latest_only.py took 0.026 seconds
[2025-04-11T12:51:50.199+0000] {processor.py:161} INFO - Started process (PID=848) to work on /home/airflow/.local/lib/python3.8/site-packages/airflow/example_dags/example_latest_only.py
[2025-04-11T12:51:50.199+0000] {processor.py:830} INFO - Processing file /home/airflow/.local/lib/python3.8/site-packages/airflow/example_dags/example_latest_only.py for tasks to queue
[2025-04-11T12:51:50.200+0000] {logging_mixin.py:188} INFO - [2025-04-11T12:51:50.200+0000] {dagbag.py:538} INFO - Filling up the DagBag from /home/airflow/.local/lib/python3.8/site-packages/airflow/example_dags/example_latest_only.py
[2025-04-11T12:51:50.202+0000] {processor.py:840} INFO - DAG(s) 'latest_only' retrieved from /home/airflow/.local/lib/python3.8/site-packages/airflow/example_dags/example_latest_only.py
[2025-04-11T12:51:50.212+0000] {logging_mixin.py:188} INFO - [2025-04-11T12:51:50.212+0000] {dag.py:3036} INFO - Sync 1 DAGs
[2025-04-11T12:51:50.221+0000] {logging_mixin.py:188} INFO - [2025-04-11T12:51:50.221+0000] {dag.py:3823} INFO - Setting next_dagrun for latest_only to 2025-04-11 08:00:00+00:00, run_after=2025-04-11 12:00:00+00:00
[2025-04-11T12:51:50.232+0000] {processor.py:183} INFO - Processing /home/airflow/.local/lib/python3.8/site-packages/airflow/example_dags/example_latest_only.py took 0.035 seconds
[2025-04-11T12:52:20.660+0000] {processor.py:161} INFO - Started process (PID=903) to work on /home/airflow/.local/lib/python3.8/site-packages/airflow/example_dags/example_latest_only.py
[2025-04-11T12:52:20.662+0000] {processor.py:830} INFO - Processing file /home/airflow/.local/lib/python3.8/site-packages/airflow/example_dags/example_latest_only.py for tasks to queue
[2025-04-11T12:52:20.663+0000] {logging_mixin.py:188} INFO - [2025-04-11T12:52:20.662+0000] {dagbag.py:538} INFO - Filling up the DagBag from /home/airflow/.local/lib/python3.8/site-packages/airflow/example_dags/example_latest_only.py
[2025-04-11T12:52:20.665+0000] {processor.py:840} INFO - DAG(s) 'latest_only' retrieved from /home/airflow/.local/lib/python3.8/site-packages/airflow/example_dags/example_latest_only.py
[2025-04-11T12:52:20.674+0000] {logging_mixin.py:188} INFO - [2025-04-11T12:52:20.674+0000] {dag.py:3036} INFO - Sync 1 DAGs
[2025-04-11T12:52:20.682+0000] {logging_mixin.py:188} INFO - [2025-04-11T12:52:20.682+0000] {dag.py:3823} INFO - Setting next_dagrun for latest_only to 2025-04-11 08:00:00+00:00, run_after=2025-04-11 12:00:00+00:00
[2025-04-11T12:52:20.693+0000] {processor.py:183} INFO - Processing /home/airflow/.local/lib/python3.8/site-packages/airflow/example_dags/example_latest_only.py took 0.034 seconds
[2025-04-11T12:52:51.052+0000] {processor.py:161} INFO - Started process (PID=959) to work on /home/airflow/.local/lib/python3.8/site-packages/airflow/example_dags/example_latest_only.py
[2025-04-11T12:52:51.053+0000] {processor.py:830} INFO - Processing file /home/airflow/.local/lib/python3.8/site-packages/airflow/example_dags/example_latest_only.py for tasks to queue
[2025-04-11T12:52:51.054+0000] {logging_mixin.py:188} INFO - [2025-04-11T12:52:51.054+0000] {dagbag.py:538} INFO - Filling up the DagBag from /home/airflow/.local/lib/python3.8/site-packages/airflow/example_dags/example_latest_only.py
[2025-04-11T12:52:51.057+0000] {processor.py:840} INFO - DAG(s) 'latest_only' retrieved from /home/airflow/.local/lib/python3.8/site-packages/airflow/example_dags/example_latest_only.py
[2025-04-11T12:52:51.067+0000] {logging_mixin.py:188} INFO - [2025-04-11T12:52:51.066+0000] {dag.py:3036} INFO - Sync 1 DAGs
[2025-04-11T12:52:51.076+0000] {logging_mixin.py:188} INFO - [2025-04-11T12:52:51.076+0000] {dag.py:3823} INFO - Setting next_dagrun for latest_only to 2025-04-11 08:00:00+00:00, run_after=2025-04-11 12:00:00+00:00
[2025-04-11T12:52:51.083+0000] {processor.py:183} INFO - Processing /home/airflow/.local/lib/python3.8/site-packages/airflow/example_dags/example_latest_only.py took 0.032 seconds
[2025-04-11T12:53:21.374+0000] {processor.py:161} INFO - Started process (PID=1015) to work on /home/airflow/.local/lib/python3.8/site-packages/airflow/example_dags/example_latest_only.py
[2025-04-11T12:53:21.375+0000] {processor.py:830} INFO - Processing file /home/airflow/.local/lib/python3.8/site-packages/airflow/example_dags/example_latest_only.py for tasks to queue
[2025-04-11T12:53:21.376+0000] {logging_mixin.py:188} INFO - [2025-04-11T12:53:21.376+0000] {dagbag.py:538} INFO - Filling up the DagBag from /home/airflow/.local/lib/python3.8/site-packages/airflow/example_dags/example_latest_only.py
[2025-04-11T12:53:21.378+0000] {processor.py:840} INFO - DAG(s) 'latest_only' retrieved from /home/airflow/.local/lib/python3.8/site-packages/airflow/example_dags/example_latest_only.py
[2025-04-11T12:53:21.386+0000] {logging_mixin.py:188} INFO - [2025-04-11T12:53:21.386+0000] {dag.py:3036} INFO - Sync 1 DAGs
[2025-04-11T12:53:21.393+0000] {logging_mixin.py:188} INFO - [2025-04-11T12:53:21.393+0000] {dag.py:3823} INFO - Setting next_dagrun for latest_only to 2025-04-11 08:00:00+00:00, run_after=2025-04-11 12:00:00+00:00
[2025-04-11T12:53:21.400+0000] {processor.py:183} INFO - Processing /home/airflow/.local/lib/python3.8/site-packages/airflow/example_dags/example_latest_only.py took 0.027 seconds
[2025-04-11T12:53:51.647+0000] {processor.py:161} INFO - Started process (PID=1071) to work on /home/airflow/.local/lib/python3.8/site-packages/airflow/example_dags/example_latest_only.py
[2025-04-11T12:53:51.648+0000] {processor.py:830} INFO - Processing file /home/airflow/.local/lib/python3.8/site-packages/airflow/example_dags/example_latest_only.py for tasks to queue
[2025-04-11T12:53:51.648+0000] {logging_mixin.py:188} INFO - [2025-04-11T12:53:51.648+0000] {dagbag.py:538} INFO - Filling up the DagBag from /home/airflow/.local/lib/python3.8/site-packages/airflow/example_dags/example_latest_only.py
[2025-04-11T12:53:51.652+0000] {processor.py:840} INFO - DAG(s) 'latest_only' retrieved from /home/airflow/.local/lib/python3.8/site-packages/airflow/example_dags/example_latest_only.py
[2025-04-11T12:53:51.666+0000] {logging_mixin.py:188} INFO - [2025-04-11T12:53:51.665+0000] {dag.py:3036} INFO - Sync 1 DAGs
[2025-04-11T12:53:51.676+0000] {logging_mixin.py:188} INFO - [2025-04-11T12:53:51.676+0000] {dag.py:3823} INFO - Setting next_dagrun for latest_only to 2025-04-11 08:00:00+00:00, run_after=2025-04-11 12:00:00+00:00
[2025-04-11T12:53:51.684+0000] {processor.py:183} INFO - Processing /home/airflow/.local/lib/python3.8/site-packages/airflow/example_dags/example_latest_only.py took 0.039 seconds
[2025-04-11T12:54:21.907+0000] {processor.py:161} INFO - Started process (PID=1127) to work on /home/airflow/.local/lib/python3.8/site-packages/airflow/example_dags/example_latest_only.py
[2025-04-11T12:54:21.908+0000] {processor.py:830} INFO - Processing file /home/airflow/.local/lib/python3.8/site-packages/airflow/example_dags/example_latest_only.py for tasks to queue
[2025-04-11T12:54:21.909+0000] {logging_mixin.py:188} INFO - [2025-04-11T12:54:21.909+0000] {dagbag.py:538} INFO - Filling up the DagBag from /home/airflow/.local/lib/python3.8/site-packages/airflow/example_dags/example_latest_only.py
[2025-04-11T12:54:21.911+0000] {processor.py:840} INFO - DAG(s) 'latest_only' retrieved from /home/airflow/.local/lib/python3.8/site-packages/airflow/example_dags/example_latest_only.py
[2025-04-11T12:54:21.919+0000] {logging_mixin.py:188} INFO - [2025-04-11T12:54:21.919+0000] {dag.py:3036} INFO - Sync 1 DAGs
[2025-04-11T12:54:21.926+0000] {logging_mixin.py:188} INFO - [2025-04-11T12:54:21.926+0000] {dag.py:3823} INFO - Setting next_dagrun for latest_only to 2025-04-11 08:00:00+00:00, run_after=2025-04-11 12:00:00+00:00
[2025-04-11T12:54:21.932+0000] {processor.py:183} INFO - Processing /home/airflow/.local/lib/python3.8/site-packages/airflow/example_dags/example_latest_only.py took 0.026 seconds
[2025-04-11T12:54:52.136+0000] {processor.py:161} INFO - Started process (PID=1183) to work on /home/airflow/.local/lib/python3.8/site-packages/airflow/example_dags/example_latest_only.py
[2025-04-11T12:54:52.137+0000] {processor.py:830} INFO - Processing file /home/airflow/.local/lib/python3.8/site-packages/airflow/example_dags/example_latest_only.py for tasks to queue
[2025-04-11T12:54:52.137+0000] {logging_mixin.py:188} INFO - [2025-04-11T12:54:52.137+0000] {dagbag.py:538} INFO - Filling up the DagBag from /home/airflow/.local/lib/python3.8/site-packages/airflow/example_dags/example_latest_only.py
[2025-04-11T12:54:52.139+0000] {processor.py:840} INFO - DAG(s) 'latest_only' retrieved from /home/airflow/.local/lib/python3.8/site-packages/airflow/example_dags/example_latest_only.py
[2025-04-11T12:54:52.148+0000] {logging_mixin.py:188} INFO - [2025-04-11T12:54:52.148+0000] {dag.py:3036} INFO - Sync 1 DAGs
[2025-04-11T12:54:52.155+0000] {logging_mixin.py:188} INFO - [2025-04-11T12:54:52.155+0000] {dag.py:3823} INFO - Setting next_dagrun for latest_only to 2025-04-11 08:00:00+00:00, run_after=2025-04-11 12:00:00+00:00
[2025-04-11T12:54:52.161+0000] {processor.py:183} INFO - Processing /home/airflow/.local/lib/python3.8/site-packages/airflow/example_dags/example_latest_only.py took 0.027 seconds
[2025-04-11T12:55:22.434+0000] {processor.py:161} INFO - Started process (PID=1239) to work on /home/airflow/.local/lib/python3.8/site-packages/airflow/example_dags/example_latest_only.py
[2025-04-11T12:55:22.435+0000] {processor.py:830} INFO - Processing file /home/airflow/.local/lib/python3.8/site-packages/airflow/example_dags/example_latest_only.py for tasks to queue
[2025-04-11T12:55:22.436+0000] {logging_mixin.py:188} INFO - [2025-04-11T12:55:22.436+0000] {dagbag.py:538} INFO - Filling up the DagBag from /home/airflow/.local/lib/python3.8/site-packages/airflow/example_dags/example_latest_only.py
[2025-04-11T12:55:22.438+0000] {processor.py:840} INFO - DAG(s) 'latest_only' retrieved from /home/airflow/.local/lib/python3.8/site-packages/airflow/example_dags/example_latest_only.py
[2025-04-11T12:55:22.448+0000] {logging_mixin.py:188} INFO - [2025-04-11T12:55:22.448+0000] {dag.py:3036} INFO - Sync 1 DAGs
[2025-04-11T12:55:22.457+0000] {logging_mixin.py:188} INFO - [2025-04-11T12:55:22.457+0000] {dag.py:3823} INFO - Setting next_dagrun for latest_only to 2025-04-11 08:00:00+00:00, run_after=2025-04-11 12:00:00+00:00
[2025-04-11T12:55:22.467+0000] {processor.py:183} INFO - Processing /home/airflow/.local/lib/python3.8/site-packages/airflow/example_dags/example_latest_only.py took 0.035 seconds
