[2025-04-11T12:44:44.791+0000] {processor.py:161} INFO - Started process (PID=57) to work on /home/airflow/.local/lib/python3.8/site-packages/airflow/example_dags/example_task_group_decorator.py
[2025-04-11T12:44:44.794+0000] {processor.py:830} INFO - Processing file /home/airflow/.local/lib/python3.8/site-packages/airflow/example_dags/example_task_group_decorator.py for tasks to queue
[2025-04-11T12:44:44.796+0000] {logging_mixin.py:188} INFO - [2025-04-11T12:44:44.795+0000] {dagbag.py:538} INFO - Filling up the DagBag from /home/airflow/.local/lib/python3.8/site-packages/airflow/example_dags/example_task_group_decorator.py
[2025-04-11T12:44:44.805+0000] {processor.py:840} INFO - DAG(s) 'example_task_group_decorator' retrieved from /home/airflow/.local/lib/python3.8/site-packages/airflow/example_dags/example_task_group_decorator.py
[2025-04-11T12:44:44.814+0000] {logging_mixin.py:188} INFO - [2025-04-11T12:44:44.813+0000] {dag.py:3036} INFO - Sync 1 DAGs
[2025-04-11T12:44:44.824+0000] {logging_mixin.py:188} INFO - [2025-04-11T12:44:44.824+0000] {dag.py:3823} INFO - Setting next_dagrun for example_task_group_decorator to 2025-04-10 00:00:00+00:00, run_after=2025-04-11 00:00:00+00:00
[2025-04-11T12:44:44.837+0000] {processor.py:183} INFO - Processing /home/airflow/.local/lib/python3.8/site-packages/airflow/example_dags/example_task_group_decorator.py took 0.050 seconds
[2025-04-11T12:45:14.959+0000] {processor.py:161} INFO - Started process (PID=114) to work on /home/airflow/.local/lib/python3.8/site-packages/airflow/example_dags/example_task_group_decorator.py
[2025-04-11T12:45:14.960+0000] {processor.py:830} INFO - Processing file /home/airflow/.local/lib/python3.8/site-packages/airflow/example_dags/example_task_group_decorator.py for tasks to queue
[2025-04-11T12:45:14.960+0000] {logging_mixin.py:188} INFO - [2025-04-11T12:45:14.960+0000] {dagbag.py:538} INFO - Filling up the DagBag from /home/airflow/.local/lib/python3.8/site-packages/airflow/example_dags/example_task_group_decorator.py
[2025-04-11T12:45:14.966+0000] {processor.py:840} INFO - DAG(s) 'example_task_group_decorator' retrieved from /home/airflow/.local/lib/python3.8/site-packages/airflow/example_dags/example_task_group_decorator.py
[2025-04-11T12:45:15.009+0000] {logging_mixin.py:188} INFO - [2025-04-11T12:45:15.009+0000] {dag.py:3036} INFO - Sync 1 DAGs
[2025-04-11T12:45:15.018+0000] {logging_mixin.py:188} INFO - [2025-04-11T12:45:15.018+0000] {dag.py:3823} INFO - Setting next_dagrun for example_task_group_decorator to 2025-04-10 00:00:00+00:00, run_after=2025-04-11 00:00:00+00:00
[2025-04-11T12:45:15.025+0000] {processor.py:183} INFO - Processing /home/airflow/.local/lib/python3.8/site-packages/airflow/example_dags/example_task_group_decorator.py took 0.068 seconds
[2025-04-11T12:45:45.057+0000] {processor.py:161} INFO - Started process (PID=170) to work on /home/airflow/.local/lib/python3.8/site-packages/airflow/example_dags/example_task_group_decorator.py
[2025-04-11T12:45:45.058+0000] {processor.py:830} INFO - Processing file /home/airflow/.local/lib/python3.8/site-packages/airflow/example_dags/example_task_group_decorator.py for tasks to queue
[2025-04-11T12:45:45.059+0000] {logging_mixin.py:188} INFO - [2025-04-11T12:45:45.059+0000] {dagbag.py:538} INFO - Filling up the DagBag from /home/airflow/.local/lib/python3.8/site-packages/airflow/example_dags/example_task_group_decorator.py
[2025-04-11T12:45:45.065+0000] {processor.py:840} INFO - DAG(s) 'example_task_group_decorator' retrieved from /home/airflow/.local/lib/python3.8/site-packages/airflow/example_dags/example_task_group_decorator.py
[2025-04-11T12:45:45.075+0000] {logging_mixin.py:188} INFO - [2025-04-11T12:45:45.075+0000] {dag.py:3036} INFO - Sync 1 DAGs
[2025-04-11T12:45:45.083+0000] {logging_mixin.py:188} INFO - [2025-04-11T12:45:45.083+0000] {dag.py:3823} INFO - Setting next_dagrun for example_task_group_decorator to 2025-04-10 00:00:00+00:00, run_after=2025-04-11 00:00:00+00:00
[2025-04-11T12:45:45.090+0000] {processor.py:183} INFO - Processing /home/airflow/.local/lib/python3.8/site-packages/airflow/example_dags/example_task_group_decorator.py took 0.034 seconds
[2025-04-11T12:46:15.595+0000] {processor.py:161} INFO - Started process (PID=225) to work on /home/airflow/.local/lib/python3.8/site-packages/airflow/example_dags/example_task_group_decorator.py
[2025-04-11T12:46:15.598+0000] {processor.py:830} INFO - Processing file /home/airflow/.local/lib/python3.8/site-packages/airflow/example_dags/example_task_group_decorator.py for tasks to queue
[2025-04-11T12:46:15.599+0000] {logging_mixin.py:188} INFO - [2025-04-11T12:46:15.599+0000] {dagbag.py:538} INFO - Filling up the DagBag from /home/airflow/.local/lib/python3.8/site-packages/airflow/example_dags/example_task_group_decorator.py
[2025-04-11T12:46:15.604+0000] {processor.py:840} INFO - DAG(s) 'example_task_group_decorator' retrieved from /home/airflow/.local/lib/python3.8/site-packages/airflow/example_dags/example_task_group_decorator.py
[2025-04-11T12:46:15.615+0000] {logging_mixin.py:188} INFO - [2025-04-11T12:46:15.615+0000] {dag.py:3036} INFO - Sync 1 DAGs
[2025-04-11T12:46:15.624+0000] {logging_mixin.py:188} INFO - [2025-04-11T12:46:15.624+0000] {dag.py:3823} INFO - Setting next_dagrun for example_task_group_decorator to 2025-04-10 00:00:00+00:00, run_after=2025-04-11 00:00:00+00:00
[2025-04-11T12:46:15.635+0000] {processor.py:183} INFO - Processing /home/airflow/.local/lib/python3.8/site-packages/airflow/example_dags/example_task_group_decorator.py took 0.041 seconds
[2025-04-11T12:46:46.219+0000] {processor.py:161} INFO - Started process (PID=281) to work on /home/airflow/.local/lib/python3.8/site-packages/airflow/example_dags/example_task_group_decorator.py
[2025-04-11T12:46:46.220+0000] {processor.py:830} INFO - Processing file /home/airflow/.local/lib/python3.8/site-packages/airflow/example_dags/example_task_group_decorator.py for tasks to queue
[2025-04-11T12:46:46.224+0000] {logging_mixin.py:188} INFO - [2025-04-11T12:46:46.224+0000] {dagbag.py:538} INFO - Filling up the DagBag from /home/airflow/.local/lib/python3.8/site-packages/airflow/example_dags/example_task_group_decorator.py
[2025-04-11T12:46:46.230+0000] {processor.py:840} INFO - DAG(s) 'example_task_group_decorator' retrieved from /home/airflow/.local/lib/python3.8/site-packages/airflow/example_dags/example_task_group_decorator.py
[2025-04-11T12:46:46.242+0000] {logging_mixin.py:188} INFO - [2025-04-11T12:46:46.242+0000] {dag.py:3036} INFO - Sync 1 DAGs
[2025-04-11T12:46:46.252+0000] {logging_mixin.py:188} INFO - [2025-04-11T12:46:46.252+0000] {dag.py:3823} INFO - Setting next_dagrun for example_task_group_decorator to 2025-04-10 00:00:00+00:00, run_after=2025-04-11 00:00:00+00:00
[2025-04-11T12:46:46.263+0000] {processor.py:183} INFO - Processing /home/airflow/.local/lib/python3.8/site-packages/airflow/example_dags/example_task_group_decorator.py took 0.045 seconds
[2025-04-11T12:47:16.663+0000] {processor.py:161} INFO - Started process (PID=337) to work on /home/airflow/.local/lib/python3.8/site-packages/airflow/example_dags/example_task_group_decorator.py
[2025-04-11T12:47:16.666+0000] {processor.py:830} INFO - Processing file /home/airflow/.local/lib/python3.8/site-packages/airflow/example_dags/example_task_group_decorator.py for tasks to queue
[2025-04-11T12:47:16.667+0000] {logging_mixin.py:188} INFO - [2025-04-11T12:47:16.667+0000] {dagbag.py:538} INFO - Filling up the DagBag from /home/airflow/.local/lib/python3.8/site-packages/airflow/example_dags/example_task_group_decorator.py
[2025-04-11T12:47:16.673+0000] {processor.py:840} INFO - DAG(s) 'example_task_group_decorator' retrieved from /home/airflow/.local/lib/python3.8/site-packages/airflow/example_dags/example_task_group_decorator.py
[2025-04-11T12:47:16.686+0000] {logging_mixin.py:188} INFO - [2025-04-11T12:47:16.686+0000] {dag.py:3036} INFO - Sync 1 DAGs
[2025-04-11T12:47:16.694+0000] {logging_mixin.py:188} INFO - [2025-04-11T12:47:16.694+0000] {dag.py:3823} INFO - Setting next_dagrun for example_task_group_decorator to 2025-04-10 00:00:00+00:00, run_after=2025-04-11 00:00:00+00:00
[2025-04-11T12:47:16.703+0000] {processor.py:183} INFO - Processing /home/airflow/.local/lib/python3.8/site-packages/airflow/example_dags/example_task_group_decorator.py took 0.041 seconds
[2025-04-11T12:47:47.109+0000] {processor.py:161} INFO - Started process (PID=393) to work on /home/airflow/.local/lib/python3.8/site-packages/airflow/example_dags/example_task_group_decorator.py
[2025-04-11T12:47:47.110+0000] {processor.py:830} INFO - Processing file /home/airflow/.local/lib/python3.8/site-packages/airflow/example_dags/example_task_group_decorator.py for tasks to queue
[2025-04-11T12:47:47.111+0000] {logging_mixin.py:188} INFO - [2025-04-11T12:47:47.110+0000] {dagbag.py:538} INFO - Filling up the DagBag from /home/airflow/.local/lib/python3.8/site-packages/airflow/example_dags/example_task_group_decorator.py
[2025-04-11T12:47:47.118+0000] {processor.py:840} INFO - DAG(s) 'example_task_group_decorator' retrieved from /home/airflow/.local/lib/python3.8/site-packages/airflow/example_dags/example_task_group_decorator.py
[2025-04-11T12:47:47.130+0000] {logging_mixin.py:188} INFO - [2025-04-11T12:47:47.130+0000] {dag.py:3036} INFO - Sync 1 DAGs
[2025-04-11T12:47:47.138+0000] {logging_mixin.py:188} INFO - [2025-04-11T12:47:47.138+0000] {dag.py:3823} INFO - Setting next_dagrun for example_task_group_decorator to 2025-04-10 00:00:00+00:00, run_after=2025-04-11 00:00:00+00:00
[2025-04-11T12:47:47.148+0000] {processor.py:183} INFO - Processing /home/airflow/.local/lib/python3.8/site-packages/airflow/example_dags/example_task_group_decorator.py took 0.040 seconds
[2025-04-11T12:48:17.493+0000] {processor.py:161} INFO - Started process (PID=449) to work on /home/airflow/.local/lib/python3.8/site-packages/airflow/example_dags/example_task_group_decorator.py
[2025-04-11T12:48:17.493+0000] {processor.py:830} INFO - Processing file /home/airflow/.local/lib/python3.8/site-packages/airflow/example_dags/example_task_group_decorator.py for tasks to queue
[2025-04-11T12:48:17.494+0000] {logging_mixin.py:188} INFO - [2025-04-11T12:48:17.494+0000] {dagbag.py:538} INFO - Filling up the DagBag from /home/airflow/.local/lib/python3.8/site-packages/airflow/example_dags/example_task_group_decorator.py
[2025-04-11T12:48:17.501+0000] {processor.py:840} INFO - DAG(s) 'example_task_group_decorator' retrieved from /home/airflow/.local/lib/python3.8/site-packages/airflow/example_dags/example_task_group_decorator.py
[2025-04-11T12:48:17.510+0000] {logging_mixin.py:188} INFO - [2025-04-11T12:48:17.510+0000] {dag.py:3036} INFO - Sync 1 DAGs
[2025-04-11T12:48:17.519+0000] {logging_mixin.py:188} INFO - [2025-04-11T12:48:17.519+0000] {dag.py:3823} INFO - Setting next_dagrun for example_task_group_decorator to 2025-04-10 00:00:00+00:00, run_after=2025-04-11 00:00:00+00:00
[2025-04-11T12:48:17.527+0000] {processor.py:183} INFO - Processing /home/airflow/.local/lib/python3.8/site-packages/airflow/example_dags/example_task_group_decorator.py took 0.036 seconds
[2025-04-11T12:48:47.640+0000] {processor.py:161} INFO - Started process (PID=505) to work on /home/airflow/.local/lib/python3.8/site-packages/airflow/example_dags/example_task_group_decorator.py
[2025-04-11T12:48:47.640+0000] {processor.py:830} INFO - Processing file /home/airflow/.local/lib/python3.8/site-packages/airflow/example_dags/example_task_group_decorator.py for tasks to queue
[2025-04-11T12:48:47.641+0000] {logging_mixin.py:188} INFO - [2025-04-11T12:48:47.641+0000] {dagbag.py:538} INFO - Filling up the DagBag from /home/airflow/.local/lib/python3.8/site-packages/airflow/example_dags/example_task_group_decorator.py
[2025-04-11T12:48:47.647+0000] {processor.py:840} INFO - DAG(s) 'example_task_group_decorator' retrieved from /home/airflow/.local/lib/python3.8/site-packages/airflow/example_dags/example_task_group_decorator.py
[2025-04-11T12:48:47.656+0000] {logging_mixin.py:188} INFO - [2025-04-11T12:48:47.656+0000] {dag.py:3036} INFO - Sync 1 DAGs
[2025-04-11T12:48:47.663+0000] {logging_mixin.py:188} INFO - [2025-04-11T12:48:47.663+0000] {dag.py:3823} INFO - Setting next_dagrun for example_task_group_decorator to 2025-04-10 00:00:00+00:00, run_after=2025-04-11 00:00:00+00:00
[2025-04-11T12:48:47.670+0000] {processor.py:183} INFO - Processing /home/airflow/.local/lib/python3.8/site-packages/airflow/example_dags/example_task_group_decorator.py took 0.032 seconds
[2025-04-11T12:49:17.869+0000] {processor.py:161} INFO - Started process (PID=561) to work on /home/airflow/.local/lib/python3.8/site-packages/airflow/example_dags/example_task_group_decorator.py
[2025-04-11T12:49:17.870+0000] {processor.py:830} INFO - Processing file /home/airflow/.local/lib/python3.8/site-packages/airflow/example_dags/example_task_group_decorator.py for tasks to queue
[2025-04-11T12:49:17.870+0000] {logging_mixin.py:188} INFO - [2025-04-11T12:49:17.870+0000] {dagbag.py:538} INFO - Filling up the DagBag from /home/airflow/.local/lib/python3.8/site-packages/airflow/example_dags/example_task_group_decorator.py
[2025-04-11T12:49:17.876+0000] {processor.py:840} INFO - DAG(s) 'example_task_group_decorator' retrieved from /home/airflow/.local/lib/python3.8/site-packages/airflow/example_dags/example_task_group_decorator.py
[2025-04-11T12:49:17.887+0000] {logging_mixin.py:188} INFO - [2025-04-11T12:49:17.887+0000] {dag.py:3036} INFO - Sync 1 DAGs
[2025-04-11T12:49:17.895+0000] {logging_mixin.py:188} INFO - [2025-04-11T12:49:17.895+0000] {dag.py:3823} INFO - Setting next_dagrun for example_task_group_decorator to 2025-04-10 00:00:00+00:00, run_after=2025-04-11 00:00:00+00:00
[2025-04-11T12:49:17.905+0000] {processor.py:183} INFO - Processing /home/airflow/.local/lib/python3.8/site-packages/airflow/example_dags/example_task_group_decorator.py took 0.037 seconds
[2025-04-11T12:49:48.266+0000] {processor.py:161} INFO - Started process (PID=623) to work on /home/airflow/.local/lib/python3.8/site-packages/airflow/example_dags/example_task_group_decorator.py
[2025-04-11T12:49:48.267+0000] {processor.py:830} INFO - Processing file /home/airflow/.local/lib/python3.8/site-packages/airflow/example_dags/example_task_group_decorator.py for tasks to queue
[2025-04-11T12:49:48.268+0000] {logging_mixin.py:188} INFO - [2025-04-11T12:49:48.268+0000] {dagbag.py:538} INFO - Filling up the DagBag from /home/airflow/.local/lib/python3.8/site-packages/airflow/example_dags/example_task_group_decorator.py
[2025-04-11T12:49:48.275+0000] {processor.py:840} INFO - DAG(s) 'example_task_group_decorator' retrieved from /home/airflow/.local/lib/python3.8/site-packages/airflow/example_dags/example_task_group_decorator.py
[2025-04-11T12:49:48.285+0000] {logging_mixin.py:188} INFO - [2025-04-11T12:49:48.285+0000] {dag.py:3036} INFO - Sync 1 DAGs
[2025-04-11T12:49:48.295+0000] {logging_mixin.py:188} INFO - [2025-04-11T12:49:48.295+0000] {dag.py:3823} INFO - Setting next_dagrun for example_task_group_decorator to 2025-04-10 00:00:00+00:00, run_after=2025-04-11 00:00:00+00:00
[2025-04-11T12:49:48.304+0000] {processor.py:183} INFO - Processing /home/airflow/.local/lib/python3.8/site-packages/airflow/example_dags/example_task_group_decorator.py took 0.039 seconds
[2025-04-11T12:50:18.639+0000] {processor.py:161} INFO - Started process (PID=679) to work on /home/airflow/.local/lib/python3.8/site-packages/airflow/example_dags/example_task_group_decorator.py
[2025-04-11T12:50:18.640+0000] {processor.py:830} INFO - Processing file /home/airflow/.local/lib/python3.8/site-packages/airflow/example_dags/example_task_group_decorator.py for tasks to queue
[2025-04-11T12:50:18.641+0000] {logging_mixin.py:188} INFO - [2025-04-11T12:50:18.640+0000] {dagbag.py:538} INFO - Filling up the DagBag from /home/airflow/.local/lib/python3.8/site-packages/airflow/example_dags/example_task_group_decorator.py
[2025-04-11T12:50:18.646+0000] {processor.py:840} INFO - DAG(s) 'example_task_group_decorator' retrieved from /home/airflow/.local/lib/python3.8/site-packages/airflow/example_dags/example_task_group_decorator.py
[2025-04-11T12:50:18.657+0000] {logging_mixin.py:188} INFO - [2025-04-11T12:50:18.657+0000] {dag.py:3036} INFO - Sync 1 DAGs
[2025-04-11T12:50:18.665+0000] {logging_mixin.py:188} INFO - [2025-04-11T12:50:18.665+0000] {dag.py:3823} INFO - Setting next_dagrun for example_task_group_decorator to 2025-04-10 00:00:00+00:00, run_after=2025-04-11 00:00:00+00:00
[2025-04-11T12:50:18.674+0000] {processor.py:183} INFO - Processing /home/airflow/.local/lib/python3.8/site-packages/airflow/example_dags/example_task_group_decorator.py took 0.037 seconds
[2025-04-11T12:50:49.172+0000] {processor.py:161} INFO - Started process (PID=735) to work on /home/airflow/.local/lib/python3.8/site-packages/airflow/example_dags/example_task_group_decorator.py
[2025-04-11T12:50:49.173+0000] {processor.py:830} INFO - Processing file /home/airflow/.local/lib/python3.8/site-packages/airflow/example_dags/example_task_group_decorator.py for tasks to queue
[2025-04-11T12:50:49.173+0000] {logging_mixin.py:188} INFO - [2025-04-11T12:50:49.173+0000] {dagbag.py:538} INFO - Filling up the DagBag from /home/airflow/.local/lib/python3.8/site-packages/airflow/example_dags/example_task_group_decorator.py
[2025-04-11T12:50:49.179+0000] {processor.py:840} INFO - DAG(s) 'example_task_group_decorator' retrieved from /home/airflow/.local/lib/python3.8/site-packages/airflow/example_dags/example_task_group_decorator.py
[2025-04-11T12:50:49.191+0000] {logging_mixin.py:188} INFO - [2025-04-11T12:50:49.191+0000] {dag.py:3036} INFO - Sync 1 DAGs
[2025-04-11T12:50:49.201+0000] {logging_mixin.py:188} INFO - [2025-04-11T12:50:49.201+0000] {dag.py:3823} INFO - Setting next_dagrun for example_task_group_decorator to 2025-04-10 00:00:00+00:00, run_after=2025-04-11 00:00:00+00:00
[2025-04-11T12:50:49.210+0000] {processor.py:183} INFO - Processing /home/airflow/.local/lib/python3.8/site-packages/airflow/example_dags/example_task_group_decorator.py took 0.040 seconds
[2025-04-11T12:51:19.663+0000] {processor.py:161} INFO - Started process (PID=791) to work on /home/airflow/.local/lib/python3.8/site-packages/airflow/example_dags/example_task_group_decorator.py
[2025-04-11T12:51:19.668+0000] {processor.py:830} INFO - Processing file /home/airflow/.local/lib/python3.8/site-packages/airflow/example_dags/example_task_group_decorator.py for tasks to queue
[2025-04-11T12:51:19.669+0000] {logging_mixin.py:188} INFO - [2025-04-11T12:51:19.669+0000] {dagbag.py:538} INFO - Filling up the DagBag from /home/airflow/.local/lib/python3.8/site-packages/airflow/example_dags/example_task_group_decorator.py
[2025-04-11T12:51:19.675+0000] {processor.py:840} INFO - DAG(s) 'example_task_group_decorator' retrieved from /home/airflow/.local/lib/python3.8/site-packages/airflow/example_dags/example_task_group_decorator.py
[2025-04-11T12:51:19.684+0000] {logging_mixin.py:188} INFO - [2025-04-11T12:51:19.684+0000] {dag.py:3036} INFO - Sync 1 DAGs
[2025-04-11T12:51:19.694+0000] {logging_mixin.py:188} INFO - [2025-04-11T12:51:19.694+0000] {dag.py:3823} INFO - Setting next_dagrun for example_task_group_decorator to 2025-04-10 00:00:00+00:00, run_after=2025-04-11 00:00:00+00:00
[2025-04-11T12:51:19.705+0000] {processor.py:183} INFO - Processing /home/airflow/.local/lib/python3.8/site-packages/airflow/example_dags/example_task_group_decorator.py took 0.043 seconds
[2025-04-11T12:51:50.151+0000] {processor.py:161} INFO - Started process (PID=847) to work on /home/airflow/.local/lib/python3.8/site-packages/airflow/example_dags/example_task_group_decorator.py
[2025-04-11T12:51:50.154+0000] {processor.py:830} INFO - Processing file /home/airflow/.local/lib/python3.8/site-packages/airflow/example_dags/example_task_group_decorator.py for tasks to queue
[2025-04-11T12:51:50.155+0000] {logging_mixin.py:188} INFO - [2025-04-11T12:51:50.155+0000] {dagbag.py:538} INFO - Filling up the DagBag from /home/airflow/.local/lib/python3.8/site-packages/airflow/example_dags/example_task_group_decorator.py
[2025-04-11T12:51:50.161+0000] {processor.py:840} INFO - DAG(s) 'example_task_group_decorator' retrieved from /home/airflow/.local/lib/python3.8/site-packages/airflow/example_dags/example_task_group_decorator.py
[2025-04-11T12:51:50.176+0000] {logging_mixin.py:188} INFO - [2025-04-11T12:51:50.176+0000] {dag.py:3036} INFO - Sync 1 DAGs
[2025-04-11T12:51:50.184+0000] {logging_mixin.py:188} INFO - [2025-04-11T12:51:50.184+0000] {dag.py:3823} INFO - Setting next_dagrun for example_task_group_decorator to 2025-04-10 00:00:00+00:00, run_after=2025-04-11 00:00:00+00:00
[2025-04-11T12:51:50.194+0000] {processor.py:183} INFO - Processing /home/airflow/.local/lib/python3.8/site-packages/airflow/example_dags/example_task_group_decorator.py took 0.045 seconds
[2025-04-11T12:52:20.631+0000] {processor.py:161} INFO - Started process (PID=902) to work on /home/airflow/.local/lib/python3.8/site-packages/airflow/example_dags/example_task_group_decorator.py
[2025-04-11T12:52:20.631+0000] {processor.py:830} INFO - Processing file /home/airflow/.local/lib/python3.8/site-packages/airflow/example_dags/example_task_group_decorator.py for tasks to queue
[2025-04-11T12:52:20.633+0000] {logging_mixin.py:188} INFO - [2025-04-11T12:52:20.633+0000] {dagbag.py:538} INFO - Filling up the DagBag from /home/airflow/.local/lib/python3.8/site-packages/airflow/example_dags/example_task_group_decorator.py
[2025-04-11T12:52:20.638+0000] {processor.py:840} INFO - DAG(s) 'example_task_group_decorator' retrieved from /home/airflow/.local/lib/python3.8/site-packages/airflow/example_dags/example_task_group_decorator.py
[2025-04-11T12:52:20.650+0000] {logging_mixin.py:188} INFO - [2025-04-11T12:52:20.650+0000] {dag.py:3036} INFO - Sync 1 DAGs
[2025-04-11T12:52:20.659+0000] {logging_mixin.py:188} INFO - [2025-04-11T12:52:20.659+0000] {dag.py:3823} INFO - Setting next_dagrun for example_task_group_decorator to 2025-04-10 00:00:00+00:00, run_after=2025-04-11 00:00:00+00:00
[2025-04-11T12:52:20.666+0000] {processor.py:183} INFO - Processing /home/airflow/.local/lib/python3.8/site-packages/airflow/example_dags/example_task_group_decorator.py took 0.036 seconds
[2025-04-11T12:52:51.012+0000] {processor.py:161} INFO - Started process (PID=958) to work on /home/airflow/.local/lib/python3.8/site-packages/airflow/example_dags/example_task_group_decorator.py
[2025-04-11T12:52:51.012+0000] {processor.py:830} INFO - Processing file /home/airflow/.local/lib/python3.8/site-packages/airflow/example_dags/example_task_group_decorator.py for tasks to queue
[2025-04-11T12:52:51.013+0000] {logging_mixin.py:188} INFO - [2025-04-11T12:52:51.013+0000] {dagbag.py:538} INFO - Filling up the DagBag from /home/airflow/.local/lib/python3.8/site-packages/airflow/example_dags/example_task_group_decorator.py
[2025-04-11T12:52:51.019+0000] {processor.py:840} INFO - DAG(s) 'example_task_group_decorator' retrieved from /home/airflow/.local/lib/python3.8/site-packages/airflow/example_dags/example_task_group_decorator.py
[2025-04-11T12:52:51.029+0000] {logging_mixin.py:188} INFO - [2025-04-11T12:52:51.029+0000] {dag.py:3036} INFO - Sync 1 DAGs
[2025-04-11T12:52:51.037+0000] {logging_mixin.py:188} INFO - [2025-04-11T12:52:51.037+0000] {dag.py:3823} INFO - Setting next_dagrun for example_task_group_decorator to 2025-04-10 00:00:00+00:00, run_after=2025-04-11 00:00:00+00:00
[2025-04-11T12:52:51.044+0000] {processor.py:183} INFO - Processing /home/airflow/.local/lib/python3.8/site-packages/airflow/example_dags/example_task_group_decorator.py took 0.033 seconds
[2025-04-11T12:53:21.331+0000] {processor.py:161} INFO - Started process (PID=1014) to work on /home/airflow/.local/lib/python3.8/site-packages/airflow/example_dags/example_task_group_decorator.py
[2025-04-11T12:53:21.331+0000] {processor.py:830} INFO - Processing file /home/airflow/.local/lib/python3.8/site-packages/airflow/example_dags/example_task_group_decorator.py for tasks to queue
[2025-04-11T12:53:21.332+0000] {logging_mixin.py:188} INFO - [2025-04-11T12:53:21.332+0000] {dagbag.py:538} INFO - Filling up the DagBag from /home/airflow/.local/lib/python3.8/site-packages/airflow/example_dags/example_task_group_decorator.py
[2025-04-11T12:53:21.337+0000] {processor.py:840} INFO - DAG(s) 'example_task_group_decorator' retrieved from /home/airflow/.local/lib/python3.8/site-packages/airflow/example_dags/example_task_group_decorator.py
[2025-04-11T12:53:21.348+0000] {logging_mixin.py:188} INFO - [2025-04-11T12:53:21.347+0000] {dag.py:3036} INFO - Sync 1 DAGs
[2025-04-11T12:53:21.359+0000] {logging_mixin.py:188} INFO - [2025-04-11T12:53:21.359+0000] {dag.py:3823} INFO - Setting next_dagrun for example_task_group_decorator to 2025-04-10 00:00:00+00:00, run_after=2025-04-11 00:00:00+00:00
[2025-04-11T12:53:21.366+0000] {processor.py:183} INFO - Processing /home/airflow/.local/lib/python3.8/site-packages/airflow/example_dags/example_task_group_decorator.py took 0.037 seconds
[2025-04-11T12:53:51.602+0000] {processor.py:161} INFO - Started process (PID=1070) to work on /home/airflow/.local/lib/python3.8/site-packages/airflow/example_dags/example_task_group_decorator.py
[2025-04-11T12:53:51.603+0000] {processor.py:830} INFO - Processing file /home/airflow/.local/lib/python3.8/site-packages/airflow/example_dags/example_task_group_decorator.py for tasks to queue
[2025-04-11T12:53:51.603+0000] {logging_mixin.py:188} INFO - [2025-04-11T12:53:51.603+0000] {dagbag.py:538} INFO - Filling up the DagBag from /home/airflow/.local/lib/python3.8/site-packages/airflow/example_dags/example_task_group_decorator.py
[2025-04-11T12:53:51.609+0000] {processor.py:840} INFO - DAG(s) 'example_task_group_decorator' retrieved from /home/airflow/.local/lib/python3.8/site-packages/airflow/example_dags/example_task_group_decorator.py
[2025-04-11T12:53:51.620+0000] {logging_mixin.py:188} INFO - [2025-04-11T12:53:51.620+0000] {dag.py:3036} INFO - Sync 1 DAGs
[2025-04-11T12:53:51.628+0000] {logging_mixin.py:188} INFO - [2025-04-11T12:53:51.628+0000] {dag.py:3823} INFO - Setting next_dagrun for example_task_group_decorator to 2025-04-10 00:00:00+00:00, run_after=2025-04-11 00:00:00+00:00
[2025-04-11T12:53:51.637+0000] {processor.py:183} INFO - Processing /home/airflow/.local/lib/python3.8/site-packages/airflow/example_dags/example_task_group_decorator.py took 0.036 seconds
[2025-04-11T12:54:21.868+0000] {processor.py:161} INFO - Started process (PID=1126) to work on /home/airflow/.local/lib/python3.8/site-packages/airflow/example_dags/example_task_group_decorator.py
[2025-04-11T12:54:21.868+0000] {processor.py:830} INFO - Processing file /home/airflow/.local/lib/python3.8/site-packages/airflow/example_dags/example_task_group_decorator.py for tasks to queue
[2025-04-11T12:54:21.869+0000] {logging_mixin.py:188} INFO - [2025-04-11T12:54:21.869+0000] {dagbag.py:538} INFO - Filling up the DagBag from /home/airflow/.local/lib/python3.8/site-packages/airflow/example_dags/example_task_group_decorator.py
[2025-04-11T12:54:21.874+0000] {processor.py:840} INFO - DAG(s) 'example_task_group_decorator' retrieved from /home/airflow/.local/lib/python3.8/site-packages/airflow/example_dags/example_task_group_decorator.py
[2025-04-11T12:54:21.885+0000] {logging_mixin.py:188} INFO - [2025-04-11T12:54:21.884+0000] {dag.py:3036} INFO - Sync 1 DAGs
[2025-04-11T12:54:21.892+0000] {logging_mixin.py:188} INFO - [2025-04-11T12:54:21.892+0000] {dag.py:3823} INFO - Setting next_dagrun for example_task_group_decorator to 2025-04-10 00:00:00+00:00, run_after=2025-04-11 00:00:00+00:00
[2025-04-11T12:54:21.899+0000] {processor.py:183} INFO - Processing /home/airflow/.local/lib/python3.8/site-packages/airflow/example_dags/example_task_group_decorator.py took 0.033 seconds
[2025-04-11T12:54:52.097+0000] {processor.py:161} INFO - Started process (PID=1182) to work on /home/airflow/.local/lib/python3.8/site-packages/airflow/example_dags/example_task_group_decorator.py
[2025-04-11T12:54:52.098+0000] {processor.py:830} INFO - Processing file /home/airflow/.local/lib/python3.8/site-packages/airflow/example_dags/example_task_group_decorator.py for tasks to queue
[2025-04-11T12:54:52.099+0000] {logging_mixin.py:188} INFO - [2025-04-11T12:54:52.098+0000] {dagbag.py:538} INFO - Filling up the DagBag from /home/airflow/.local/lib/python3.8/site-packages/airflow/example_dags/example_task_group_decorator.py
[2025-04-11T12:54:52.104+0000] {processor.py:840} INFO - DAG(s) 'example_task_group_decorator' retrieved from /home/airflow/.local/lib/python3.8/site-packages/airflow/example_dags/example_task_group_decorator.py
[2025-04-11T12:54:52.114+0000] {logging_mixin.py:188} INFO - [2025-04-11T12:54:52.114+0000] {dag.py:3036} INFO - Sync 1 DAGs
[2025-04-11T12:54:52.122+0000] {logging_mixin.py:188} INFO - [2025-04-11T12:54:52.122+0000] {dag.py:3823} INFO - Setting next_dagrun for example_task_group_decorator to 2025-04-10 00:00:00+00:00, run_after=2025-04-11 00:00:00+00:00
[2025-04-11T12:54:52.128+0000] {processor.py:183} INFO - Processing /home/airflow/.local/lib/python3.8/site-packages/airflow/example_dags/example_task_group_decorator.py took 0.032 seconds
[2025-04-11T12:55:22.396+0000] {processor.py:161} INFO - Started process (PID=1238) to work on /home/airflow/.local/lib/python3.8/site-packages/airflow/example_dags/example_task_group_decorator.py
[2025-04-11T12:55:22.397+0000] {processor.py:830} INFO - Processing file /home/airflow/.local/lib/python3.8/site-packages/airflow/example_dags/example_task_group_decorator.py for tasks to queue
[2025-04-11T12:55:22.398+0000] {logging_mixin.py:188} INFO - [2025-04-11T12:55:22.397+0000] {dagbag.py:538} INFO - Filling up the DagBag from /home/airflow/.local/lib/python3.8/site-packages/airflow/example_dags/example_task_group_decorator.py
[2025-04-11T12:55:22.406+0000] {processor.py:840} INFO - DAG(s) 'example_task_group_decorator' retrieved from /home/airflow/.local/lib/python3.8/site-packages/airflow/example_dags/example_task_group_decorator.py
[2025-04-11T12:55:22.418+0000] {logging_mixin.py:188} INFO - [2025-04-11T12:55:22.418+0000] {dag.py:3036} INFO - Sync 1 DAGs
[2025-04-11T12:55:22.426+0000] {logging_mixin.py:188} INFO - [2025-04-11T12:55:22.426+0000] {dag.py:3823} INFO - Setting next_dagrun for example_task_group_decorator to 2025-04-10 00:00:00+00:00, run_after=2025-04-11 00:00:00+00:00
[2025-04-11T12:55:22.433+0000] {processor.py:183} INFO - Processing /home/airflow/.local/lib/python3.8/site-packages/airflow/example_dags/example_task_group_decorator.py took 0.038 seconds
