[2025-04-11T12:44:45.185+0000] {processor.py:161} INFO - Started process (PID=70) to work on /home/airflow/.local/lib/python3.8/site-packages/airflow/example_dags/example_xcomargs.py
[2025-04-11T12:44:45.186+0000] {processor.py:830} INFO - Processing file /home/airflow/.local/lib/python3.8/site-packages/airflow/example_dags/example_xcomargs.py for tasks to queue
[2025-04-11T12:44:45.188+0000] {logging_mixin.py:188} INFO - [2025-04-11T12:44:45.188+0000] {dagbag.py:538} INFO - Filling up the DagBag from /home/airflow/.local/lib/python3.8/site-packages/airflow/example_dags/example_xcomargs.py
[2025-04-11T12:44:45.197+0000] {processor.py:840} INFO - DAG(s) 'example_xcom_args_with_operators', 'example_xcom_args' retrieved from /home/airflow/.local/lib/python3.8/site-packages/airflow/example_dags/example_xcomargs.py
[2025-04-11T12:44:45.206+0000] {logging_mixin.py:188} INFO - [2025-04-11T12:44:45.206+0000] {dag.py:3036} INFO - Sync 2 DAGs
[2025-04-11T12:44:45.214+0000] {logging_mixin.py:188} INFO - [2025-04-11T12:44:45.214+0000] {dag.py:3823} INFO - Setting next_dagrun for example_xcom_args to None, run_after=None
[2025-04-11T12:44:45.217+0000] {logging_mixin.py:188} INFO - [2025-04-11T12:44:45.217+0000] {dag.py:3823} INFO - Setting next_dagrun for example_xcom_args_with_operators to None, run_after=None
[2025-04-11T12:44:45.225+0000] {processor.py:183} INFO - Processing /home/airflow/.local/lib/python3.8/site-packages/airflow/example_dags/example_xcomargs.py took 0.042 seconds
[2025-04-11T12:45:15.492+0000] {processor.py:161} INFO - Started process (PID=127) to work on /home/airflow/.local/lib/python3.8/site-packages/airflow/example_dags/example_xcomargs.py
[2025-04-11T12:45:15.493+0000] {processor.py:830} INFO - Processing file /home/airflow/.local/lib/python3.8/site-packages/airflow/example_dags/example_xcomargs.py for tasks to queue
[2025-04-11T12:45:15.493+0000] {logging_mixin.py:188} INFO - [2025-04-11T12:45:15.493+0000] {dagbag.py:538} INFO - Filling up the DagBag from /home/airflow/.local/lib/python3.8/site-packages/airflow/example_dags/example_xcomargs.py
[2025-04-11T12:45:15.496+0000] {processor.py:840} INFO - DAG(s) 'example_xcom_args', 'example_xcom_args_with_operators' retrieved from /home/airflow/.local/lib/python3.8/site-packages/airflow/example_dags/example_xcomargs.py
[2025-04-11T12:45:15.538+0000] {logging_mixin.py:188} INFO - [2025-04-11T12:45:15.538+0000] {dag.py:3036} INFO - Sync 2 DAGs
[2025-04-11T12:45:15.542+0000] {logging_mixin.py:188} INFO - [2025-04-11T12:45:15.542+0000] {dag.py:3823} INFO - Setting next_dagrun for example_xcom_args to None, run_after=None
[2025-04-11T12:45:15.543+0000] {logging_mixin.py:188} INFO - [2025-04-11T12:45:15.543+0000] {dag.py:3823} INFO - Setting next_dagrun for example_xcom_args_with_operators to None, run_after=None
[2025-04-11T12:45:15.550+0000] {processor.py:183} INFO - Processing /home/airflow/.local/lib/python3.8/site-packages/airflow/example_dags/example_xcomargs.py took 0.059 seconds
[2025-04-11T12:45:46.502+0000] {processor.py:161} INFO - Started process (PID=183) to work on /home/airflow/.local/lib/python3.8/site-packages/airflow/example_dags/example_xcomargs.py
[2025-04-11T12:45:46.503+0000] {processor.py:830} INFO - Processing file /home/airflow/.local/lib/python3.8/site-packages/airflow/example_dags/example_xcomargs.py for tasks to queue
[2025-04-11T12:45:46.504+0000] {logging_mixin.py:188} INFO - [2025-04-11T12:45:46.504+0000] {dagbag.py:538} INFO - Filling up the DagBag from /home/airflow/.local/lib/python3.8/site-packages/airflow/example_dags/example_xcomargs.py
[2025-04-11T12:45:46.509+0000] {processor.py:840} INFO - DAG(s) 'example_xcom_args_with_operators', 'example_xcom_args' retrieved from /home/airflow/.local/lib/python3.8/site-packages/airflow/example_dags/example_xcomargs.py
[2025-04-11T12:45:46.520+0000] {logging_mixin.py:188} INFO - [2025-04-11T12:45:46.520+0000] {dag.py:3036} INFO - Sync 2 DAGs
[2025-04-11T12:45:46.525+0000] {logging_mixin.py:188} INFO - [2025-04-11T12:45:46.525+0000] {dag.py:3823} INFO - Setting next_dagrun for example_xcom_args to None, run_after=None
[2025-04-11T12:45:46.527+0000] {logging_mixin.py:188} INFO - [2025-04-11T12:45:46.527+0000] {dag.py:3823} INFO - Setting next_dagrun for example_xcom_args_with_operators to None, run_after=None
[2025-04-11T12:45:46.533+0000] {processor.py:183} INFO - Processing /home/airflow/.local/lib/python3.8/site-packages/airflow/example_dags/example_xcomargs.py took 0.033 seconds
[2025-04-11T12:46:17.023+0000] {processor.py:161} INFO - Started process (PID=238) to work on /home/airflow/.local/lib/python3.8/site-packages/airflow/example_dags/example_xcomargs.py
[2025-04-11T12:46:17.024+0000] {processor.py:830} INFO - Processing file /home/airflow/.local/lib/python3.8/site-packages/airflow/example_dags/example_xcomargs.py for tasks to queue
[2025-04-11T12:46:17.024+0000] {logging_mixin.py:188} INFO - [2025-04-11T12:46:17.024+0000] {dagbag.py:538} INFO - Filling up the DagBag from /home/airflow/.local/lib/python3.8/site-packages/airflow/example_dags/example_xcomargs.py
[2025-04-11T12:46:17.029+0000] {processor.py:840} INFO - DAG(s) 'example_xcom_args', 'example_xcom_args_with_operators' retrieved from /home/airflow/.local/lib/python3.8/site-packages/airflow/example_dags/example_xcomargs.py
[2025-04-11T12:46:17.040+0000] {logging_mixin.py:188} INFO - [2025-04-11T12:46:17.040+0000] {dag.py:3036} INFO - Sync 2 DAGs
[2025-04-11T12:46:17.045+0000] {logging_mixin.py:188} INFO - [2025-04-11T12:46:17.045+0000] {dag.py:3823} INFO - Setting next_dagrun for example_xcom_args to None, run_after=None
[2025-04-11T12:46:17.046+0000] {logging_mixin.py:188} INFO - [2025-04-11T12:46:17.046+0000] {dag.py:3823} INFO - Setting next_dagrun for example_xcom_args_with_operators to None, run_after=None
[2025-04-11T12:46:17.053+0000] {processor.py:183} INFO - Processing /home/airflow/.local/lib/python3.8/site-packages/airflow/example_dags/example_xcomargs.py took 0.032 seconds
[2025-04-11T12:46:47.588+0000] {processor.py:161} INFO - Started process (PID=294) to work on /home/airflow/.local/lib/python3.8/site-packages/airflow/example_dags/example_xcomargs.py
[2025-04-11T12:46:47.589+0000] {processor.py:830} INFO - Processing file /home/airflow/.local/lib/python3.8/site-packages/airflow/example_dags/example_xcomargs.py for tasks to queue
[2025-04-11T12:46:47.591+0000] {logging_mixin.py:188} INFO - [2025-04-11T12:46:47.590+0000] {dagbag.py:538} INFO - Filling up the DagBag from /home/airflow/.local/lib/python3.8/site-packages/airflow/example_dags/example_xcomargs.py
[2025-04-11T12:46:47.595+0000] {processor.py:840} INFO - DAG(s) 'example_xcom_args', 'example_xcom_args_with_operators' retrieved from /home/airflow/.local/lib/python3.8/site-packages/airflow/example_dags/example_xcomargs.py
[2025-04-11T12:46:47.605+0000] {logging_mixin.py:188} INFO - [2025-04-11T12:46:47.605+0000] {dag.py:3036} INFO - Sync 2 DAGs
[2025-04-11T12:46:47.613+0000] {logging_mixin.py:188} INFO - [2025-04-11T12:46:47.613+0000] {dag.py:3823} INFO - Setting next_dagrun for example_xcom_args to None, run_after=None
[2025-04-11T12:46:47.615+0000] {logging_mixin.py:188} INFO - [2025-04-11T12:46:47.615+0000] {dag.py:3823} INFO - Setting next_dagrun for example_xcom_args_with_operators to None, run_after=None
[2025-04-11T12:46:47.624+0000] {processor.py:183} INFO - Processing /home/airflow/.local/lib/python3.8/site-packages/airflow/example_dags/example_xcomargs.py took 0.038 seconds
[2025-04-11T12:47:17.964+0000] {processor.py:161} INFO - Started process (PID=356) to work on /home/airflow/.local/lib/python3.8/site-packages/airflow/example_dags/example_xcomargs.py
[2025-04-11T12:47:17.965+0000] {processor.py:830} INFO - Processing file /home/airflow/.local/lib/python3.8/site-packages/airflow/example_dags/example_xcomargs.py for tasks to queue
[2025-04-11T12:47:17.967+0000] {logging_mixin.py:188} INFO - [2025-04-11T12:47:17.967+0000] {dagbag.py:538} INFO - Filling up the DagBag from /home/airflow/.local/lib/python3.8/site-packages/airflow/example_dags/example_xcomargs.py
[2025-04-11T12:47:17.972+0000] {processor.py:840} INFO - DAG(s) 'example_xcom_args', 'example_xcom_args_with_operators' retrieved from /home/airflow/.local/lib/python3.8/site-packages/airflow/example_dags/example_xcomargs.py
[2025-04-11T12:47:17.984+0000] {logging_mixin.py:188} INFO - [2025-04-11T12:47:17.984+0000] {dag.py:3036} INFO - Sync 2 DAGs
[2025-04-11T12:47:17.990+0000] {logging_mixin.py:188} INFO - [2025-04-11T12:47:17.990+0000] {dag.py:3823} INFO - Setting next_dagrun for example_xcom_args to None, run_after=None
[2025-04-11T12:47:17.993+0000] {logging_mixin.py:188} INFO - [2025-04-11T12:47:17.993+0000] {dag.py:3823} INFO - Setting next_dagrun for example_xcom_args_with_operators to None, run_after=None
[2025-04-11T12:47:18.002+0000] {processor.py:183} INFO - Processing /home/airflow/.local/lib/python3.8/site-packages/airflow/example_dags/example_xcomargs.py took 0.039 seconds
[2025-04-11T12:47:48.461+0000] {processor.py:161} INFO - Started process (PID=412) to work on /home/airflow/.local/lib/python3.8/site-packages/airflow/example_dags/example_xcomargs.py
[2025-04-11T12:47:48.462+0000] {processor.py:830} INFO - Processing file /home/airflow/.local/lib/python3.8/site-packages/airflow/example_dags/example_xcomargs.py for tasks to queue
[2025-04-11T12:47:48.465+0000] {logging_mixin.py:188} INFO - [2025-04-11T12:47:48.465+0000] {dagbag.py:538} INFO - Filling up the DagBag from /home/airflow/.local/lib/python3.8/site-packages/airflow/example_dags/example_xcomargs.py
[2025-04-11T12:47:48.469+0000] {processor.py:840} INFO - DAG(s) 'example_xcom_args', 'example_xcom_args_with_operators' retrieved from /home/airflow/.local/lib/python3.8/site-packages/airflow/example_dags/example_xcomargs.py
[2025-04-11T12:47:48.479+0000] {logging_mixin.py:188} INFO - [2025-04-11T12:47:48.479+0000] {dag.py:3036} INFO - Sync 2 DAGs
[2025-04-11T12:47:48.484+0000] {logging_mixin.py:188} INFO - [2025-04-11T12:47:48.484+0000] {dag.py:3823} INFO - Setting next_dagrun for example_xcom_args to None, run_after=None
[2025-04-11T12:47:48.486+0000] {logging_mixin.py:188} INFO - [2025-04-11T12:47:48.486+0000] {dag.py:3823} INFO - Setting next_dagrun for example_xcom_args_with_operators to None, run_after=None
[2025-04-11T12:47:48.493+0000] {processor.py:183} INFO - Processing /home/airflow/.local/lib/python3.8/site-packages/airflow/example_dags/example_xcomargs.py took 0.033 seconds
[2025-04-11T12:48:18.793+0000] {processor.py:161} INFO - Started process (PID=468) to work on /home/airflow/.local/lib/python3.8/site-packages/airflow/example_dags/example_xcomargs.py
[2025-04-11T12:48:18.793+0000] {processor.py:830} INFO - Processing file /home/airflow/.local/lib/python3.8/site-packages/airflow/example_dags/example_xcomargs.py for tasks to queue
[2025-04-11T12:48:18.794+0000] {logging_mixin.py:188} INFO - [2025-04-11T12:48:18.794+0000] {dagbag.py:538} INFO - Filling up the DagBag from /home/airflow/.local/lib/python3.8/site-packages/airflow/example_dags/example_xcomargs.py
[2025-04-11T12:48:18.797+0000] {processor.py:840} INFO - DAG(s) 'example_xcom_args_with_operators', 'example_xcom_args' retrieved from /home/airflow/.local/lib/python3.8/site-packages/airflow/example_dags/example_xcomargs.py
[2025-04-11T12:48:18.808+0000] {logging_mixin.py:188} INFO - [2025-04-11T12:48:18.808+0000] {dag.py:3036} INFO - Sync 2 DAGs
[2025-04-11T12:48:18.813+0000] {logging_mixin.py:188} INFO - [2025-04-11T12:48:18.813+0000] {dag.py:3823} INFO - Setting next_dagrun for example_xcom_args to None, run_after=None
[2025-04-11T12:48:18.815+0000] {logging_mixin.py:188} INFO - [2025-04-11T12:48:18.814+0000] {dag.py:3823} INFO - Setting next_dagrun for example_xcom_args_with_operators to None, run_after=None
[2025-04-11T12:48:18.821+0000] {processor.py:183} INFO - Processing /home/airflow/.local/lib/python3.8/site-packages/airflow/example_dags/example_xcomargs.py took 0.030 seconds
[2025-04-11T12:48:48.952+0000] {processor.py:161} INFO - Started process (PID=524) to work on /home/airflow/.local/lib/python3.8/site-packages/airflow/example_dags/example_xcomargs.py
[2025-04-11T12:48:48.952+0000] {processor.py:830} INFO - Processing file /home/airflow/.local/lib/python3.8/site-packages/airflow/example_dags/example_xcomargs.py for tasks to queue
[2025-04-11T12:48:48.953+0000] {logging_mixin.py:188} INFO - [2025-04-11T12:48:48.953+0000] {dagbag.py:538} INFO - Filling up the DagBag from /home/airflow/.local/lib/python3.8/site-packages/airflow/example_dags/example_xcomargs.py
[2025-04-11T12:48:48.957+0000] {processor.py:840} INFO - DAG(s) 'example_xcom_args', 'example_xcom_args_with_operators' retrieved from /home/airflow/.local/lib/python3.8/site-packages/airflow/example_dags/example_xcomargs.py
[2025-04-11T12:48:48.967+0000] {logging_mixin.py:188} INFO - [2025-04-11T12:48:48.967+0000] {dag.py:3036} INFO - Sync 2 DAGs
[2025-04-11T12:48:48.972+0000] {logging_mixin.py:188} INFO - [2025-04-11T12:48:48.972+0000] {dag.py:3823} INFO - Setting next_dagrun for example_xcom_args to None, run_after=None
[2025-04-11T12:48:48.974+0000] {logging_mixin.py:188} INFO - [2025-04-11T12:48:48.974+0000] {dag.py:3823} INFO - Setting next_dagrun for example_xcom_args_with_operators to None, run_after=None
[2025-04-11T12:48:48.980+0000] {processor.py:183} INFO - Processing /home/airflow/.local/lib/python3.8/site-packages/airflow/example_dags/example_xcomargs.py took 0.030 seconds
[2025-04-11T12:49:19.227+0000] {processor.py:161} INFO - Started process (PID=580) to work on /home/airflow/.local/lib/python3.8/site-packages/airflow/example_dags/example_xcomargs.py
[2025-04-11T12:49:19.227+0000] {processor.py:830} INFO - Processing file /home/airflow/.local/lib/python3.8/site-packages/airflow/example_dags/example_xcomargs.py for tasks to queue
[2025-04-11T12:49:19.228+0000] {logging_mixin.py:188} INFO - [2025-04-11T12:49:19.228+0000] {dagbag.py:538} INFO - Filling up the DagBag from /home/airflow/.local/lib/python3.8/site-packages/airflow/example_dags/example_xcomargs.py
[2025-04-11T12:49:19.232+0000] {processor.py:840} INFO - DAG(s) 'example_xcom_args', 'example_xcom_args_with_operators' retrieved from /home/airflow/.local/lib/python3.8/site-packages/airflow/example_dags/example_xcomargs.py
[2025-04-11T12:49:19.242+0000] {logging_mixin.py:188} INFO - [2025-04-11T12:49:19.242+0000] {dag.py:3036} INFO - Sync 2 DAGs
[2025-04-11T12:49:19.247+0000] {logging_mixin.py:188} INFO - [2025-04-11T12:49:19.247+0000] {dag.py:3823} INFO - Setting next_dagrun for example_xcom_args to None, run_after=None
[2025-04-11T12:49:19.251+0000] {logging_mixin.py:188} INFO - [2025-04-11T12:49:19.251+0000] {dag.py:3823} INFO - Setting next_dagrun for example_xcom_args_with_operators to None, run_after=None
[2025-04-11T12:49:19.262+0000] {processor.py:183} INFO - Processing /home/airflow/.local/lib/python3.8/site-packages/airflow/example_dags/example_xcomargs.py took 0.037 seconds
[2025-04-11T12:49:49.595+0000] {processor.py:161} INFO - Started process (PID=636) to work on /home/airflow/.local/lib/python3.8/site-packages/airflow/example_dags/example_xcomargs.py
[2025-04-11T12:49:49.596+0000] {processor.py:830} INFO - Processing file /home/airflow/.local/lib/python3.8/site-packages/airflow/example_dags/example_xcomargs.py for tasks to queue
[2025-04-11T12:49:49.597+0000] {logging_mixin.py:188} INFO - [2025-04-11T12:49:49.597+0000] {dagbag.py:538} INFO - Filling up the DagBag from /home/airflow/.local/lib/python3.8/site-packages/airflow/example_dags/example_xcomargs.py
[2025-04-11T12:49:49.600+0000] {processor.py:840} INFO - DAG(s) 'example_xcom_args', 'example_xcom_args_with_operators' retrieved from /home/airflow/.local/lib/python3.8/site-packages/airflow/example_dags/example_xcomargs.py
[2025-04-11T12:49:49.610+0000] {logging_mixin.py:188} INFO - [2025-04-11T12:49:49.610+0000] {dag.py:3036} INFO - Sync 2 DAGs
[2025-04-11T12:49:49.615+0000] {logging_mixin.py:188} INFO - [2025-04-11T12:49:49.615+0000] {dag.py:3823} INFO - Setting next_dagrun for example_xcom_args to None, run_after=None
[2025-04-11T12:49:49.617+0000] {logging_mixin.py:188} INFO - [2025-04-11T12:49:49.617+0000] {dag.py:3823} INFO - Setting next_dagrun for example_xcom_args_with_operators to None, run_after=None
[2025-04-11T12:49:49.624+0000] {processor.py:183} INFO - Processing /home/airflow/.local/lib/python3.8/site-packages/airflow/example_dags/example_xcomargs.py took 0.030 seconds
[2025-04-11T12:50:19.999+0000] {processor.py:161} INFO - Started process (PID=692) to work on /home/airflow/.local/lib/python3.8/site-packages/airflow/example_dags/example_xcomargs.py
[2025-04-11T12:50:20.000+0000] {processor.py:830} INFO - Processing file /home/airflow/.local/lib/python3.8/site-packages/airflow/example_dags/example_xcomargs.py for tasks to queue
[2025-04-11T12:50:20.001+0000] {logging_mixin.py:188} INFO - [2025-04-11T12:50:20.001+0000] {dagbag.py:538} INFO - Filling up the DagBag from /home/airflow/.local/lib/python3.8/site-packages/airflow/example_dags/example_xcomargs.py
[2025-04-11T12:50:20.005+0000] {processor.py:840} INFO - DAG(s) 'example_xcom_args', 'example_xcom_args_with_operators' retrieved from /home/airflow/.local/lib/python3.8/site-packages/airflow/example_dags/example_xcomargs.py
[2025-04-11T12:50:20.017+0000] {logging_mixin.py:188} INFO - [2025-04-11T12:50:20.017+0000] {dag.py:3036} INFO - Sync 2 DAGs
[2025-04-11T12:50:20.022+0000] {logging_mixin.py:188} INFO - [2025-04-11T12:50:20.022+0000] {dag.py:3823} INFO - Setting next_dagrun for example_xcom_args to None, run_after=None
[2025-04-11T12:50:20.023+0000] {logging_mixin.py:188} INFO - [2025-04-11T12:50:20.023+0000] {dag.py:3823} INFO - Setting next_dagrun for example_xcom_args_with_operators to None, run_after=None
[2025-04-11T12:50:20.030+0000] {processor.py:183} INFO - Processing /home/airflow/.local/lib/python3.8/site-packages/airflow/example_dags/example_xcomargs.py took 0.032 seconds
[2025-04-11T12:50:50.537+0000] {processor.py:161} INFO - Started process (PID=748) to work on /home/airflow/.local/lib/python3.8/site-packages/airflow/example_dags/example_xcomargs.py
[2025-04-11T12:50:50.537+0000] {processor.py:830} INFO - Processing file /home/airflow/.local/lib/python3.8/site-packages/airflow/example_dags/example_xcomargs.py for tasks to queue
[2025-04-11T12:50:50.538+0000] {logging_mixin.py:188} INFO - [2025-04-11T12:50:50.538+0000] {dagbag.py:538} INFO - Filling up the DagBag from /home/airflow/.local/lib/python3.8/site-packages/airflow/example_dags/example_xcomargs.py
[2025-04-11T12:50:50.542+0000] {processor.py:840} INFO - DAG(s) 'example_xcom_args', 'example_xcom_args_with_operators' retrieved from /home/airflow/.local/lib/python3.8/site-packages/airflow/example_dags/example_xcomargs.py
[2025-04-11T12:50:50.557+0000] {logging_mixin.py:188} INFO - [2025-04-11T12:50:50.557+0000] {dag.py:3036} INFO - Sync 2 DAGs
[2025-04-11T12:50:50.564+0000] {logging_mixin.py:188} INFO - [2025-04-11T12:50:50.563+0000] {dag.py:3823} INFO - Setting next_dagrun for example_xcom_args to None, run_after=None
[2025-04-11T12:50:50.565+0000] {logging_mixin.py:188} INFO - [2025-04-11T12:50:50.565+0000] {dag.py:3823} INFO - Setting next_dagrun for example_xcom_args_with_operators to None, run_after=None
[2025-04-11T12:50:50.572+0000] {processor.py:183} INFO - Processing /home/airflow/.local/lib/python3.8/site-packages/airflow/example_dags/example_xcomargs.py took 0.036 seconds
[2025-04-11T12:51:21.032+0000] {processor.py:161} INFO - Started process (PID=804) to work on /home/airflow/.local/lib/python3.8/site-packages/airflow/example_dags/example_xcomargs.py
[2025-04-11T12:51:21.033+0000] {processor.py:830} INFO - Processing file /home/airflow/.local/lib/python3.8/site-packages/airflow/example_dags/example_xcomargs.py for tasks to queue
[2025-04-11T12:51:21.034+0000] {logging_mixin.py:188} INFO - [2025-04-11T12:51:21.034+0000] {dagbag.py:538} INFO - Filling up the DagBag from /home/airflow/.local/lib/python3.8/site-packages/airflow/example_dags/example_xcomargs.py
[2025-04-11T12:51:21.039+0000] {processor.py:840} INFO - DAG(s) 'example_xcom_args', 'example_xcom_args_with_operators' retrieved from /home/airflow/.local/lib/python3.8/site-packages/airflow/example_dags/example_xcomargs.py
[2025-04-11T12:51:21.054+0000] {logging_mixin.py:188} INFO - [2025-04-11T12:51:21.054+0000] {dag.py:3036} INFO - Sync 2 DAGs
[2025-04-11T12:51:21.059+0000] {logging_mixin.py:188} INFO - [2025-04-11T12:51:21.059+0000] {dag.py:3823} INFO - Setting next_dagrun for example_xcom_args to None, run_after=None
[2025-04-11T12:51:21.061+0000] {logging_mixin.py:188} INFO - [2025-04-11T12:51:21.061+0000] {dag.py:3823} INFO - Setting next_dagrun for example_xcom_args_with_operators to None, run_after=None
[2025-04-11T12:51:21.068+0000] {processor.py:183} INFO - Processing /home/airflow/.local/lib/python3.8/site-packages/airflow/example_dags/example_xcomargs.py took 0.037 seconds
[2025-04-11T12:51:51.525+0000] {processor.py:161} INFO - Started process (PID=860) to work on /home/airflow/.local/lib/python3.8/site-packages/airflow/example_dags/example_xcomargs.py
[2025-04-11T12:51:51.525+0000] {processor.py:830} INFO - Processing file /home/airflow/.local/lib/python3.8/site-packages/airflow/example_dags/example_xcomargs.py for tasks to queue
[2025-04-11T12:51:51.527+0000] {logging_mixin.py:188} INFO - [2025-04-11T12:51:51.527+0000] {dagbag.py:538} INFO - Filling up the DagBag from /home/airflow/.local/lib/python3.8/site-packages/airflow/example_dags/example_xcomargs.py
[2025-04-11T12:51:51.532+0000] {processor.py:840} INFO - DAG(s) 'example_xcom_args_with_operators', 'example_xcom_args' retrieved from /home/airflow/.local/lib/python3.8/site-packages/airflow/example_dags/example_xcomargs.py
[2025-04-11T12:51:51.543+0000] {logging_mixin.py:188} INFO - [2025-04-11T12:51:51.543+0000] {dag.py:3036} INFO - Sync 2 DAGs
[2025-04-11T12:51:51.549+0000] {logging_mixin.py:188} INFO - [2025-04-11T12:51:51.549+0000] {dag.py:3823} INFO - Setting next_dagrun for example_xcom_args to None, run_after=None
[2025-04-11T12:51:51.551+0000] {logging_mixin.py:188} INFO - [2025-04-11T12:51:51.551+0000] {dag.py:3823} INFO - Setting next_dagrun for example_xcom_args_with_operators to None, run_after=None
[2025-04-11T12:51:51.559+0000] {processor.py:183} INFO - Processing /home/airflow/.local/lib/python3.8/site-packages/airflow/example_dags/example_xcomargs.py took 0.036 seconds
[2025-04-11T12:52:21.993+0000] {processor.py:161} INFO - Started process (PID=915) to work on /home/airflow/.local/lib/python3.8/site-packages/airflow/example_dags/example_xcomargs.py
[2025-04-11T12:52:21.993+0000] {processor.py:830} INFO - Processing file /home/airflow/.local/lib/python3.8/site-packages/airflow/example_dags/example_xcomargs.py for tasks to queue
[2025-04-11T12:52:21.995+0000] {logging_mixin.py:188} INFO - [2025-04-11T12:52:21.995+0000] {dagbag.py:538} INFO - Filling up the DagBag from /home/airflow/.local/lib/python3.8/site-packages/airflow/example_dags/example_xcomargs.py
[2025-04-11T12:52:22.001+0000] {processor.py:840} INFO - DAG(s) 'example_xcom_args', 'example_xcom_args_with_operators' retrieved from /home/airflow/.local/lib/python3.8/site-packages/airflow/example_dags/example_xcomargs.py
[2025-04-11T12:52:22.013+0000] {logging_mixin.py:188} INFO - [2025-04-11T12:52:22.013+0000] {dag.py:3036} INFO - Sync 2 DAGs
[2025-04-11T12:52:22.018+0000] {logging_mixin.py:188} INFO - [2025-04-11T12:52:22.018+0000] {dag.py:3823} INFO - Setting next_dagrun for example_xcom_args to None, run_after=None
[2025-04-11T12:52:22.020+0000] {logging_mixin.py:188} INFO - [2025-04-11T12:52:22.020+0000] {dag.py:3823} INFO - Setting next_dagrun for example_xcom_args_with_operators to None, run_after=None
[2025-04-11T12:52:22.033+0000] {processor.py:183} INFO - Processing /home/airflow/.local/lib/python3.8/site-packages/airflow/example_dags/example_xcomargs.py took 0.042 seconds
[2025-04-11T12:52:52.353+0000] {processor.py:161} INFO - Started process (PID=971) to work on /home/airflow/.local/lib/python3.8/site-packages/airflow/example_dags/example_xcomargs.py
[2025-04-11T12:52:52.354+0000] {processor.py:830} INFO - Processing file /home/airflow/.local/lib/python3.8/site-packages/airflow/example_dags/example_xcomargs.py for tasks to queue
[2025-04-11T12:52:52.355+0000] {logging_mixin.py:188} INFO - [2025-04-11T12:52:52.354+0000] {dagbag.py:538} INFO - Filling up the DagBag from /home/airflow/.local/lib/python3.8/site-packages/airflow/example_dags/example_xcomargs.py
[2025-04-11T12:52:52.358+0000] {processor.py:840} INFO - DAG(s) 'example_xcom_args', 'example_xcom_args_with_operators' retrieved from /home/airflow/.local/lib/python3.8/site-packages/airflow/example_dags/example_xcomargs.py
[2025-04-11T12:52:52.370+0000] {logging_mixin.py:188} INFO - [2025-04-11T12:52:52.370+0000] {dag.py:3036} INFO - Sync 2 DAGs
[2025-04-11T12:52:52.376+0000] {logging_mixin.py:188} INFO - [2025-04-11T12:52:52.376+0000] {dag.py:3823} INFO - Setting next_dagrun for example_xcom_args to None, run_after=None
[2025-04-11T12:52:52.377+0000] {logging_mixin.py:188} INFO - [2025-04-11T12:52:52.377+0000] {dag.py:3823} INFO - Setting next_dagrun for example_xcom_args_with_operators to None, run_after=None
[2025-04-11T12:52:52.385+0000] {processor.py:183} INFO - Processing /home/airflow/.local/lib/python3.8/site-packages/airflow/example_dags/example_xcomargs.py took 0.033 seconds
[2025-04-11T12:53:22.677+0000] {processor.py:161} INFO - Started process (PID=1027) to work on /home/airflow/.local/lib/python3.8/site-packages/airflow/example_dags/example_xcomargs.py
[2025-04-11T12:53:22.678+0000] {processor.py:830} INFO - Processing file /home/airflow/.local/lib/python3.8/site-packages/airflow/example_dags/example_xcomargs.py for tasks to queue
[2025-04-11T12:53:22.679+0000] {logging_mixin.py:188} INFO - [2025-04-11T12:53:22.678+0000] {dagbag.py:538} INFO - Filling up the DagBag from /home/airflow/.local/lib/python3.8/site-packages/airflow/example_dags/example_xcomargs.py
[2025-04-11T12:53:22.682+0000] {processor.py:840} INFO - DAG(s) 'example_xcom_args_with_operators', 'example_xcom_args' retrieved from /home/airflow/.local/lib/python3.8/site-packages/airflow/example_dags/example_xcomargs.py
[2025-04-11T12:53:22.691+0000] {logging_mixin.py:188} INFO - [2025-04-11T12:53:22.691+0000] {dag.py:3036} INFO - Sync 2 DAGs
[2025-04-11T12:53:22.696+0000] {logging_mixin.py:188} INFO - [2025-04-11T12:53:22.696+0000] {dag.py:3823} INFO - Setting next_dagrun for example_xcom_args to None, run_after=None
[2025-04-11T12:53:22.697+0000] {logging_mixin.py:188} INFO - [2025-04-11T12:53:22.697+0000] {dag.py:3823} INFO - Setting next_dagrun for example_xcom_args_with_operators to None, run_after=None
[2025-04-11T12:53:22.703+0000] {processor.py:183} INFO - Processing /home/airflow/.local/lib/python3.8/site-packages/airflow/example_dags/example_xcomargs.py took 0.027 seconds
[2025-04-11T12:53:52.959+0000] {processor.py:161} INFO - Started process (PID=1083) to work on /home/airflow/.local/lib/python3.8/site-packages/airflow/example_dags/example_xcomargs.py
[2025-04-11T12:53:52.960+0000] {processor.py:830} INFO - Processing file /home/airflow/.local/lib/python3.8/site-packages/airflow/example_dags/example_xcomargs.py for tasks to queue
[2025-04-11T12:53:52.961+0000] {logging_mixin.py:188} INFO - [2025-04-11T12:53:52.961+0000] {dagbag.py:538} INFO - Filling up the DagBag from /home/airflow/.local/lib/python3.8/site-packages/airflow/example_dags/example_xcomargs.py
[2025-04-11T12:53:52.964+0000] {processor.py:840} INFO - DAG(s) 'example_xcom_args_with_operators', 'example_xcom_args' retrieved from /home/airflow/.local/lib/python3.8/site-packages/airflow/example_dags/example_xcomargs.py
[2025-04-11T12:53:52.975+0000] {logging_mixin.py:188} INFO - [2025-04-11T12:53:52.975+0000] {dag.py:3036} INFO - Sync 2 DAGs
[2025-04-11T12:53:52.980+0000] {logging_mixin.py:188} INFO - [2025-04-11T12:53:52.980+0000] {dag.py:3823} INFO - Setting next_dagrun for example_xcom_args to None, run_after=None
[2025-04-11T12:53:52.981+0000] {logging_mixin.py:188} INFO - [2025-04-11T12:53:52.981+0000] {dag.py:3823} INFO - Setting next_dagrun for example_xcom_args_with_operators to None, run_after=None
[2025-04-11T12:53:52.988+0000] {processor.py:183} INFO - Processing /home/airflow/.local/lib/python3.8/site-packages/airflow/example_dags/example_xcomargs.py took 0.030 seconds
[2025-04-11T12:54:23.175+0000] {processor.py:161} INFO - Started process (PID=1139) to work on /home/airflow/.local/lib/python3.8/site-packages/airflow/example_dags/example_xcomargs.py
[2025-04-11T12:54:23.175+0000] {processor.py:830} INFO - Processing file /home/airflow/.local/lib/python3.8/site-packages/airflow/example_dags/example_xcomargs.py for tasks to queue
[2025-04-11T12:54:23.176+0000] {logging_mixin.py:188} INFO - [2025-04-11T12:54:23.176+0000] {dagbag.py:538} INFO - Filling up the DagBag from /home/airflow/.local/lib/python3.8/site-packages/airflow/example_dags/example_xcomargs.py
[2025-04-11T12:54:23.180+0000] {processor.py:840} INFO - DAG(s) 'example_xcom_args_with_operators', 'example_xcom_args' retrieved from /home/airflow/.local/lib/python3.8/site-packages/airflow/example_dags/example_xcomargs.py
[2025-04-11T12:54:23.190+0000] {logging_mixin.py:188} INFO - [2025-04-11T12:54:23.190+0000] {dag.py:3036} INFO - Sync 2 DAGs
[2025-04-11T12:54:23.196+0000] {logging_mixin.py:188} INFO - [2025-04-11T12:54:23.195+0000] {dag.py:3823} INFO - Setting next_dagrun for example_xcom_args to None, run_after=None
[2025-04-11T12:54:23.197+0000] {logging_mixin.py:188} INFO - [2025-04-11T12:54:23.197+0000] {dag.py:3823} INFO - Setting next_dagrun for example_xcom_args_with_operators to None, run_after=None
[2025-04-11T12:54:23.204+0000] {processor.py:183} INFO - Processing /home/airflow/.local/lib/python3.8/site-packages/airflow/example_dags/example_xcomargs.py took 0.030 seconds
[2025-04-11T12:54:53.410+0000] {processor.py:161} INFO - Started process (PID=1195) to work on /home/airflow/.local/lib/python3.8/site-packages/airflow/example_dags/example_xcomargs.py
[2025-04-11T12:54:53.411+0000] {processor.py:830} INFO - Processing file /home/airflow/.local/lib/python3.8/site-packages/airflow/example_dags/example_xcomargs.py for tasks to queue
[2025-04-11T12:54:53.412+0000] {logging_mixin.py:188} INFO - [2025-04-11T12:54:53.411+0000] {dagbag.py:538} INFO - Filling up the DagBag from /home/airflow/.local/lib/python3.8/site-packages/airflow/example_dags/example_xcomargs.py
[2025-04-11T12:54:53.416+0000] {processor.py:840} INFO - DAG(s) 'example_xcom_args', 'example_xcom_args_with_operators' retrieved from /home/airflow/.local/lib/python3.8/site-packages/airflow/example_dags/example_xcomargs.py
[2025-04-11T12:54:53.427+0000] {logging_mixin.py:188} INFO - [2025-04-11T12:54:53.426+0000] {dag.py:3036} INFO - Sync 2 DAGs
[2025-04-11T12:54:53.431+0000] {logging_mixin.py:188} INFO - [2025-04-11T12:54:53.431+0000] {dag.py:3823} INFO - Setting next_dagrun for example_xcom_args to None, run_after=None
[2025-04-11T12:54:53.433+0000] {logging_mixin.py:188} INFO - [2025-04-11T12:54:53.433+0000] {dag.py:3823} INFO - Setting next_dagrun for example_xcom_args_with_operators to None, run_after=None
[2025-04-11T12:54:53.439+0000] {processor.py:183} INFO - Processing /home/airflow/.local/lib/python3.8/site-packages/airflow/example_dags/example_xcomargs.py took 0.030 seconds
[2025-04-11T12:55:23.751+0000] {processor.py:161} INFO - Started process (PID=1251) to work on /home/airflow/.local/lib/python3.8/site-packages/airflow/example_dags/example_xcomargs.py
[2025-04-11T12:55:23.753+0000] {processor.py:830} INFO - Processing file /home/airflow/.local/lib/python3.8/site-packages/airflow/example_dags/example_xcomargs.py for tasks to queue
[2025-04-11T12:55:23.754+0000] {logging_mixin.py:188} INFO - [2025-04-11T12:55:23.754+0000] {dagbag.py:538} INFO - Filling up the DagBag from /home/airflow/.local/lib/python3.8/site-packages/airflow/example_dags/example_xcomargs.py
[2025-04-11T12:55:23.759+0000] {processor.py:840} INFO - DAG(s) 'example_xcom_args', 'example_xcom_args_with_operators' retrieved from /home/airflow/.local/lib/python3.8/site-packages/airflow/example_dags/example_xcomargs.py
[2025-04-11T12:55:23.770+0000] {logging_mixin.py:188} INFO - [2025-04-11T12:55:23.770+0000] {dag.py:3036} INFO - Sync 2 DAGs
[2025-04-11T12:55:23.778+0000] {logging_mixin.py:188} INFO - [2025-04-11T12:55:23.778+0000] {dag.py:3823} INFO - Setting next_dagrun for example_xcom_args to None, run_after=None
[2025-04-11T12:55:23.780+0000] {logging_mixin.py:188} INFO - [2025-04-11T12:55:23.780+0000] {dag.py:3823} INFO - Setting next_dagrun for example_xcom_args_with_operators to None, run_after=None
[2025-04-11T12:55:23.790+0000] {processor.py:183} INFO - Processing /home/airflow/.local/lib/python3.8/site-packages/airflow/example_dags/example_xcomargs.py took 0.041 seconds
