[2025-04-11T12:44:45.345+0000] {processor.py:161} INFO - Started process (PID=75) to work on /home/airflow/.local/lib/python3.8/site-packages/airflow/example_dags/example_dynamic_task_mapping.py
[2025-04-11T12:44:45.347+0000] {processor.py:830} INFO - Processing file /home/airflow/.local/lib/python3.8/site-packages/airflow/example_dags/example_dynamic_task_mapping.py for tasks to queue
[2025-04-11T12:44:45.348+0000] {logging_mixin.py:188} INFO - [2025-04-11T12:44:45.348+0000] {dagbag.py:538} INFO - Filling up the DagBag from /home/airflow/.local/lib/python3.8/site-packages/airflow/example_dags/example_dynamic_task_mapping.py
[2025-04-11T12:44:45.353+0000] {processor.py:840} INFO - DAG(s) 'example_dynamic_task_mapping' retrieved from /home/airflow/.local/lib/python3.8/site-packages/airflow/example_dags/example_dynamic_task_mapping.py
[2025-04-11T12:44:45.361+0000] {logging_mixin.py:188} INFO - [2025-04-11T12:44:45.361+0000] {dag.py:3036} INFO - Sync 1 DAGs
[2025-04-11T12:44:45.377+0000] {logging_mixin.py:188} INFO - [2025-04-11T12:44:45.377+0000] {dag.py:3823} INFO - Setting next_dagrun for example_dynamic_task_mapping to 2022-03-03 23:00:00+00:00, run_after=2022-03-04 23:00:00+00:00
[2025-04-11T12:44:45.388+0000] {processor.py:183} INFO - Processing /home/airflow/.local/lib/python3.8/site-packages/airflow/example_dags/example_dynamic_task_mapping.py took 0.045 seconds
[2025-04-11T12:45:15.697+0000] {processor.py:161} INFO - Started process (PID=132) to work on /home/airflow/.local/lib/python3.8/site-packages/airflow/example_dags/example_dynamic_task_mapping.py
[2025-04-11T12:45:15.702+0000] {processor.py:830} INFO - Processing file /home/airflow/.local/lib/python3.8/site-packages/airflow/example_dags/example_dynamic_task_mapping.py for tasks to queue
[2025-04-11T12:45:15.703+0000] {logging_mixin.py:188} INFO - [2025-04-11T12:45:15.703+0000] {dagbag.py:538} INFO - Filling up the DagBag from /home/airflow/.local/lib/python3.8/site-packages/airflow/example_dags/example_dynamic_task_mapping.py
[2025-04-11T12:45:15.706+0000] {processor.py:840} INFO - DAG(s) 'example_dynamic_task_mapping' retrieved from /home/airflow/.local/lib/python3.8/site-packages/airflow/example_dags/example_dynamic_task_mapping.py
[2025-04-11T12:45:15.748+0000] {logging_mixin.py:188} INFO - [2025-04-11T12:45:15.748+0000] {dag.py:3036} INFO - Sync 1 DAGs
[2025-04-11T12:45:15.757+0000] {logging_mixin.py:188} INFO - [2025-04-11T12:45:15.757+0000] {dag.py:3823} INFO - Setting next_dagrun for example_dynamic_task_mapping to 2022-03-03 23:00:00+00:00, run_after=2022-03-04 23:00:00+00:00
[2025-04-11T12:45:15.767+0000] {processor.py:183} INFO - Processing /home/airflow/.local/lib/python3.8/site-packages/airflow/example_dags/example_dynamic_task_mapping.py took 0.071 seconds
[2025-04-11T12:45:46.617+0000] {processor.py:161} INFO - Started process (PID=188) to work on /home/airflow/.local/lib/python3.8/site-packages/airflow/example_dags/example_dynamic_task_mapping.py
[2025-04-11T12:45:46.618+0000] {processor.py:830} INFO - Processing file /home/airflow/.local/lib/python3.8/site-packages/airflow/example_dags/example_dynamic_task_mapping.py for tasks to queue
[2025-04-11T12:45:46.619+0000] {logging_mixin.py:188} INFO - [2025-04-11T12:45:46.619+0000] {dagbag.py:538} INFO - Filling up the DagBag from /home/airflow/.local/lib/python3.8/site-packages/airflow/example_dags/example_dynamic_task_mapping.py
[2025-04-11T12:45:46.622+0000] {processor.py:840} INFO - DAG(s) 'example_dynamic_task_mapping' retrieved from /home/airflow/.local/lib/python3.8/site-packages/airflow/example_dags/example_dynamic_task_mapping.py
[2025-04-11T12:45:46.631+0000] {logging_mixin.py:188} INFO - [2025-04-11T12:45:46.631+0000] {dag.py:3036} INFO - Sync 1 DAGs
[2025-04-11T12:45:46.640+0000] {logging_mixin.py:188} INFO - [2025-04-11T12:45:46.640+0000] {dag.py:3823} INFO - Setting next_dagrun for example_dynamic_task_mapping to 2022-03-03 23:00:00+00:00, run_after=2022-03-04 23:00:00+00:00
[2025-04-11T12:45:46.649+0000] {processor.py:183} INFO - Processing /home/airflow/.local/lib/python3.8/site-packages/airflow/example_dags/example_dynamic_task_mapping.py took 0.033 seconds
[2025-04-11T12:46:17.151+0000] {processor.py:161} INFO - Started process (PID=243) to work on /home/airflow/.local/lib/python3.8/site-packages/airflow/example_dags/example_dynamic_task_mapping.py
[2025-04-11T12:46:17.152+0000] {processor.py:830} INFO - Processing file /home/airflow/.local/lib/python3.8/site-packages/airflow/example_dags/example_dynamic_task_mapping.py for tasks to queue
[2025-04-11T12:46:17.152+0000] {logging_mixin.py:188} INFO - [2025-04-11T12:46:17.152+0000] {dagbag.py:538} INFO - Filling up the DagBag from /home/airflow/.local/lib/python3.8/site-packages/airflow/example_dags/example_dynamic_task_mapping.py
[2025-04-11T12:46:17.155+0000] {processor.py:840} INFO - DAG(s) 'example_dynamic_task_mapping' retrieved from /home/airflow/.local/lib/python3.8/site-packages/airflow/example_dags/example_dynamic_task_mapping.py
[2025-04-11T12:46:17.164+0000] {logging_mixin.py:188} INFO - [2025-04-11T12:46:17.164+0000] {dag.py:3036} INFO - Sync 1 DAGs
[2025-04-11T12:46:17.171+0000] {logging_mixin.py:188} INFO - [2025-04-11T12:46:17.171+0000] {dag.py:3823} INFO - Setting next_dagrun for example_dynamic_task_mapping to 2022-03-03 23:00:00+00:00, run_after=2022-03-04 23:00:00+00:00
[2025-04-11T12:46:17.178+0000] {processor.py:183} INFO - Processing /home/airflow/.local/lib/python3.8/site-packages/airflow/example_dags/example_dynamic_task_mapping.py took 0.028 seconds
[2025-04-11T12:46:47.695+0000] {processor.py:161} INFO - Started process (PID=299) to work on /home/airflow/.local/lib/python3.8/site-packages/airflow/example_dags/example_dynamic_task_mapping.py
[2025-04-11T12:46:47.699+0000] {processor.py:830} INFO - Processing file /home/airflow/.local/lib/python3.8/site-packages/airflow/example_dags/example_dynamic_task_mapping.py for tasks to queue
[2025-04-11T12:46:47.700+0000] {logging_mixin.py:188} INFO - [2025-04-11T12:46:47.700+0000] {dagbag.py:538} INFO - Filling up the DagBag from /home/airflow/.local/lib/python3.8/site-packages/airflow/example_dags/example_dynamic_task_mapping.py
[2025-04-11T12:46:47.704+0000] {processor.py:840} INFO - DAG(s) 'example_dynamic_task_mapping' retrieved from /home/airflow/.local/lib/python3.8/site-packages/airflow/example_dags/example_dynamic_task_mapping.py
[2025-04-11T12:46:47.715+0000] {logging_mixin.py:188} INFO - [2025-04-11T12:46:47.715+0000] {dag.py:3036} INFO - Sync 1 DAGs
[2025-04-11T12:46:47.725+0000] {logging_mixin.py:188} INFO - [2025-04-11T12:46:47.725+0000] {dag.py:3823} INFO - Setting next_dagrun for example_dynamic_task_mapping to 2022-03-03 23:00:00+00:00, run_after=2022-03-04 23:00:00+00:00
[2025-04-11T12:46:47.734+0000] {processor.py:183} INFO - Processing /home/airflow/.local/lib/python3.8/site-packages/airflow/example_dags/example_dynamic_task_mapping.py took 0.041 seconds
[2025-04-11T12:47:18.082+0000] {processor.py:161} INFO - Started process (PID=361) to work on /home/airflow/.local/lib/python3.8/site-packages/airflow/example_dags/example_dynamic_task_mapping.py
[2025-04-11T12:47:18.083+0000] {processor.py:830} INFO - Processing file /home/airflow/.local/lib/python3.8/site-packages/airflow/example_dags/example_dynamic_task_mapping.py for tasks to queue
[2025-04-11T12:47:18.084+0000] {logging_mixin.py:188} INFO - [2025-04-11T12:47:18.084+0000] {dagbag.py:538} INFO - Filling up the DagBag from /home/airflow/.local/lib/python3.8/site-packages/airflow/example_dags/example_dynamic_task_mapping.py
[2025-04-11T12:47:18.088+0000] {processor.py:840} INFO - DAG(s) 'example_dynamic_task_mapping' retrieved from /home/airflow/.local/lib/python3.8/site-packages/airflow/example_dags/example_dynamic_task_mapping.py
[2025-04-11T12:47:18.098+0000] {logging_mixin.py:188} INFO - [2025-04-11T12:47:18.098+0000] {dag.py:3036} INFO - Sync 1 DAGs
[2025-04-11T12:47:18.108+0000] {logging_mixin.py:188} INFO - [2025-04-11T12:47:18.108+0000] {dag.py:3823} INFO - Setting next_dagrun for example_dynamic_task_mapping to 2022-03-03 23:00:00+00:00, run_after=2022-03-04 23:00:00+00:00
[2025-04-11T12:47:18.116+0000] {processor.py:183} INFO - Processing /home/airflow/.local/lib/python3.8/site-packages/airflow/example_dags/example_dynamic_task_mapping.py took 0.035 seconds
[2025-04-11T12:47:48.576+0000] {processor.py:161} INFO - Started process (PID=417) to work on /home/airflow/.local/lib/python3.8/site-packages/airflow/example_dags/example_dynamic_task_mapping.py
[2025-04-11T12:47:48.577+0000] {processor.py:830} INFO - Processing file /home/airflow/.local/lib/python3.8/site-packages/airflow/example_dags/example_dynamic_task_mapping.py for tasks to queue
[2025-04-11T12:47:48.577+0000] {logging_mixin.py:188} INFO - [2025-04-11T12:47:48.577+0000] {dagbag.py:538} INFO - Filling up the DagBag from /home/airflow/.local/lib/python3.8/site-packages/airflow/example_dags/example_dynamic_task_mapping.py
[2025-04-11T12:47:48.581+0000] {processor.py:840} INFO - DAG(s) 'example_dynamic_task_mapping' retrieved from /home/airflow/.local/lib/python3.8/site-packages/airflow/example_dags/example_dynamic_task_mapping.py
[2025-04-11T12:47:48.590+0000] {logging_mixin.py:188} INFO - [2025-04-11T12:47:48.590+0000] {dag.py:3036} INFO - Sync 1 DAGs
[2025-04-11T12:47:48.599+0000] {logging_mixin.py:188} INFO - [2025-04-11T12:47:48.599+0000] {dag.py:3823} INFO - Setting next_dagrun for example_dynamic_task_mapping to 2022-03-03 23:00:00+00:00, run_after=2022-03-04 23:00:00+00:00
[2025-04-11T12:47:48.608+0000] {processor.py:183} INFO - Processing /home/airflow/.local/lib/python3.8/site-packages/airflow/example_dags/example_dynamic_task_mapping.py took 0.035 seconds
[2025-04-11T12:48:18.900+0000] {processor.py:161} INFO - Started process (PID=473) to work on /home/airflow/.local/lib/python3.8/site-packages/airflow/example_dags/example_dynamic_task_mapping.py
[2025-04-11T12:48:18.901+0000] {processor.py:830} INFO - Processing file /home/airflow/.local/lib/python3.8/site-packages/airflow/example_dags/example_dynamic_task_mapping.py for tasks to queue
[2025-04-11T12:48:18.902+0000] {logging_mixin.py:188} INFO - [2025-04-11T12:48:18.902+0000] {dagbag.py:538} INFO - Filling up the DagBag from /home/airflow/.local/lib/python3.8/site-packages/airflow/example_dags/example_dynamic_task_mapping.py
[2025-04-11T12:48:18.905+0000] {processor.py:840} INFO - DAG(s) 'example_dynamic_task_mapping' retrieved from /home/airflow/.local/lib/python3.8/site-packages/airflow/example_dags/example_dynamic_task_mapping.py
[2025-04-11T12:48:18.913+0000] {logging_mixin.py:188} INFO - [2025-04-11T12:48:18.913+0000] {dag.py:3036} INFO - Sync 1 DAGs
[2025-04-11T12:48:18.922+0000] {logging_mixin.py:188} INFO - [2025-04-11T12:48:18.922+0000] {dag.py:3823} INFO - Setting next_dagrun for example_dynamic_task_mapping to 2022-03-03 23:00:00+00:00, run_after=2022-03-04 23:00:00+00:00
[2025-04-11T12:48:18.929+0000] {processor.py:183} INFO - Processing /home/airflow/.local/lib/python3.8/site-packages/airflow/example_dags/example_dynamic_task_mapping.py took 0.030 seconds
[2025-04-11T12:48:49.053+0000] {processor.py:161} INFO - Started process (PID=529) to work on /home/airflow/.local/lib/python3.8/site-packages/airflow/example_dags/example_dynamic_task_mapping.py
[2025-04-11T12:48:49.054+0000] {processor.py:830} INFO - Processing file /home/airflow/.local/lib/python3.8/site-packages/airflow/example_dags/example_dynamic_task_mapping.py for tasks to queue
[2025-04-11T12:48:49.054+0000] {logging_mixin.py:188} INFO - [2025-04-11T12:48:49.054+0000] {dagbag.py:538} INFO - Filling up the DagBag from /home/airflow/.local/lib/python3.8/site-packages/airflow/example_dags/example_dynamic_task_mapping.py
[2025-04-11T12:48:49.058+0000] {processor.py:840} INFO - DAG(s) 'example_dynamic_task_mapping' retrieved from /home/airflow/.local/lib/python3.8/site-packages/airflow/example_dags/example_dynamic_task_mapping.py
[2025-04-11T12:48:49.066+0000] {logging_mixin.py:188} INFO - [2025-04-11T12:48:49.066+0000] {dag.py:3036} INFO - Sync 1 DAGs
[2025-04-11T12:48:49.075+0000] {logging_mixin.py:188} INFO - [2025-04-11T12:48:49.075+0000] {dag.py:3823} INFO - Setting next_dagrun for example_dynamic_task_mapping to 2022-03-03 23:00:00+00:00, run_after=2022-03-04 23:00:00+00:00
[2025-04-11T12:48:49.082+0000] {processor.py:183} INFO - Processing /home/airflow/.local/lib/python3.8/site-packages/airflow/example_dags/example_dynamic_task_mapping.py took 0.030 seconds
[2025-04-11T12:49:19.332+0000] {processor.py:161} INFO - Started process (PID=585) to work on /home/airflow/.local/lib/python3.8/site-packages/airflow/example_dags/example_dynamic_task_mapping.py
[2025-04-11T12:49:19.332+0000] {processor.py:830} INFO - Processing file /home/airflow/.local/lib/python3.8/site-packages/airflow/example_dags/example_dynamic_task_mapping.py for tasks to queue
[2025-04-11T12:49:19.333+0000] {logging_mixin.py:188} INFO - [2025-04-11T12:49:19.333+0000] {dagbag.py:538} INFO - Filling up the DagBag from /home/airflow/.local/lib/python3.8/site-packages/airflow/example_dags/example_dynamic_task_mapping.py
[2025-04-11T12:49:19.336+0000] {processor.py:840} INFO - DAG(s) 'example_dynamic_task_mapping' retrieved from /home/airflow/.local/lib/python3.8/site-packages/airflow/example_dags/example_dynamic_task_mapping.py
[2025-04-11T12:49:19.345+0000] {logging_mixin.py:188} INFO - [2025-04-11T12:49:19.345+0000] {dag.py:3036} INFO - Sync 1 DAGs
[2025-04-11T12:49:19.354+0000] {logging_mixin.py:188} INFO - [2025-04-11T12:49:19.354+0000] {dag.py:3823} INFO - Setting next_dagrun for example_dynamic_task_mapping to 2022-03-03 23:00:00+00:00, run_after=2022-03-04 23:00:00+00:00
[2025-04-11T12:49:19.362+0000] {processor.py:183} INFO - Processing /home/airflow/.local/lib/python3.8/site-packages/airflow/example_dags/example_dynamic_task_mapping.py took 0.032 seconds
[2025-04-11T12:49:49.696+0000] {processor.py:161} INFO - Started process (PID=641) to work on /home/airflow/.local/lib/python3.8/site-packages/airflow/example_dags/example_dynamic_task_mapping.py
[2025-04-11T12:49:49.696+0000] {processor.py:830} INFO - Processing file /home/airflow/.local/lib/python3.8/site-packages/airflow/example_dags/example_dynamic_task_mapping.py for tasks to queue
[2025-04-11T12:49:49.697+0000] {logging_mixin.py:188} INFO - [2025-04-11T12:49:49.697+0000] {dagbag.py:538} INFO - Filling up the DagBag from /home/airflow/.local/lib/python3.8/site-packages/airflow/example_dags/example_dynamic_task_mapping.py
[2025-04-11T12:49:49.699+0000] {processor.py:840} INFO - DAG(s) 'example_dynamic_task_mapping' retrieved from /home/airflow/.local/lib/python3.8/site-packages/airflow/example_dags/example_dynamic_task_mapping.py
[2025-04-11T12:49:49.707+0000] {logging_mixin.py:188} INFO - [2025-04-11T12:49:49.707+0000] {dag.py:3036} INFO - Sync 1 DAGs
[2025-04-11T12:49:49.715+0000] {logging_mixin.py:188} INFO - [2025-04-11T12:49:49.715+0000] {dag.py:3823} INFO - Setting next_dagrun for example_dynamic_task_mapping to 2022-03-03 23:00:00+00:00, run_after=2022-03-04 23:00:00+00:00
[2025-04-11T12:49:49.722+0000] {processor.py:183} INFO - Processing /home/airflow/.local/lib/python3.8/site-packages/airflow/example_dags/example_dynamic_task_mapping.py took 0.028 seconds
[2025-04-11T12:50:20.114+0000] {processor.py:161} INFO - Started process (PID=697) to work on /home/airflow/.local/lib/python3.8/site-packages/airflow/example_dags/example_dynamic_task_mapping.py
[2025-04-11T12:50:20.115+0000] {processor.py:830} INFO - Processing file /home/airflow/.local/lib/python3.8/site-packages/airflow/example_dags/example_dynamic_task_mapping.py for tasks to queue
[2025-04-11T12:50:20.116+0000] {logging_mixin.py:188} INFO - [2025-04-11T12:50:20.116+0000] {dagbag.py:538} INFO - Filling up the DagBag from /home/airflow/.local/lib/python3.8/site-packages/airflow/example_dags/example_dynamic_task_mapping.py
[2025-04-11T12:50:20.119+0000] {processor.py:840} INFO - DAG(s) 'example_dynamic_task_mapping' retrieved from /home/airflow/.local/lib/python3.8/site-packages/airflow/example_dags/example_dynamic_task_mapping.py
[2025-04-11T12:50:20.128+0000] {logging_mixin.py:188} INFO - [2025-04-11T12:50:20.128+0000] {dag.py:3036} INFO - Sync 1 DAGs
[2025-04-11T12:50:20.138+0000] {logging_mixin.py:188} INFO - [2025-04-11T12:50:20.138+0000] {dag.py:3823} INFO - Setting next_dagrun for example_dynamic_task_mapping to 2022-03-03 23:00:00+00:00, run_after=2022-03-04 23:00:00+00:00
[2025-04-11T12:50:20.148+0000] {processor.py:183} INFO - Processing /home/airflow/.local/lib/python3.8/site-packages/airflow/example_dags/example_dynamic_task_mapping.py took 0.035 seconds
[2025-04-11T12:50:50.661+0000] {processor.py:161} INFO - Started process (PID=753) to work on /home/airflow/.local/lib/python3.8/site-packages/airflow/example_dags/example_dynamic_task_mapping.py
[2025-04-11T12:50:50.662+0000] {processor.py:830} INFO - Processing file /home/airflow/.local/lib/python3.8/site-packages/airflow/example_dags/example_dynamic_task_mapping.py for tasks to queue
[2025-04-11T12:50:50.662+0000] {logging_mixin.py:188} INFO - [2025-04-11T12:50:50.662+0000] {dagbag.py:538} INFO - Filling up the DagBag from /home/airflow/.local/lib/python3.8/site-packages/airflow/example_dags/example_dynamic_task_mapping.py
[2025-04-11T12:50:50.665+0000] {processor.py:840} INFO - DAG(s) 'example_dynamic_task_mapping' retrieved from /home/airflow/.local/lib/python3.8/site-packages/airflow/example_dags/example_dynamic_task_mapping.py
[2025-04-11T12:50:50.676+0000] {logging_mixin.py:188} INFO - [2025-04-11T12:50:50.676+0000] {dag.py:3036} INFO - Sync 1 DAGs
[2025-04-11T12:50:50.684+0000] {logging_mixin.py:188} INFO - [2025-04-11T12:50:50.684+0000] {dag.py:3823} INFO - Setting next_dagrun for example_dynamic_task_mapping to 2022-03-03 23:00:00+00:00, run_after=2022-03-04 23:00:00+00:00
[2025-04-11T12:50:50.693+0000] {processor.py:183} INFO - Processing /home/airflow/.local/lib/python3.8/site-packages/airflow/example_dags/example_dynamic_task_mapping.py took 0.033 seconds
[2025-04-11T12:51:21.151+0000] {processor.py:161} INFO - Started process (PID=809) to work on /home/airflow/.local/lib/python3.8/site-packages/airflow/example_dags/example_dynamic_task_mapping.py
[2025-04-11T12:51:21.152+0000] {processor.py:830} INFO - Processing file /home/airflow/.local/lib/python3.8/site-packages/airflow/example_dags/example_dynamic_task_mapping.py for tasks to queue
[2025-04-11T12:51:21.153+0000] {logging_mixin.py:188} INFO - [2025-04-11T12:51:21.152+0000] {dagbag.py:538} INFO - Filling up the DagBag from /home/airflow/.local/lib/python3.8/site-packages/airflow/example_dags/example_dynamic_task_mapping.py
[2025-04-11T12:51:21.155+0000] {processor.py:840} INFO - DAG(s) 'example_dynamic_task_mapping' retrieved from /home/airflow/.local/lib/python3.8/site-packages/airflow/example_dags/example_dynamic_task_mapping.py
[2025-04-11T12:51:21.164+0000] {logging_mixin.py:188} INFO - [2025-04-11T12:51:21.164+0000] {dag.py:3036} INFO - Sync 1 DAGs
[2025-04-11T12:51:21.173+0000] {logging_mixin.py:188} INFO - [2025-04-11T12:51:21.173+0000] {dag.py:3823} INFO - Setting next_dagrun for example_dynamic_task_mapping to 2022-03-03 23:00:00+00:00, run_after=2022-03-04 23:00:00+00:00
[2025-04-11T12:51:21.185+0000] {processor.py:183} INFO - Processing /home/airflow/.local/lib/python3.8/site-packages/airflow/example_dags/example_dynamic_task_mapping.py took 0.036 seconds
[2025-04-11T12:51:51.636+0000] {processor.py:161} INFO - Started process (PID=865) to work on /home/airflow/.local/lib/python3.8/site-packages/airflow/example_dags/example_dynamic_task_mapping.py
[2025-04-11T12:51:51.637+0000] {processor.py:830} INFO - Processing file /home/airflow/.local/lib/python3.8/site-packages/airflow/example_dags/example_dynamic_task_mapping.py for tasks to queue
[2025-04-11T12:51:51.638+0000] {logging_mixin.py:188} INFO - [2025-04-11T12:51:51.638+0000] {dagbag.py:538} INFO - Filling up the DagBag from /home/airflow/.local/lib/python3.8/site-packages/airflow/example_dags/example_dynamic_task_mapping.py
[2025-04-11T12:51:51.642+0000] {processor.py:840} INFO - DAG(s) 'example_dynamic_task_mapping' retrieved from /home/airflow/.local/lib/python3.8/site-packages/airflow/example_dags/example_dynamic_task_mapping.py
[2025-04-11T12:51:51.652+0000] {logging_mixin.py:188} INFO - [2025-04-11T12:51:51.652+0000] {dag.py:3036} INFO - Sync 1 DAGs
[2025-04-11T12:51:51.662+0000] {logging_mixin.py:188} INFO - [2025-04-11T12:51:51.661+0000] {dag.py:3823} INFO - Setting next_dagrun for example_dynamic_task_mapping to 2022-03-03 23:00:00+00:00, run_after=2022-03-04 23:00:00+00:00
[2025-04-11T12:51:51.669+0000] {processor.py:183} INFO - Processing /home/airflow/.local/lib/python3.8/site-packages/airflow/example_dags/example_dynamic_task_mapping.py took 0.035 seconds
[2025-04-11T12:52:22.114+0000] {processor.py:161} INFO - Started process (PID=920) to work on /home/airflow/.local/lib/python3.8/site-packages/airflow/example_dags/example_dynamic_task_mapping.py
[2025-04-11T12:52:22.116+0000] {processor.py:830} INFO - Processing file /home/airflow/.local/lib/python3.8/site-packages/airflow/example_dags/example_dynamic_task_mapping.py for tasks to queue
[2025-04-11T12:52:22.120+0000] {logging_mixin.py:188} INFO - [2025-04-11T12:52:22.120+0000] {dagbag.py:538} INFO - Filling up the DagBag from /home/airflow/.local/lib/python3.8/site-packages/airflow/example_dags/example_dynamic_task_mapping.py
[2025-04-11T12:52:22.122+0000] {processor.py:840} INFO - DAG(s) 'example_dynamic_task_mapping' retrieved from /home/airflow/.local/lib/python3.8/site-packages/airflow/example_dags/example_dynamic_task_mapping.py
[2025-04-11T12:52:22.132+0000] {logging_mixin.py:188} INFO - [2025-04-11T12:52:22.132+0000] {dag.py:3036} INFO - Sync 1 DAGs
[2025-04-11T12:52:22.141+0000] {logging_mixin.py:188} INFO - [2025-04-11T12:52:22.140+0000] {dag.py:3823} INFO - Setting next_dagrun for example_dynamic_task_mapping to 2022-03-03 23:00:00+00:00, run_after=2022-03-04 23:00:00+00:00
[2025-04-11T12:52:22.147+0000] {processor.py:183} INFO - Processing /home/airflow/.local/lib/python3.8/site-packages/airflow/example_dags/example_dynamic_task_mapping.py took 0.035 seconds
[2025-04-11T12:52:52.471+0000] {processor.py:161} INFO - Started process (PID=976) to work on /home/airflow/.local/lib/python3.8/site-packages/airflow/example_dags/example_dynamic_task_mapping.py
[2025-04-11T12:52:52.472+0000] {processor.py:830} INFO - Processing file /home/airflow/.local/lib/python3.8/site-packages/airflow/example_dags/example_dynamic_task_mapping.py for tasks to queue
[2025-04-11T12:52:52.473+0000] {logging_mixin.py:188} INFO - [2025-04-11T12:52:52.472+0000] {dagbag.py:538} INFO - Filling up the DagBag from /home/airflow/.local/lib/python3.8/site-packages/airflow/example_dags/example_dynamic_task_mapping.py
[2025-04-11T12:52:52.476+0000] {processor.py:840} INFO - DAG(s) 'example_dynamic_task_mapping' retrieved from /home/airflow/.local/lib/python3.8/site-packages/airflow/example_dags/example_dynamic_task_mapping.py
[2025-04-11T12:52:52.484+0000] {logging_mixin.py:188} INFO - [2025-04-11T12:52:52.484+0000] {dag.py:3036} INFO - Sync 1 DAGs
[2025-04-11T12:52:52.493+0000] {logging_mixin.py:188} INFO - [2025-04-11T12:52:52.493+0000] {dag.py:3823} INFO - Setting next_dagrun for example_dynamic_task_mapping to 2022-03-03 23:00:00+00:00, run_after=2022-03-04 23:00:00+00:00
[2025-04-11T12:52:52.500+0000] {processor.py:183} INFO - Processing /home/airflow/.local/lib/python3.8/site-packages/airflow/example_dags/example_dynamic_task_mapping.py took 0.030 seconds
[2025-04-11T12:53:22.785+0000] {processor.py:161} INFO - Started process (PID=1032) to work on /home/airflow/.local/lib/python3.8/site-packages/airflow/example_dags/example_dynamic_task_mapping.py
[2025-04-11T12:53:22.785+0000] {processor.py:830} INFO - Processing file /home/airflow/.local/lib/python3.8/site-packages/airflow/example_dags/example_dynamic_task_mapping.py for tasks to queue
[2025-04-11T12:53:22.786+0000] {logging_mixin.py:188} INFO - [2025-04-11T12:53:22.786+0000] {dagbag.py:538} INFO - Filling up the DagBag from /home/airflow/.local/lib/python3.8/site-packages/airflow/example_dags/example_dynamic_task_mapping.py
[2025-04-11T12:53:22.789+0000] {processor.py:840} INFO - DAG(s) 'example_dynamic_task_mapping' retrieved from /home/airflow/.local/lib/python3.8/site-packages/airflow/example_dags/example_dynamic_task_mapping.py
[2025-04-11T12:53:22.796+0000] {logging_mixin.py:188} INFO - [2025-04-11T12:53:22.796+0000] {dag.py:3036} INFO - Sync 1 DAGs
[2025-04-11T12:53:22.804+0000] {logging_mixin.py:188} INFO - [2025-04-11T12:53:22.804+0000] {dag.py:3823} INFO - Setting next_dagrun for example_dynamic_task_mapping to 2022-03-03 23:00:00+00:00, run_after=2022-03-04 23:00:00+00:00
[2025-04-11T12:53:22.810+0000] {processor.py:183} INFO - Processing /home/airflow/.local/lib/python3.8/site-packages/airflow/example_dags/example_dynamic_task_mapping.py took 0.026 seconds
[2025-04-11T12:53:53.065+0000] {processor.py:161} INFO - Started process (PID=1088) to work on /home/airflow/.local/lib/python3.8/site-packages/airflow/example_dags/example_dynamic_task_mapping.py
[2025-04-11T12:53:53.066+0000] {processor.py:830} INFO - Processing file /home/airflow/.local/lib/python3.8/site-packages/airflow/example_dags/example_dynamic_task_mapping.py for tasks to queue
[2025-04-11T12:53:53.066+0000] {logging_mixin.py:188} INFO - [2025-04-11T12:53:53.066+0000] {dagbag.py:538} INFO - Filling up the DagBag from /home/airflow/.local/lib/python3.8/site-packages/airflow/example_dags/example_dynamic_task_mapping.py
[2025-04-11T12:53:53.069+0000] {processor.py:840} INFO - DAG(s) 'example_dynamic_task_mapping' retrieved from /home/airflow/.local/lib/python3.8/site-packages/airflow/example_dags/example_dynamic_task_mapping.py
[2025-04-11T12:53:53.078+0000] {logging_mixin.py:188} INFO - [2025-04-11T12:53:53.078+0000] {dag.py:3036} INFO - Sync 1 DAGs
[2025-04-11T12:53:53.086+0000] {logging_mixin.py:188} INFO - [2025-04-11T12:53:53.086+0000] {dag.py:3823} INFO - Setting next_dagrun for example_dynamic_task_mapping to 2022-03-03 23:00:00+00:00, run_after=2022-03-04 23:00:00+00:00
[2025-04-11T12:53:53.093+0000] {processor.py:183} INFO - Processing /home/airflow/.local/lib/python3.8/site-packages/airflow/example_dags/example_dynamic_task_mapping.py took 0.029 seconds
[2025-04-11T12:54:23.279+0000] {processor.py:161} INFO - Started process (PID=1144) to work on /home/airflow/.local/lib/python3.8/site-packages/airflow/example_dags/example_dynamic_task_mapping.py
[2025-04-11T12:54:23.279+0000] {processor.py:830} INFO - Processing file /home/airflow/.local/lib/python3.8/site-packages/airflow/example_dags/example_dynamic_task_mapping.py for tasks to queue
[2025-04-11T12:54:23.280+0000] {logging_mixin.py:188} INFO - [2025-04-11T12:54:23.280+0000] {dagbag.py:538} INFO - Filling up the DagBag from /home/airflow/.local/lib/python3.8/site-packages/airflow/example_dags/example_dynamic_task_mapping.py
[2025-04-11T12:54:23.283+0000] {processor.py:840} INFO - DAG(s) 'example_dynamic_task_mapping' retrieved from /home/airflow/.local/lib/python3.8/site-packages/airflow/example_dags/example_dynamic_task_mapping.py
[2025-04-11T12:54:23.292+0000] {logging_mixin.py:188} INFO - [2025-04-11T12:54:23.292+0000] {dag.py:3036} INFO - Sync 1 DAGs
[2025-04-11T12:54:23.300+0000] {logging_mixin.py:188} INFO - [2025-04-11T12:54:23.300+0000] {dag.py:3823} INFO - Setting next_dagrun for example_dynamic_task_mapping to 2022-03-03 23:00:00+00:00, run_after=2022-03-04 23:00:00+00:00
[2025-04-11T12:54:23.307+0000] {processor.py:183} INFO - Processing /home/airflow/.local/lib/python3.8/site-packages/airflow/example_dags/example_dynamic_task_mapping.py took 0.030 seconds
[2025-04-11T12:54:53.542+0000] {processor.py:161} INFO - Started process (PID=1200) to work on /home/airflow/.local/lib/python3.8/site-packages/airflow/example_dags/example_dynamic_task_mapping.py
[2025-04-11T12:54:53.543+0000] {processor.py:830} INFO - Processing file /home/airflow/.local/lib/python3.8/site-packages/airflow/example_dags/example_dynamic_task_mapping.py for tasks to queue
[2025-04-11T12:54:53.544+0000] {logging_mixin.py:188} INFO - [2025-04-11T12:54:53.544+0000] {dagbag.py:538} INFO - Filling up the DagBag from /home/airflow/.local/lib/python3.8/site-packages/airflow/example_dags/example_dynamic_task_mapping.py
[2025-04-11T12:54:53.547+0000] {processor.py:840} INFO - DAG(s) 'example_dynamic_task_mapping' retrieved from /home/airflow/.local/lib/python3.8/site-packages/airflow/example_dags/example_dynamic_task_mapping.py
[2025-04-11T12:54:53.555+0000] {logging_mixin.py:188} INFO - [2025-04-11T12:54:53.555+0000] {dag.py:3036} INFO - Sync 1 DAGs
[2025-04-11T12:54:53.563+0000] {logging_mixin.py:188} INFO - [2025-04-11T12:54:53.563+0000] {dag.py:3823} INFO - Setting next_dagrun for example_dynamic_task_mapping to 2022-03-03 23:00:00+00:00, run_after=2022-03-04 23:00:00+00:00
[2025-04-11T12:54:53.570+0000] {processor.py:183} INFO - Processing /home/airflow/.local/lib/python3.8/site-packages/airflow/example_dags/example_dynamic_task_mapping.py took 0.029 seconds
[2025-04-11T12:55:23.900+0000] {processor.py:161} INFO - Started process (PID=1256) to work on /home/airflow/.local/lib/python3.8/site-packages/airflow/example_dags/example_dynamic_task_mapping.py
[2025-04-11T12:55:23.901+0000] {processor.py:830} INFO - Processing file /home/airflow/.local/lib/python3.8/site-packages/airflow/example_dags/example_dynamic_task_mapping.py for tasks to queue
[2025-04-11T12:55:23.902+0000] {logging_mixin.py:188} INFO - [2025-04-11T12:55:23.902+0000] {dagbag.py:538} INFO - Filling up the DagBag from /home/airflow/.local/lib/python3.8/site-packages/airflow/example_dags/example_dynamic_task_mapping.py
[2025-04-11T12:55:23.905+0000] {processor.py:840} INFO - DAG(s) 'example_dynamic_task_mapping' retrieved from /home/airflow/.local/lib/python3.8/site-packages/airflow/example_dags/example_dynamic_task_mapping.py
[2025-04-11T12:55:23.920+0000] {logging_mixin.py:188} INFO - [2025-04-11T12:55:23.919+0000] {dag.py:3036} INFO - Sync 1 DAGs
[2025-04-11T12:55:23.928+0000] {logging_mixin.py:188} INFO - [2025-04-11T12:55:23.928+0000] {dag.py:3823} INFO - Setting next_dagrun for example_dynamic_task_mapping to 2022-03-03 23:00:00+00:00, run_after=2022-03-04 23:00:00+00:00
[2025-04-11T12:55:23.938+0000] {processor.py:183} INFO - Processing /home/airflow/.local/lib/python3.8/site-packages/airflow/example_dags/example_dynamic_task_mapping.py took 0.040 seconds
