[2025-04-11T12:44:44.987+0000] {processor.py:161} INFO - Started process (PID=64) to work on /home/airflow/.local/lib/python3.8/site-packages/airflow/example_dags/example_short_circuit_operator.py
[2025-04-11T12:44:44.988+0000] {processor.py:830} INFO - Processing file /home/airflow/.local/lib/python3.8/site-packages/airflow/example_dags/example_short_circuit_operator.py for tasks to queue
[2025-04-11T12:44:44.989+0000] {logging_mixin.py:188} INFO - [2025-04-11T12:44:44.989+0000] {dagbag.py:538} INFO - Filling up the DagBag from /home/airflow/.local/lib/python3.8/site-packages/airflow/example_dags/example_short_circuit_operator.py
[2025-04-11T12:44:44.993+0000] {processor.py:840} INFO - DAG(s) 'example_short_circuit_operator' retrieved from /home/airflow/.local/lib/python3.8/site-packages/airflow/example_dags/example_short_circuit_operator.py
[2025-04-11T12:44:44.999+0000] {logging_mixin.py:188} INFO - [2025-04-11T12:44:44.999+0000] {dag.py:3036} INFO - Sync 1 DAGs
[2025-04-11T12:44:45.010+0000] {logging_mixin.py:188} INFO - [2025-04-11T12:44:45.010+0000] {dag.py:3823} INFO - Setting next_dagrun for example_short_circuit_operator to 2025-04-10 00:00:00+00:00, run_after=2025-04-11 00:00:00+00:00
[2025-04-11T12:44:45.022+0000] {processor.py:183} INFO - Processing /home/airflow/.local/lib/python3.8/site-packages/airflow/example_dags/example_short_circuit_operator.py took 0.036 seconds
[2025-04-11T12:45:15.220+0000] {processor.py:161} INFO - Started process (PID=121) to work on /home/airflow/.local/lib/python3.8/site-packages/airflow/example_dags/example_short_circuit_operator.py
[2025-04-11T12:45:15.220+0000] {processor.py:830} INFO - Processing file /home/airflow/.local/lib/python3.8/site-packages/airflow/example_dags/example_short_circuit_operator.py for tasks to queue
[2025-04-11T12:45:15.222+0000] {logging_mixin.py:188} INFO - [2025-04-11T12:45:15.221+0000] {dagbag.py:538} INFO - Filling up the DagBag from /home/airflow/.local/lib/python3.8/site-packages/airflow/example_dags/example_short_circuit_operator.py
[2025-04-11T12:45:15.225+0000] {processor.py:840} INFO - DAG(s) 'example_short_circuit_operator' retrieved from /home/airflow/.local/lib/python3.8/site-packages/airflow/example_dags/example_short_circuit_operator.py
[2025-04-11T12:45:15.267+0000] {logging_mixin.py:188} INFO - [2025-04-11T12:45:15.267+0000] {dag.py:3036} INFO - Sync 1 DAGs
[2025-04-11T12:45:15.275+0000] {logging_mixin.py:188} INFO - [2025-04-11T12:45:15.275+0000] {dag.py:3823} INFO - Setting next_dagrun for example_short_circuit_operator to 2025-04-10 00:00:00+00:00, run_after=2025-04-11 00:00:00+00:00
[2025-04-11T12:45:15.282+0000] {processor.py:183} INFO - Processing /home/airflow/.local/lib/python3.8/site-packages/airflow/example_dags/example_short_circuit_operator.py took 0.064 seconds
[2025-04-11T12:45:45.300+0000] {processor.py:161} INFO - Started process (PID=177) to work on /home/airflow/.local/lib/python3.8/site-packages/airflow/example_dags/example_short_circuit_operator.py
[2025-04-11T12:45:45.300+0000] {processor.py:830} INFO - Processing file /home/airflow/.local/lib/python3.8/site-packages/airflow/example_dags/example_short_circuit_operator.py for tasks to queue
[2025-04-11T12:45:45.301+0000] {logging_mixin.py:188} INFO - [2025-04-11T12:45:45.300+0000] {dagbag.py:538} INFO - Filling up the DagBag from /home/airflow/.local/lib/python3.8/site-packages/airflow/example_dags/example_short_circuit_operator.py
[2025-04-11T12:45:45.303+0000] {processor.py:840} INFO - DAG(s) 'example_short_circuit_operator' retrieved from /home/airflow/.local/lib/python3.8/site-packages/airflow/example_dags/example_short_circuit_operator.py
[2025-04-11T12:45:45.314+0000] {logging_mixin.py:188} INFO - [2025-04-11T12:45:45.313+0000] {dag.py:3036} INFO - Sync 1 DAGs
[2025-04-11T12:45:45.322+0000] {logging_mixin.py:188} INFO - [2025-04-11T12:45:45.322+0000] {dag.py:3823} INFO - Setting next_dagrun for example_short_circuit_operator to 2025-04-10 00:00:00+00:00, run_after=2025-04-11 00:00:00+00:00
[2025-04-11T12:45:45.329+0000] {processor.py:183} INFO - Processing /home/airflow/.local/lib/python3.8/site-packages/airflow/example_dags/example_short_circuit_operator.py took 0.031 seconds
[2025-04-11T12:46:15.793+0000] {processor.py:161} INFO - Started process (PID=232) to work on /home/airflow/.local/lib/python3.8/site-packages/airflow/example_dags/example_short_circuit_operator.py
[2025-04-11T12:46:15.798+0000] {processor.py:830} INFO - Processing file /home/airflow/.local/lib/python3.8/site-packages/airflow/example_dags/example_short_circuit_operator.py for tasks to queue
[2025-04-11T12:46:15.799+0000] {logging_mixin.py:188} INFO - [2025-04-11T12:46:15.799+0000] {dagbag.py:538} INFO - Filling up the DagBag from /home/airflow/.local/lib/python3.8/site-packages/airflow/example_dags/example_short_circuit_operator.py
[2025-04-11T12:46:15.803+0000] {processor.py:840} INFO - DAG(s) 'example_short_circuit_operator' retrieved from /home/airflow/.local/lib/python3.8/site-packages/airflow/example_dags/example_short_circuit_operator.py
[2025-04-11T12:46:15.816+0000] {logging_mixin.py:188} INFO - [2025-04-11T12:46:15.816+0000] {dag.py:3036} INFO - Sync 1 DAGs
[2025-04-11T12:46:15.828+0000] {logging_mixin.py:188} INFO - [2025-04-11T12:46:15.828+0000] {dag.py:3823} INFO - Setting next_dagrun for example_short_circuit_operator to 2025-04-10 00:00:00+00:00, run_after=2025-04-11 00:00:00+00:00
[2025-04-11T12:46:15.839+0000] {processor.py:183} INFO - Processing /home/airflow/.local/lib/python3.8/site-packages/airflow/example_dags/example_short_circuit_operator.py took 0.048 seconds
[2025-04-11T12:46:46.399+0000] {processor.py:161} INFO - Started process (PID=288) to work on /home/airflow/.local/lib/python3.8/site-packages/airflow/example_dags/example_short_circuit_operator.py
[2025-04-11T12:46:46.400+0000] {processor.py:830} INFO - Processing file /home/airflow/.local/lib/python3.8/site-packages/airflow/example_dags/example_short_circuit_operator.py for tasks to queue
[2025-04-11T12:46:46.401+0000] {logging_mixin.py:188} INFO - [2025-04-11T12:46:46.401+0000] {dagbag.py:538} INFO - Filling up the DagBag from /home/airflow/.local/lib/python3.8/site-packages/airflow/example_dags/example_short_circuit_operator.py
[2025-04-11T12:46:46.404+0000] {processor.py:840} INFO - DAG(s) 'example_short_circuit_operator' retrieved from /home/airflow/.local/lib/python3.8/site-packages/airflow/example_dags/example_short_circuit_operator.py
[2025-04-11T12:46:46.414+0000] {logging_mixin.py:188} INFO - [2025-04-11T12:46:46.414+0000] {dag.py:3036} INFO - Sync 1 DAGs
[2025-04-11T12:46:46.423+0000] {logging_mixin.py:188} INFO - [2025-04-11T12:46:46.423+0000] {dag.py:3823} INFO - Setting next_dagrun for example_short_circuit_operator to 2025-04-10 00:00:00+00:00, run_after=2025-04-11 00:00:00+00:00
[2025-04-11T12:46:46.431+0000] {processor.py:183} INFO - Processing /home/airflow/.local/lib/python3.8/site-packages/airflow/example_dags/example_short_circuit_operator.py took 0.034 seconds
[2025-04-11T12:47:16.829+0000] {processor.py:161} INFO - Started process (PID=344) to work on /home/airflow/.local/lib/python3.8/site-packages/airflow/example_dags/example_short_circuit_operator.py
[2025-04-11T12:47:16.829+0000] {processor.py:830} INFO - Processing file /home/airflow/.local/lib/python3.8/site-packages/airflow/example_dags/example_short_circuit_operator.py for tasks to queue
[2025-04-11T12:47:16.830+0000] {logging_mixin.py:188} INFO - [2025-04-11T12:47:16.830+0000] {dagbag.py:538} INFO - Filling up the DagBag from /home/airflow/.local/lib/python3.8/site-packages/airflow/example_dags/example_short_circuit_operator.py
[2025-04-11T12:47:16.833+0000] {processor.py:840} INFO - DAG(s) 'example_short_circuit_operator' retrieved from /home/airflow/.local/lib/python3.8/site-packages/airflow/example_dags/example_short_circuit_operator.py
[2025-04-11T12:47:16.845+0000] {logging_mixin.py:188} INFO - [2025-04-11T12:47:16.845+0000] {dag.py:3036} INFO - Sync 1 DAGs
[2025-04-11T12:47:16.854+0000] {logging_mixin.py:188} INFO - [2025-04-11T12:47:16.853+0000] {dag.py:3823} INFO - Setting next_dagrun for example_short_circuit_operator to 2025-04-10 00:00:00+00:00, run_after=2025-04-11 00:00:00+00:00
[2025-04-11T12:47:16.861+0000] {processor.py:183} INFO - Processing /home/airflow/.local/lib/python3.8/site-packages/airflow/example_dags/example_short_circuit_operator.py took 0.034 seconds
[2025-04-11T12:47:47.293+0000] {processor.py:161} INFO - Started process (PID=400) to work on /home/airflow/.local/lib/python3.8/site-packages/airflow/example_dags/example_short_circuit_operator.py
[2025-04-11T12:47:47.294+0000] {processor.py:830} INFO - Processing file /home/airflow/.local/lib/python3.8/site-packages/airflow/example_dags/example_short_circuit_operator.py for tasks to queue
[2025-04-11T12:47:47.296+0000] {logging_mixin.py:188} INFO - [2025-04-11T12:47:47.296+0000] {dagbag.py:538} INFO - Filling up the DagBag from /home/airflow/.local/lib/python3.8/site-packages/airflow/example_dags/example_short_circuit_operator.py
[2025-04-11T12:47:47.301+0000] {processor.py:840} INFO - DAG(s) 'example_short_circuit_operator' retrieved from /home/airflow/.local/lib/python3.8/site-packages/airflow/example_dags/example_short_circuit_operator.py
[2025-04-11T12:47:47.313+0000] {logging_mixin.py:188} INFO - [2025-04-11T12:47:47.312+0000] {dag.py:3036} INFO - Sync 1 DAGs
[2025-04-11T12:47:47.321+0000] {logging_mixin.py:188} INFO - [2025-04-11T12:47:47.321+0000] {dag.py:3823} INFO - Setting next_dagrun for example_short_circuit_operator to 2025-04-10 00:00:00+00:00, run_after=2025-04-11 00:00:00+00:00
[2025-04-11T12:47:47.332+0000] {processor.py:183} INFO - Processing /home/airflow/.local/lib/python3.8/site-packages/airflow/example_dags/example_short_circuit_operator.py took 0.040 seconds
[2025-04-11T12:48:17.653+0000] {processor.py:161} INFO - Started process (PID=456) to work on /home/airflow/.local/lib/python3.8/site-packages/airflow/example_dags/example_short_circuit_operator.py
[2025-04-11T12:48:17.653+0000] {processor.py:830} INFO - Processing file /home/airflow/.local/lib/python3.8/site-packages/airflow/example_dags/example_short_circuit_operator.py for tasks to queue
[2025-04-11T12:48:17.654+0000] {logging_mixin.py:188} INFO - [2025-04-11T12:48:17.654+0000] {dagbag.py:538} INFO - Filling up the DagBag from /home/airflow/.local/lib/python3.8/site-packages/airflow/example_dags/example_short_circuit_operator.py
[2025-04-11T12:48:17.658+0000] {processor.py:840} INFO - DAG(s) 'example_short_circuit_operator' retrieved from /home/airflow/.local/lib/python3.8/site-packages/airflow/example_dags/example_short_circuit_operator.py
[2025-04-11T12:48:17.670+0000] {logging_mixin.py:188} INFO - [2025-04-11T12:48:17.670+0000] {dag.py:3036} INFO - Sync 1 DAGs
[2025-04-11T12:48:17.678+0000] {logging_mixin.py:188} INFO - [2025-04-11T12:48:17.678+0000] {dag.py:3823} INFO - Setting next_dagrun for example_short_circuit_operator to 2025-04-10 00:00:00+00:00, run_after=2025-04-11 00:00:00+00:00
[2025-04-11T12:48:17.687+0000] {processor.py:183} INFO - Processing /home/airflow/.local/lib/python3.8/site-packages/airflow/example_dags/example_short_circuit_operator.py took 0.036 seconds
[2025-04-11T12:48:47.785+0000] {processor.py:161} INFO - Started process (PID=512) to work on /home/airflow/.local/lib/python3.8/site-packages/airflow/example_dags/example_short_circuit_operator.py
[2025-04-11T12:48:47.785+0000] {processor.py:830} INFO - Processing file /home/airflow/.local/lib/python3.8/site-packages/airflow/example_dags/example_short_circuit_operator.py for tasks to queue
[2025-04-11T12:48:47.786+0000] {logging_mixin.py:188} INFO - [2025-04-11T12:48:47.786+0000] {dagbag.py:538} INFO - Filling up the DagBag from /home/airflow/.local/lib/python3.8/site-packages/airflow/example_dags/example_short_circuit_operator.py
[2025-04-11T12:48:47.790+0000] {processor.py:840} INFO - DAG(s) 'example_short_circuit_operator' retrieved from /home/airflow/.local/lib/python3.8/site-packages/airflow/example_dags/example_short_circuit_operator.py
[2025-04-11T12:48:47.799+0000] {logging_mixin.py:188} INFO - [2025-04-11T12:48:47.799+0000] {dag.py:3036} INFO - Sync 1 DAGs
[2025-04-11T12:48:47.806+0000] {logging_mixin.py:188} INFO - [2025-04-11T12:48:47.806+0000] {dag.py:3823} INFO - Setting next_dagrun for example_short_circuit_operator to 2025-04-10 00:00:00+00:00, run_after=2025-04-11 00:00:00+00:00
[2025-04-11T12:48:47.813+0000] {processor.py:183} INFO - Processing /home/airflow/.local/lib/python3.8/site-packages/airflow/example_dags/example_short_circuit_operator.py took 0.030 seconds
[2025-04-11T12:49:18.037+0000] {processor.py:161} INFO - Started process (PID=568) to work on /home/airflow/.local/lib/python3.8/site-packages/airflow/example_dags/example_short_circuit_operator.py
[2025-04-11T12:49:18.038+0000] {processor.py:830} INFO - Processing file /home/airflow/.local/lib/python3.8/site-packages/airflow/example_dags/example_short_circuit_operator.py for tasks to queue
[2025-04-11T12:49:18.039+0000] {logging_mixin.py:188} INFO - [2025-04-11T12:49:18.039+0000] {dagbag.py:538} INFO - Filling up the DagBag from /home/airflow/.local/lib/python3.8/site-packages/airflow/example_dags/example_short_circuit_operator.py
[2025-04-11T12:49:18.043+0000] {processor.py:840} INFO - DAG(s) 'example_short_circuit_operator' retrieved from /home/airflow/.local/lib/python3.8/site-packages/airflow/example_dags/example_short_circuit_operator.py
[2025-04-11T12:49:18.053+0000] {logging_mixin.py:188} INFO - [2025-04-11T12:49:18.053+0000] {dag.py:3036} INFO - Sync 1 DAGs
[2025-04-11T12:49:18.064+0000] {logging_mixin.py:188} INFO - [2025-04-11T12:49:18.064+0000] {dag.py:3823} INFO - Setting next_dagrun for example_short_circuit_operator to 2025-04-10 00:00:00+00:00, run_after=2025-04-11 00:00:00+00:00
[2025-04-11T12:49:18.074+0000] {processor.py:183} INFO - Processing /home/airflow/.local/lib/python3.8/site-packages/airflow/example_dags/example_short_circuit_operator.py took 0.040 seconds
[2025-04-11T12:49:48.426+0000] {processor.py:161} INFO - Started process (PID=630) to work on /home/airflow/.local/lib/python3.8/site-packages/airflow/example_dags/example_short_circuit_operator.py
[2025-04-11T12:49:48.426+0000] {processor.py:830} INFO - Processing file /home/airflow/.local/lib/python3.8/site-packages/airflow/example_dags/example_short_circuit_operator.py for tasks to queue
[2025-04-11T12:49:48.427+0000] {logging_mixin.py:188} INFO - [2025-04-11T12:49:48.427+0000] {dagbag.py:538} INFO - Filling up the DagBag from /home/airflow/.local/lib/python3.8/site-packages/airflow/example_dags/example_short_circuit_operator.py
[2025-04-11T12:49:48.430+0000] {processor.py:840} INFO - DAG(s) 'example_short_circuit_operator' retrieved from /home/airflow/.local/lib/python3.8/site-packages/airflow/example_dags/example_short_circuit_operator.py
[2025-04-11T12:49:48.440+0000] {logging_mixin.py:188} INFO - [2025-04-11T12:49:48.440+0000] {dag.py:3036} INFO - Sync 1 DAGs
[2025-04-11T12:49:48.448+0000] {logging_mixin.py:188} INFO - [2025-04-11T12:49:48.448+0000] {dag.py:3823} INFO - Setting next_dagrun for example_short_circuit_operator to 2025-04-10 00:00:00+00:00, run_after=2025-04-11 00:00:00+00:00
[2025-04-11T12:49:48.455+0000] {processor.py:183} INFO - Processing /home/airflow/.local/lib/python3.8/site-packages/airflow/example_dags/example_short_circuit_operator.py took 0.030 seconds
[2025-04-11T12:50:18.803+0000] {processor.py:161} INFO - Started process (PID=686) to work on /home/airflow/.local/lib/python3.8/site-packages/airflow/example_dags/example_short_circuit_operator.py
[2025-04-11T12:50:18.804+0000] {processor.py:830} INFO - Processing file /home/airflow/.local/lib/python3.8/site-packages/airflow/example_dags/example_short_circuit_operator.py for tasks to queue
[2025-04-11T12:50:18.804+0000] {logging_mixin.py:188} INFO - [2025-04-11T12:50:18.804+0000] {dagbag.py:538} INFO - Filling up the DagBag from /home/airflow/.local/lib/python3.8/site-packages/airflow/example_dags/example_short_circuit_operator.py
[2025-04-11T12:50:18.808+0000] {processor.py:840} INFO - DAG(s) 'example_short_circuit_operator' retrieved from /home/airflow/.local/lib/python3.8/site-packages/airflow/example_dags/example_short_circuit_operator.py
[2025-04-11T12:50:18.819+0000] {logging_mixin.py:188} INFO - [2025-04-11T12:50:18.819+0000] {dag.py:3036} INFO - Sync 1 DAGs
[2025-04-11T12:50:18.829+0000] {logging_mixin.py:188} INFO - [2025-04-11T12:50:18.829+0000] {dag.py:3823} INFO - Setting next_dagrun for example_short_circuit_operator to 2025-04-10 00:00:00+00:00, run_after=2025-04-11 00:00:00+00:00
[2025-04-11T12:50:18.838+0000] {processor.py:183} INFO - Processing /home/airflow/.local/lib/python3.8/site-packages/airflow/example_dags/example_short_circuit_operator.py took 0.037 seconds
[2025-04-11T12:50:49.355+0000] {processor.py:161} INFO - Started process (PID=742) to work on /home/airflow/.local/lib/python3.8/site-packages/airflow/example_dags/example_short_circuit_operator.py
[2025-04-11T12:50:49.357+0000] {processor.py:830} INFO - Processing file /home/airflow/.local/lib/python3.8/site-packages/airflow/example_dags/example_short_circuit_operator.py for tasks to queue
[2025-04-11T12:50:49.358+0000] {logging_mixin.py:188} INFO - [2025-04-11T12:50:49.357+0000] {dagbag.py:538} INFO - Filling up the DagBag from /home/airflow/.local/lib/python3.8/site-packages/airflow/example_dags/example_short_circuit_operator.py
[2025-04-11T12:50:49.361+0000] {processor.py:840} INFO - DAG(s) 'example_short_circuit_operator' retrieved from /home/airflow/.local/lib/python3.8/site-packages/airflow/example_dags/example_short_circuit_operator.py
[2025-04-11T12:50:49.371+0000] {logging_mixin.py:188} INFO - [2025-04-11T12:50:49.371+0000] {dag.py:3036} INFO - Sync 1 DAGs
[2025-04-11T12:50:49.382+0000] {logging_mixin.py:188} INFO - [2025-04-11T12:50:49.382+0000] {dag.py:3823} INFO - Setting next_dagrun for example_short_circuit_operator to 2025-04-10 00:00:00+00:00, run_after=2025-04-11 00:00:00+00:00
[2025-04-11T12:50:49.389+0000] {processor.py:183} INFO - Processing /home/airflow/.local/lib/python3.8/site-packages/airflow/example_dags/example_short_circuit_operator.py took 0.036 seconds
[2025-04-11T12:51:19.845+0000] {processor.py:161} INFO - Started process (PID=798) to work on /home/airflow/.local/lib/python3.8/site-packages/airflow/example_dags/example_short_circuit_operator.py
[2025-04-11T12:51:19.845+0000] {processor.py:830} INFO - Processing file /home/airflow/.local/lib/python3.8/site-packages/airflow/example_dags/example_short_circuit_operator.py for tasks to queue
[2025-04-11T12:51:19.846+0000] {logging_mixin.py:188} INFO - [2025-04-11T12:51:19.846+0000] {dagbag.py:538} INFO - Filling up the DagBag from /home/airflow/.local/lib/python3.8/site-packages/airflow/example_dags/example_short_circuit_operator.py
[2025-04-11T12:51:19.849+0000] {processor.py:840} INFO - DAG(s) 'example_short_circuit_operator' retrieved from /home/airflow/.local/lib/python3.8/site-packages/airflow/example_dags/example_short_circuit_operator.py
[2025-04-11T12:51:19.859+0000] {logging_mixin.py:188} INFO - [2025-04-11T12:51:19.859+0000] {dag.py:3036} INFO - Sync 1 DAGs
[2025-04-11T12:51:19.867+0000] {logging_mixin.py:188} INFO - [2025-04-11T12:51:19.867+0000] {dag.py:3823} INFO - Setting next_dagrun for example_short_circuit_operator to 2025-04-10 00:00:00+00:00, run_after=2025-04-11 00:00:00+00:00
[2025-04-11T12:51:19.876+0000] {processor.py:183} INFO - Processing /home/airflow/.local/lib/python3.8/site-packages/airflow/example_dags/example_short_circuit_operator.py took 0.033 seconds
[2025-04-11T12:51:50.332+0000] {processor.py:161} INFO - Started process (PID=854) to work on /home/airflow/.local/lib/python3.8/site-packages/airflow/example_dags/example_short_circuit_operator.py
[2025-04-11T12:51:50.334+0000] {processor.py:830} INFO - Processing file /home/airflow/.local/lib/python3.8/site-packages/airflow/example_dags/example_short_circuit_operator.py for tasks to queue
[2025-04-11T12:51:50.335+0000] {logging_mixin.py:188} INFO - [2025-04-11T12:51:50.335+0000] {dagbag.py:538} INFO - Filling up the DagBag from /home/airflow/.local/lib/python3.8/site-packages/airflow/example_dags/example_short_circuit_operator.py
[2025-04-11T12:51:50.339+0000] {processor.py:840} INFO - DAG(s) 'example_short_circuit_operator' retrieved from /home/airflow/.local/lib/python3.8/site-packages/airflow/example_dags/example_short_circuit_operator.py
[2025-04-11T12:51:50.350+0000] {logging_mixin.py:188} INFO - [2025-04-11T12:51:50.349+0000] {dag.py:3036} INFO - Sync 1 DAGs
[2025-04-11T12:51:50.358+0000] {logging_mixin.py:188} INFO - [2025-04-11T12:51:50.358+0000] {dag.py:3823} INFO - Setting next_dagrun for example_short_circuit_operator to 2025-04-10 00:00:00+00:00, run_after=2025-04-11 00:00:00+00:00
[2025-04-11T12:51:50.368+0000] {processor.py:183} INFO - Processing /home/airflow/.local/lib/python3.8/site-packages/airflow/example_dags/example_short_circuit_operator.py took 0.038 seconds
[2025-04-11T12:52:20.792+0000] {processor.py:161} INFO - Started process (PID=909) to work on /home/airflow/.local/lib/python3.8/site-packages/airflow/example_dags/example_short_circuit_operator.py
[2025-04-11T12:52:20.792+0000] {processor.py:830} INFO - Processing file /home/airflow/.local/lib/python3.8/site-packages/airflow/example_dags/example_short_circuit_operator.py for tasks to queue
[2025-04-11T12:52:20.793+0000] {logging_mixin.py:188} INFO - [2025-04-11T12:52:20.793+0000] {dagbag.py:538} INFO - Filling up the DagBag from /home/airflow/.local/lib/python3.8/site-packages/airflow/example_dags/example_short_circuit_operator.py
[2025-04-11T12:52:20.796+0000] {processor.py:840} INFO - DAG(s) 'example_short_circuit_operator' retrieved from /home/airflow/.local/lib/python3.8/site-packages/airflow/example_dags/example_short_circuit_operator.py
[2025-04-11T12:52:20.806+0000] {logging_mixin.py:188} INFO - [2025-04-11T12:52:20.806+0000] {dag.py:3036} INFO - Sync 1 DAGs
[2025-04-11T12:52:20.815+0000] {logging_mixin.py:188} INFO - [2025-04-11T12:52:20.815+0000] {dag.py:3823} INFO - Setting next_dagrun for example_short_circuit_operator to 2025-04-10 00:00:00+00:00, run_after=2025-04-11 00:00:00+00:00
[2025-04-11T12:52:20.822+0000] {processor.py:183} INFO - Processing /home/airflow/.local/lib/python3.8/site-packages/airflow/example_dags/example_short_circuit_operator.py took 0.033 seconds
[2025-04-11T12:52:51.209+0000] {processor.py:161} INFO - Started process (PID=965) to work on /home/airflow/.local/lib/python3.8/site-packages/airflow/example_dags/example_short_circuit_operator.py
[2025-04-11T12:52:51.210+0000] {processor.py:830} INFO - Processing file /home/airflow/.local/lib/python3.8/site-packages/airflow/example_dags/example_short_circuit_operator.py for tasks to queue
[2025-04-11T12:52:51.211+0000] {logging_mixin.py:188} INFO - [2025-04-11T12:52:51.211+0000] {dagbag.py:538} INFO - Filling up the DagBag from /home/airflow/.local/lib/python3.8/site-packages/airflow/example_dags/example_short_circuit_operator.py
[2025-04-11T12:52:51.214+0000] {processor.py:840} INFO - DAG(s) 'example_short_circuit_operator' retrieved from /home/airflow/.local/lib/python3.8/site-packages/airflow/example_dags/example_short_circuit_operator.py
[2025-04-11T12:52:51.224+0000] {logging_mixin.py:188} INFO - [2025-04-11T12:52:51.224+0000] {dag.py:3036} INFO - Sync 1 DAGs
[2025-04-11T12:52:51.233+0000] {logging_mixin.py:188} INFO - [2025-04-11T12:52:51.233+0000] {dag.py:3823} INFO - Setting next_dagrun for example_short_circuit_operator to 2025-04-10 00:00:00+00:00, run_after=2025-04-11 00:00:00+00:00
[2025-04-11T12:52:51.240+0000] {processor.py:183} INFO - Processing /home/airflow/.local/lib/python3.8/site-packages/airflow/example_dags/example_short_circuit_operator.py took 0.032 seconds
[2025-04-11T12:53:21.488+0000] {processor.py:161} INFO - Started process (PID=1021) to work on /home/airflow/.local/lib/python3.8/site-packages/airflow/example_dags/example_short_circuit_operator.py
[2025-04-11T12:53:21.488+0000] {processor.py:830} INFO - Processing file /home/airflow/.local/lib/python3.8/site-packages/airflow/example_dags/example_short_circuit_operator.py for tasks to queue
[2025-04-11T12:53:21.489+0000] {logging_mixin.py:188} INFO - [2025-04-11T12:53:21.489+0000] {dagbag.py:538} INFO - Filling up the DagBag from /home/airflow/.local/lib/python3.8/site-packages/airflow/example_dags/example_short_circuit_operator.py
[2025-04-11T12:53:21.492+0000] {processor.py:840} INFO - DAG(s) 'example_short_circuit_operator' retrieved from /home/airflow/.local/lib/python3.8/site-packages/airflow/example_dags/example_short_circuit_operator.py
[2025-04-11T12:53:21.503+0000] {logging_mixin.py:188} INFO - [2025-04-11T12:53:21.503+0000] {dag.py:3036} INFO - Sync 1 DAGs
[2025-04-11T12:53:21.512+0000] {logging_mixin.py:188} INFO - [2025-04-11T12:53:21.512+0000] {dag.py:3823} INFO - Setting next_dagrun for example_short_circuit_operator to 2025-04-10 00:00:00+00:00, run_after=2025-04-11 00:00:00+00:00
[2025-04-11T12:53:21.519+0000] {processor.py:183} INFO - Processing /home/airflow/.local/lib/python3.8/site-packages/airflow/example_dags/example_short_circuit_operator.py took 0.033 seconds
[2025-04-11T12:53:51.773+0000] {processor.py:161} INFO - Started process (PID=1077) to work on /home/airflow/.local/lib/python3.8/site-packages/airflow/example_dags/example_short_circuit_operator.py
[2025-04-11T12:53:51.774+0000] {processor.py:830} INFO - Processing file /home/airflow/.local/lib/python3.8/site-packages/airflow/example_dags/example_short_circuit_operator.py for tasks to queue
[2025-04-11T12:53:51.775+0000] {logging_mixin.py:188} INFO - [2025-04-11T12:53:51.774+0000] {dagbag.py:538} INFO - Filling up the DagBag from /home/airflow/.local/lib/python3.8/site-packages/airflow/example_dags/example_short_circuit_operator.py
[2025-04-11T12:53:51.778+0000] {processor.py:840} INFO - DAG(s) 'example_short_circuit_operator' retrieved from /home/airflow/.local/lib/python3.8/site-packages/airflow/example_dags/example_short_circuit_operator.py
[2025-04-11T12:53:51.787+0000] {logging_mixin.py:188} INFO - [2025-04-11T12:53:51.787+0000] {dag.py:3036} INFO - Sync 1 DAGs
[2025-04-11T12:53:51.795+0000] {logging_mixin.py:188} INFO - [2025-04-11T12:53:51.795+0000] {dag.py:3823} INFO - Setting next_dagrun for example_short_circuit_operator to 2025-04-10 00:00:00+00:00, run_after=2025-04-11 00:00:00+00:00
[2025-04-11T12:53:51.802+0000] {processor.py:183} INFO - Processing /home/airflow/.local/lib/python3.8/site-packages/airflow/example_dags/example_short_circuit_operator.py took 0.031 seconds
[2025-04-11T12:54:22.021+0000] {processor.py:161} INFO - Started process (PID=1133) to work on /home/airflow/.local/lib/python3.8/site-packages/airflow/example_dags/example_short_circuit_operator.py
[2025-04-11T12:54:22.022+0000] {processor.py:830} INFO - Processing file /home/airflow/.local/lib/python3.8/site-packages/airflow/example_dags/example_short_circuit_operator.py for tasks to queue
[2025-04-11T12:54:22.023+0000] {logging_mixin.py:188} INFO - [2025-04-11T12:54:22.022+0000] {dagbag.py:538} INFO - Filling up the DagBag from /home/airflow/.local/lib/python3.8/site-packages/airflow/example_dags/example_short_circuit_operator.py
[2025-04-11T12:54:22.026+0000] {processor.py:840} INFO - DAG(s) 'example_short_circuit_operator' retrieved from /home/airflow/.local/lib/python3.8/site-packages/airflow/example_dags/example_short_circuit_operator.py
[2025-04-11T12:54:22.035+0000] {logging_mixin.py:188} INFO - [2025-04-11T12:54:22.035+0000] {dag.py:3036} INFO - Sync 1 DAGs
[2025-04-11T12:54:22.043+0000] {logging_mixin.py:188} INFO - [2025-04-11T12:54:22.043+0000] {dag.py:3823} INFO - Setting next_dagrun for example_short_circuit_operator to 2025-04-10 00:00:00+00:00, run_after=2025-04-11 00:00:00+00:00
[2025-04-11T12:54:22.050+0000] {processor.py:183} INFO - Processing /home/airflow/.local/lib/python3.8/site-packages/airflow/example_dags/example_short_circuit_operator.py took 0.030 seconds
[2025-04-11T12:54:52.251+0000] {processor.py:161} INFO - Started process (PID=1189) to work on /home/airflow/.local/lib/python3.8/site-packages/airflow/example_dags/example_short_circuit_operator.py
[2025-04-11T12:54:52.252+0000] {processor.py:830} INFO - Processing file /home/airflow/.local/lib/python3.8/site-packages/airflow/example_dags/example_short_circuit_operator.py for tasks to queue
[2025-04-11T12:54:52.253+0000] {logging_mixin.py:188} INFO - [2025-04-11T12:54:52.252+0000] {dagbag.py:538} INFO - Filling up the DagBag from /home/airflow/.local/lib/python3.8/site-packages/airflow/example_dags/example_short_circuit_operator.py
[2025-04-11T12:54:52.256+0000] {processor.py:840} INFO - DAG(s) 'example_short_circuit_operator' retrieved from /home/airflow/.local/lib/python3.8/site-packages/airflow/example_dags/example_short_circuit_operator.py
[2025-04-11T12:54:52.265+0000] {logging_mixin.py:188} INFO - [2025-04-11T12:54:52.265+0000] {dag.py:3036} INFO - Sync 1 DAGs
[2025-04-11T12:54:52.273+0000] {logging_mixin.py:188} INFO - [2025-04-11T12:54:52.273+0000] {dag.py:3823} INFO - Setting next_dagrun for example_short_circuit_operator to 2025-04-10 00:00:00+00:00, run_after=2025-04-11 00:00:00+00:00
[2025-04-11T12:54:52.280+0000] {processor.py:183} INFO - Processing /home/airflow/.local/lib/python3.8/site-packages/airflow/example_dags/example_short_circuit_operator.py took 0.031 seconds
[2025-04-11T12:55:22.569+0000] {processor.py:161} INFO - Started process (PID=1245) to work on /home/airflow/.local/lib/python3.8/site-packages/airflow/example_dags/example_short_circuit_operator.py
[2025-04-11T12:55:22.570+0000] {processor.py:830} INFO - Processing file /home/airflow/.local/lib/python3.8/site-packages/airflow/example_dags/example_short_circuit_operator.py for tasks to queue
[2025-04-11T12:55:22.571+0000] {logging_mixin.py:188} INFO - [2025-04-11T12:55:22.571+0000] {dagbag.py:538} INFO - Filling up the DagBag from /home/airflow/.local/lib/python3.8/site-packages/airflow/example_dags/example_short_circuit_operator.py
[2025-04-11T12:55:22.574+0000] {processor.py:840} INFO - DAG(s) 'example_short_circuit_operator' retrieved from /home/airflow/.local/lib/python3.8/site-packages/airflow/example_dags/example_short_circuit_operator.py
[2025-04-11T12:55:22.585+0000] {logging_mixin.py:188} INFO - [2025-04-11T12:55:22.585+0000] {dag.py:3036} INFO - Sync 1 DAGs
[2025-04-11T12:55:22.593+0000] {logging_mixin.py:188} INFO - [2025-04-11T12:55:22.593+0000] {dag.py:3823} INFO - Setting next_dagrun for example_short_circuit_operator to 2025-04-10 00:00:00+00:00, run_after=2025-04-11 00:00:00+00:00
[2025-04-11T12:55:22.605+0000] {processor.py:183} INFO - Processing /home/airflow/.local/lib/python3.8/site-packages/airflow/example_dags/example_short_circuit_operator.py took 0.038 seconds
