[2025-04-11T12:44:45.091+0000] {processor.py:161} INFO - Started process (PID=68) to work on /home/airflow/.local/lib/python3.8/site-packages/airflow/example_dags/example_external_task_marker_dag.py
[2025-04-11T12:44:45.093+0000] {processor.py:830} INFO - Processing file /home/airflow/.local/lib/python3.8/site-packages/airflow/example_dags/example_external_task_marker_dag.py for tasks to queue
[2025-04-11T12:44:45.095+0000] {logging_mixin.py:188} INFO - [2025-04-11T12:44:45.094+0000] {dagbag.py:538} INFO - Filling up the DagBag from /home/airflow/.local/lib/python3.8/site-packages/airflow/example_dags/example_external_task_marker_dag.py
[2025-04-11T12:44:45.099+0000] {processor.py:840} INFO - DAG(s) 'example_external_task_marker_child', 'example_external_task_marker_parent' retrieved from /home/airflow/.local/lib/python3.8/site-packages/airflow/example_dags/example_external_task_marker_dag.py
[2025-04-11T12:44:45.107+0000] {logging_mixin.py:188} INFO - [2025-04-11T12:44:45.107+0000] {dag.py:3036} INFO - Sync 2 DAGs
[2025-04-11T12:44:45.115+0000] {logging_mixin.py:188} INFO - [2025-04-11T12:44:45.115+0000] {dag.py:3823} INFO - Setting next_dagrun for example_external_task_marker_child to None, run_after=None
[2025-04-11T12:44:45.118+0000] {logging_mixin.py:188} INFO - [2025-04-11T12:44:45.118+0000] {dag.py:3823} INFO - Setting next_dagrun for example_external_task_marker_parent to None, run_after=None
[2025-04-11T12:44:45.129+0000] {processor.py:183} INFO - Processing /home/airflow/.local/lib/python3.8/site-packages/airflow/example_dags/example_external_task_marker_dag.py took 0.039 seconds
[2025-04-11T12:45:15.361+0000] {processor.py:161} INFO - Started process (PID=125) to work on /home/airflow/.local/lib/python3.8/site-packages/airflow/example_dags/example_external_task_marker_dag.py
[2025-04-11T12:45:15.361+0000] {processor.py:830} INFO - Processing file /home/airflow/.local/lib/python3.8/site-packages/airflow/example_dags/example_external_task_marker_dag.py for tasks to queue
[2025-04-11T12:45:15.362+0000] {logging_mixin.py:188} INFO - [2025-04-11T12:45:15.362+0000] {dagbag.py:538} INFO - Filling up the DagBag from /home/airflow/.local/lib/python3.8/site-packages/airflow/example_dags/example_external_task_marker_dag.py
[2025-04-11T12:45:15.365+0000] {processor.py:840} INFO - DAG(s) 'example_external_task_marker_child', 'example_external_task_marker_parent' retrieved from /home/airflow/.local/lib/python3.8/site-packages/airflow/example_dags/example_external_task_marker_dag.py
[2025-04-11T12:45:15.410+0000] {logging_mixin.py:188} INFO - [2025-04-11T12:45:15.409+0000] {dag.py:3036} INFO - Sync 2 DAGs
[2025-04-11T12:45:15.413+0000] {logging_mixin.py:188} INFO - [2025-04-11T12:45:15.413+0000] {dag.py:3823} INFO - Setting next_dagrun for example_external_task_marker_child to None, run_after=None
[2025-04-11T12:45:15.414+0000] {logging_mixin.py:188} INFO - [2025-04-11T12:45:15.414+0000] {dag.py:3823} INFO - Setting next_dagrun for example_external_task_marker_parent to None, run_after=None
[2025-04-11T12:45:15.425+0000] {processor.py:183} INFO - Processing /home/airflow/.local/lib/python3.8/site-packages/airflow/example_dags/example_external_task_marker_dag.py took 0.065 seconds
[2025-04-11T12:45:46.416+0000] {processor.py:161} INFO - Started process (PID=181) to work on /home/airflow/.local/lib/python3.8/site-packages/airflow/example_dags/example_external_task_marker_dag.py
[2025-04-11T12:45:46.418+0000] {processor.py:830} INFO - Processing file /home/airflow/.local/lib/python3.8/site-packages/airflow/example_dags/example_external_task_marker_dag.py for tasks to queue
[2025-04-11T12:45:46.419+0000] {logging_mixin.py:188} INFO - [2025-04-11T12:45:46.419+0000] {dagbag.py:538} INFO - Filling up the DagBag from /home/airflow/.local/lib/python3.8/site-packages/airflow/example_dags/example_external_task_marker_dag.py
[2025-04-11T12:45:46.424+0000] {processor.py:840} INFO - DAG(s) 'example_external_task_marker_child', 'example_external_task_marker_parent' retrieved from /home/airflow/.local/lib/python3.8/site-packages/airflow/example_dags/example_external_task_marker_dag.py
[2025-04-11T12:45:46.437+0000] {logging_mixin.py:188} INFO - [2025-04-11T12:45:46.437+0000] {dag.py:3036} INFO - Sync 2 DAGs
[2025-04-11T12:45:46.446+0000] {logging_mixin.py:188} INFO - [2025-04-11T12:45:46.446+0000] {dag.py:3823} INFO - Setting next_dagrun for example_external_task_marker_child to None, run_after=None
[2025-04-11T12:45:46.447+0000] {logging_mixin.py:188} INFO - [2025-04-11T12:45:46.447+0000] {dag.py:3823} INFO - Setting next_dagrun for example_external_task_marker_parent to None, run_after=None
[2025-04-11T12:45:46.455+0000] {processor.py:183} INFO - Processing /home/airflow/.local/lib/python3.8/site-packages/airflow/example_dags/example_external_task_marker_dag.py took 0.041 seconds
[2025-04-11T12:46:16.925+0000] {processor.py:161} INFO - Started process (PID=236) to work on /home/airflow/.local/lib/python3.8/site-packages/airflow/example_dags/example_external_task_marker_dag.py
[2025-04-11T12:46:16.927+0000] {processor.py:830} INFO - Processing file /home/airflow/.local/lib/python3.8/site-packages/airflow/example_dags/example_external_task_marker_dag.py for tasks to queue
[2025-04-11T12:46:16.929+0000] {logging_mixin.py:188} INFO - [2025-04-11T12:46:16.929+0000] {dagbag.py:538} INFO - Filling up the DagBag from /home/airflow/.local/lib/python3.8/site-packages/airflow/example_dags/example_external_task_marker_dag.py
[2025-04-11T12:46:16.935+0000] {processor.py:840} INFO - DAG(s) 'example_external_task_marker_parent', 'example_external_task_marker_child' retrieved from /home/airflow/.local/lib/python3.8/site-packages/airflow/example_dags/example_external_task_marker_dag.py
[2025-04-11T12:46:16.952+0000] {logging_mixin.py:188} INFO - [2025-04-11T12:46:16.952+0000] {dag.py:3036} INFO - Sync 2 DAGs
[2025-04-11T12:46:16.961+0000] {logging_mixin.py:188} INFO - [2025-04-11T12:46:16.961+0000] {dag.py:3823} INFO - Setting next_dagrun for example_external_task_marker_child to None, run_after=None
[2025-04-11T12:46:16.963+0000] {logging_mixin.py:188} INFO - [2025-04-11T12:46:16.963+0000] {dag.py:3823} INFO - Setting next_dagrun for example_external_task_marker_parent to None, run_after=None
[2025-04-11T12:46:16.971+0000] {processor.py:183} INFO - Processing /home/airflow/.local/lib/python3.8/site-packages/airflow/example_dags/example_external_task_marker_dag.py took 0.048 seconds
[2025-04-11T12:46:47.497+0000] {processor.py:161} INFO - Started process (PID=292) to work on /home/airflow/.local/lib/python3.8/site-packages/airflow/example_dags/example_external_task_marker_dag.py
[2025-04-11T12:46:47.500+0000] {processor.py:830} INFO - Processing file /home/airflow/.local/lib/python3.8/site-packages/airflow/example_dags/example_external_task_marker_dag.py for tasks to queue
[2025-04-11T12:46:47.501+0000] {logging_mixin.py:188} INFO - [2025-04-11T12:46:47.501+0000] {dagbag.py:538} INFO - Filling up the DagBag from /home/airflow/.local/lib/python3.8/site-packages/airflow/example_dags/example_external_task_marker_dag.py
[2025-04-11T12:46:47.504+0000] {processor.py:840} INFO - DAG(s) 'example_external_task_marker_child', 'example_external_task_marker_parent' retrieved from /home/airflow/.local/lib/python3.8/site-packages/airflow/example_dags/example_external_task_marker_dag.py
[2025-04-11T12:46:47.515+0000] {logging_mixin.py:188} INFO - [2025-04-11T12:46:47.515+0000] {dag.py:3036} INFO - Sync 2 DAGs
[2025-04-11T12:46:47.521+0000] {logging_mixin.py:188} INFO - [2025-04-11T12:46:47.521+0000] {dag.py:3823} INFO - Setting next_dagrun for example_external_task_marker_child to None, run_after=None
[2025-04-11T12:46:47.524+0000] {logging_mixin.py:188} INFO - [2025-04-11T12:46:47.524+0000] {dag.py:3823} INFO - Setting next_dagrun for example_external_task_marker_parent to None, run_after=None
[2025-04-11T12:46:47.532+0000] {processor.py:183} INFO - Processing /home/airflow/.local/lib/python3.8/site-packages/airflow/example_dags/example_external_task_marker_dag.py took 0.037 seconds
[2025-04-11T12:47:17.880+0000] {processor.py:161} INFO - Started process (PID=354) to work on /home/airflow/.local/lib/python3.8/site-packages/airflow/example_dags/example_external_task_marker_dag.py
[2025-04-11T12:47:17.882+0000] {processor.py:830} INFO - Processing file /home/airflow/.local/lib/python3.8/site-packages/airflow/example_dags/example_external_task_marker_dag.py for tasks to queue
[2025-04-11T12:47:17.883+0000] {logging_mixin.py:188} INFO - [2025-04-11T12:47:17.883+0000] {dagbag.py:538} INFO - Filling up the DagBag from /home/airflow/.local/lib/python3.8/site-packages/airflow/example_dags/example_external_task_marker_dag.py
[2025-04-11T12:47:17.886+0000] {processor.py:840} INFO - DAG(s) 'example_external_task_marker_child', 'example_external_task_marker_parent' retrieved from /home/airflow/.local/lib/python3.8/site-packages/airflow/example_dags/example_external_task_marker_dag.py
[2025-04-11T12:47:17.902+0000] {logging_mixin.py:188} INFO - [2025-04-11T12:47:17.901+0000] {dag.py:3036} INFO - Sync 2 DAGs
[2025-04-11T12:47:17.908+0000] {logging_mixin.py:188} INFO - [2025-04-11T12:47:17.907+0000] {dag.py:3823} INFO - Setting next_dagrun for example_external_task_marker_child to None, run_after=None
[2025-04-11T12:47:17.909+0000] {logging_mixin.py:188} INFO - [2025-04-11T12:47:17.909+0000] {dag.py:3823} INFO - Setting next_dagrun for example_external_task_marker_parent to None, run_after=None
[2025-04-11T12:47:17.917+0000] {processor.py:183} INFO - Processing /home/airflow/.local/lib/python3.8/site-packages/airflow/example_dags/example_external_task_marker_dag.py took 0.039 seconds
[2025-04-11T12:47:48.372+0000] {processor.py:161} INFO - Started process (PID=410) to work on /home/airflow/.local/lib/python3.8/site-packages/airflow/example_dags/example_external_task_marker_dag.py
[2025-04-11T12:47:48.376+0000] {processor.py:830} INFO - Processing file /home/airflow/.local/lib/python3.8/site-packages/airflow/example_dags/example_external_task_marker_dag.py for tasks to queue
[2025-04-11T12:47:48.378+0000] {logging_mixin.py:188} INFO - [2025-04-11T12:47:48.377+0000] {dagbag.py:538} INFO - Filling up the DagBag from /home/airflow/.local/lib/python3.8/site-packages/airflow/example_dags/example_external_task_marker_dag.py
[2025-04-11T12:47:48.382+0000] {processor.py:840} INFO - DAG(s) 'example_external_task_marker_parent', 'example_external_task_marker_child' retrieved from /home/airflow/.local/lib/python3.8/site-packages/airflow/example_dags/example_external_task_marker_dag.py
[2025-04-11T12:47:48.395+0000] {logging_mixin.py:188} INFO - [2025-04-11T12:47:48.395+0000] {dag.py:3036} INFO - Sync 2 DAGs
[2025-04-11T12:47:48.402+0000] {logging_mixin.py:188} INFO - [2025-04-11T12:47:48.401+0000] {dag.py:3823} INFO - Setting next_dagrun for example_external_task_marker_child to None, run_after=None
[2025-04-11T12:47:48.403+0000] {logging_mixin.py:188} INFO - [2025-04-11T12:47:48.403+0000] {dag.py:3823} INFO - Setting next_dagrun for example_external_task_marker_parent to None, run_after=None
[2025-04-11T12:47:48.411+0000] {processor.py:183} INFO - Processing /home/airflow/.local/lib/python3.8/site-packages/airflow/example_dags/example_external_task_marker_dag.py took 0.042 seconds
[2025-04-11T12:48:18.715+0000] {processor.py:161} INFO - Started process (PID=466) to work on /home/airflow/.local/lib/python3.8/site-packages/airflow/example_dags/example_external_task_marker_dag.py
[2025-04-11T12:48:18.716+0000] {processor.py:830} INFO - Processing file /home/airflow/.local/lib/python3.8/site-packages/airflow/example_dags/example_external_task_marker_dag.py for tasks to queue
[2025-04-11T12:48:18.717+0000] {logging_mixin.py:188} INFO - [2025-04-11T12:48:18.717+0000] {dagbag.py:538} INFO - Filling up the DagBag from /home/airflow/.local/lib/python3.8/site-packages/airflow/example_dags/example_external_task_marker_dag.py
[2025-04-11T12:48:18.720+0000] {processor.py:840} INFO - DAG(s) 'example_external_task_marker_child', 'example_external_task_marker_parent' retrieved from /home/airflow/.local/lib/python3.8/site-packages/airflow/example_dags/example_external_task_marker_dag.py
[2025-04-11T12:48:18.731+0000] {logging_mixin.py:188} INFO - [2025-04-11T12:48:18.731+0000] {dag.py:3036} INFO - Sync 2 DAGs
[2025-04-11T12:48:18.736+0000] {logging_mixin.py:188} INFO - [2025-04-11T12:48:18.736+0000] {dag.py:3823} INFO - Setting next_dagrun for example_external_task_marker_child to None, run_after=None
[2025-04-11T12:48:18.738+0000] {logging_mixin.py:188} INFO - [2025-04-11T12:48:18.738+0000] {dag.py:3823} INFO - Setting next_dagrun for example_external_task_marker_parent to None, run_after=None
[2025-04-11T12:48:18.745+0000] {processor.py:183} INFO - Processing /home/airflow/.local/lib/python3.8/site-packages/airflow/example_dags/example_external_task_marker_dag.py took 0.031 seconds
[2025-04-11T12:48:48.875+0000] {processor.py:161} INFO - Started process (PID=522) to work on /home/airflow/.local/lib/python3.8/site-packages/airflow/example_dags/example_external_task_marker_dag.py
[2025-04-11T12:48:48.876+0000] {processor.py:830} INFO - Processing file /home/airflow/.local/lib/python3.8/site-packages/airflow/example_dags/example_external_task_marker_dag.py for tasks to queue
[2025-04-11T12:48:48.877+0000] {logging_mixin.py:188} INFO - [2025-04-11T12:48:48.877+0000] {dagbag.py:538} INFO - Filling up the DagBag from /home/airflow/.local/lib/python3.8/site-packages/airflow/example_dags/example_external_task_marker_dag.py
[2025-04-11T12:48:48.881+0000] {processor.py:840} INFO - DAG(s) 'example_external_task_marker_child', 'example_external_task_marker_parent' retrieved from /home/airflow/.local/lib/python3.8/site-packages/airflow/example_dags/example_external_task_marker_dag.py
[2025-04-11T12:48:48.892+0000] {logging_mixin.py:188} INFO - [2025-04-11T12:48:48.892+0000] {dag.py:3036} INFO - Sync 2 DAGs
[2025-04-11T12:48:48.898+0000] {logging_mixin.py:188} INFO - [2025-04-11T12:48:48.898+0000] {dag.py:3823} INFO - Setting next_dagrun for example_external_task_marker_child to None, run_after=None
[2025-04-11T12:48:48.900+0000] {logging_mixin.py:188} INFO - [2025-04-11T12:48:48.900+0000] {dag.py:3823} INFO - Setting next_dagrun for example_external_task_marker_parent to None, run_after=None
[2025-04-11T12:48:48.907+0000] {processor.py:183} INFO - Processing /home/airflow/.local/lib/python3.8/site-packages/airflow/example_dags/example_external_task_marker_dag.py took 0.033 seconds
[2025-04-11T12:49:19.134+0000] {processor.py:161} INFO - Started process (PID=578) to work on /home/airflow/.local/lib/python3.8/site-packages/airflow/example_dags/example_external_task_marker_dag.py
[2025-04-11T12:49:19.139+0000] {processor.py:830} INFO - Processing file /home/airflow/.local/lib/python3.8/site-packages/airflow/example_dags/example_external_task_marker_dag.py for tasks to queue
[2025-04-11T12:49:19.140+0000] {logging_mixin.py:188} INFO - [2025-04-11T12:49:19.140+0000] {dagbag.py:538} INFO - Filling up the DagBag from /home/airflow/.local/lib/python3.8/site-packages/airflow/example_dags/example_external_task_marker_dag.py
[2025-04-11T12:49:19.144+0000] {processor.py:840} INFO - DAG(s) 'example_external_task_marker_parent', 'example_external_task_marker_child' retrieved from /home/airflow/.local/lib/python3.8/site-packages/airflow/example_dags/example_external_task_marker_dag.py
[2025-04-11T12:49:19.157+0000] {logging_mixin.py:188} INFO - [2025-04-11T12:49:19.157+0000] {dag.py:3036} INFO - Sync 2 DAGs
[2025-04-11T12:49:19.163+0000] {logging_mixin.py:188} INFO - [2025-04-11T12:49:19.163+0000] {dag.py:3823} INFO - Setting next_dagrun for example_external_task_marker_child to None, run_after=None
[2025-04-11T12:49:19.165+0000] {logging_mixin.py:188} INFO - [2025-04-11T12:49:19.165+0000] {dag.py:3823} INFO - Setting next_dagrun for example_external_task_marker_parent to None, run_after=None
[2025-04-11T12:49:19.173+0000] {processor.py:183} INFO - Processing /home/airflow/.local/lib/python3.8/site-packages/airflow/example_dags/example_external_task_marker_dag.py took 0.041 seconds
[2025-04-11T12:49:49.504+0000] {processor.py:161} INFO - Started process (PID=634) to work on /home/airflow/.local/lib/python3.8/site-packages/airflow/example_dags/example_external_task_marker_dag.py
[2025-04-11T12:49:49.506+0000] {processor.py:830} INFO - Processing file /home/airflow/.local/lib/python3.8/site-packages/airflow/example_dags/example_external_task_marker_dag.py for tasks to queue
[2025-04-11T12:49:49.508+0000] {logging_mixin.py:188} INFO - [2025-04-11T12:49:49.507+0000] {dagbag.py:538} INFO - Filling up the DagBag from /home/airflow/.local/lib/python3.8/site-packages/airflow/example_dags/example_external_task_marker_dag.py
[2025-04-11T12:49:49.512+0000] {processor.py:840} INFO - DAG(s) 'example_external_task_marker_child', 'example_external_task_marker_parent' retrieved from /home/airflow/.local/lib/python3.8/site-packages/airflow/example_dags/example_external_task_marker_dag.py
[2025-04-11T12:49:49.529+0000] {logging_mixin.py:188} INFO - [2025-04-11T12:49:49.529+0000] {dag.py:3036} INFO - Sync 2 DAGs
[2025-04-11T12:49:49.535+0000] {logging_mixin.py:188} INFO - [2025-04-11T12:49:49.535+0000] {dag.py:3823} INFO - Setting next_dagrun for example_external_task_marker_child to None, run_after=None
[2025-04-11T12:49:49.537+0000] {logging_mixin.py:188} INFO - [2025-04-11T12:49:49.537+0000] {dag.py:3823} INFO - Setting next_dagrun for example_external_task_marker_parent to None, run_after=None
[2025-04-11T12:49:49.544+0000] {processor.py:183} INFO - Processing /home/airflow/.local/lib/python3.8/site-packages/airflow/example_dags/example_external_task_marker_dag.py took 0.042 seconds
[2025-04-11T12:50:19.913+0000] {processor.py:161} INFO - Started process (PID=690) to work on /home/airflow/.local/lib/python3.8/site-packages/airflow/example_dags/example_external_task_marker_dag.py
[2025-04-11T12:50:19.915+0000] {processor.py:830} INFO - Processing file /home/airflow/.local/lib/python3.8/site-packages/airflow/example_dags/example_external_task_marker_dag.py for tasks to queue
[2025-04-11T12:50:19.916+0000] {logging_mixin.py:188} INFO - [2025-04-11T12:50:19.916+0000] {dagbag.py:538} INFO - Filling up the DagBag from /home/airflow/.local/lib/python3.8/site-packages/airflow/example_dags/example_external_task_marker_dag.py
[2025-04-11T12:50:19.920+0000] {processor.py:840} INFO - DAG(s) 'example_external_task_marker_child', 'example_external_task_marker_parent' retrieved from /home/airflow/.local/lib/python3.8/site-packages/airflow/example_dags/example_external_task_marker_dag.py
[2025-04-11T12:50:19.934+0000] {logging_mixin.py:188} INFO - [2025-04-11T12:50:19.934+0000] {dag.py:3036} INFO - Sync 2 DAGs
[2025-04-11T12:50:19.940+0000] {logging_mixin.py:188} INFO - [2025-04-11T12:50:19.940+0000] {dag.py:3823} INFO - Setting next_dagrun for example_external_task_marker_child to None, run_after=None
[2025-04-11T12:50:19.942+0000] {logging_mixin.py:188} INFO - [2025-04-11T12:50:19.942+0000] {dag.py:3823} INFO - Setting next_dagrun for example_external_task_marker_parent to None, run_after=None
[2025-04-11T12:50:19.950+0000] {processor.py:183} INFO - Processing /home/airflow/.local/lib/python3.8/site-packages/airflow/example_dags/example_external_task_marker_dag.py took 0.039 seconds
[2025-04-11T12:50:50.447+0000] {processor.py:161} INFO - Started process (PID=746) to work on /home/airflow/.local/lib/python3.8/site-packages/airflow/example_dags/example_external_task_marker_dag.py
[2025-04-11T12:50:50.450+0000] {processor.py:830} INFO - Processing file /home/airflow/.local/lib/python3.8/site-packages/airflow/example_dags/example_external_task_marker_dag.py for tasks to queue
[2025-04-11T12:50:50.452+0000] {logging_mixin.py:188} INFO - [2025-04-11T12:50:50.452+0000] {dagbag.py:538} INFO - Filling up the DagBag from /home/airflow/.local/lib/python3.8/site-packages/airflow/example_dags/example_external_task_marker_dag.py
[2025-04-11T12:50:50.456+0000] {processor.py:840} INFO - DAG(s) 'example_external_task_marker_parent', 'example_external_task_marker_child' retrieved from /home/airflow/.local/lib/python3.8/site-packages/airflow/example_dags/example_external_task_marker_dag.py
[2025-04-11T12:50:50.470+0000] {logging_mixin.py:188} INFO - [2025-04-11T12:50:50.470+0000] {dag.py:3036} INFO - Sync 2 DAGs
[2025-04-11T12:50:50.477+0000] {logging_mixin.py:188} INFO - [2025-04-11T12:50:50.477+0000] {dag.py:3823} INFO - Setting next_dagrun for example_external_task_marker_child to None, run_after=None
[2025-04-11T12:50:50.481+0000] {logging_mixin.py:188} INFO - [2025-04-11T12:50:50.481+0000] {dag.py:3823} INFO - Setting next_dagrun for example_external_task_marker_parent to None, run_after=None
[2025-04-11T12:50:50.490+0000] {processor.py:183} INFO - Processing /home/airflow/.local/lib/python3.8/site-packages/airflow/example_dags/example_external_task_marker_dag.py took 0.046 seconds
[2025-04-11T12:51:20.939+0000] {processor.py:161} INFO - Started process (PID=802) to work on /home/airflow/.local/lib/python3.8/site-packages/airflow/example_dags/example_external_task_marker_dag.py
[2025-04-11T12:51:20.940+0000] {processor.py:830} INFO - Processing file /home/airflow/.local/lib/python3.8/site-packages/airflow/example_dags/example_external_task_marker_dag.py for tasks to queue
[2025-04-11T12:51:20.941+0000] {logging_mixin.py:188} INFO - [2025-04-11T12:51:20.941+0000] {dagbag.py:538} INFO - Filling up the DagBag from /home/airflow/.local/lib/python3.8/site-packages/airflow/example_dags/example_external_task_marker_dag.py
[2025-04-11T12:51:20.945+0000] {processor.py:840} INFO - DAG(s) 'example_external_task_marker_parent', 'example_external_task_marker_child' retrieved from /home/airflow/.local/lib/python3.8/site-packages/airflow/example_dags/example_external_task_marker_dag.py
[2025-04-11T12:51:20.959+0000] {logging_mixin.py:188} INFO - [2025-04-11T12:51:20.959+0000] {dag.py:3036} INFO - Sync 2 DAGs
[2025-04-11T12:51:20.966+0000] {logging_mixin.py:188} INFO - [2025-04-11T12:51:20.966+0000] {dag.py:3823} INFO - Setting next_dagrun for example_external_task_marker_child to None, run_after=None
[2025-04-11T12:51:20.968+0000] {logging_mixin.py:188} INFO - [2025-04-11T12:51:20.968+0000] {dag.py:3823} INFO - Setting next_dagrun for example_external_task_marker_parent to None, run_after=None
[2025-04-11T12:51:20.976+0000] {processor.py:183} INFO - Processing /home/airflow/.local/lib/python3.8/site-packages/airflow/example_dags/example_external_task_marker_dag.py took 0.039 seconds
[2025-04-11T12:51:51.433+0000] {processor.py:161} INFO - Started process (PID=858) to work on /home/airflow/.local/lib/python3.8/site-packages/airflow/example_dags/example_external_task_marker_dag.py
[2025-04-11T12:51:51.434+0000] {processor.py:830} INFO - Processing file /home/airflow/.local/lib/python3.8/site-packages/airflow/example_dags/example_external_task_marker_dag.py for tasks to queue
[2025-04-11T12:51:51.436+0000] {logging_mixin.py:188} INFO - [2025-04-11T12:51:51.436+0000] {dagbag.py:538} INFO - Filling up the DagBag from /home/airflow/.local/lib/python3.8/site-packages/airflow/example_dags/example_external_task_marker_dag.py
[2025-04-11T12:51:51.440+0000] {processor.py:840} INFO - DAG(s) 'example_external_task_marker_child', 'example_external_task_marker_parent' retrieved from /home/airflow/.local/lib/python3.8/site-packages/airflow/example_dags/example_external_task_marker_dag.py
[2025-04-11T12:51:51.453+0000] {logging_mixin.py:188} INFO - [2025-04-11T12:51:51.453+0000] {dag.py:3036} INFO - Sync 2 DAGs
[2025-04-11T12:51:51.459+0000] {logging_mixin.py:188} INFO - [2025-04-11T12:51:51.459+0000] {dag.py:3823} INFO - Setting next_dagrun for example_external_task_marker_child to None, run_after=None
[2025-04-11T12:51:51.461+0000] {logging_mixin.py:188} INFO - [2025-04-11T12:51:51.461+0000] {dag.py:3823} INFO - Setting next_dagrun for example_external_task_marker_parent to None, run_after=None
[2025-04-11T12:51:51.468+0000] {processor.py:183} INFO - Processing /home/airflow/.local/lib/python3.8/site-packages/airflow/example_dags/example_external_task_marker_dag.py took 0.038 seconds
[2025-04-11T12:52:21.899+0000] {processor.py:161} INFO - Started process (PID=913) to work on /home/airflow/.local/lib/python3.8/site-packages/airflow/example_dags/example_external_task_marker_dag.py
[2025-04-11T12:52:21.901+0000] {processor.py:830} INFO - Processing file /home/airflow/.local/lib/python3.8/site-packages/airflow/example_dags/example_external_task_marker_dag.py for tasks to queue
[2025-04-11T12:52:21.904+0000] {logging_mixin.py:188} INFO - [2025-04-11T12:52:21.903+0000] {dagbag.py:538} INFO - Filling up the DagBag from /home/airflow/.local/lib/python3.8/site-packages/airflow/example_dags/example_external_task_marker_dag.py
[2025-04-11T12:52:21.907+0000] {processor.py:840} INFO - DAG(s) 'example_external_task_marker_parent', 'example_external_task_marker_child' retrieved from /home/airflow/.local/lib/python3.8/site-packages/airflow/example_dags/example_external_task_marker_dag.py
[2025-04-11T12:52:21.922+0000] {logging_mixin.py:188} INFO - [2025-04-11T12:52:21.921+0000] {dag.py:3036} INFO - Sync 2 DAGs
[2025-04-11T12:52:21.928+0000] {logging_mixin.py:188} INFO - [2025-04-11T12:52:21.928+0000] {dag.py:3823} INFO - Setting next_dagrun for example_external_task_marker_child to None, run_after=None
[2025-04-11T12:52:21.929+0000] {logging_mixin.py:188} INFO - [2025-04-11T12:52:21.929+0000] {dag.py:3823} INFO - Setting next_dagrun for example_external_task_marker_parent to None, run_after=None
[2025-04-11T12:52:21.937+0000] {processor.py:183} INFO - Processing /home/airflow/.local/lib/python3.8/site-packages/airflow/example_dags/example_external_task_marker_dag.py took 0.041 seconds
[2025-04-11T12:52:52.273+0000] {processor.py:161} INFO - Started process (PID=969) to work on /home/airflow/.local/lib/python3.8/site-packages/airflow/example_dags/example_external_task_marker_dag.py
[2025-04-11T12:52:52.273+0000] {processor.py:830} INFO - Processing file /home/airflow/.local/lib/python3.8/site-packages/airflow/example_dags/example_external_task_marker_dag.py for tasks to queue
[2025-04-11T12:52:52.274+0000] {logging_mixin.py:188} INFO - [2025-04-11T12:52:52.274+0000] {dagbag.py:538} INFO - Filling up the DagBag from /home/airflow/.local/lib/python3.8/site-packages/airflow/example_dags/example_external_task_marker_dag.py
[2025-04-11T12:52:52.279+0000] {processor.py:840} INFO - DAG(s) 'example_external_task_marker_child', 'example_external_task_marker_parent' retrieved from /home/airflow/.local/lib/python3.8/site-packages/airflow/example_dags/example_external_task_marker_dag.py
[2025-04-11T12:52:52.291+0000] {logging_mixin.py:188} INFO - [2025-04-11T12:52:52.291+0000] {dag.py:3036} INFO - Sync 2 DAGs
[2025-04-11T12:52:52.297+0000] {logging_mixin.py:188} INFO - [2025-04-11T12:52:52.297+0000] {dag.py:3823} INFO - Setting next_dagrun for example_external_task_marker_child to None, run_after=None
[2025-04-11T12:52:52.299+0000] {logging_mixin.py:188} INFO - [2025-04-11T12:52:52.299+0000] {dag.py:3823} INFO - Setting next_dagrun for example_external_task_marker_parent to None, run_after=None
[2025-04-11T12:52:52.307+0000] {processor.py:183} INFO - Processing /home/airflow/.local/lib/python3.8/site-packages/airflow/example_dags/example_external_task_marker_dag.py took 0.036 seconds
[2025-04-11T12:53:22.595+0000] {processor.py:161} INFO - Started process (PID=1025) to work on /home/airflow/.local/lib/python3.8/site-packages/airflow/example_dags/example_external_task_marker_dag.py
[2025-04-11T12:53:22.596+0000] {processor.py:830} INFO - Processing file /home/airflow/.local/lib/python3.8/site-packages/airflow/example_dags/example_external_task_marker_dag.py for tasks to queue
[2025-04-11T12:53:22.597+0000] {logging_mixin.py:188} INFO - [2025-04-11T12:53:22.597+0000] {dagbag.py:538} INFO - Filling up the DagBag from /home/airflow/.local/lib/python3.8/site-packages/airflow/example_dags/example_external_task_marker_dag.py
[2025-04-11T12:53:22.602+0000] {processor.py:840} INFO - DAG(s) 'example_external_task_marker_child', 'example_external_task_marker_parent' retrieved from /home/airflow/.local/lib/python3.8/site-packages/airflow/example_dags/example_external_task_marker_dag.py
[2025-04-11T12:53:22.615+0000] {logging_mixin.py:188} INFO - [2025-04-11T12:53:22.615+0000] {dag.py:3036} INFO - Sync 2 DAGs
[2025-04-11T12:53:22.622+0000] {logging_mixin.py:188} INFO - [2025-04-11T12:53:22.621+0000] {dag.py:3823} INFO - Setting next_dagrun for example_external_task_marker_child to None, run_after=None
[2025-04-11T12:53:22.624+0000] {logging_mixin.py:188} INFO - [2025-04-11T12:53:22.623+0000] {dag.py:3823} INFO - Setting next_dagrun for example_external_task_marker_parent to None, run_after=None
[2025-04-11T12:53:22.631+0000] {processor.py:183} INFO - Processing /home/airflow/.local/lib/python3.8/site-packages/airflow/example_dags/example_external_task_marker_dag.py took 0.039 seconds
[2025-04-11T12:53:52.878+0000] {processor.py:161} INFO - Started process (PID=1081) to work on /home/airflow/.local/lib/python3.8/site-packages/airflow/example_dags/example_external_task_marker_dag.py
[2025-04-11T12:53:52.879+0000] {processor.py:830} INFO - Processing file /home/airflow/.local/lib/python3.8/site-packages/airflow/example_dags/example_external_task_marker_dag.py for tasks to queue
[2025-04-11T12:53:52.880+0000] {logging_mixin.py:188} INFO - [2025-04-11T12:53:52.880+0000] {dagbag.py:538} INFO - Filling up the DagBag from /home/airflow/.local/lib/python3.8/site-packages/airflow/example_dags/example_external_task_marker_dag.py
[2025-04-11T12:53:52.884+0000] {processor.py:840} INFO - DAG(s) 'example_external_task_marker_parent', 'example_external_task_marker_child' retrieved from /home/airflow/.local/lib/python3.8/site-packages/airflow/example_dags/example_external_task_marker_dag.py
[2025-04-11T12:53:52.898+0000] {logging_mixin.py:188} INFO - [2025-04-11T12:53:52.898+0000] {dag.py:3036} INFO - Sync 2 DAGs
[2025-04-11T12:53:52.904+0000] {logging_mixin.py:188} INFO - [2025-04-11T12:53:52.904+0000] {dag.py:3823} INFO - Setting next_dagrun for example_external_task_marker_child to None, run_after=None
[2025-04-11T12:53:52.906+0000] {logging_mixin.py:188} INFO - [2025-04-11T12:53:52.906+0000] {dag.py:3823} INFO - Setting next_dagrun for example_external_task_marker_parent to None, run_after=None
[2025-04-11T12:53:52.914+0000] {processor.py:183} INFO - Processing /home/airflow/.local/lib/python3.8/site-packages/airflow/example_dags/example_external_task_marker_dag.py took 0.038 seconds
[2025-04-11T12:54:23.100+0000] {processor.py:161} INFO - Started process (PID=1137) to work on /home/airflow/.local/lib/python3.8/site-packages/airflow/example_dags/example_external_task_marker_dag.py
[2025-04-11T12:54:23.101+0000] {processor.py:830} INFO - Processing file /home/airflow/.local/lib/python3.8/site-packages/airflow/example_dags/example_external_task_marker_dag.py for tasks to queue
[2025-04-11T12:54:23.101+0000] {logging_mixin.py:188} INFO - [2025-04-11T12:54:23.101+0000] {dagbag.py:538} INFO - Filling up the DagBag from /home/airflow/.local/lib/python3.8/site-packages/airflow/example_dags/example_external_task_marker_dag.py
[2025-04-11T12:54:23.104+0000] {processor.py:840} INFO - DAG(s) 'example_external_task_marker_child', 'example_external_task_marker_parent' retrieved from /home/airflow/.local/lib/python3.8/site-packages/airflow/example_dags/example_external_task_marker_dag.py
[2025-04-11T12:54:23.115+0000] {logging_mixin.py:188} INFO - [2025-04-11T12:54:23.115+0000] {dag.py:3036} INFO - Sync 2 DAGs
[2025-04-11T12:54:23.120+0000] {logging_mixin.py:188} INFO - [2025-04-11T12:54:23.120+0000] {dag.py:3823} INFO - Setting next_dagrun for example_external_task_marker_child to None, run_after=None
[2025-04-11T12:54:23.122+0000] {logging_mixin.py:188} INFO - [2025-04-11T12:54:23.122+0000] {dag.py:3823} INFO - Setting next_dagrun for example_external_task_marker_parent to None, run_after=None
[2025-04-11T12:54:23.128+0000] {processor.py:183} INFO - Processing /home/airflow/.local/lib/python3.8/site-packages/airflow/example_dags/example_external_task_marker_dag.py took 0.030 seconds
[2025-04-11T12:54:53.333+0000] {processor.py:161} INFO - Started process (PID=1193) to work on /home/airflow/.local/lib/python3.8/site-packages/airflow/example_dags/example_external_task_marker_dag.py
[2025-04-11T12:54:53.333+0000] {processor.py:830} INFO - Processing file /home/airflow/.local/lib/python3.8/site-packages/airflow/example_dags/example_external_task_marker_dag.py for tasks to queue
[2025-04-11T12:54:53.335+0000] {logging_mixin.py:188} INFO - [2025-04-11T12:54:53.335+0000] {dagbag.py:538} INFO - Filling up the DagBag from /home/airflow/.local/lib/python3.8/site-packages/airflow/example_dags/example_external_task_marker_dag.py
[2025-04-11T12:54:53.338+0000] {processor.py:840} INFO - DAG(s) 'example_external_task_marker_child', 'example_external_task_marker_parent' retrieved from /home/airflow/.local/lib/python3.8/site-packages/airflow/example_dags/example_external_task_marker_dag.py
[2025-04-11T12:54:53.349+0000] {logging_mixin.py:188} INFO - [2025-04-11T12:54:53.349+0000] {dag.py:3036} INFO - Sync 2 DAGs
[2025-04-11T12:54:53.355+0000] {logging_mixin.py:188} INFO - [2025-04-11T12:54:53.355+0000] {dag.py:3823} INFO - Setting next_dagrun for example_external_task_marker_child to None, run_after=None
[2025-04-11T12:54:53.356+0000] {logging_mixin.py:188} INFO - [2025-04-11T12:54:53.356+0000] {dag.py:3823} INFO - Setting next_dagrun for example_external_task_marker_parent to None, run_after=None
[2025-04-11T12:54:53.363+0000] {processor.py:183} INFO - Processing /home/airflow/.local/lib/python3.8/site-packages/airflow/example_dags/example_external_task_marker_dag.py took 0.033 seconds
[2025-04-11T12:55:23.657+0000] {processor.py:161} INFO - Started process (PID=1249) to work on /home/airflow/.local/lib/python3.8/site-packages/airflow/example_dags/example_external_task_marker_dag.py
[2025-04-11T12:55:23.661+0000] {processor.py:830} INFO - Processing file /home/airflow/.local/lib/python3.8/site-packages/airflow/example_dags/example_external_task_marker_dag.py for tasks to queue
[2025-04-11T12:55:23.662+0000] {logging_mixin.py:188} INFO - [2025-04-11T12:55:23.662+0000] {dagbag.py:538} INFO - Filling up the DagBag from /home/airflow/.local/lib/python3.8/site-packages/airflow/example_dags/example_external_task_marker_dag.py
[2025-04-11T12:55:23.666+0000] {processor.py:840} INFO - DAG(s) 'example_external_task_marker_child', 'example_external_task_marker_parent' retrieved from /home/airflow/.local/lib/python3.8/site-packages/airflow/example_dags/example_external_task_marker_dag.py
[2025-04-11T12:55:23.679+0000] {logging_mixin.py:188} INFO - [2025-04-11T12:55:23.679+0000] {dag.py:3036} INFO - Sync 2 DAGs
[2025-04-11T12:55:23.686+0000] {logging_mixin.py:188} INFO - [2025-04-11T12:55:23.686+0000] {dag.py:3823} INFO - Setting next_dagrun for example_external_task_marker_child to None, run_after=None
[2025-04-11T12:55:23.689+0000] {logging_mixin.py:188} INFO - [2025-04-11T12:55:23.689+0000] {dag.py:3823} INFO - Setting next_dagrun for example_external_task_marker_parent to None, run_after=None
[2025-04-11T12:55:23.697+0000] {processor.py:183} INFO - Processing /home/airflow/.local/lib/python3.8/site-packages/airflow/example_dags/example_external_task_marker_dag.py took 0.042 seconds
