[2025-04-11T12:44:44.918+0000] {processor.py:161} INFO - Started process (PID=61) to work on /home/airflow/.local/lib/python3.8/site-packages/airflow/example_dags/example_python_operator.py
[2025-04-11T12:44:44.919+0000] {processor.py:830} INFO - Processing file /home/airflow/.local/lib/python3.8/site-packages/airflow/example_dags/example_python_operator.py for tasks to queue
[2025-04-11T12:44:44.921+0000] {logging_mixin.py:188} INFO - [2025-04-11T12:44:44.920+0000] {dagbag.py:538} INFO - Filling up the DagBag from /home/airflow/.local/lib/python3.8/site-packages/airflow/example_dags/example_python_operator.py
[2025-04-11T12:44:44.930+0000] {processor.py:840} INFO - DAG(s) 'example_python_operator' retrieved from /home/airflow/.local/lib/python3.8/site-packages/airflow/example_dags/example_python_operator.py
[2025-04-11T12:44:44.939+0000] {logging_mixin.py:188} INFO - [2025-04-11T12:44:44.939+0000] {dag.py:3036} INFO - Sync 1 DAGs
[2025-04-11T12:44:44.948+0000] {logging_mixin.py:188} INFO - [2025-04-11T12:44:44.948+0000] {dag.py:3823} INFO - Setting next_dagrun for example_python_operator to None, run_after=None
[2025-04-11T12:44:44.964+0000] {processor.py:183} INFO - Processing /home/airflow/.local/lib/python3.8/site-packages/airflow/example_dags/example_python_operator.py took 0.048 seconds
[2025-04-11T12:45:15.112+0000] {processor.py:161} INFO - Started process (PID=118) to work on /home/airflow/.local/lib/python3.8/site-packages/airflow/example_dags/example_python_operator.py
[2025-04-11T12:45:15.113+0000] {processor.py:830} INFO - Processing file /home/airflow/.local/lib/python3.8/site-packages/airflow/example_dags/example_python_operator.py for tasks to queue
[2025-04-11T12:45:15.113+0000] {logging_mixin.py:188} INFO - [2025-04-11T12:45:15.113+0000] {dagbag.py:538} INFO - Filling up the DagBag from /home/airflow/.local/lib/python3.8/site-packages/airflow/example_dags/example_python_operator.py
[2025-04-11T12:45:15.118+0000] {processor.py:840} INFO - DAG(s) 'example_python_operator' retrieved from /home/airflow/.local/lib/python3.8/site-packages/airflow/example_dags/example_python_operator.py
[2025-04-11T12:45:15.162+0000] {logging_mixin.py:188} INFO - [2025-04-11T12:45:15.161+0000] {dag.py:3036} INFO - Sync 1 DAGs
[2025-04-11T12:45:15.166+0000] {logging_mixin.py:188} INFO - [2025-04-11T12:45:15.166+0000] {dag.py:3823} INFO - Setting next_dagrun for example_python_operator to None, run_after=None
[2025-04-11T12:45:15.174+0000] {processor.py:183} INFO - Processing /home/airflow/.local/lib/python3.8/site-packages/airflow/example_dags/example_python_operator.py took 0.063 seconds
[2025-04-11T12:45:45.218+0000] {processor.py:161} INFO - Started process (PID=174) to work on /home/airflow/.local/lib/python3.8/site-packages/airflow/example_dags/example_python_operator.py
[2025-04-11T12:45:45.220+0000] {processor.py:830} INFO - Processing file /home/airflow/.local/lib/python3.8/site-packages/airflow/example_dags/example_python_operator.py for tasks to queue
[2025-04-11T12:45:45.221+0000] {logging_mixin.py:188} INFO - [2025-04-11T12:45:45.221+0000] {dagbag.py:538} INFO - Filling up the DagBag from /home/airflow/.local/lib/python3.8/site-packages/airflow/example_dags/example_python_operator.py
[2025-04-11T12:45:45.226+0000] {processor.py:840} INFO - DAG(s) 'example_python_operator' retrieved from /home/airflow/.local/lib/python3.8/site-packages/airflow/example_dags/example_python_operator.py
[2025-04-11T12:45:45.237+0000] {logging_mixin.py:188} INFO - [2025-04-11T12:45:45.237+0000] {dag.py:3036} INFO - Sync 1 DAGs
[2025-04-11T12:45:45.243+0000] {logging_mixin.py:188} INFO - [2025-04-11T12:45:45.243+0000] {dag.py:3823} INFO - Setting next_dagrun for example_python_operator to None, run_after=None
[2025-04-11T12:45:45.254+0000] {processor.py:183} INFO - Processing /home/airflow/.local/lib/python3.8/site-packages/airflow/example_dags/example_python_operator.py took 0.038 seconds
[2025-04-11T12:46:15.701+0000] {processor.py:161} INFO - Started process (PID=229) to work on /home/airflow/.local/lib/python3.8/site-packages/airflow/example_dags/example_python_operator.py
[2025-04-11T12:46:15.702+0000] {processor.py:830} INFO - Processing file /home/airflow/.local/lib/python3.8/site-packages/airflow/example_dags/example_python_operator.py for tasks to queue
[2025-04-11T12:46:15.703+0000] {logging_mixin.py:188} INFO - [2025-04-11T12:46:15.702+0000] {dagbag.py:538} INFO - Filling up the DagBag from /home/airflow/.local/lib/python3.8/site-packages/airflow/example_dags/example_python_operator.py
[2025-04-11T12:46:15.708+0000] {processor.py:840} INFO - DAG(s) 'example_python_operator' retrieved from /home/airflow/.local/lib/python3.8/site-packages/airflow/example_dags/example_python_operator.py
[2025-04-11T12:46:15.720+0000] {logging_mixin.py:188} INFO - [2025-04-11T12:46:15.719+0000] {dag.py:3036} INFO - Sync 1 DAGs
[2025-04-11T12:46:15.726+0000] {logging_mixin.py:188} INFO - [2025-04-11T12:46:15.726+0000] {dag.py:3823} INFO - Setting next_dagrun for example_python_operator to None, run_after=None
[2025-04-11T12:46:15.734+0000] {processor.py:183} INFO - Processing /home/airflow/.local/lib/python3.8/site-packages/airflow/example_dags/example_python_operator.py took 0.035 seconds
[2025-04-11T12:46:46.348+0000] {processor.py:161} INFO - Started process (PID=285) to work on /home/airflow/.local/lib/python3.8/site-packages/airflow/example_dags/example_python_operator.py
[2025-04-11T12:46:46.349+0000] {processor.py:830} INFO - Processing file /home/airflow/.local/lib/python3.8/site-packages/airflow/example_dags/example_python_operator.py for tasks to queue
[2025-04-11T12:46:46.351+0000] {logging_mixin.py:188} INFO - [2025-04-11T12:46:46.351+0000] {dagbag.py:538} INFO - Filling up the DagBag from /home/airflow/.local/lib/python3.8/site-packages/airflow/example_dags/example_python_operator.py
[2025-04-11T12:46:46.356+0000] {processor.py:840} INFO - DAG(s) 'example_python_operator' retrieved from /home/airflow/.local/lib/python3.8/site-packages/airflow/example_dags/example_python_operator.py
[2025-04-11T12:46:46.366+0000] {logging_mixin.py:188} INFO - [2025-04-11T12:46:46.366+0000] {dag.py:3036} INFO - Sync 1 DAGs
[2025-04-11T12:46:46.371+0000] {logging_mixin.py:188} INFO - [2025-04-11T12:46:46.371+0000] {dag.py:3823} INFO - Setting next_dagrun for example_python_operator to None, run_after=None
[2025-04-11T12:46:46.378+0000] {processor.py:183} INFO - Processing /home/airflow/.local/lib/python3.8/site-packages/airflow/example_dags/example_python_operator.py took 0.032 seconds
[2025-04-11T12:47:16.766+0000] {processor.py:161} INFO - Started process (PID=341) to work on /home/airflow/.local/lib/python3.8/site-packages/airflow/example_dags/example_python_operator.py
[2025-04-11T12:47:16.766+0000] {processor.py:830} INFO - Processing file /home/airflow/.local/lib/python3.8/site-packages/airflow/example_dags/example_python_operator.py for tasks to queue
[2025-04-11T12:47:16.767+0000] {logging_mixin.py:188} INFO - [2025-04-11T12:47:16.767+0000] {dagbag.py:538} INFO - Filling up the DagBag from /home/airflow/.local/lib/python3.8/site-packages/airflow/example_dags/example_python_operator.py
[2025-04-11T12:47:16.772+0000] {processor.py:840} INFO - DAG(s) 'example_python_operator' retrieved from /home/airflow/.local/lib/python3.8/site-packages/airflow/example_dags/example_python_operator.py
[2025-04-11T12:47:16.782+0000] {logging_mixin.py:188} INFO - [2025-04-11T12:47:16.782+0000] {dag.py:3036} INFO - Sync 1 DAGs
[2025-04-11T12:47:16.788+0000] {logging_mixin.py:188} INFO - [2025-04-11T12:47:16.788+0000] {dag.py:3823} INFO - Setting next_dagrun for example_python_operator to None, run_after=None
[2025-04-11T12:47:16.796+0000] {processor.py:183} INFO - Processing /home/airflow/.local/lib/python3.8/site-packages/airflow/example_dags/example_python_operator.py took 0.032 seconds
[2025-04-11T12:47:47.217+0000] {processor.py:161} INFO - Started process (PID=397) to work on /home/airflow/.local/lib/python3.8/site-packages/airflow/example_dags/example_python_operator.py
[2025-04-11T12:47:47.218+0000] {processor.py:830} INFO - Processing file /home/airflow/.local/lib/python3.8/site-packages/airflow/example_dags/example_python_operator.py for tasks to queue
[2025-04-11T12:47:47.219+0000] {logging_mixin.py:188} INFO - [2025-04-11T12:47:47.219+0000] {dagbag.py:538} INFO - Filling up the DagBag from /home/airflow/.local/lib/python3.8/site-packages/airflow/example_dags/example_python_operator.py
[2025-04-11T12:47:47.224+0000] {processor.py:840} INFO - DAG(s) 'example_python_operator' retrieved from /home/airflow/.local/lib/python3.8/site-packages/airflow/example_dags/example_python_operator.py
[2025-04-11T12:47:47.234+0000] {logging_mixin.py:188} INFO - [2025-04-11T12:47:47.234+0000] {dag.py:3036} INFO - Sync 1 DAGs
[2025-04-11T12:47:47.239+0000] {logging_mixin.py:188} INFO - [2025-04-11T12:47:47.239+0000] {dag.py:3823} INFO - Setting next_dagrun for example_python_operator to None, run_after=None
[2025-04-11T12:47:47.250+0000] {processor.py:183} INFO - Processing /home/airflow/.local/lib/python3.8/site-packages/airflow/example_dags/example_python_operator.py took 0.035 seconds
[2025-04-11T12:48:17.579+0000] {processor.py:161} INFO - Started process (PID=453) to work on /home/airflow/.local/lib/python3.8/site-packages/airflow/example_dags/example_python_operator.py
[2025-04-11T12:48:17.579+0000] {processor.py:830} INFO - Processing file /home/airflow/.local/lib/python3.8/site-packages/airflow/example_dags/example_python_operator.py for tasks to queue
[2025-04-11T12:48:17.582+0000] {logging_mixin.py:188} INFO - [2025-04-11T12:48:17.582+0000] {dagbag.py:538} INFO - Filling up the DagBag from /home/airflow/.local/lib/python3.8/site-packages/airflow/example_dags/example_python_operator.py
[2025-04-11T12:48:17.587+0000] {processor.py:840} INFO - DAG(s) 'example_python_operator' retrieved from /home/airflow/.local/lib/python3.8/site-packages/airflow/example_dags/example_python_operator.py
[2025-04-11T12:48:17.596+0000] {logging_mixin.py:188} INFO - [2025-04-11T12:48:17.596+0000] {dag.py:3036} INFO - Sync 1 DAGs
[2025-04-11T12:48:17.600+0000] {logging_mixin.py:188} INFO - [2025-04-11T12:48:17.600+0000] {dag.py:3823} INFO - Setting next_dagrun for example_python_operator to None, run_after=None
[2025-04-11T12:48:17.609+0000] {processor.py:183} INFO - Processing /home/airflow/.local/lib/python3.8/site-packages/airflow/example_dags/example_python_operator.py took 0.032 seconds
[2025-04-11T12:48:47.746+0000] {processor.py:161} INFO - Started process (PID=509) to work on /home/airflow/.local/lib/python3.8/site-packages/airflow/example_dags/example_python_operator.py
[2025-04-11T12:48:47.746+0000] {processor.py:830} INFO - Processing file /home/airflow/.local/lib/python3.8/site-packages/airflow/example_dags/example_python_operator.py for tasks to queue
[2025-04-11T12:48:47.747+0000] {logging_mixin.py:188} INFO - [2025-04-11T12:48:47.747+0000] {dagbag.py:538} INFO - Filling up the DagBag from /home/airflow/.local/lib/python3.8/site-packages/airflow/example_dags/example_python_operator.py
[2025-04-11T12:48:47.752+0000] {processor.py:840} INFO - DAG(s) 'example_python_operator' retrieved from /home/airflow/.local/lib/python3.8/site-packages/airflow/example_dags/example_python_operator.py
[2025-04-11T12:48:47.761+0000] {logging_mixin.py:188} INFO - [2025-04-11T12:48:47.761+0000] {dag.py:3036} INFO - Sync 1 DAGs
[2025-04-11T12:48:47.766+0000] {logging_mixin.py:188} INFO - [2025-04-11T12:48:47.766+0000] {dag.py:3823} INFO - Setting next_dagrun for example_python_operator to None, run_after=None
[2025-04-11T12:48:47.772+0000] {processor.py:183} INFO - Processing /home/airflow/.local/lib/python3.8/site-packages/airflow/example_dags/example_python_operator.py took 0.028 seconds
[2025-04-11T12:49:17.966+0000] {processor.py:161} INFO - Started process (PID=565) to work on /home/airflow/.local/lib/python3.8/site-packages/airflow/example_dags/example_python_operator.py
[2025-04-11T12:49:17.967+0000] {processor.py:830} INFO - Processing file /home/airflow/.local/lib/python3.8/site-packages/airflow/example_dags/example_python_operator.py for tasks to queue
[2025-04-11T12:49:17.968+0000] {logging_mixin.py:188} INFO - [2025-04-11T12:49:17.967+0000] {dagbag.py:538} INFO - Filling up the DagBag from /home/airflow/.local/lib/python3.8/site-packages/airflow/example_dags/example_python_operator.py
[2025-04-11T12:49:17.972+0000] {processor.py:840} INFO - DAG(s) 'example_python_operator' retrieved from /home/airflow/.local/lib/python3.8/site-packages/airflow/example_dags/example_python_operator.py
[2025-04-11T12:49:17.982+0000] {logging_mixin.py:188} INFO - [2025-04-11T12:49:17.982+0000] {dag.py:3036} INFO - Sync 1 DAGs
[2025-04-11T12:49:17.987+0000] {logging_mixin.py:188} INFO - [2025-04-11T12:49:17.987+0000] {dag.py:3823} INFO - Setting next_dagrun for example_python_operator to None, run_after=None
[2025-04-11T12:49:17.994+0000] {processor.py:183} INFO - Processing /home/airflow/.local/lib/python3.8/site-packages/airflow/example_dags/example_python_operator.py took 0.029 seconds
[2025-04-11T12:49:48.356+0000] {processor.py:161} INFO - Started process (PID=627) to work on /home/airflow/.local/lib/python3.8/site-packages/airflow/example_dags/example_python_operator.py
[2025-04-11T12:49:48.356+0000] {processor.py:830} INFO - Processing file /home/airflow/.local/lib/python3.8/site-packages/airflow/example_dags/example_python_operator.py for tasks to queue
[2025-04-11T12:49:48.357+0000] {logging_mixin.py:188} INFO - [2025-04-11T12:49:48.357+0000] {dagbag.py:538} INFO - Filling up the DagBag from /home/airflow/.local/lib/python3.8/site-packages/airflow/example_dags/example_python_operator.py
[2025-04-11T12:49:48.360+0000] {processor.py:840} INFO - DAG(s) 'example_python_operator' retrieved from /home/airflow/.local/lib/python3.8/site-packages/airflow/example_dags/example_python_operator.py
[2025-04-11T12:49:48.369+0000] {logging_mixin.py:188} INFO - [2025-04-11T12:49:48.369+0000] {dag.py:3036} INFO - Sync 1 DAGs
[2025-04-11T12:49:48.373+0000] {logging_mixin.py:188} INFO - [2025-04-11T12:49:48.373+0000] {dag.py:3823} INFO - Setting next_dagrun for example_python_operator to None, run_after=None
[2025-04-11T12:49:48.379+0000] {processor.py:183} INFO - Processing /home/airflow/.local/lib/python3.8/site-packages/airflow/example_dags/example_python_operator.py took 0.025 seconds
[2025-04-11T12:50:18.728+0000] {processor.py:161} INFO - Started process (PID=683) to work on /home/airflow/.local/lib/python3.8/site-packages/airflow/example_dags/example_python_operator.py
[2025-04-11T12:50:18.731+0000] {processor.py:830} INFO - Processing file /home/airflow/.local/lib/python3.8/site-packages/airflow/example_dags/example_python_operator.py for tasks to queue
[2025-04-11T12:50:18.732+0000] {logging_mixin.py:188} INFO - [2025-04-11T12:50:18.732+0000] {dagbag.py:538} INFO - Filling up the DagBag from /home/airflow/.local/lib/python3.8/site-packages/airflow/example_dags/example_python_operator.py
[2025-04-11T12:50:18.737+0000] {processor.py:840} INFO - DAG(s) 'example_python_operator' retrieved from /home/airflow/.local/lib/python3.8/site-packages/airflow/example_dags/example_python_operator.py
[2025-04-11T12:50:18.747+0000] {logging_mixin.py:188} INFO - [2025-04-11T12:50:18.746+0000] {dag.py:3036} INFO - Sync 1 DAGs
[2025-04-11T12:50:18.753+0000] {logging_mixin.py:188} INFO - [2025-04-11T12:50:18.752+0000] {dag.py:3823} INFO - Setting next_dagrun for example_python_operator to None, run_after=None
[2025-04-11T12:50:18.762+0000] {processor.py:183} INFO - Processing /home/airflow/.local/lib/python3.8/site-packages/airflow/example_dags/example_python_operator.py took 0.036 seconds
[2025-04-11T12:50:49.279+0000] {processor.py:161} INFO - Started process (PID=739) to work on /home/airflow/.local/lib/python3.8/site-packages/airflow/example_dags/example_python_operator.py
[2025-04-11T12:50:49.280+0000] {processor.py:830} INFO - Processing file /home/airflow/.local/lib/python3.8/site-packages/airflow/example_dags/example_python_operator.py for tasks to queue
[2025-04-11T12:50:49.281+0000] {logging_mixin.py:188} INFO - [2025-04-11T12:50:49.281+0000] {dagbag.py:538} INFO - Filling up the DagBag from /home/airflow/.local/lib/python3.8/site-packages/airflow/example_dags/example_python_operator.py
[2025-04-11T12:50:49.288+0000] {processor.py:840} INFO - DAG(s) 'example_python_operator' retrieved from /home/airflow/.local/lib/python3.8/site-packages/airflow/example_dags/example_python_operator.py
[2025-04-11T12:50:49.300+0000] {logging_mixin.py:188} INFO - [2025-04-11T12:50:49.300+0000] {dag.py:3036} INFO - Sync 1 DAGs
[2025-04-11T12:50:49.305+0000] {logging_mixin.py:188} INFO - [2025-04-11T12:50:49.305+0000] {dag.py:3823} INFO - Setting next_dagrun for example_python_operator to None, run_after=None
[2025-04-11T12:50:49.312+0000] {processor.py:183} INFO - Processing /home/airflow/.local/lib/python3.8/site-packages/airflow/example_dags/example_python_operator.py took 0.034 seconds
[2025-04-11T12:51:19.794+0000] {processor.py:161} INFO - Started process (PID=795) to work on /home/airflow/.local/lib/python3.8/site-packages/airflow/example_dags/example_python_operator.py
[2025-04-11T12:51:19.794+0000] {processor.py:830} INFO - Processing file /home/airflow/.local/lib/python3.8/site-packages/airflow/example_dags/example_python_operator.py for tasks to queue
[2025-04-11T12:51:19.795+0000] {logging_mixin.py:188} INFO - [2025-04-11T12:51:19.795+0000] {dagbag.py:538} INFO - Filling up the DagBag from /home/airflow/.local/lib/python3.8/site-packages/airflow/example_dags/example_python_operator.py
[2025-04-11T12:51:19.800+0000] {processor.py:840} INFO - DAG(s) 'example_python_operator' retrieved from /home/airflow/.local/lib/python3.8/site-packages/airflow/example_dags/example_python_operator.py
[2025-04-11T12:51:19.811+0000] {logging_mixin.py:188} INFO - [2025-04-11T12:51:19.811+0000] {dag.py:3036} INFO - Sync 1 DAGs
[2025-04-11T12:51:19.816+0000] {logging_mixin.py:188} INFO - [2025-04-11T12:51:19.816+0000] {dag.py:3823} INFO - Setting next_dagrun for example_python_operator to None, run_after=None
[2025-04-11T12:51:19.828+0000] {processor.py:183} INFO - Processing /home/airflow/.local/lib/python3.8/site-packages/airflow/example_dags/example_python_operator.py took 0.036 seconds
[2025-04-11T12:51:50.259+0000] {processor.py:161} INFO - Started process (PID=851) to work on /home/airflow/.local/lib/python3.8/site-packages/airflow/example_dags/example_python_operator.py
[2025-04-11T12:51:50.261+0000] {processor.py:830} INFO - Processing file /home/airflow/.local/lib/python3.8/site-packages/airflow/example_dags/example_python_operator.py for tasks to queue
[2025-04-11T12:51:50.262+0000] {logging_mixin.py:188} INFO - [2025-04-11T12:51:50.262+0000] {dagbag.py:538} INFO - Filling up the DagBag from /home/airflow/.local/lib/python3.8/site-packages/airflow/example_dags/example_python_operator.py
[2025-04-11T12:51:50.267+0000] {processor.py:840} INFO - DAG(s) 'example_python_operator' retrieved from /home/airflow/.local/lib/python3.8/site-packages/airflow/example_dags/example_python_operator.py
[2025-04-11T12:51:50.277+0000] {logging_mixin.py:188} INFO - [2025-04-11T12:51:50.277+0000] {dag.py:3036} INFO - Sync 1 DAGs
[2025-04-11T12:51:50.283+0000] {logging_mixin.py:188} INFO - [2025-04-11T12:51:50.283+0000] {dag.py:3823} INFO - Setting next_dagrun for example_python_operator to None, run_after=None
[2025-04-11T12:51:50.292+0000] {processor.py:183} INFO - Processing /home/airflow/.local/lib/python3.8/site-packages/airflow/example_dags/example_python_operator.py took 0.034 seconds
[2025-04-11T12:52:20.738+0000] {processor.py:161} INFO - Started process (PID=906) to work on /home/airflow/.local/lib/python3.8/site-packages/airflow/example_dags/example_python_operator.py
[2025-04-11T12:52:20.741+0000] {processor.py:830} INFO - Processing file /home/airflow/.local/lib/python3.8/site-packages/airflow/example_dags/example_python_operator.py for tasks to queue
[2025-04-11T12:52:20.741+0000] {logging_mixin.py:188} INFO - [2025-04-11T12:52:20.741+0000] {dagbag.py:538} INFO - Filling up the DagBag from /home/airflow/.local/lib/python3.8/site-packages/airflow/example_dags/example_python_operator.py
[2025-04-11T12:52:20.747+0000] {processor.py:840} INFO - DAG(s) 'example_python_operator' retrieved from /home/airflow/.local/lib/python3.8/site-packages/airflow/example_dags/example_python_operator.py
[2025-04-11T12:52:20.756+0000] {logging_mixin.py:188} INFO - [2025-04-11T12:52:20.756+0000] {dag.py:3036} INFO - Sync 1 DAGs
[2025-04-11T12:52:20.761+0000] {logging_mixin.py:188} INFO - [2025-04-11T12:52:20.761+0000] {dag.py:3823} INFO - Setting next_dagrun for example_python_operator to None, run_after=None
[2025-04-11T12:52:20.772+0000] {processor.py:183} INFO - Processing /home/airflow/.local/lib/python3.8/site-packages/airflow/example_dags/example_python_operator.py took 0.035 seconds
[2025-04-11T12:52:51.138+0000] {processor.py:161} INFO - Started process (PID=962) to work on /home/airflow/.local/lib/python3.8/site-packages/airflow/example_dags/example_python_operator.py
[2025-04-11T12:52:51.138+0000] {processor.py:830} INFO - Processing file /home/airflow/.local/lib/python3.8/site-packages/airflow/example_dags/example_python_operator.py for tasks to queue
[2025-04-11T12:52:51.139+0000] {logging_mixin.py:188} INFO - [2025-04-11T12:52:51.139+0000] {dagbag.py:538} INFO - Filling up the DagBag from /home/airflow/.local/lib/python3.8/site-packages/airflow/example_dags/example_python_operator.py
[2025-04-11T12:52:51.143+0000] {processor.py:840} INFO - DAG(s) 'example_python_operator' retrieved from /home/airflow/.local/lib/python3.8/site-packages/airflow/example_dags/example_python_operator.py
[2025-04-11T12:52:51.152+0000] {logging_mixin.py:188} INFO - [2025-04-11T12:52:51.152+0000] {dag.py:3036} INFO - Sync 1 DAGs
[2025-04-11T12:52:51.157+0000] {logging_mixin.py:188} INFO - [2025-04-11T12:52:51.157+0000] {dag.py:3823} INFO - Setting next_dagrun for example_python_operator to None, run_after=None
[2025-04-11T12:52:51.164+0000] {processor.py:183} INFO - Processing /home/airflow/.local/lib/python3.8/site-packages/airflow/example_dags/example_python_operator.py took 0.028 seconds
[2025-04-11T12:53:21.446+0000] {processor.py:161} INFO - Started process (PID=1018) to work on /home/airflow/.local/lib/python3.8/site-packages/airflow/example_dags/example_python_operator.py
[2025-04-11T12:53:21.446+0000] {processor.py:830} INFO - Processing file /home/airflow/.local/lib/python3.8/site-packages/airflow/example_dags/example_python_operator.py for tasks to queue
[2025-04-11T12:53:21.447+0000] {logging_mixin.py:188} INFO - [2025-04-11T12:53:21.447+0000] {dagbag.py:538} INFO - Filling up the DagBag from /home/airflow/.local/lib/python3.8/site-packages/airflow/example_dags/example_python_operator.py
[2025-04-11T12:53:21.452+0000] {processor.py:840} INFO - DAG(s) 'example_python_operator' retrieved from /home/airflow/.local/lib/python3.8/site-packages/airflow/example_dags/example_python_operator.py
[2025-04-11T12:53:21.461+0000] {logging_mixin.py:188} INFO - [2025-04-11T12:53:21.461+0000] {dag.py:3036} INFO - Sync 1 DAGs
[2025-04-11T12:53:21.465+0000] {logging_mixin.py:188} INFO - [2025-04-11T12:53:21.465+0000] {dag.py:3823} INFO - Setting next_dagrun for example_python_operator to None, run_after=None
[2025-04-11T12:53:21.472+0000] {processor.py:183} INFO - Processing /home/airflow/.local/lib/python3.8/site-packages/airflow/example_dags/example_python_operator.py took 0.027 seconds
[2025-04-11T12:53:51.733+0000] {processor.py:161} INFO - Started process (PID=1074) to work on /home/airflow/.local/lib/python3.8/site-packages/airflow/example_dags/example_python_operator.py
[2025-04-11T12:53:51.734+0000] {processor.py:830} INFO - Processing file /home/airflow/.local/lib/python3.8/site-packages/airflow/example_dags/example_python_operator.py for tasks to queue
[2025-04-11T12:53:51.734+0000] {logging_mixin.py:188} INFO - [2025-04-11T12:53:51.734+0000] {dagbag.py:538} INFO - Filling up the DagBag from /home/airflow/.local/lib/python3.8/site-packages/airflow/example_dags/example_python_operator.py
[2025-04-11T12:53:51.739+0000] {processor.py:840} INFO - DAG(s) 'example_python_operator' retrieved from /home/airflow/.local/lib/python3.8/site-packages/airflow/example_dags/example_python_operator.py
[2025-04-11T12:53:51.749+0000] {logging_mixin.py:188} INFO - [2025-04-11T12:53:51.749+0000] {dag.py:3036} INFO - Sync 1 DAGs
[2025-04-11T12:53:51.753+0000] {logging_mixin.py:188} INFO - [2025-04-11T12:53:51.753+0000] {dag.py:3823} INFO - Setting next_dagrun for example_python_operator to None, run_after=None
[2025-04-11T12:53:51.760+0000] {processor.py:183} INFO - Processing /home/airflow/.local/lib/python3.8/site-packages/airflow/example_dags/example_python_operator.py took 0.028 seconds
[2025-04-11T12:54:21.980+0000] {processor.py:161} INFO - Started process (PID=1130) to work on /home/airflow/.local/lib/python3.8/site-packages/airflow/example_dags/example_python_operator.py
[2025-04-11T12:54:21.980+0000] {processor.py:830} INFO - Processing file /home/airflow/.local/lib/python3.8/site-packages/airflow/example_dags/example_python_operator.py for tasks to queue
[2025-04-11T12:54:21.981+0000] {logging_mixin.py:188} INFO - [2025-04-11T12:54:21.981+0000] {dagbag.py:538} INFO - Filling up the DagBag from /home/airflow/.local/lib/python3.8/site-packages/airflow/example_dags/example_python_operator.py
[2025-04-11T12:54:21.986+0000] {processor.py:840} INFO - DAG(s) 'example_python_operator' retrieved from /home/airflow/.local/lib/python3.8/site-packages/airflow/example_dags/example_python_operator.py
[2025-04-11T12:54:21.996+0000] {logging_mixin.py:188} INFO - [2025-04-11T12:54:21.996+0000] {dag.py:3036} INFO - Sync 1 DAGs
[2025-04-11T12:54:22.000+0000] {logging_mixin.py:188} INFO - [2025-04-11T12:54:22.000+0000] {dag.py:3823} INFO - Setting next_dagrun for example_python_operator to None, run_after=None
[2025-04-11T12:54:22.007+0000] {processor.py:183} INFO - Processing /home/airflow/.local/lib/python3.8/site-packages/airflow/example_dags/example_python_operator.py took 0.028 seconds
[2025-04-11T12:54:52.209+0000] {processor.py:161} INFO - Started process (PID=1186) to work on /home/airflow/.local/lib/python3.8/site-packages/airflow/example_dags/example_python_operator.py
[2025-04-11T12:54:52.209+0000] {processor.py:830} INFO - Processing file /home/airflow/.local/lib/python3.8/site-packages/airflow/example_dags/example_python_operator.py for tasks to queue
[2025-04-11T12:54:52.210+0000] {logging_mixin.py:188} INFO - [2025-04-11T12:54:52.210+0000] {dagbag.py:538} INFO - Filling up the DagBag from /home/airflow/.local/lib/python3.8/site-packages/airflow/example_dags/example_python_operator.py
[2025-04-11T12:54:52.215+0000] {processor.py:840} INFO - DAG(s) 'example_python_operator' retrieved from /home/airflow/.local/lib/python3.8/site-packages/airflow/example_dags/example_python_operator.py
[2025-04-11T12:54:52.224+0000] {logging_mixin.py:188} INFO - [2025-04-11T12:54:52.224+0000] {dag.py:3036} INFO - Sync 1 DAGs
[2025-04-11T12:54:52.228+0000] {logging_mixin.py:188} INFO - [2025-04-11T12:54:52.228+0000] {dag.py:3823} INFO - Setting next_dagrun for example_python_operator to None, run_after=None
[2025-04-11T12:54:52.235+0000] {processor.py:183} INFO - Processing /home/airflow/.local/lib/python3.8/site-packages/airflow/example_dags/example_python_operator.py took 0.028 seconds
[2025-04-11T12:55:22.495+0000] {processor.py:161} INFO - Started process (PID=1242) to work on /home/airflow/.local/lib/python3.8/site-packages/airflow/example_dags/example_python_operator.py
[2025-04-11T12:55:22.497+0000] {processor.py:830} INFO - Processing file /home/airflow/.local/lib/python3.8/site-packages/airflow/example_dags/example_python_operator.py for tasks to queue
[2025-04-11T12:55:22.500+0000] {logging_mixin.py:188} INFO - [2025-04-11T12:55:22.499+0000] {dagbag.py:538} INFO - Filling up the DagBag from /home/airflow/.local/lib/python3.8/site-packages/airflow/example_dags/example_python_operator.py
[2025-04-11T12:55:22.505+0000] {processor.py:840} INFO - DAG(s) 'example_python_operator' retrieved from /home/airflow/.local/lib/python3.8/site-packages/airflow/example_dags/example_python_operator.py
[2025-04-11T12:55:22.515+0000] {logging_mixin.py:188} INFO - [2025-04-11T12:55:22.515+0000] {dag.py:3036} INFO - Sync 1 DAGs
[2025-04-11T12:55:22.520+0000] {logging_mixin.py:188} INFO - [2025-04-11T12:55:22.520+0000] {dag.py:3823} INFO - Setting next_dagrun for example_python_operator to None, run_after=None
[2025-04-11T12:55:22.528+0000] {processor.py:183} INFO - Processing /home/airflow/.local/lib/python3.8/site-packages/airflow/example_dags/example_python_operator.py took 0.034 seconds
