[2025-04-11T12:44:45.238+0000] {processor.py:161} INFO - Started process (PID=72) to work on /home/airflow/.local/lib/python3.8/site-packages/airflow/example_dags/example_latest_only_with_trigger.py
[2025-04-11T12:44:45.238+0000] {processor.py:830} INFO - Processing file /home/airflow/.local/lib/python3.8/site-packages/airflow/example_dags/example_latest_only_with_trigger.py for tasks to queue
[2025-04-11T12:44:45.239+0000] {logging_mixin.py:188} INFO - [2025-04-11T12:44:45.239+0000] {dagbag.py:538} INFO - Filling up the DagBag from /home/airflow/.local/lib/python3.8/site-packages/airflow/example_dags/example_latest_only_with_trigger.py
[2025-04-11T12:44:45.243+0000] {processor.py:840} INFO - DAG(s) 'latest_only_with_trigger' retrieved from /home/airflow/.local/lib/python3.8/site-packages/airflow/example_dags/example_latest_only_with_trigger.py
[2025-04-11T12:44:45.250+0000] {logging_mixin.py:188} INFO - [2025-04-11T12:44:45.250+0000] {dag.py:3036} INFO - Sync 1 DAGs
[2025-04-11T12:44:45.264+0000] {logging_mixin.py:188} INFO - [2025-04-11T12:44:45.263+0000] {dag.py:3823} INFO - Setting next_dagrun for latest_only_with_trigger to 2025-04-11 08:00:00+00:00, run_after=2025-04-11 12:00:00+00:00
[2025-04-11T12:44:45.276+0000] {processor.py:183} INFO - Processing /home/airflow/.local/lib/python3.8/site-packages/airflow/example_dags/example_latest_only_with_trigger.py took 0.041 seconds
[2025-04-11T12:45:15.560+0000] {processor.py:161} INFO - Started process (PID=129) to work on /home/airflow/.local/lib/python3.8/site-packages/airflow/example_dags/example_latest_only_with_trigger.py
[2025-04-11T12:45:15.563+0000] {processor.py:830} INFO - Processing file /home/airflow/.local/lib/python3.8/site-packages/airflow/example_dags/example_latest_only_with_trigger.py for tasks to queue
[2025-04-11T12:45:15.565+0000] {logging_mixin.py:188} INFO - [2025-04-11T12:45:15.565+0000] {dagbag.py:538} INFO - Filling up the DagBag from /home/airflow/.local/lib/python3.8/site-packages/airflow/example_dags/example_latest_only_with_trigger.py
[2025-04-11T12:45:15.568+0000] {processor.py:840} INFO - DAG(s) 'latest_only_with_trigger' retrieved from /home/airflow/.local/lib/python3.8/site-packages/airflow/example_dags/example_latest_only_with_trigger.py
[2025-04-11T12:45:15.607+0000] {logging_mixin.py:188} INFO - [2025-04-11T12:45:15.607+0000] {dag.py:3036} INFO - Sync 1 DAGs
[2025-04-11T12:45:15.615+0000] {logging_mixin.py:188} INFO - [2025-04-11T12:45:15.615+0000] {dag.py:3823} INFO - Setting next_dagrun for latest_only_with_trigger to 2025-04-11 08:00:00+00:00, run_after=2025-04-11 12:00:00+00:00
[2025-04-11T12:45:15.624+0000] {processor.py:183} INFO - Processing /home/airflow/.local/lib/python3.8/site-packages/airflow/example_dags/example_latest_only_with_trigger.py took 0.066 seconds
[2025-04-11T12:45:46.542+0000] {processor.py:161} INFO - Started process (PID=185) to work on /home/airflow/.local/lib/python3.8/site-packages/airflow/example_dags/example_latest_only_with_trigger.py
[2025-04-11T12:45:46.542+0000] {processor.py:830} INFO - Processing file /home/airflow/.local/lib/python3.8/site-packages/airflow/example_dags/example_latest_only_with_trigger.py for tasks to queue
[2025-04-11T12:45:46.546+0000] {logging_mixin.py:188} INFO - [2025-04-11T12:45:46.546+0000] {dagbag.py:538} INFO - Filling up the DagBag from /home/airflow/.local/lib/python3.8/site-packages/airflow/example_dags/example_latest_only_with_trigger.py
[2025-04-11T12:45:46.549+0000] {processor.py:840} INFO - DAG(s) 'latest_only_with_trigger' retrieved from /home/airflow/.local/lib/python3.8/site-packages/airflow/example_dags/example_latest_only_with_trigger.py
[2025-04-11T12:45:46.561+0000] {logging_mixin.py:188} INFO - [2025-04-11T12:45:46.561+0000] {dag.py:3036} INFO - Sync 1 DAGs
[2025-04-11T12:45:46.569+0000] {logging_mixin.py:188} INFO - [2025-04-11T12:45:46.569+0000] {dag.py:3823} INFO - Setting next_dagrun for latest_only_with_trigger to 2025-04-11 08:00:00+00:00, run_after=2025-04-11 12:00:00+00:00
[2025-04-11T12:45:46.576+0000] {processor.py:183} INFO - Processing /home/airflow/.local/lib/python3.8/site-packages/airflow/example_dags/example_latest_only_with_trigger.py took 0.035 seconds
[2025-04-11T12:46:17.065+0000] {processor.py:161} INFO - Started process (PID=240) to work on /home/airflow/.local/lib/python3.8/site-packages/airflow/example_dags/example_latest_only_with_trigger.py
[2025-04-11T12:46:17.065+0000] {processor.py:830} INFO - Processing file /home/airflow/.local/lib/python3.8/site-packages/airflow/example_dags/example_latest_only_with_trigger.py for tasks to queue
[2025-04-11T12:46:17.066+0000] {logging_mixin.py:188} INFO - [2025-04-11T12:46:17.066+0000] {dagbag.py:538} INFO - Filling up the DagBag from /home/airflow/.local/lib/python3.8/site-packages/airflow/example_dags/example_latest_only_with_trigger.py
[2025-04-11T12:46:17.069+0000] {processor.py:840} INFO - DAG(s) 'latest_only_with_trigger' retrieved from /home/airflow/.local/lib/python3.8/site-packages/airflow/example_dags/example_latest_only_with_trigger.py
[2025-04-11T12:46:17.078+0000] {logging_mixin.py:188} INFO - [2025-04-11T12:46:17.078+0000] {dag.py:3036} INFO - Sync 1 DAGs
[2025-04-11T12:46:17.090+0000] {logging_mixin.py:188} INFO - [2025-04-11T12:46:17.090+0000] {dag.py:3823} INFO - Setting next_dagrun for latest_only_with_trigger to 2025-04-11 08:00:00+00:00, run_after=2025-04-11 12:00:00+00:00
[2025-04-11T12:46:17.099+0000] {processor.py:183} INFO - Processing /home/airflow/.local/lib/python3.8/site-packages/airflow/example_dags/example_latest_only_with_trigger.py took 0.036 seconds
[2025-04-11T12:46:47.636+0000] {processor.py:161} INFO - Started process (PID=296) to work on /home/airflow/.local/lib/python3.8/site-packages/airflow/example_dags/example_latest_only_with_trigger.py
[2025-04-11T12:46:47.637+0000] {processor.py:830} INFO - Processing file /home/airflow/.local/lib/python3.8/site-packages/airflow/example_dags/example_latest_only_with_trigger.py for tasks to queue
[2025-04-11T12:46:47.637+0000] {logging_mixin.py:188} INFO - [2025-04-11T12:46:47.637+0000] {dagbag.py:538} INFO - Filling up the DagBag from /home/airflow/.local/lib/python3.8/site-packages/airflow/example_dags/example_latest_only_with_trigger.py
[2025-04-11T12:46:47.643+0000] {processor.py:840} INFO - DAG(s) 'latest_only_with_trigger' retrieved from /home/airflow/.local/lib/python3.8/site-packages/airflow/example_dags/example_latest_only_with_trigger.py
[2025-04-11T12:46:47.653+0000] {logging_mixin.py:188} INFO - [2025-04-11T12:46:47.653+0000] {dag.py:3036} INFO - Sync 1 DAGs
[2025-04-11T12:46:47.665+0000] {logging_mixin.py:188} INFO - [2025-04-11T12:46:47.665+0000] {dag.py:3823} INFO - Setting next_dagrun for latest_only_with_trigger to 2025-04-11 08:00:00+00:00, run_after=2025-04-11 12:00:00+00:00
[2025-04-11T12:46:47.673+0000] {processor.py:183} INFO - Processing /home/airflow/.local/lib/python3.8/site-packages/airflow/example_dags/example_latest_only_with_trigger.py took 0.039 seconds
[2025-04-11T12:47:18.014+0000] {processor.py:161} INFO - Started process (PID=358) to work on /home/airflow/.local/lib/python3.8/site-packages/airflow/example_dags/example_latest_only_with_trigger.py
[2025-04-11T12:47:18.015+0000] {processor.py:830} INFO - Processing file /home/airflow/.local/lib/python3.8/site-packages/airflow/example_dags/example_latest_only_with_trigger.py for tasks to queue
[2025-04-11T12:47:18.017+0000] {logging_mixin.py:188} INFO - [2025-04-11T12:47:18.017+0000] {dagbag.py:538} INFO - Filling up the DagBag from /home/airflow/.local/lib/python3.8/site-packages/airflow/example_dags/example_latest_only_with_trigger.py
[2025-04-11T12:47:18.020+0000] {processor.py:840} INFO - DAG(s) 'latest_only_with_trigger' retrieved from /home/airflow/.local/lib/python3.8/site-packages/airflow/example_dags/example_latest_only_with_trigger.py
[2025-04-11T12:47:18.030+0000] {logging_mixin.py:188} INFO - [2025-04-11T12:47:18.029+0000] {dag.py:3036} INFO - Sync 1 DAGs
[2025-04-11T12:47:18.039+0000] {logging_mixin.py:188} INFO - [2025-04-11T12:47:18.039+0000] {dag.py:3823} INFO - Setting next_dagrun for latest_only_with_trigger to 2025-04-11 08:00:00+00:00, run_after=2025-04-11 12:00:00+00:00
[2025-04-11T12:47:18.050+0000] {processor.py:183} INFO - Processing /home/airflow/.local/lib/python3.8/site-packages/airflow/example_dags/example_latest_only_with_trigger.py took 0.038 seconds
[2025-04-11T12:47:48.503+0000] {processor.py:161} INFO - Started process (PID=414) to work on /home/airflow/.local/lib/python3.8/site-packages/airflow/example_dags/example_latest_only_with_trigger.py
[2025-04-11T12:47:48.504+0000] {processor.py:830} INFO - Processing file /home/airflow/.local/lib/python3.8/site-packages/airflow/example_dags/example_latest_only_with_trigger.py for tasks to queue
[2025-04-11T12:47:48.505+0000] {logging_mixin.py:188} INFO - [2025-04-11T12:47:48.505+0000] {dagbag.py:538} INFO - Filling up the DagBag from /home/airflow/.local/lib/python3.8/site-packages/airflow/example_dags/example_latest_only_with_trigger.py
[2025-04-11T12:47:48.508+0000] {processor.py:840} INFO - DAG(s) 'latest_only_with_trigger' retrieved from /home/airflow/.local/lib/python3.8/site-packages/airflow/example_dags/example_latest_only_with_trigger.py
[2025-04-11T12:47:48.518+0000] {logging_mixin.py:188} INFO - [2025-04-11T12:47:48.518+0000] {dag.py:3036} INFO - Sync 1 DAGs
[2025-04-11T12:47:48.526+0000] {logging_mixin.py:188} INFO - [2025-04-11T12:47:48.526+0000] {dag.py:3823} INFO - Setting next_dagrun for latest_only_with_trigger to 2025-04-11 08:00:00+00:00, run_after=2025-04-11 12:00:00+00:00
[2025-04-11T12:47:48.534+0000] {processor.py:183} INFO - Processing /home/airflow/.local/lib/python3.8/site-packages/airflow/example_dags/example_latest_only_with_trigger.py took 0.033 seconds
[2025-04-11T12:48:18.831+0000] {processor.py:161} INFO - Started process (PID=470) to work on /home/airflow/.local/lib/python3.8/site-packages/airflow/example_dags/example_latest_only_with_trigger.py
[2025-04-11T12:48:18.832+0000] {processor.py:830} INFO - Processing file /home/airflow/.local/lib/python3.8/site-packages/airflow/example_dags/example_latest_only_with_trigger.py for tasks to queue
[2025-04-11T12:48:18.832+0000] {logging_mixin.py:188} INFO - [2025-04-11T12:48:18.832+0000] {dagbag.py:538} INFO - Filling up the DagBag from /home/airflow/.local/lib/python3.8/site-packages/airflow/example_dags/example_latest_only_with_trigger.py
[2025-04-11T12:48:18.835+0000] {processor.py:840} INFO - DAG(s) 'latest_only_with_trigger' retrieved from /home/airflow/.local/lib/python3.8/site-packages/airflow/example_dags/example_latest_only_with_trigger.py
[2025-04-11T12:48:18.844+0000] {logging_mixin.py:188} INFO - [2025-04-11T12:48:18.844+0000] {dag.py:3036} INFO - Sync 1 DAGs
[2025-04-11T12:48:18.852+0000] {logging_mixin.py:188} INFO - [2025-04-11T12:48:18.852+0000] {dag.py:3823} INFO - Setting next_dagrun for latest_only_with_trigger to 2025-04-11 08:00:00+00:00, run_after=2025-04-11 12:00:00+00:00
[2025-04-11T12:48:18.860+0000] {processor.py:183} INFO - Processing /home/airflow/.local/lib/python3.8/site-packages/airflow/example_dags/example_latest_only_with_trigger.py took 0.031 seconds
[2025-04-11T12:48:48.989+0000] {processor.py:161} INFO - Started process (PID=526) to work on /home/airflow/.local/lib/python3.8/site-packages/airflow/example_dags/example_latest_only_with_trigger.py
[2025-04-11T12:48:48.990+0000] {processor.py:830} INFO - Processing file /home/airflow/.local/lib/python3.8/site-packages/airflow/example_dags/example_latest_only_with_trigger.py for tasks to queue
[2025-04-11T12:48:48.990+0000] {logging_mixin.py:188} INFO - [2025-04-11T12:48:48.990+0000] {dagbag.py:538} INFO - Filling up the DagBag from /home/airflow/.local/lib/python3.8/site-packages/airflow/example_dags/example_latest_only_with_trigger.py
[2025-04-11T12:48:48.993+0000] {processor.py:840} INFO - DAG(s) 'latest_only_with_trigger' retrieved from /home/airflow/.local/lib/python3.8/site-packages/airflow/example_dags/example_latest_only_with_trigger.py
[2025-04-11T12:48:49.002+0000] {logging_mixin.py:188} INFO - [2025-04-11T12:48:49.002+0000] {dag.py:3036} INFO - Sync 1 DAGs
[2025-04-11T12:48:49.011+0000] {logging_mixin.py:188} INFO - [2025-04-11T12:48:49.010+0000] {dag.py:3823} INFO - Setting next_dagrun for latest_only_with_trigger to 2025-04-11 08:00:00+00:00, run_after=2025-04-11 12:00:00+00:00
[2025-04-11T12:48:49.017+0000] {processor.py:183} INFO - Processing /home/airflow/.local/lib/python3.8/site-packages/airflow/example_dags/example_latest_only_with_trigger.py took 0.029 seconds
[2025-04-11T12:49:19.274+0000] {processor.py:161} INFO - Started process (PID=582) to work on /home/airflow/.local/lib/python3.8/site-packages/airflow/example_dags/example_latest_only_with_trigger.py
[2025-04-11T12:49:19.274+0000] {processor.py:830} INFO - Processing file /home/airflow/.local/lib/python3.8/site-packages/airflow/example_dags/example_latest_only_with_trigger.py for tasks to queue
[2025-04-11T12:49:19.275+0000] {logging_mixin.py:188} INFO - [2025-04-11T12:49:19.275+0000] {dagbag.py:538} INFO - Filling up the DagBag from /home/airflow/.local/lib/python3.8/site-packages/airflow/example_dags/example_latest_only_with_trigger.py
[2025-04-11T12:49:19.278+0000] {processor.py:840} INFO - DAG(s) 'latest_only_with_trigger' retrieved from /home/airflow/.local/lib/python3.8/site-packages/airflow/example_dags/example_latest_only_with_trigger.py
[2025-04-11T12:49:19.287+0000] {logging_mixin.py:188} INFO - [2025-04-11T12:49:19.287+0000] {dag.py:3036} INFO - Sync 1 DAGs
[2025-04-11T12:49:19.296+0000] {logging_mixin.py:188} INFO - [2025-04-11T12:49:19.296+0000] {dag.py:3823} INFO - Setting next_dagrun for latest_only_with_trigger to 2025-04-11 08:00:00+00:00, run_after=2025-04-11 12:00:00+00:00
[2025-04-11T12:49:19.303+0000] {processor.py:183} INFO - Processing /home/airflow/.local/lib/python3.8/site-packages/airflow/example_dags/example_latest_only_with_trigger.py took 0.031 seconds
[2025-04-11T12:49:49.637+0000] {processor.py:161} INFO - Started process (PID=638) to work on /home/airflow/.local/lib/python3.8/site-packages/airflow/example_dags/example_latest_only_with_trigger.py
[2025-04-11T12:49:49.637+0000] {processor.py:830} INFO - Processing file /home/airflow/.local/lib/python3.8/site-packages/airflow/example_dags/example_latest_only_with_trigger.py for tasks to queue
[2025-04-11T12:49:49.638+0000] {logging_mixin.py:188} INFO - [2025-04-11T12:49:49.638+0000] {dagbag.py:538} INFO - Filling up the DagBag from /home/airflow/.local/lib/python3.8/site-packages/airflow/example_dags/example_latest_only_with_trigger.py
[2025-04-11T12:49:49.641+0000] {processor.py:840} INFO - DAG(s) 'latest_only_with_trigger' retrieved from /home/airflow/.local/lib/python3.8/site-packages/airflow/example_dags/example_latest_only_with_trigger.py
[2025-04-11T12:49:49.651+0000] {logging_mixin.py:188} INFO - [2025-04-11T12:49:49.650+0000] {dag.py:3036} INFO - Sync 1 DAGs
[2025-04-11T12:49:49.659+0000] {logging_mixin.py:188} INFO - [2025-04-11T12:49:49.658+0000] {dag.py:3823} INFO - Setting next_dagrun for latest_only_with_trigger to 2025-04-11 08:00:00+00:00, run_after=2025-04-11 12:00:00+00:00
[2025-04-11T12:49:49.669+0000] {processor.py:183} INFO - Processing /home/airflow/.local/lib/python3.8/site-packages/airflow/example_dags/example_latest_only_with_trigger.py took 0.034 seconds
[2025-04-11T12:50:20.041+0000] {processor.py:161} INFO - Started process (PID=694) to work on /home/airflow/.local/lib/python3.8/site-packages/airflow/example_dags/example_latest_only_with_trigger.py
[2025-04-11T12:50:20.041+0000] {processor.py:830} INFO - Processing file /home/airflow/.local/lib/python3.8/site-packages/airflow/example_dags/example_latest_only_with_trigger.py for tasks to queue
[2025-04-11T12:50:20.042+0000] {logging_mixin.py:188} INFO - [2025-04-11T12:50:20.042+0000] {dagbag.py:538} INFO - Filling up the DagBag from /home/airflow/.local/lib/python3.8/site-packages/airflow/example_dags/example_latest_only_with_trigger.py
[2025-04-11T12:50:20.045+0000] {processor.py:840} INFO - DAG(s) 'latest_only_with_trigger' retrieved from /home/airflow/.local/lib/python3.8/site-packages/airflow/example_dags/example_latest_only_with_trigger.py
[2025-04-11T12:50:20.054+0000] {logging_mixin.py:188} INFO - [2025-04-11T12:50:20.054+0000] {dag.py:3036} INFO - Sync 1 DAGs
[2025-04-11T12:50:20.063+0000] {logging_mixin.py:188} INFO - [2025-04-11T12:50:20.063+0000] {dag.py:3823} INFO - Setting next_dagrun for latest_only_with_trigger to 2025-04-11 08:00:00+00:00, run_after=2025-04-11 12:00:00+00:00
[2025-04-11T12:50:20.071+0000] {processor.py:183} INFO - Processing /home/airflow/.local/lib/python3.8/site-packages/airflow/example_dags/example_latest_only_with_trigger.py took 0.032 seconds
[2025-04-11T12:50:50.584+0000] {processor.py:161} INFO - Started process (PID=750) to work on /home/airflow/.local/lib/python3.8/site-packages/airflow/example_dags/example_latest_only_with_trigger.py
[2025-04-11T12:50:50.585+0000] {processor.py:830} INFO - Processing file /home/airflow/.local/lib/python3.8/site-packages/airflow/example_dags/example_latest_only_with_trigger.py for tasks to queue
[2025-04-11T12:50:50.586+0000] {logging_mixin.py:188} INFO - [2025-04-11T12:50:50.586+0000] {dagbag.py:538} INFO - Filling up the DagBag from /home/airflow/.local/lib/python3.8/site-packages/airflow/example_dags/example_latest_only_with_trigger.py
[2025-04-11T12:50:50.588+0000] {processor.py:840} INFO - DAG(s) 'latest_only_with_trigger' retrieved from /home/airflow/.local/lib/python3.8/site-packages/airflow/example_dags/example_latest_only_with_trigger.py
[2025-04-11T12:50:50.597+0000] {logging_mixin.py:188} INFO - [2025-04-11T12:50:50.597+0000] {dag.py:3036} INFO - Sync 1 DAGs
[2025-04-11T12:50:50.606+0000] {logging_mixin.py:188} INFO - [2025-04-11T12:50:50.606+0000] {dag.py:3823} INFO - Setting next_dagrun for latest_only_with_trigger to 2025-04-11 08:00:00+00:00, run_after=2025-04-11 12:00:00+00:00
[2025-04-11T12:50:50.614+0000] {processor.py:183} INFO - Processing /home/airflow/.local/lib/python3.8/site-packages/airflow/example_dags/example_latest_only_with_trigger.py took 0.032 seconds
[2025-04-11T12:51:21.077+0000] {processor.py:161} INFO - Started process (PID=806) to work on /home/airflow/.local/lib/python3.8/site-packages/airflow/example_dags/example_latest_only_with_trigger.py
[2025-04-11T12:51:21.081+0000] {processor.py:830} INFO - Processing file /home/airflow/.local/lib/python3.8/site-packages/airflow/example_dags/example_latest_only_with_trigger.py for tasks to queue
[2025-04-11T12:51:21.082+0000] {logging_mixin.py:188} INFO - [2025-04-11T12:51:21.082+0000] {dagbag.py:538} INFO - Filling up the DagBag from /home/airflow/.local/lib/python3.8/site-packages/airflow/example_dags/example_latest_only_with_trigger.py
[2025-04-11T12:51:21.085+0000] {processor.py:840} INFO - DAG(s) 'latest_only_with_trigger' retrieved from /home/airflow/.local/lib/python3.8/site-packages/airflow/example_dags/example_latest_only_with_trigger.py
[2025-04-11T12:51:21.094+0000] {logging_mixin.py:188} INFO - [2025-04-11T12:51:21.094+0000] {dag.py:3036} INFO - Sync 1 DAGs
[2025-04-11T12:51:21.103+0000] {logging_mixin.py:188} INFO - [2025-04-11T12:51:21.103+0000] {dag.py:3823} INFO - Setting next_dagrun for latest_only_with_trigger to 2025-04-11 08:00:00+00:00, run_after=2025-04-11 12:00:00+00:00
[2025-04-11T12:51:21.109+0000] {processor.py:183} INFO - Processing /home/airflow/.local/lib/python3.8/site-packages/airflow/example_dags/example_latest_only_with_trigger.py took 0.034 seconds
[2025-04-11T12:51:51.571+0000] {processor.py:161} INFO - Started process (PID=862) to work on /home/airflow/.local/lib/python3.8/site-packages/airflow/example_dags/example_latest_only_with_trigger.py
[2025-04-11T12:51:51.572+0000] {processor.py:830} INFO - Processing file /home/airflow/.local/lib/python3.8/site-packages/airflow/example_dags/example_latest_only_with_trigger.py for tasks to queue
[2025-04-11T12:51:51.573+0000] {logging_mixin.py:188} INFO - [2025-04-11T12:51:51.573+0000] {dagbag.py:538} INFO - Filling up the DagBag from /home/airflow/.local/lib/python3.8/site-packages/airflow/example_dags/example_latest_only_with_trigger.py
[2025-04-11T12:51:51.576+0000] {processor.py:840} INFO - DAG(s) 'latest_only_with_trigger' retrieved from /home/airflow/.local/lib/python3.8/site-packages/airflow/example_dags/example_latest_only_with_trigger.py
[2025-04-11T12:51:51.586+0000] {logging_mixin.py:188} INFO - [2025-04-11T12:51:51.586+0000] {dag.py:3036} INFO - Sync 1 DAGs
[2025-04-11T12:51:51.595+0000] {logging_mixin.py:188} INFO - [2025-04-11T12:51:51.595+0000] {dag.py:3823} INFO - Setting next_dagrun for latest_only_with_trigger to 2025-04-11 08:00:00+00:00, run_after=2025-04-11 12:00:00+00:00
[2025-04-11T12:51:51.605+0000] {processor.py:183} INFO - Processing /home/airflow/.local/lib/python3.8/site-packages/airflow/example_dags/example_latest_only_with_trigger.py took 0.035 seconds
[2025-04-11T12:52:22.043+0000] {processor.py:161} INFO - Started process (PID=917) to work on /home/airflow/.local/lib/python3.8/site-packages/airflow/example_dags/example_latest_only_with_trigger.py
[2025-04-11T12:52:22.044+0000] {processor.py:830} INFO - Processing file /home/airflow/.local/lib/python3.8/site-packages/airflow/example_dags/example_latest_only_with_trigger.py for tasks to queue
[2025-04-11T12:52:22.045+0000] {logging_mixin.py:188} INFO - [2025-04-11T12:52:22.045+0000] {dagbag.py:538} INFO - Filling up the DagBag from /home/airflow/.local/lib/python3.8/site-packages/airflow/example_dags/example_latest_only_with_trigger.py
[2025-04-11T12:52:22.049+0000] {processor.py:840} INFO - DAG(s) 'latest_only_with_trigger' retrieved from /home/airflow/.local/lib/python3.8/site-packages/airflow/example_dags/example_latest_only_with_trigger.py
[2025-04-11T12:52:22.061+0000] {logging_mixin.py:188} INFO - [2025-04-11T12:52:22.061+0000] {dag.py:3036} INFO - Sync 1 DAGs
[2025-04-11T12:52:22.069+0000] {logging_mixin.py:188} INFO - [2025-04-11T12:52:22.069+0000] {dag.py:3823} INFO - Setting next_dagrun for latest_only_with_trigger to 2025-04-11 08:00:00+00:00, run_after=2025-04-11 12:00:00+00:00
[2025-04-11T12:52:22.079+0000] {processor.py:183} INFO - Processing /home/airflow/.local/lib/python3.8/site-packages/airflow/example_dags/example_latest_only_with_trigger.py took 0.037 seconds
[2025-04-11T12:52:52.395+0000] {processor.py:161} INFO - Started process (PID=973) to work on /home/airflow/.local/lib/python3.8/site-packages/airflow/example_dags/example_latest_only_with_trigger.py
[2025-04-11T12:52:52.395+0000] {processor.py:830} INFO - Processing file /home/airflow/.local/lib/python3.8/site-packages/airflow/example_dags/example_latest_only_with_trigger.py for tasks to queue
[2025-04-11T12:52:52.397+0000] {logging_mixin.py:188} INFO - [2025-04-11T12:52:52.397+0000] {dagbag.py:538} INFO - Filling up the DagBag from /home/airflow/.local/lib/python3.8/site-packages/airflow/example_dags/example_latest_only_with_trigger.py
[2025-04-11T12:52:52.401+0000] {processor.py:840} INFO - DAG(s) 'latest_only_with_trigger' retrieved from /home/airflow/.local/lib/python3.8/site-packages/airflow/example_dags/example_latest_only_with_trigger.py
[2025-04-11T12:52:52.415+0000] {logging_mixin.py:188} INFO - [2025-04-11T12:52:52.415+0000] {dag.py:3036} INFO - Sync 1 DAGs
[2025-04-11T12:52:52.427+0000] {logging_mixin.py:188} INFO - [2025-04-11T12:52:52.426+0000] {dag.py:3823} INFO - Setting next_dagrun for latest_only_with_trigger to 2025-04-11 08:00:00+00:00, run_after=2025-04-11 12:00:00+00:00
[2025-04-11T12:52:52.436+0000] {processor.py:183} INFO - Processing /home/airflow/.local/lib/python3.8/site-packages/airflow/example_dags/example_latest_only_with_trigger.py took 0.044 seconds
[2025-04-11T12:53:22.712+0000] {processor.py:161} INFO - Started process (PID=1029) to work on /home/airflow/.local/lib/python3.8/site-packages/airflow/example_dags/example_latest_only_with_trigger.py
[2025-04-11T12:53:22.712+0000] {processor.py:830} INFO - Processing file /home/airflow/.local/lib/python3.8/site-packages/airflow/example_dags/example_latest_only_with_trigger.py for tasks to queue
[2025-04-11T12:53:22.713+0000] {logging_mixin.py:188} INFO - [2025-04-11T12:53:22.713+0000] {dagbag.py:538} INFO - Filling up the DagBag from /home/airflow/.local/lib/python3.8/site-packages/airflow/example_dags/example_latest_only_with_trigger.py
[2025-04-11T12:53:22.716+0000] {processor.py:840} INFO - DAG(s) 'latest_only_with_trigger' retrieved from /home/airflow/.local/lib/python3.8/site-packages/airflow/example_dags/example_latest_only_with_trigger.py
[2025-04-11T12:53:22.724+0000] {logging_mixin.py:188} INFO - [2025-04-11T12:53:22.724+0000] {dag.py:3036} INFO - Sync 1 DAGs
[2025-04-11T12:53:22.731+0000] {logging_mixin.py:188} INFO - [2025-04-11T12:53:22.731+0000] {dag.py:3823} INFO - Setting next_dagrun for latest_only_with_trigger to 2025-04-11 08:00:00+00:00, run_after=2025-04-11 12:00:00+00:00
[2025-04-11T12:53:22.738+0000] {processor.py:183} INFO - Processing /home/airflow/.local/lib/python3.8/site-packages/airflow/example_dags/example_latest_only_with_trigger.py took 0.028 seconds
[2025-04-11T12:53:52.997+0000] {processor.py:161} INFO - Started process (PID=1085) to work on /home/airflow/.local/lib/python3.8/site-packages/airflow/example_dags/example_latest_only_with_trigger.py
[2025-04-11T12:53:52.997+0000] {processor.py:830} INFO - Processing file /home/airflow/.local/lib/python3.8/site-packages/airflow/example_dags/example_latest_only_with_trigger.py for tasks to queue
[2025-04-11T12:53:52.998+0000] {logging_mixin.py:188} INFO - [2025-04-11T12:53:52.998+0000] {dagbag.py:538} INFO - Filling up the DagBag from /home/airflow/.local/lib/python3.8/site-packages/airflow/example_dags/example_latest_only_with_trigger.py
[2025-04-11T12:53:53.001+0000] {processor.py:840} INFO - DAG(s) 'latest_only_with_trigger' retrieved from /home/airflow/.local/lib/python3.8/site-packages/airflow/example_dags/example_latest_only_with_trigger.py
[2025-04-11T12:53:53.010+0000] {logging_mixin.py:188} INFO - [2025-04-11T12:53:53.010+0000] {dag.py:3036} INFO - Sync 1 DAGs
[2025-04-11T12:53:53.019+0000] {logging_mixin.py:188} INFO - [2025-04-11T12:53:53.019+0000] {dag.py:3823} INFO - Setting next_dagrun for latest_only_with_trigger to 2025-04-11 08:00:00+00:00, run_after=2025-04-11 12:00:00+00:00
[2025-04-11T12:53:53.026+0000] {processor.py:183} INFO - Processing /home/airflow/.local/lib/python3.8/site-packages/airflow/example_dags/example_latest_only_with_trigger.py took 0.030 seconds
[2025-04-11T12:54:23.213+0000] {processor.py:161} INFO - Started process (PID=1141) to work on /home/airflow/.local/lib/python3.8/site-packages/airflow/example_dags/example_latest_only_with_trigger.py
[2025-04-11T12:54:23.213+0000] {processor.py:830} INFO - Processing file /home/airflow/.local/lib/python3.8/site-packages/airflow/example_dags/example_latest_only_with_trigger.py for tasks to queue
[2025-04-11T12:54:23.214+0000] {logging_mixin.py:188} INFO - [2025-04-11T12:54:23.214+0000] {dagbag.py:538} INFO - Filling up the DagBag from /home/airflow/.local/lib/python3.8/site-packages/airflow/example_dags/example_latest_only_with_trigger.py
[2025-04-11T12:54:23.217+0000] {processor.py:840} INFO - DAG(s) 'latest_only_with_trigger' retrieved from /home/airflow/.local/lib/python3.8/site-packages/airflow/example_dags/example_latest_only_with_trigger.py
[2025-04-11T12:54:23.225+0000] {logging_mixin.py:188} INFO - [2025-04-11T12:54:23.225+0000] {dag.py:3036} INFO - Sync 1 DAGs
[2025-04-11T12:54:23.234+0000] {logging_mixin.py:188} INFO - [2025-04-11T12:54:23.234+0000] {dag.py:3823} INFO - Setting next_dagrun for latest_only_with_trigger to 2025-04-11 08:00:00+00:00, run_after=2025-04-11 12:00:00+00:00
[2025-04-11T12:54:23.241+0000] {processor.py:183} INFO - Processing /home/airflow/.local/lib/python3.8/site-packages/airflow/example_dags/example_latest_only_with_trigger.py took 0.030 seconds
[2025-04-11T12:54:53.489+0000] {processor.py:161} INFO - Started process (PID=1197) to work on /home/airflow/.local/lib/python3.8/site-packages/airflow/example_dags/example_latest_only_with_trigger.py
[2025-04-11T12:54:53.490+0000] {processor.py:830} INFO - Processing file /home/airflow/.local/lib/python3.8/site-packages/airflow/example_dags/example_latest_only_with_trigger.py for tasks to queue
[2025-04-11T12:54:53.491+0000] {logging_mixin.py:188} INFO - [2025-04-11T12:54:53.490+0000] {dagbag.py:538} INFO - Filling up the DagBag from /home/airflow/.local/lib/python3.8/site-packages/airflow/example_dags/example_latest_only_with_trigger.py
[2025-04-11T12:54:53.493+0000] {processor.py:840} INFO - DAG(s) 'latest_only_with_trigger' retrieved from /home/airflow/.local/lib/python3.8/site-packages/airflow/example_dags/example_latest_only_with_trigger.py
[2025-04-11T12:54:53.503+0000] {logging_mixin.py:188} INFO - [2025-04-11T12:54:53.503+0000] {dag.py:3036} INFO - Sync 1 DAGs
[2025-04-11T12:54:53.512+0000] {logging_mixin.py:188} INFO - [2025-04-11T12:54:53.512+0000] {dag.py:3823} INFO - Setting next_dagrun for latest_only_with_trigger to 2025-04-11 08:00:00+00:00, run_after=2025-04-11 12:00:00+00:00
[2025-04-11T12:54:53.519+0000] {processor.py:183} INFO - Processing /home/airflow/.local/lib/python3.8/site-packages/airflow/example_dags/example_latest_only_with_trigger.py took 0.031 seconds
[2025-04-11T12:55:23.847+0000] {processor.py:161} INFO - Started process (PID=1253) to work on /home/airflow/.local/lib/python3.8/site-packages/airflow/example_dags/example_latest_only_with_trigger.py
[2025-04-11T12:55:23.847+0000] {processor.py:830} INFO - Processing file /home/airflow/.local/lib/python3.8/site-packages/airflow/example_dags/example_latest_only_with_trigger.py for tasks to queue
[2025-04-11T12:55:23.848+0000] {logging_mixin.py:188} INFO - [2025-04-11T12:55:23.848+0000] {dagbag.py:538} INFO - Filling up the DagBag from /home/airflow/.local/lib/python3.8/site-packages/airflow/example_dags/example_latest_only_with_trigger.py
[2025-04-11T12:55:23.850+0000] {processor.py:840} INFO - DAG(s) 'latest_only_with_trigger' retrieved from /home/airflow/.local/lib/python3.8/site-packages/airflow/example_dags/example_latest_only_with_trigger.py
[2025-04-11T12:55:23.861+0000] {logging_mixin.py:188} INFO - [2025-04-11T12:55:23.861+0000] {dag.py:3036} INFO - Sync 1 DAGs
[2025-04-11T12:55:23.873+0000] {logging_mixin.py:188} INFO - [2025-04-11T12:55:23.873+0000] {dag.py:3823} INFO - Setting next_dagrun for latest_only_with_trigger to 2025-04-11 08:00:00+00:00, run_after=2025-04-11 12:00:00+00:00
[2025-04-11T12:55:23.881+0000] {processor.py:183} INFO - Processing /home/airflow/.local/lib/python3.8/site-packages/airflow/example_dags/example_latest_only_with_trigger.py took 0.036 seconds
