[2025-04-11T12:44:44.651+0000] {processor.py:161} INFO - Started process (PID=52) to work on /home/airflow/.local/lib/python3.8/site-packages/airflow/example_dags/example_short_circuit_decorator.py
[2025-04-11T12:44:44.652+0000] {processor.py:830} INFO - Processing file /home/airflow/.local/lib/python3.8/site-packages/airflow/example_dags/example_short_circuit_decorator.py for tasks to queue
[2025-04-11T12:44:44.654+0000] {logging_mixin.py:188} INFO - [2025-04-11T12:44:44.654+0000] {dagbag.py:538} INFO - Filling up the DagBag from /home/airflow/.local/lib/python3.8/site-packages/airflow/example_dags/example_short_circuit_decorator.py
[2025-04-11T12:44:44.660+0000] {processor.py:840} INFO - DAG(s) 'example_short_circuit_decorator' retrieved from /home/airflow/.local/lib/python3.8/site-packages/airflow/example_dags/example_short_circuit_decorator.py
[2025-04-11T12:44:44.667+0000] {logging_mixin.py:188} INFO - [2025-04-11T12:44:44.667+0000] {dag.py:3036} INFO - Sync 1 DAGs
[2025-04-11T12:44:44.679+0000] {logging_mixin.py:188} INFO - [2025-04-11T12:44:44.679+0000] {dag.py:3823} INFO - Setting next_dagrun for example_short_circuit_decorator to 2025-04-10 00:00:00+00:00, run_after=2025-04-11 00:00:00+00:00
[2025-04-11T12:44:44.690+0000] {processor.py:183} INFO - Processing /home/airflow/.local/lib/python3.8/site-packages/airflow/example_dags/example_short_circuit_decorator.py took 0.041 seconds
[2025-04-11T12:45:14.769+0000] {processor.py:161} INFO - Started process (PID=109) to work on /home/airflow/.local/lib/python3.8/site-packages/airflow/example_dags/example_short_circuit_decorator.py
[2025-04-11T12:45:14.769+0000] {processor.py:830} INFO - Processing file /home/airflow/.local/lib/python3.8/site-packages/airflow/example_dags/example_short_circuit_decorator.py for tasks to queue
[2025-04-11T12:45:14.772+0000] {logging_mixin.py:188} INFO - [2025-04-11T12:45:14.772+0000] {dagbag.py:538} INFO - Filling up the DagBag from /home/airflow/.local/lib/python3.8/site-packages/airflow/example_dags/example_short_circuit_decorator.py
[2025-04-11T12:45:14.776+0000] {processor.py:840} INFO - DAG(s) 'example_short_circuit_decorator' retrieved from /home/airflow/.local/lib/python3.8/site-packages/airflow/example_dags/example_short_circuit_decorator.py
[2025-04-11T12:45:14.818+0000] {logging_mixin.py:188} INFO - [2025-04-11T12:45:14.818+0000] {dag.py:3036} INFO - Sync 1 DAGs
[2025-04-11T12:45:14.829+0000] {logging_mixin.py:188} INFO - [2025-04-11T12:45:14.829+0000] {dag.py:3823} INFO - Setting next_dagrun for example_short_circuit_decorator to 2025-04-10 00:00:00+00:00, run_after=2025-04-11 00:00:00+00:00
[2025-04-11T12:45:14.839+0000] {processor.py:183} INFO - Processing /home/airflow/.local/lib/python3.8/site-packages/airflow/example_dags/example_short_circuit_decorator.py took 0.071 seconds
[2025-04-11T12:45:44.864+0000] {processor.py:161} INFO - Started process (PID=165) to work on /home/airflow/.local/lib/python3.8/site-packages/airflow/example_dags/example_short_circuit_decorator.py
[2025-04-11T12:45:44.865+0000] {processor.py:830} INFO - Processing file /home/airflow/.local/lib/python3.8/site-packages/airflow/example_dags/example_short_circuit_decorator.py for tasks to queue
[2025-04-11T12:45:44.865+0000] {logging_mixin.py:188} INFO - [2025-04-11T12:45:44.865+0000] {dagbag.py:538} INFO - Filling up the DagBag from /home/airflow/.local/lib/python3.8/site-packages/airflow/example_dags/example_short_circuit_decorator.py
[2025-04-11T12:45:44.869+0000] {processor.py:840} INFO - DAG(s) 'example_short_circuit_decorator' retrieved from /home/airflow/.local/lib/python3.8/site-packages/airflow/example_dags/example_short_circuit_decorator.py
[2025-04-11T12:45:44.879+0000] {logging_mixin.py:188} INFO - [2025-04-11T12:45:44.879+0000] {dag.py:3036} INFO - Sync 1 DAGs
[2025-04-11T12:45:44.887+0000] {logging_mixin.py:188} INFO - [2025-04-11T12:45:44.887+0000] {dag.py:3823} INFO - Setting next_dagrun for example_short_circuit_decorator to 2025-04-10 00:00:00+00:00, run_after=2025-04-11 00:00:00+00:00
[2025-04-11T12:45:44.894+0000] {processor.py:183} INFO - Processing /home/airflow/.local/lib/python3.8/site-packages/airflow/example_dags/example_short_circuit_decorator.py took 0.031 seconds
[2025-04-11T12:46:15.463+0000] {processor.py:161} INFO - Started process (PID=220) to work on /home/airflow/.local/lib/python3.8/site-packages/airflow/example_dags/example_short_circuit_decorator.py
[2025-04-11T12:46:15.465+0000] {processor.py:830} INFO - Processing file /home/airflow/.local/lib/python3.8/site-packages/airflow/example_dags/example_short_circuit_decorator.py for tasks to queue
[2025-04-11T12:46:15.466+0000] {logging_mixin.py:188} INFO - [2025-04-11T12:46:15.466+0000] {dagbag.py:538} INFO - Filling up the DagBag from /home/airflow/.local/lib/python3.8/site-packages/airflow/example_dags/example_short_circuit_decorator.py
[2025-04-11T12:46:15.470+0000] {processor.py:840} INFO - DAG(s) 'example_short_circuit_decorator' retrieved from /home/airflow/.local/lib/python3.8/site-packages/airflow/example_dags/example_short_circuit_decorator.py
[2025-04-11T12:46:15.482+0000] {logging_mixin.py:188} INFO - [2025-04-11T12:46:15.482+0000] {dag.py:3036} INFO - Sync 1 DAGs
[2025-04-11T12:46:15.492+0000] {logging_mixin.py:188} INFO - [2025-04-11T12:46:15.491+0000] {dag.py:3823} INFO - Setting next_dagrun for example_short_circuit_decorator to 2025-04-10 00:00:00+00:00, run_after=2025-04-11 00:00:00+00:00
[2025-04-11T12:46:15.501+0000] {processor.py:183} INFO - Processing /home/airflow/.local/lib/python3.8/site-packages/airflow/example_dags/example_short_circuit_decorator.py took 0.040 seconds
[2025-04-11T12:46:46.095+0000] {processor.py:161} INFO - Started process (PID=276) to work on /home/airflow/.local/lib/python3.8/site-packages/airflow/example_dags/example_short_circuit_decorator.py
[2025-04-11T12:46:46.099+0000] {processor.py:830} INFO - Processing file /home/airflow/.local/lib/python3.8/site-packages/airflow/example_dags/example_short_circuit_decorator.py for tasks to queue
[2025-04-11T12:46:46.100+0000] {logging_mixin.py:188} INFO - [2025-04-11T12:46:46.100+0000] {dagbag.py:538} INFO - Filling up the DagBag from /home/airflow/.local/lib/python3.8/site-packages/airflow/example_dags/example_short_circuit_decorator.py
[2025-04-11T12:46:46.105+0000] {processor.py:840} INFO - DAG(s) 'example_short_circuit_decorator' retrieved from /home/airflow/.local/lib/python3.8/site-packages/airflow/example_dags/example_short_circuit_decorator.py
[2025-04-11T12:46:46.117+0000] {logging_mixin.py:188} INFO - [2025-04-11T12:46:46.117+0000] {dag.py:3036} INFO - Sync 1 DAGs
[2025-04-11T12:46:46.127+0000] {logging_mixin.py:188} INFO - [2025-04-11T12:46:46.127+0000] {dag.py:3823} INFO - Setting next_dagrun for example_short_circuit_decorator to 2025-04-10 00:00:00+00:00, run_after=2025-04-11 00:00:00+00:00
[2025-04-11T12:46:46.135+0000] {processor.py:183} INFO - Processing /home/airflow/.local/lib/python3.8/site-packages/airflow/example_dags/example_short_circuit_decorator.py took 0.042 seconds
[2025-04-11T12:47:16.542+0000] {processor.py:161} INFO - Started process (PID=332) to work on /home/airflow/.local/lib/python3.8/site-packages/airflow/example_dags/example_short_circuit_decorator.py
[2025-04-11T12:47:16.546+0000] {processor.py:830} INFO - Processing file /home/airflow/.local/lib/python3.8/site-packages/airflow/example_dags/example_short_circuit_decorator.py for tasks to queue
[2025-04-11T12:47:16.548+0000] {logging_mixin.py:188} INFO - [2025-04-11T12:47:16.548+0000] {dagbag.py:538} INFO - Filling up the DagBag from /home/airflow/.local/lib/python3.8/site-packages/airflow/example_dags/example_short_circuit_decorator.py
[2025-04-11T12:47:16.552+0000] {processor.py:840} INFO - DAG(s) 'example_short_circuit_decorator' retrieved from /home/airflow/.local/lib/python3.8/site-packages/airflow/example_dags/example_short_circuit_decorator.py
[2025-04-11T12:47:16.562+0000] {logging_mixin.py:188} INFO - [2025-04-11T12:47:16.562+0000] {dag.py:3036} INFO - Sync 1 DAGs
[2025-04-11T12:47:16.572+0000] {logging_mixin.py:188} INFO - [2025-04-11T12:47:16.572+0000] {dag.py:3823} INFO - Setting next_dagrun for example_short_circuit_decorator to 2025-04-10 00:00:00+00:00, run_after=2025-04-11 00:00:00+00:00
[2025-04-11T12:47:16.581+0000] {processor.py:183} INFO - Processing /home/airflow/.local/lib/python3.8/site-packages/airflow/example_dags/example_short_circuit_decorator.py took 0.041 seconds
[2025-04-11T12:47:46.971+0000] {processor.py:161} INFO - Started process (PID=388) to work on /home/airflow/.local/lib/python3.8/site-packages/airflow/example_dags/example_short_circuit_decorator.py
[2025-04-11T12:47:46.974+0000] {processor.py:830} INFO - Processing file /home/airflow/.local/lib/python3.8/site-packages/airflow/example_dags/example_short_circuit_decorator.py for tasks to queue
[2025-04-11T12:47:46.975+0000] {logging_mixin.py:188} INFO - [2025-04-11T12:47:46.975+0000] {dagbag.py:538} INFO - Filling up the DagBag from /home/airflow/.local/lib/python3.8/site-packages/airflow/example_dags/example_short_circuit_decorator.py
[2025-04-11T12:47:46.981+0000] {processor.py:840} INFO - DAG(s) 'example_short_circuit_decorator' retrieved from /home/airflow/.local/lib/python3.8/site-packages/airflow/example_dags/example_short_circuit_decorator.py
[2025-04-11T12:47:46.996+0000] {logging_mixin.py:188} INFO - [2025-04-11T12:47:46.996+0000] {dag.py:3036} INFO - Sync 1 DAGs
[2025-04-11T12:47:47.006+0000] {logging_mixin.py:188} INFO - [2025-04-11T12:47:47.006+0000] {dag.py:3823} INFO - Setting next_dagrun for example_short_circuit_decorator to 2025-04-10 00:00:00+00:00, run_after=2025-04-11 00:00:00+00:00
[2025-04-11T12:47:47.015+0000] {processor.py:183} INFO - Processing /home/airflow/.local/lib/python3.8/site-packages/airflow/example_dags/example_short_circuit_decorator.py took 0.046 seconds
[2025-04-11T12:48:17.329+0000] {processor.py:161} INFO - Started process (PID=444) to work on /home/airflow/.local/lib/python3.8/site-packages/airflow/example_dags/example_short_circuit_decorator.py
[2025-04-11T12:48:17.331+0000] {processor.py:830} INFO - Processing file /home/airflow/.local/lib/python3.8/site-packages/airflow/example_dags/example_short_circuit_decorator.py for tasks to queue
[2025-04-11T12:48:17.332+0000] {logging_mixin.py:188} INFO - [2025-04-11T12:48:17.332+0000] {dagbag.py:538} INFO - Filling up the DagBag from /home/airflow/.local/lib/python3.8/site-packages/airflow/example_dags/example_short_circuit_decorator.py
[2025-04-11T12:48:17.336+0000] {processor.py:840} INFO - DAG(s) 'example_short_circuit_decorator' retrieved from /home/airflow/.local/lib/python3.8/site-packages/airflow/example_dags/example_short_circuit_decorator.py
[2025-04-11T12:48:17.347+0000] {logging_mixin.py:188} INFO - [2025-04-11T12:48:17.347+0000] {dag.py:3036} INFO - Sync 1 DAGs
[2025-04-11T12:48:17.356+0000] {logging_mixin.py:188} INFO - [2025-04-11T12:48:17.355+0000] {dag.py:3823} INFO - Setting next_dagrun for example_short_circuit_decorator to 2025-04-10 00:00:00+00:00, run_after=2025-04-11 00:00:00+00:00
[2025-04-11T12:48:17.363+0000] {processor.py:183} INFO - Processing /home/airflow/.local/lib/python3.8/site-packages/airflow/example_dags/example_short_circuit_decorator.py took 0.036 seconds
[2025-04-11T12:48:47.557+0000] {processor.py:161} INFO - Started process (PID=500) to work on /home/airflow/.local/lib/python3.8/site-packages/airflow/example_dags/example_short_circuit_decorator.py
[2025-04-11T12:48:47.557+0000] {processor.py:830} INFO - Processing file /home/airflow/.local/lib/python3.8/site-packages/airflow/example_dags/example_short_circuit_decorator.py for tasks to queue
[2025-04-11T12:48:47.558+0000] {logging_mixin.py:188} INFO - [2025-04-11T12:48:47.558+0000] {dagbag.py:538} INFO - Filling up the DagBag from /home/airflow/.local/lib/python3.8/site-packages/airflow/example_dags/example_short_circuit_decorator.py
[2025-04-11T12:48:47.562+0000] {processor.py:840} INFO - DAG(s) 'example_short_circuit_decorator' retrieved from /home/airflow/.local/lib/python3.8/site-packages/airflow/example_dags/example_short_circuit_decorator.py
[2025-04-11T12:48:47.572+0000] {logging_mixin.py:188} INFO - [2025-04-11T12:48:47.571+0000] {dag.py:3036} INFO - Sync 1 DAGs
[2025-04-11T12:48:47.580+0000] {logging_mixin.py:188} INFO - [2025-04-11T12:48:47.580+0000] {dag.py:3823} INFO - Setting next_dagrun for example_short_circuit_decorator to 2025-04-10 00:00:00+00:00, run_after=2025-04-11 00:00:00+00:00
[2025-04-11T12:48:47.586+0000] {processor.py:183} INFO - Processing /home/airflow/.local/lib/python3.8/site-packages/airflow/example_dags/example_short_circuit_decorator.py took 0.031 seconds
[2025-04-11T12:49:17.770+0000] {processor.py:161} INFO - Started process (PID=556) to work on /home/airflow/.local/lib/python3.8/site-packages/airflow/example_dags/example_short_circuit_decorator.py
[2025-04-11T12:49:17.770+0000] {processor.py:830} INFO - Processing file /home/airflow/.local/lib/python3.8/site-packages/airflow/example_dags/example_short_circuit_decorator.py for tasks to queue
[2025-04-11T12:49:17.771+0000] {logging_mixin.py:188} INFO - [2025-04-11T12:49:17.771+0000] {dagbag.py:538} INFO - Filling up the DagBag from /home/airflow/.local/lib/python3.8/site-packages/airflow/example_dags/example_short_circuit_decorator.py
[2025-04-11T12:49:17.774+0000] {processor.py:840} INFO - DAG(s) 'example_short_circuit_decorator' retrieved from /home/airflow/.local/lib/python3.8/site-packages/airflow/example_dags/example_short_circuit_decorator.py
[2025-04-11T12:49:17.784+0000] {logging_mixin.py:188} INFO - [2025-04-11T12:49:17.783+0000] {dag.py:3036} INFO - Sync 1 DAGs
[2025-04-11T12:49:17.792+0000] {logging_mixin.py:188} INFO - [2025-04-11T12:49:17.792+0000] {dag.py:3823} INFO - Setting next_dagrun for example_short_circuit_decorator to 2025-04-10 00:00:00+00:00, run_after=2025-04-11 00:00:00+00:00
[2025-04-11T12:49:17.798+0000] {processor.py:183} INFO - Processing /home/airflow/.local/lib/python3.8/site-packages/airflow/example_dags/example_short_circuit_decorator.py took 0.030 seconds
[2025-04-11T12:49:48.152+0000] {processor.py:161} INFO - Started process (PID=618) to work on /home/airflow/.local/lib/python3.8/site-packages/airflow/example_dags/example_short_circuit_decorator.py
[2025-04-11T12:49:48.155+0000] {processor.py:830} INFO - Processing file /home/airflow/.local/lib/python3.8/site-packages/airflow/example_dags/example_short_circuit_decorator.py for tasks to queue
[2025-04-11T12:49:48.155+0000] {logging_mixin.py:188} INFO - [2025-04-11T12:49:48.155+0000] {dagbag.py:538} INFO - Filling up the DagBag from /home/airflow/.local/lib/python3.8/site-packages/airflow/example_dags/example_short_circuit_decorator.py
[2025-04-11T12:49:48.159+0000] {processor.py:840} INFO - DAG(s) 'example_short_circuit_decorator' retrieved from /home/airflow/.local/lib/python3.8/site-packages/airflow/example_dags/example_short_circuit_decorator.py
[2025-04-11T12:49:48.169+0000] {logging_mixin.py:188} INFO - [2025-04-11T12:49:48.168+0000] {dag.py:3036} INFO - Sync 1 DAGs
[2025-04-11T12:49:48.177+0000] {logging_mixin.py:188} INFO - [2025-04-11T12:49:48.177+0000] {dag.py:3823} INFO - Setting next_dagrun for example_short_circuit_decorator to 2025-04-10 00:00:00+00:00, run_after=2025-04-11 00:00:00+00:00
[2025-04-11T12:49:48.184+0000] {processor.py:183} INFO - Processing /home/airflow/.local/lib/python3.8/site-packages/airflow/example_dags/example_short_circuit_decorator.py took 0.033 seconds
[2025-04-11T12:50:18.476+0000] {processor.py:161} INFO - Started process (PID=674) to work on /home/airflow/.local/lib/python3.8/site-packages/airflow/example_dags/example_short_circuit_decorator.py
[2025-04-11T12:50:18.477+0000] {processor.py:830} INFO - Processing file /home/airflow/.local/lib/python3.8/site-packages/airflow/example_dags/example_short_circuit_decorator.py for tasks to queue
[2025-04-11T12:50:18.479+0000] {logging_mixin.py:188} INFO - [2025-04-11T12:50:18.478+0000] {dagbag.py:538} INFO - Filling up the DagBag from /home/airflow/.local/lib/python3.8/site-packages/airflow/example_dags/example_short_circuit_decorator.py
[2025-04-11T12:50:18.483+0000] {processor.py:840} INFO - DAG(s) 'example_short_circuit_decorator' retrieved from /home/airflow/.local/lib/python3.8/site-packages/airflow/example_dags/example_short_circuit_decorator.py
[2025-04-11T12:50:18.494+0000] {logging_mixin.py:188} INFO - [2025-04-11T12:50:18.494+0000] {dag.py:3036} INFO - Sync 1 DAGs
[2025-04-11T12:50:18.503+0000] {logging_mixin.py:188} INFO - [2025-04-11T12:50:18.503+0000] {dag.py:3823} INFO - Setting next_dagrun for example_short_circuit_decorator to 2025-04-10 00:00:00+00:00, run_after=2025-04-11 00:00:00+00:00
[2025-04-11T12:50:18.510+0000] {processor.py:183} INFO - Processing /home/airflow/.local/lib/python3.8/site-packages/airflow/example_dags/example_short_circuit_decorator.py took 0.036 seconds
[2025-04-11T12:50:49.049+0000] {processor.py:161} INFO - Started process (PID=730) to work on /home/airflow/.local/lib/python3.8/site-packages/airflow/example_dags/example_short_circuit_decorator.py
[2025-04-11T12:50:49.051+0000] {processor.py:830} INFO - Processing file /home/airflow/.local/lib/python3.8/site-packages/airflow/example_dags/example_short_circuit_decorator.py for tasks to queue
[2025-04-11T12:50:49.053+0000] {logging_mixin.py:188} INFO - [2025-04-11T12:50:49.052+0000] {dagbag.py:538} INFO - Filling up the DagBag from /home/airflow/.local/lib/python3.8/site-packages/airflow/example_dags/example_short_circuit_decorator.py
[2025-04-11T12:50:49.057+0000] {processor.py:840} INFO - DAG(s) 'example_short_circuit_decorator' retrieved from /home/airflow/.local/lib/python3.8/site-packages/airflow/example_dags/example_short_circuit_decorator.py
[2025-04-11T12:50:49.067+0000] {logging_mixin.py:188} INFO - [2025-04-11T12:50:49.067+0000] {dag.py:3036} INFO - Sync 1 DAGs
[2025-04-11T12:50:49.076+0000] {logging_mixin.py:188} INFO - [2025-04-11T12:50:49.076+0000] {dag.py:3823} INFO - Setting next_dagrun for example_short_circuit_decorator to 2025-04-10 00:00:00+00:00, run_after=2025-04-11 00:00:00+00:00
[2025-04-11T12:50:49.084+0000] {processor.py:183} INFO - Processing /home/airflow/.local/lib/python3.8/site-packages/airflow/example_dags/example_short_circuit_decorator.py took 0.037 seconds
[2025-04-11T12:51:19.541+0000] {processor.py:161} INFO - Started process (PID=786) to work on /home/airflow/.local/lib/python3.8/site-packages/airflow/example_dags/example_short_circuit_decorator.py
[2025-04-11T12:51:19.543+0000] {processor.py:830} INFO - Processing file /home/airflow/.local/lib/python3.8/site-packages/airflow/example_dags/example_short_circuit_decorator.py for tasks to queue
[2025-04-11T12:51:19.544+0000] {logging_mixin.py:188} INFO - [2025-04-11T12:51:19.544+0000] {dagbag.py:538} INFO - Filling up the DagBag from /home/airflow/.local/lib/python3.8/site-packages/airflow/example_dags/example_short_circuit_decorator.py
[2025-04-11T12:51:19.548+0000] {processor.py:840} INFO - DAG(s) 'example_short_circuit_decorator' retrieved from /home/airflow/.local/lib/python3.8/site-packages/airflow/example_dags/example_short_circuit_decorator.py
[2025-04-11T12:51:19.558+0000] {logging_mixin.py:188} INFO - [2025-04-11T12:51:19.558+0000] {dag.py:3036} INFO - Sync 1 DAGs
[2025-04-11T12:51:19.566+0000] {logging_mixin.py:188} INFO - [2025-04-11T12:51:19.566+0000] {dag.py:3823} INFO - Setting next_dagrun for example_short_circuit_decorator to 2025-04-10 00:00:00+00:00, run_after=2025-04-11 00:00:00+00:00
[2025-04-11T12:51:19.574+0000] {processor.py:183} INFO - Processing /home/airflow/.local/lib/python3.8/site-packages/airflow/example_dags/example_short_circuit_decorator.py took 0.035 seconds
[2025-04-11T12:51:50.035+0000] {processor.py:161} INFO - Started process (PID=842) to work on /home/airflow/.local/lib/python3.8/site-packages/airflow/example_dags/example_short_circuit_decorator.py
[2025-04-11T12:51:50.037+0000] {processor.py:830} INFO - Processing file /home/airflow/.local/lib/python3.8/site-packages/airflow/example_dags/example_short_circuit_decorator.py for tasks to queue
[2025-04-11T12:51:50.039+0000] {logging_mixin.py:188} INFO - [2025-04-11T12:51:50.039+0000] {dagbag.py:538} INFO - Filling up the DagBag from /home/airflow/.local/lib/python3.8/site-packages/airflow/example_dags/example_short_circuit_decorator.py
[2025-04-11T12:51:50.043+0000] {processor.py:840} INFO - DAG(s) 'example_short_circuit_decorator' retrieved from /home/airflow/.local/lib/python3.8/site-packages/airflow/example_dags/example_short_circuit_decorator.py
[2025-04-11T12:51:50.053+0000] {logging_mixin.py:188} INFO - [2025-04-11T12:51:50.053+0000] {dag.py:3036} INFO - Sync 1 DAGs
[2025-04-11T12:51:50.062+0000] {logging_mixin.py:188} INFO - [2025-04-11T12:51:50.062+0000] {dag.py:3823} INFO - Setting next_dagrun for example_short_circuit_decorator to 2025-04-10 00:00:00+00:00, run_after=2025-04-11 00:00:00+00:00
[2025-04-11T12:51:50.069+0000] {processor.py:183} INFO - Processing /home/airflow/.local/lib/python3.8/site-packages/airflow/example_dags/example_short_circuit_decorator.py took 0.035 seconds
[2025-04-11T12:52:20.506+0000] {processor.py:161} INFO - Started process (PID=897) to work on /home/airflow/.local/lib/python3.8/site-packages/airflow/example_dags/example_short_circuit_decorator.py
[2025-04-11T12:52:20.506+0000] {processor.py:830} INFO - Processing file /home/airflow/.local/lib/python3.8/site-packages/airflow/example_dags/example_short_circuit_decorator.py for tasks to queue
[2025-04-11T12:52:20.507+0000] {logging_mixin.py:188} INFO - [2025-04-11T12:52:20.507+0000] {dagbag.py:538} INFO - Filling up the DagBag from /home/airflow/.local/lib/python3.8/site-packages/airflow/example_dags/example_short_circuit_decorator.py
[2025-04-11T12:52:20.511+0000] {processor.py:840} INFO - DAG(s) 'example_short_circuit_decorator' retrieved from /home/airflow/.local/lib/python3.8/site-packages/airflow/example_dags/example_short_circuit_decorator.py
[2025-04-11T12:52:20.521+0000] {logging_mixin.py:188} INFO - [2025-04-11T12:52:20.521+0000] {dag.py:3036} INFO - Sync 1 DAGs
[2025-04-11T12:52:20.531+0000] {logging_mixin.py:188} INFO - [2025-04-11T12:52:20.531+0000] {dag.py:3823} INFO - Setting next_dagrun for example_short_circuit_decorator to 2025-04-10 00:00:00+00:00, run_after=2025-04-11 00:00:00+00:00
[2025-04-11T12:52:20.544+0000] {processor.py:183} INFO - Processing /home/airflow/.local/lib/python3.8/site-packages/airflow/example_dags/example_short_circuit_decorator.py took 0.039 seconds
[2025-04-11T12:52:50.893+0000] {processor.py:161} INFO - Started process (PID=953) to work on /home/airflow/.local/lib/python3.8/site-packages/airflow/example_dags/example_short_circuit_decorator.py
[2025-04-11T12:52:50.893+0000] {processor.py:830} INFO - Processing file /home/airflow/.local/lib/python3.8/site-packages/airflow/example_dags/example_short_circuit_decorator.py for tasks to queue
[2025-04-11T12:52:50.894+0000] {logging_mixin.py:188} INFO - [2025-04-11T12:52:50.894+0000] {dagbag.py:538} INFO - Filling up the DagBag from /home/airflow/.local/lib/python3.8/site-packages/airflow/example_dags/example_short_circuit_decorator.py
[2025-04-11T12:52:50.898+0000] {processor.py:840} INFO - DAG(s) 'example_short_circuit_decorator' retrieved from /home/airflow/.local/lib/python3.8/site-packages/airflow/example_dags/example_short_circuit_decorator.py
[2025-04-11T12:52:50.907+0000] {logging_mixin.py:188} INFO - [2025-04-11T12:52:50.906+0000] {dag.py:3036} INFO - Sync 1 DAGs
[2025-04-11T12:52:50.914+0000] {logging_mixin.py:188} INFO - [2025-04-11T12:52:50.914+0000] {dag.py:3823} INFO - Setting next_dagrun for example_short_circuit_decorator to 2025-04-10 00:00:00+00:00, run_after=2025-04-11 00:00:00+00:00
[2025-04-11T12:52:50.922+0000] {processor.py:183} INFO - Processing /home/airflow/.local/lib/python3.8/site-packages/airflow/example_dags/example_short_circuit_decorator.py took 0.030 seconds
[2025-04-11T12:53:21.215+0000] {processor.py:161} INFO - Started process (PID=1009) to work on /home/airflow/.local/lib/python3.8/site-packages/airflow/example_dags/example_short_circuit_decorator.py
[2025-04-11T12:53:21.215+0000] {processor.py:830} INFO - Processing file /home/airflow/.local/lib/python3.8/site-packages/airflow/example_dags/example_short_circuit_decorator.py for tasks to queue
[2025-04-11T12:53:21.216+0000] {logging_mixin.py:188} INFO - [2025-04-11T12:53:21.216+0000] {dagbag.py:538} INFO - Filling up the DagBag from /home/airflow/.local/lib/python3.8/site-packages/airflow/example_dags/example_short_circuit_decorator.py
[2025-04-11T12:53:21.221+0000] {processor.py:840} INFO - DAG(s) 'example_short_circuit_decorator' retrieved from /home/airflow/.local/lib/python3.8/site-packages/airflow/example_dags/example_short_circuit_decorator.py
[2025-04-11T12:53:21.231+0000] {logging_mixin.py:188} INFO - [2025-04-11T12:53:21.231+0000] {dag.py:3036} INFO - Sync 1 DAGs
[2025-04-11T12:53:21.241+0000] {logging_mixin.py:188} INFO - [2025-04-11T12:53:21.241+0000] {dag.py:3823} INFO - Setting next_dagrun for example_short_circuit_decorator to 2025-04-10 00:00:00+00:00, run_after=2025-04-11 00:00:00+00:00
[2025-04-11T12:53:21.249+0000] {processor.py:183} INFO - Processing /home/airflow/.local/lib/python3.8/site-packages/airflow/example_dags/example_short_circuit_decorator.py took 0.036 seconds
[2025-04-11T12:53:51.490+0000] {processor.py:161} INFO - Started process (PID=1065) to work on /home/airflow/.local/lib/python3.8/site-packages/airflow/example_dags/example_short_circuit_decorator.py
[2025-04-11T12:53:51.491+0000] {processor.py:830} INFO - Processing file /home/airflow/.local/lib/python3.8/site-packages/airflow/example_dags/example_short_circuit_decorator.py for tasks to queue
[2025-04-11T12:53:51.491+0000] {logging_mixin.py:188} INFO - [2025-04-11T12:53:51.491+0000] {dagbag.py:538} INFO - Filling up the DagBag from /home/airflow/.local/lib/python3.8/site-packages/airflow/example_dags/example_short_circuit_decorator.py
[2025-04-11T12:53:51.495+0000] {processor.py:840} INFO - DAG(s) 'example_short_circuit_decorator' retrieved from /home/airflow/.local/lib/python3.8/site-packages/airflow/example_dags/example_short_circuit_decorator.py
[2025-04-11T12:53:51.504+0000] {logging_mixin.py:188} INFO - [2025-04-11T12:53:51.504+0000] {dag.py:3036} INFO - Sync 1 DAGs
[2025-04-11T12:53:51.512+0000] {logging_mixin.py:188} INFO - [2025-04-11T12:53:51.512+0000] {dag.py:3823} INFO - Setting next_dagrun for example_short_circuit_decorator to 2025-04-10 00:00:00+00:00, run_after=2025-04-11 00:00:00+00:00
[2025-04-11T12:53:51.519+0000] {processor.py:183} INFO - Processing /home/airflow/.local/lib/python3.8/site-packages/airflow/example_dags/example_short_circuit_decorator.py took 0.030 seconds
[2025-04-11T12:54:21.750+0000] {processor.py:161} INFO - Started process (PID=1121) to work on /home/airflow/.local/lib/python3.8/site-packages/airflow/example_dags/example_short_circuit_decorator.py
[2025-04-11T12:54:21.750+0000] {processor.py:830} INFO - Processing file /home/airflow/.local/lib/python3.8/site-packages/airflow/example_dags/example_short_circuit_decorator.py for tasks to queue
[2025-04-11T12:54:21.751+0000] {logging_mixin.py:188} INFO - [2025-04-11T12:54:21.751+0000] {dagbag.py:538} INFO - Filling up the DagBag from /home/airflow/.local/lib/python3.8/site-packages/airflow/example_dags/example_short_circuit_decorator.py
[2025-04-11T12:54:21.755+0000] {processor.py:840} INFO - DAG(s) 'example_short_circuit_decorator' retrieved from /home/airflow/.local/lib/python3.8/site-packages/airflow/example_dags/example_short_circuit_decorator.py
[2025-04-11T12:54:21.765+0000] {logging_mixin.py:188} INFO - [2025-04-11T12:54:21.765+0000] {dag.py:3036} INFO - Sync 1 DAGs
[2025-04-11T12:54:21.774+0000] {logging_mixin.py:188} INFO - [2025-04-11T12:54:21.773+0000] {dag.py:3823} INFO - Setting next_dagrun for example_short_circuit_decorator to 2025-04-10 00:00:00+00:00, run_after=2025-04-11 00:00:00+00:00
[2025-04-11T12:54:21.781+0000] {processor.py:183} INFO - Processing /home/airflow/.local/lib/python3.8/site-packages/airflow/example_dags/example_short_circuit_decorator.py took 0.033 seconds
[2025-04-11T12:54:51.992+0000] {processor.py:161} INFO - Started process (PID=1177) to work on /home/airflow/.local/lib/python3.8/site-packages/airflow/example_dags/example_short_circuit_decorator.py
[2025-04-11T12:54:51.992+0000] {processor.py:830} INFO - Processing file /home/airflow/.local/lib/python3.8/site-packages/airflow/example_dags/example_short_circuit_decorator.py for tasks to queue
[2025-04-11T12:54:51.993+0000] {logging_mixin.py:188} INFO - [2025-04-11T12:54:51.993+0000] {dagbag.py:538} INFO - Filling up the DagBag from /home/airflow/.local/lib/python3.8/site-packages/airflow/example_dags/example_short_circuit_decorator.py
[2025-04-11T12:54:51.997+0000] {processor.py:840} INFO - DAG(s) 'example_short_circuit_decorator' retrieved from /home/airflow/.local/lib/python3.8/site-packages/airflow/example_dags/example_short_circuit_decorator.py
[2025-04-11T12:54:52.005+0000] {logging_mixin.py:188} INFO - [2025-04-11T12:54:52.005+0000] {dag.py:3036} INFO - Sync 1 DAGs
[2025-04-11T12:54:52.013+0000] {logging_mixin.py:188} INFO - [2025-04-11T12:54:52.013+0000] {dag.py:3823} INFO - Setting next_dagrun for example_short_circuit_decorator to 2025-04-10 00:00:00+00:00, run_after=2025-04-11 00:00:00+00:00
[2025-04-11T12:54:52.021+0000] {processor.py:183} INFO - Processing /home/airflow/.local/lib/python3.8/site-packages/airflow/example_dags/example_short_circuit_decorator.py took 0.030 seconds
[2025-04-11T12:55:22.287+0000] {processor.py:161} INFO - Started process (PID=1233) to work on /home/airflow/.local/lib/python3.8/site-packages/airflow/example_dags/example_short_circuit_decorator.py
[2025-04-11T12:55:22.288+0000] {processor.py:830} INFO - Processing file /home/airflow/.local/lib/python3.8/site-packages/airflow/example_dags/example_short_circuit_decorator.py for tasks to queue
[2025-04-11T12:55:22.288+0000] {logging_mixin.py:188} INFO - [2025-04-11T12:55:22.288+0000] {dagbag.py:538} INFO - Filling up the DagBag from /home/airflow/.local/lib/python3.8/site-packages/airflow/example_dags/example_short_circuit_decorator.py
[2025-04-11T12:55:22.293+0000] {processor.py:840} INFO - DAG(s) 'example_short_circuit_decorator' retrieved from /home/airflow/.local/lib/python3.8/site-packages/airflow/example_dags/example_short_circuit_decorator.py
[2025-04-11T12:55:22.303+0000] {logging_mixin.py:188} INFO - [2025-04-11T12:55:22.303+0000] {dag.py:3036} INFO - Sync 1 DAGs
[2025-04-11T12:55:22.312+0000] {logging_mixin.py:188} INFO - [2025-04-11T12:55:22.312+0000] {dag.py:3823} INFO - Setting next_dagrun for example_short_circuit_decorator to 2025-04-10 00:00:00+00:00, run_after=2025-04-11 00:00:00+00:00
[2025-04-11T12:55:22.324+0000] {processor.py:183} INFO - Processing /home/airflow/.local/lib/python3.8/site-packages/airflow/example_dags/example_short_circuit_decorator.py took 0.039 seconds
