[2025-04-11T12:44:44.855+0000] {processor.py:161} INFO - Started process (PID=59) to work on /home/airflow/.local/lib/python3.8/site-packages/airflow/example_dags/example_subdag_operator.py
[2025-04-11T12:44:44.856+0000] {processor.py:830} INFO - Processing file /home/airflow/.local/lib/python3.8/site-packages/airflow/example_dags/example_subdag_operator.py for tasks to queue
[2025-04-11T12:44:44.857+0000] {logging_mixin.py:188} INFO - [2025-04-11T12:44:44.857+0000] {dagbag.py:538} INFO - Filling up the DagBag from /home/airflow/.local/lib/python3.8/site-packages/airflow/example_dags/example_subdag_operator.py
[2025-04-11T12:44:44.871+0000] {processor.py:840} INFO - DAG(s) 'example_subdag_operator.section-1', 'example_subdag_operator.section-2', 'example_subdag_operator' retrieved from /home/airflow/.local/lib/python3.8/site-packages/airflow/example_dags/example_subdag_operator.py
[2025-04-11T12:44:44.874+0000] {logging_mixin.py:188} INFO - [2025-04-11T12:44:44.873+0000] {dag.py:3036} INFO - Sync 3 DAGs
[2025-04-11T12:44:44.888+0000] {logging_mixin.py:188} INFO - [2025-04-11T12:44:44.887+0000] {dag.py:3823} INFO - Setting next_dagrun for example_subdag_operator to 2021-12-31 23:00:00+00:00, run_after=2021-12-31 23:00:00+00:00
[2025-04-11T12:44:44.890+0000] {logging_mixin.py:188} INFO - [2025-04-11T12:44:44.889+0000] {dag.py:3823} INFO - Setting next_dagrun for example_subdag_operator.section-1 to None, run_after=None
[2025-04-11T12:44:44.890+0000] {logging_mixin.py:188} INFO - [2025-04-11T12:44:44.890+0000] {dag.py:3823} INFO - Setting next_dagrun for example_subdag_operator.section-2 to None, run_after=None
[2025-04-11T12:44:44.893+0000] {logging_mixin.py:188} INFO - [2025-04-11T12:44:44.893+0000] {dag.py:3036} INFO - Sync 2 DAGs
[2025-04-11T12:44:44.897+0000] {logging_mixin.py:188} INFO - [2025-04-11T12:44:44.896+0000] {dag.py:3823} INFO - Setting next_dagrun for example_subdag_operator.section-1 to None, run_after=None
[2025-04-11T12:44:44.898+0000] {logging_mixin.py:188} INFO - [2025-04-11T12:44:44.898+0000] {dag.py:3823} INFO - Setting next_dagrun for example_subdag_operator.section-2 to None, run_after=None
[2025-04-11T12:44:44.906+0000] {processor.py:183} INFO - Processing /home/airflow/.local/lib/python3.8/site-packages/airflow/example_dags/example_subdag_operator.py took 0.053 seconds
[2025-04-11T12:45:15.034+0000] {processor.py:161} INFO - Started process (PID=116) to work on /home/airflow/.local/lib/python3.8/site-packages/airflow/example_dags/example_subdag_operator.py
[2025-04-11T12:45:15.035+0000] {processor.py:830} INFO - Processing file /home/airflow/.local/lib/python3.8/site-packages/airflow/example_dags/example_subdag_operator.py for tasks to queue
[2025-04-11T12:45:15.035+0000] {logging_mixin.py:188} INFO - [2025-04-11T12:45:15.035+0000] {dagbag.py:538} INFO - Filling up the DagBag from /home/airflow/.local/lib/python3.8/site-packages/airflow/example_dags/example_subdag_operator.py
[2025-04-11T12:45:15.047+0000] {processor.py:840} INFO - DAG(s) 'example_subdag_operator.section-1', 'example_subdag_operator.section-2', 'example_subdag_operator' retrieved from /home/airflow/.local/lib/python3.8/site-packages/airflow/example_dags/example_subdag_operator.py
[2025-04-11T12:45:15.085+0000] {logging_mixin.py:188} INFO - [2025-04-11T12:45:15.085+0000] {dag.py:3036} INFO - Sync 3 DAGs
[2025-04-11T12:45:15.092+0000] {logging_mixin.py:188} INFO - [2025-04-11T12:45:15.092+0000] {dag.py:3823} INFO - Setting next_dagrun for example_subdag_operator to 2021-12-31 23:00:00+00:00, run_after=2021-12-31 23:00:00+00:00
[2025-04-11T12:45:15.093+0000] {logging_mixin.py:188} INFO - [2025-04-11T12:45:15.093+0000] {dag.py:3823} INFO - Setting next_dagrun for example_subdag_operator.section-1 to None, run_after=None
[2025-04-11T12:45:15.094+0000] {logging_mixin.py:188} INFO - [2025-04-11T12:45:15.094+0000] {dag.py:3823} INFO - Setting next_dagrun for example_subdag_operator.section-2 to None, run_after=None
[2025-04-11T12:45:15.097+0000] {logging_mixin.py:188} INFO - [2025-04-11T12:45:15.097+0000] {dag.py:3036} INFO - Sync 2 DAGs
[2025-04-11T12:45:15.099+0000] {logging_mixin.py:188} INFO - [2025-04-11T12:45:15.099+0000] {dag.py:3823} INFO - Setting next_dagrun for example_subdag_operator.section-1 to None, run_after=None
[2025-04-11T12:45:15.099+0000] {logging_mixin.py:188} INFO - [2025-04-11T12:45:15.099+0000] {dag.py:3823} INFO - Setting next_dagrun for example_subdag_operator.section-2 to None, run_after=None
[2025-04-11T12:45:15.103+0000] {processor.py:183} INFO - Processing /home/airflow/.local/lib/python3.8/site-packages/airflow/example_dags/example_subdag_operator.py took 0.070 seconds
[2025-04-11T12:45:45.135+0000] {processor.py:161} INFO - Started process (PID=172) to work on /home/airflow/.local/lib/python3.8/site-packages/airflow/example_dags/example_subdag_operator.py
[2025-04-11T12:45:45.136+0000] {processor.py:830} INFO - Processing file /home/airflow/.local/lib/python3.8/site-packages/airflow/example_dags/example_subdag_operator.py for tasks to queue
[2025-04-11T12:45:45.136+0000] {logging_mixin.py:188} INFO - [2025-04-11T12:45:45.136+0000] {dagbag.py:538} INFO - Filling up the DagBag from /home/airflow/.local/lib/python3.8/site-packages/airflow/example_dags/example_subdag_operator.py
[2025-04-11T12:45:45.146+0000] {processor.py:840} INFO - DAG(s) 'example_subdag_operator.section-1', 'example_subdag_operator.section-2', 'example_subdag_operator' retrieved from /home/airflow/.local/lib/python3.8/site-packages/airflow/example_dags/example_subdag_operator.py
[2025-04-11T12:45:45.152+0000] {logging_mixin.py:188} INFO - [2025-04-11T12:45:45.152+0000] {dag.py:3036} INFO - Sync 3 DAGs
[2025-04-11T12:45:45.160+0000] {logging_mixin.py:188} INFO - [2025-04-11T12:45:45.160+0000] {dag.py:3823} INFO - Setting next_dagrun for example_subdag_operator to 2021-12-31 23:00:00+00:00, run_after=2021-12-31 23:00:00+00:00
[2025-04-11T12:45:45.161+0000] {logging_mixin.py:188} INFO - [2025-04-11T12:45:45.161+0000] {dag.py:3823} INFO - Setting next_dagrun for example_subdag_operator.section-1 to None, run_after=None
[2025-04-11T12:45:45.162+0000] {logging_mixin.py:188} INFO - [2025-04-11T12:45:45.162+0000] {dag.py:3823} INFO - Setting next_dagrun for example_subdag_operator.section-2 to None, run_after=None
[2025-04-11T12:45:45.164+0000] {logging_mixin.py:188} INFO - [2025-04-11T12:45:45.164+0000] {dag.py:3036} INFO - Sync 2 DAGs
[2025-04-11T12:45:45.166+0000] {logging_mixin.py:188} INFO - [2025-04-11T12:45:45.166+0000] {dag.py:3823} INFO - Setting next_dagrun for example_subdag_operator.section-1 to None, run_after=None
[2025-04-11T12:45:45.166+0000] {logging_mixin.py:188} INFO - [2025-04-11T12:45:45.166+0000] {dag.py:3823} INFO - Setting next_dagrun for example_subdag_operator.section-2 to None, run_after=None
[2025-04-11T12:45:45.170+0000] {processor.py:183} INFO - Processing /home/airflow/.local/lib/python3.8/site-packages/airflow/example_dags/example_subdag_operator.py took 0.037 seconds
[2025-04-11T12:46:15.644+0000] {processor.py:161} INFO - Started process (PID=227) to work on /home/airflow/.local/lib/python3.8/site-packages/airflow/example_dags/example_subdag_operator.py
[2025-04-11T12:46:15.644+0000] {processor.py:830} INFO - Processing file /home/airflow/.local/lib/python3.8/site-packages/airflow/example_dags/example_subdag_operator.py for tasks to queue
[2025-04-11T12:46:15.645+0000] {logging_mixin.py:188} INFO - [2025-04-11T12:46:15.645+0000] {dagbag.py:538} INFO - Filling up the DagBag from /home/airflow/.local/lib/python3.8/site-packages/airflow/example_dags/example_subdag_operator.py
[2025-04-11T12:46:15.658+0000] {processor.py:840} INFO - DAG(s) 'example_subdag_operator.section-1', 'example_subdag_operator.section-2', 'example_subdag_operator' retrieved from /home/airflow/.local/lib/python3.8/site-packages/airflow/example_dags/example_subdag_operator.py
[2025-04-11T12:46:15.667+0000] {logging_mixin.py:188} INFO - [2025-04-11T12:46:15.667+0000] {dag.py:3036} INFO - Sync 3 DAGs
[2025-04-11T12:46:15.677+0000] {logging_mixin.py:188} INFO - [2025-04-11T12:46:15.677+0000] {dag.py:3823} INFO - Setting next_dagrun for example_subdag_operator to 2021-12-31 23:00:00+00:00, run_after=2021-12-31 23:00:00+00:00
[2025-04-11T12:46:15.679+0000] {logging_mixin.py:188} INFO - [2025-04-11T12:46:15.679+0000] {dag.py:3823} INFO - Setting next_dagrun for example_subdag_operator.section-1 to None, run_after=None
[2025-04-11T12:46:15.680+0000] {logging_mixin.py:188} INFO - [2025-04-11T12:46:15.680+0000] {dag.py:3823} INFO - Setting next_dagrun for example_subdag_operator.section-2 to None, run_after=None
[2025-04-11T12:46:15.683+0000] {logging_mixin.py:188} INFO - [2025-04-11T12:46:15.683+0000] {dag.py:3036} INFO - Sync 2 DAGs
[2025-04-11T12:46:15.687+0000] {logging_mixin.py:188} INFO - [2025-04-11T12:46:15.687+0000] {dag.py:3823} INFO - Setting next_dagrun for example_subdag_operator.section-1 to None, run_after=None
[2025-04-11T12:46:15.687+0000] {logging_mixin.py:188} INFO - [2025-04-11T12:46:15.687+0000] {dag.py:3823} INFO - Setting next_dagrun for example_subdag_operator.section-2 to None, run_after=None
[2025-04-11T12:46:15.695+0000] {processor.py:183} INFO - Processing /home/airflow/.local/lib/python3.8/site-packages/airflow/example_dags/example_subdag_operator.py took 0.052 seconds
[2025-04-11T12:46:46.303+0000] {processor.py:161} INFO - Started process (PID=283) to work on /home/airflow/.local/lib/python3.8/site-packages/airflow/example_dags/example_subdag_operator.py
[2025-04-11T12:46:46.304+0000] {processor.py:830} INFO - Processing file /home/airflow/.local/lib/python3.8/site-packages/airflow/example_dags/example_subdag_operator.py for tasks to queue
[2025-04-11T12:46:46.305+0000] {logging_mixin.py:188} INFO - [2025-04-11T12:46:46.304+0000] {dagbag.py:538} INFO - Filling up the DagBag from /home/airflow/.local/lib/python3.8/site-packages/airflow/example_dags/example_subdag_operator.py
[2025-04-11T12:46:46.318+0000] {processor.py:840} INFO - DAG(s) 'example_subdag_operator.section-1', 'example_subdag_operator.section-2', 'example_subdag_operator' retrieved from /home/airflow/.local/lib/python3.8/site-packages/airflow/example_dags/example_subdag_operator.py
[2025-04-11T12:46:46.328+0000] {logging_mixin.py:188} INFO - [2025-04-11T12:46:46.328+0000] {dag.py:3036} INFO - Sync 3 DAGs
[2025-04-11T12:46:46.338+0000] {logging_mixin.py:188} INFO - [2025-04-11T12:46:46.338+0000] {dag.py:3823} INFO - Setting next_dagrun for example_subdag_operator to 2021-12-31 23:00:00+00:00, run_after=2021-12-31 23:00:00+00:00
[2025-04-11T12:46:46.339+0000] {logging_mixin.py:188} INFO - [2025-04-11T12:46:46.339+0000] {dag.py:3823} INFO - Setting next_dagrun for example_subdag_operator.section-1 to None, run_after=None
[2025-04-11T12:46:46.340+0000] {logging_mixin.py:188} INFO - [2025-04-11T12:46:46.340+0000] {dag.py:3823} INFO - Setting next_dagrun for example_subdag_operator.section-2 to None, run_after=None
[2025-04-11T12:46:46.343+0000] {logging_mixin.py:188} INFO - [2025-04-11T12:46:46.343+0000] {dag.py:3036} INFO - Sync 2 DAGs
[2025-04-11T12:46:46.345+0000] {logging_mixin.py:188} INFO - [2025-04-11T12:46:46.345+0000] {dag.py:3823} INFO - Setting next_dagrun for example_subdag_operator.section-1 to None, run_after=None
[2025-04-11T12:46:46.345+0000] {logging_mixin.py:188} INFO - [2025-04-11T12:46:46.345+0000] {dag.py:3823} INFO - Setting next_dagrun for example_subdag_operator.section-2 to None, run_after=None
[2025-04-11T12:46:46.349+0000] {processor.py:183} INFO - Processing /home/airflow/.local/lib/python3.8/site-packages/airflow/example_dags/example_subdag_operator.py took 0.048 seconds
[2025-04-11T12:47:16.712+0000] {processor.py:161} INFO - Started process (PID=339) to work on /home/airflow/.local/lib/python3.8/site-packages/airflow/example_dags/example_subdag_operator.py
[2025-04-11T12:47:16.713+0000] {processor.py:830} INFO - Processing file /home/airflow/.local/lib/python3.8/site-packages/airflow/example_dags/example_subdag_operator.py for tasks to queue
[2025-04-11T12:47:16.714+0000] {logging_mixin.py:188} INFO - [2025-04-11T12:47:16.714+0000] {dagbag.py:538} INFO - Filling up the DagBag from /home/airflow/.local/lib/python3.8/site-packages/airflow/example_dags/example_subdag_operator.py
[2025-04-11T12:47:16.724+0000] {processor.py:840} INFO - DAG(s) 'example_subdag_operator.section-1', 'example_subdag_operator.section-2', 'example_subdag_operator' retrieved from /home/airflow/.local/lib/python3.8/site-packages/airflow/example_dags/example_subdag_operator.py
[2025-04-11T12:47:16.730+0000] {logging_mixin.py:188} INFO - [2025-04-11T12:47:16.730+0000] {dag.py:3036} INFO - Sync 3 DAGs
[2025-04-11T12:47:16.741+0000] {logging_mixin.py:188} INFO - [2025-04-11T12:47:16.741+0000] {dag.py:3823} INFO - Setting next_dagrun for example_subdag_operator to 2021-12-31 23:00:00+00:00, run_after=2021-12-31 23:00:00+00:00
[2025-04-11T12:47:16.742+0000] {logging_mixin.py:188} INFO - [2025-04-11T12:47:16.742+0000] {dag.py:3823} INFO - Setting next_dagrun for example_subdag_operator.section-1 to None, run_after=None
[2025-04-11T12:47:16.743+0000] {logging_mixin.py:188} INFO - [2025-04-11T12:47:16.743+0000] {dag.py:3823} INFO - Setting next_dagrun for example_subdag_operator.section-2 to None, run_after=None
[2025-04-11T12:47:16.747+0000] {logging_mixin.py:188} INFO - [2025-04-11T12:47:16.747+0000] {dag.py:3036} INFO - Sync 2 DAGs
[2025-04-11T12:47:16.749+0000] {logging_mixin.py:188} INFO - [2025-04-11T12:47:16.749+0000] {dag.py:3823} INFO - Setting next_dagrun for example_subdag_operator.section-1 to None, run_after=None
[2025-04-11T12:47:16.749+0000] {logging_mixin.py:188} INFO - [2025-04-11T12:47:16.749+0000] {dag.py:3823} INFO - Setting next_dagrun for example_subdag_operator.section-2 to None, run_after=None
[2025-04-11T12:47:16.755+0000] {processor.py:183} INFO - Processing /home/airflow/.local/lib/python3.8/site-packages/airflow/example_dags/example_subdag_operator.py took 0.045 seconds
[2025-04-11T12:47:47.158+0000] {processor.py:161} INFO - Started process (PID=395) to work on /home/airflow/.local/lib/python3.8/site-packages/airflow/example_dags/example_subdag_operator.py
[2025-04-11T12:47:47.161+0000] {processor.py:830} INFO - Processing file /home/airflow/.local/lib/python3.8/site-packages/airflow/example_dags/example_subdag_operator.py for tasks to queue
[2025-04-11T12:47:47.165+0000] {logging_mixin.py:188} INFO - [2025-04-11T12:47:47.164+0000] {dagbag.py:538} INFO - Filling up the DagBag from /home/airflow/.local/lib/python3.8/site-packages/airflow/example_dags/example_subdag_operator.py
[2025-04-11T12:47:47.176+0000] {processor.py:840} INFO - DAG(s) 'example_subdag_operator.section-1', 'example_subdag_operator.section-2', 'example_subdag_operator' retrieved from /home/airflow/.local/lib/python3.8/site-packages/airflow/example_dags/example_subdag_operator.py
[2025-04-11T12:47:47.182+0000] {logging_mixin.py:188} INFO - [2025-04-11T12:47:47.182+0000] {dag.py:3036} INFO - Sync 3 DAGs
[2025-04-11T12:47:47.193+0000] {logging_mixin.py:188} INFO - [2025-04-11T12:47:47.193+0000] {dag.py:3823} INFO - Setting next_dagrun for example_subdag_operator to 2021-12-31 23:00:00+00:00, run_after=2021-12-31 23:00:00+00:00
[2025-04-11T12:47:47.195+0000] {logging_mixin.py:188} INFO - [2025-04-11T12:47:47.195+0000] {dag.py:3823} INFO - Setting next_dagrun for example_subdag_operator.section-1 to None, run_after=None
[2025-04-11T12:47:47.195+0000] {logging_mixin.py:188} INFO - [2025-04-11T12:47:47.195+0000] {dag.py:3823} INFO - Setting next_dagrun for example_subdag_operator.section-2 to None, run_after=None
[2025-04-11T12:47:47.200+0000] {logging_mixin.py:188} INFO - [2025-04-11T12:47:47.200+0000] {dag.py:3036} INFO - Sync 2 DAGs
[2025-04-11T12:47:47.202+0000] {logging_mixin.py:188} INFO - [2025-04-11T12:47:47.202+0000] {dag.py:3823} INFO - Setting next_dagrun for example_subdag_operator.section-1 to None, run_after=None
[2025-04-11T12:47:47.202+0000] {logging_mixin.py:188} INFO - [2025-04-11T12:47:47.202+0000] {dag.py:3823} INFO - Setting next_dagrun for example_subdag_operator.section-2 to None, run_after=None
[2025-04-11T12:47:47.207+0000] {processor.py:183} INFO - Processing /home/airflow/.local/lib/python3.8/site-packages/airflow/example_dags/example_subdag_operator.py took 0.051 seconds
[2025-04-11T12:48:17.532+0000] {processor.py:161} INFO - Started process (PID=451) to work on /home/airflow/.local/lib/python3.8/site-packages/airflow/example_dags/example_subdag_operator.py
[2025-04-11T12:48:17.534+0000] {processor.py:830} INFO - Processing file /home/airflow/.local/lib/python3.8/site-packages/airflow/example_dags/example_subdag_operator.py for tasks to queue
[2025-04-11T12:48:17.535+0000] {logging_mixin.py:188} INFO - [2025-04-11T12:48:17.535+0000] {dagbag.py:538} INFO - Filling up the DagBag from /home/airflow/.local/lib/python3.8/site-packages/airflow/example_dags/example_subdag_operator.py
[2025-04-11T12:48:17.546+0000] {processor.py:840} INFO - DAG(s) 'example_subdag_operator.section-1', 'example_subdag_operator.section-2', 'example_subdag_operator' retrieved from /home/airflow/.local/lib/python3.8/site-packages/airflow/example_dags/example_subdag_operator.py
[2025-04-11T12:48:17.552+0000] {logging_mixin.py:188} INFO - [2025-04-11T12:48:17.552+0000] {dag.py:3036} INFO - Sync 3 DAGs
[2025-04-11T12:48:17.561+0000] {logging_mixin.py:188} INFO - [2025-04-11T12:48:17.561+0000] {dag.py:3823} INFO - Setting next_dagrun for example_subdag_operator to 2021-12-31 23:00:00+00:00, run_after=2021-12-31 23:00:00+00:00
[2025-04-11T12:48:17.563+0000] {logging_mixin.py:188} INFO - [2025-04-11T12:48:17.563+0000] {dag.py:3823} INFO - Setting next_dagrun for example_subdag_operator.section-1 to None, run_after=None
[2025-04-11T12:48:17.563+0000] {logging_mixin.py:188} INFO - [2025-04-11T12:48:17.563+0000] {dag.py:3823} INFO - Setting next_dagrun for example_subdag_operator.section-2 to None, run_after=None
[2025-04-11T12:48:17.566+0000] {logging_mixin.py:188} INFO - [2025-04-11T12:48:17.566+0000] {dag.py:3036} INFO - Sync 2 DAGs
[2025-04-11T12:48:17.568+0000] {logging_mixin.py:188} INFO - [2025-04-11T12:48:17.568+0000] {dag.py:3823} INFO - Setting next_dagrun for example_subdag_operator.section-1 to None, run_after=None
[2025-04-11T12:48:17.569+0000] {logging_mixin.py:188} INFO - [2025-04-11T12:48:17.568+0000] {dag.py:3823} INFO - Setting next_dagrun for example_subdag_operator.section-2 to None, run_after=None
[2025-04-11T12:48:17.573+0000] {processor.py:183} INFO - Processing /home/airflow/.local/lib/python3.8/site-packages/airflow/example_dags/example_subdag_operator.py took 0.043 seconds
[2025-04-11T12:48:47.707+0000] {processor.py:161} INFO - Started process (PID=507) to work on /home/airflow/.local/lib/python3.8/site-packages/airflow/example_dags/example_subdag_operator.py
[2025-04-11T12:48:47.708+0000] {processor.py:830} INFO - Processing file /home/airflow/.local/lib/python3.8/site-packages/airflow/example_dags/example_subdag_operator.py for tasks to queue
[2025-04-11T12:48:47.708+0000] {logging_mixin.py:188} INFO - [2025-04-11T12:48:47.708+0000] {dagbag.py:538} INFO - Filling up the DagBag from /home/airflow/.local/lib/python3.8/site-packages/airflow/example_dags/example_subdag_operator.py
[2025-04-11T12:48:47.719+0000] {processor.py:840} INFO - DAG(s) 'example_subdag_operator.section-1', 'example_subdag_operator.section-2', 'example_subdag_operator' retrieved from /home/airflow/.local/lib/python3.8/site-packages/airflow/example_dags/example_subdag_operator.py
[2025-04-11T12:48:47.724+0000] {logging_mixin.py:188} INFO - [2025-04-11T12:48:47.724+0000] {dag.py:3036} INFO - Sync 3 DAGs
[2025-04-11T12:48:47.731+0000] {logging_mixin.py:188} INFO - [2025-04-11T12:48:47.731+0000] {dag.py:3823} INFO - Setting next_dagrun for example_subdag_operator to 2021-12-31 23:00:00+00:00, run_after=2021-12-31 23:00:00+00:00
[2025-04-11T12:48:47.733+0000] {logging_mixin.py:188} INFO - [2025-04-11T12:48:47.732+0000] {dag.py:3823} INFO - Setting next_dagrun for example_subdag_operator.section-1 to None, run_after=None
[2025-04-11T12:48:47.733+0000] {logging_mixin.py:188} INFO - [2025-04-11T12:48:47.733+0000] {dag.py:3823} INFO - Setting next_dagrun for example_subdag_operator.section-2 to None, run_after=None
[2025-04-11T12:48:47.736+0000] {logging_mixin.py:188} INFO - [2025-04-11T12:48:47.736+0000] {dag.py:3036} INFO - Sync 2 DAGs
[2025-04-11T12:48:47.738+0000] {logging_mixin.py:188} INFO - [2025-04-11T12:48:47.738+0000] {dag.py:3823} INFO - Setting next_dagrun for example_subdag_operator.section-1 to None, run_after=None
[2025-04-11T12:48:47.738+0000] {logging_mixin.py:188} INFO - [2025-04-11T12:48:47.738+0000] {dag.py:3823} INFO - Setting next_dagrun for example_subdag_operator.section-2 to None, run_after=None
[2025-04-11T12:48:47.742+0000] {processor.py:183} INFO - Processing /home/airflow/.local/lib/python3.8/site-packages/airflow/example_dags/example_subdag_operator.py took 0.036 seconds
[2025-04-11T12:49:17.918+0000] {processor.py:161} INFO - Started process (PID=563) to work on /home/airflow/.local/lib/python3.8/site-packages/airflow/example_dags/example_subdag_operator.py
[2025-04-11T12:49:17.919+0000] {processor.py:830} INFO - Processing file /home/airflow/.local/lib/python3.8/site-packages/airflow/example_dags/example_subdag_operator.py for tasks to queue
[2025-04-11T12:49:17.920+0000] {logging_mixin.py:188} INFO - [2025-04-11T12:49:17.919+0000] {dagbag.py:538} INFO - Filling up the DagBag from /home/airflow/.local/lib/python3.8/site-packages/airflow/example_dags/example_subdag_operator.py
[2025-04-11T12:49:17.931+0000] {processor.py:840} INFO - DAG(s) 'example_subdag_operator.section-1', 'example_subdag_operator.section-2', 'example_subdag_operator' retrieved from /home/airflow/.local/lib/python3.8/site-packages/airflow/example_dags/example_subdag_operator.py
[2025-04-11T12:49:17.937+0000] {logging_mixin.py:188} INFO - [2025-04-11T12:49:17.937+0000] {dag.py:3036} INFO - Sync 3 DAGs
[2025-04-11T12:49:17.945+0000] {logging_mixin.py:188} INFO - [2025-04-11T12:49:17.945+0000] {dag.py:3823} INFO - Setting next_dagrun for example_subdag_operator to 2021-12-31 23:00:00+00:00, run_after=2021-12-31 23:00:00+00:00
[2025-04-11T12:49:17.947+0000] {logging_mixin.py:188} INFO - [2025-04-11T12:49:17.947+0000] {dag.py:3823} INFO - Setting next_dagrun for example_subdag_operator.section-1 to None, run_after=None
[2025-04-11T12:49:17.947+0000] {logging_mixin.py:188} INFO - [2025-04-11T12:49:17.947+0000] {dag.py:3823} INFO - Setting next_dagrun for example_subdag_operator.section-2 to None, run_after=None
[2025-04-11T12:49:17.950+0000] {logging_mixin.py:188} INFO - [2025-04-11T12:49:17.950+0000] {dag.py:3036} INFO - Sync 2 DAGs
[2025-04-11T12:49:17.952+0000] {logging_mixin.py:188} INFO - [2025-04-11T12:49:17.952+0000] {dag.py:3823} INFO - Setting next_dagrun for example_subdag_operator.section-1 to None, run_after=None
[2025-04-11T12:49:17.952+0000] {logging_mixin.py:188} INFO - [2025-04-11T12:49:17.952+0000] {dag.py:3823} INFO - Setting next_dagrun for example_subdag_operator.section-2 to None, run_after=None
[2025-04-11T12:49:17.957+0000] {processor.py:183} INFO - Processing /home/airflow/.local/lib/python3.8/site-packages/airflow/example_dags/example_subdag_operator.py took 0.041 seconds
[2025-04-11T12:49:48.313+0000] {processor.py:161} INFO - Started process (PID=625) to work on /home/airflow/.local/lib/python3.8/site-packages/airflow/example_dags/example_subdag_operator.py
[2025-04-11T12:49:48.313+0000] {processor.py:830} INFO - Processing file /home/airflow/.local/lib/python3.8/site-packages/airflow/example_dags/example_subdag_operator.py for tasks to queue
[2025-04-11T12:49:48.314+0000] {logging_mixin.py:188} INFO - [2025-04-11T12:49:48.314+0000] {dagbag.py:538} INFO - Filling up the DagBag from /home/airflow/.local/lib/python3.8/site-packages/airflow/example_dags/example_subdag_operator.py
[2025-04-11T12:49:48.323+0000] {processor.py:840} INFO - DAG(s) 'example_subdag_operator.section-1', 'example_subdag_operator.section-2', 'example_subdag_operator' retrieved from /home/airflow/.local/lib/python3.8/site-packages/airflow/example_dags/example_subdag_operator.py
[2025-04-11T12:49:48.329+0000] {logging_mixin.py:188} INFO - [2025-04-11T12:49:48.329+0000] {dag.py:3036} INFO - Sync 3 DAGs
[2025-04-11T12:49:48.336+0000] {logging_mixin.py:188} INFO - [2025-04-11T12:49:48.336+0000] {dag.py:3823} INFO - Setting next_dagrun for example_subdag_operator to 2021-12-31 23:00:00+00:00, run_after=2021-12-31 23:00:00+00:00
[2025-04-11T12:49:48.338+0000] {logging_mixin.py:188} INFO - [2025-04-11T12:49:48.337+0000] {dag.py:3823} INFO - Setting next_dagrun for example_subdag_operator.section-1 to None, run_after=None
[2025-04-11T12:49:48.338+0000] {logging_mixin.py:188} INFO - [2025-04-11T12:49:48.338+0000] {dag.py:3823} INFO - Setting next_dagrun for example_subdag_operator.section-2 to None, run_after=None
[2025-04-11T12:49:48.341+0000] {logging_mixin.py:188} INFO - [2025-04-11T12:49:48.340+0000] {dag.py:3036} INFO - Sync 2 DAGs
[2025-04-11T12:49:48.342+0000] {logging_mixin.py:188} INFO - [2025-04-11T12:49:48.342+0000] {dag.py:3823} INFO - Setting next_dagrun for example_subdag_operator.section-1 to None, run_after=None
[2025-04-11T12:49:48.343+0000] {logging_mixin.py:188} INFO - [2025-04-11T12:49:48.343+0000] {dag.py:3823} INFO - Setting next_dagrun for example_subdag_operator.section-2 to None, run_after=None
[2025-04-11T12:49:48.347+0000] {processor.py:183} INFO - Processing /home/airflow/.local/lib/python3.8/site-packages/airflow/example_dags/example_subdag_operator.py took 0.035 seconds
[2025-04-11T12:50:18.684+0000] {processor.py:161} INFO - Started process (PID=681) to work on /home/airflow/.local/lib/python3.8/site-packages/airflow/example_dags/example_subdag_operator.py
[2025-04-11T12:50:18.684+0000] {processor.py:830} INFO - Processing file /home/airflow/.local/lib/python3.8/site-packages/airflow/example_dags/example_subdag_operator.py for tasks to queue
[2025-04-11T12:50:18.685+0000] {logging_mixin.py:188} INFO - [2025-04-11T12:50:18.685+0000] {dagbag.py:538} INFO - Filling up the DagBag from /home/airflow/.local/lib/python3.8/site-packages/airflow/example_dags/example_subdag_operator.py
[2025-04-11T12:50:18.695+0000] {processor.py:840} INFO - DAG(s) 'example_subdag_operator.section-1', 'example_subdag_operator.section-2', 'example_subdag_operator' retrieved from /home/airflow/.local/lib/python3.8/site-packages/airflow/example_dags/example_subdag_operator.py
[2025-04-11T12:50:18.701+0000] {logging_mixin.py:188} INFO - [2025-04-11T12:50:18.700+0000] {dag.py:3036} INFO - Sync 3 DAGs
[2025-04-11T12:50:18.708+0000] {logging_mixin.py:188} INFO - [2025-04-11T12:50:18.707+0000] {dag.py:3823} INFO - Setting next_dagrun for example_subdag_operator to 2021-12-31 23:00:00+00:00, run_after=2021-12-31 23:00:00+00:00
[2025-04-11T12:50:18.709+0000] {logging_mixin.py:188} INFO - [2025-04-11T12:50:18.709+0000] {dag.py:3823} INFO - Setting next_dagrun for example_subdag_operator.section-1 to None, run_after=None
[2025-04-11T12:50:18.709+0000] {logging_mixin.py:188} INFO - [2025-04-11T12:50:18.709+0000] {dag.py:3823} INFO - Setting next_dagrun for example_subdag_operator.section-2 to None, run_after=None
[2025-04-11T12:50:18.712+0000] {logging_mixin.py:188} INFO - [2025-04-11T12:50:18.712+0000] {dag.py:3036} INFO - Sync 2 DAGs
[2025-04-11T12:50:18.713+0000] {logging_mixin.py:188} INFO - [2025-04-11T12:50:18.713+0000] {dag.py:3823} INFO - Setting next_dagrun for example_subdag_operator.section-1 to None, run_after=None
[2025-04-11T12:50:18.714+0000] {logging_mixin.py:188} INFO - [2025-04-11T12:50:18.714+0000] {dag.py:3823} INFO - Setting next_dagrun for example_subdag_operator.section-2 to None, run_after=None
[2025-04-11T12:50:18.717+0000] {processor.py:183} INFO - Processing /home/airflow/.local/lib/python3.8/site-packages/airflow/example_dags/example_subdag_operator.py took 0.035 seconds
[2025-04-11T12:50:49.227+0000] {processor.py:161} INFO - Started process (PID=737) to work on /home/airflow/.local/lib/python3.8/site-packages/airflow/example_dags/example_subdag_operator.py
[2025-04-11T12:50:49.228+0000] {processor.py:830} INFO - Processing file /home/airflow/.local/lib/python3.8/site-packages/airflow/example_dags/example_subdag_operator.py for tasks to queue
[2025-04-11T12:50:49.228+0000] {logging_mixin.py:188} INFO - [2025-04-11T12:50:49.228+0000] {dagbag.py:538} INFO - Filling up the DagBag from /home/airflow/.local/lib/python3.8/site-packages/airflow/example_dags/example_subdag_operator.py
[2025-04-11T12:50:49.239+0000] {processor.py:840} INFO - DAG(s) 'example_subdag_operator.section-1', 'example_subdag_operator.section-2', 'example_subdag_operator' retrieved from /home/airflow/.local/lib/python3.8/site-packages/airflow/example_dags/example_subdag_operator.py
[2025-04-11T12:50:49.246+0000] {logging_mixin.py:188} INFO - [2025-04-11T12:50:49.246+0000] {dag.py:3036} INFO - Sync 3 DAGs
[2025-04-11T12:50:49.254+0000] {logging_mixin.py:188} INFO - [2025-04-11T12:50:49.254+0000] {dag.py:3823} INFO - Setting next_dagrun for example_subdag_operator to 2021-12-31 23:00:00+00:00, run_after=2021-12-31 23:00:00+00:00
[2025-04-11T12:50:49.257+0000] {logging_mixin.py:188} INFO - [2025-04-11T12:50:49.257+0000] {dag.py:3823} INFO - Setting next_dagrun for example_subdag_operator.section-1 to None, run_after=None
[2025-04-11T12:50:49.257+0000] {logging_mixin.py:188} INFO - [2025-04-11T12:50:49.257+0000] {dag.py:3823} INFO - Setting next_dagrun for example_subdag_operator.section-2 to None, run_after=None
[2025-04-11T12:50:49.260+0000] {logging_mixin.py:188} INFO - [2025-04-11T12:50:49.260+0000] {dag.py:3036} INFO - Sync 2 DAGs
[2025-04-11T12:50:49.262+0000] {logging_mixin.py:188} INFO - [2025-04-11T12:50:49.262+0000] {dag.py:3823} INFO - Setting next_dagrun for example_subdag_operator.section-1 to None, run_after=None
[2025-04-11T12:50:49.262+0000] {logging_mixin.py:188} INFO - [2025-04-11T12:50:49.262+0000] {dag.py:3823} INFO - Setting next_dagrun for example_subdag_operator.section-2 to None, run_after=None
[2025-04-11T12:50:49.266+0000] {processor.py:183} INFO - Processing /home/airflow/.local/lib/python3.8/site-packages/airflow/example_dags/example_subdag_operator.py took 0.042 seconds
[2025-04-11T12:51:19.745+0000] {processor.py:161} INFO - Started process (PID=793) to work on /home/airflow/.local/lib/python3.8/site-packages/airflow/example_dags/example_subdag_operator.py
[2025-04-11T12:51:19.745+0000] {processor.py:830} INFO - Processing file /home/airflow/.local/lib/python3.8/site-packages/airflow/example_dags/example_subdag_operator.py for tasks to queue
[2025-04-11T12:51:19.746+0000] {logging_mixin.py:188} INFO - [2025-04-11T12:51:19.746+0000] {dagbag.py:538} INFO - Filling up the DagBag from /home/airflow/.local/lib/python3.8/site-packages/airflow/example_dags/example_subdag_operator.py
[2025-04-11T12:51:19.757+0000] {processor.py:840} INFO - DAG(s) 'example_subdag_operator.section-1', 'example_subdag_operator.section-2', 'example_subdag_operator' retrieved from /home/airflow/.local/lib/python3.8/site-packages/airflow/example_dags/example_subdag_operator.py
[2025-04-11T12:51:19.763+0000] {logging_mixin.py:188} INFO - [2025-04-11T12:51:19.763+0000] {dag.py:3036} INFO - Sync 3 DAGs
[2025-04-11T12:51:19.772+0000] {logging_mixin.py:188} INFO - [2025-04-11T12:51:19.772+0000] {dag.py:3823} INFO - Setting next_dagrun for example_subdag_operator to 2021-12-31 23:00:00+00:00, run_after=2021-12-31 23:00:00+00:00
[2025-04-11T12:51:19.774+0000] {logging_mixin.py:188} INFO - [2025-04-11T12:51:19.774+0000] {dag.py:3823} INFO - Setting next_dagrun for example_subdag_operator.section-1 to None, run_after=None
[2025-04-11T12:51:19.776+0000] {logging_mixin.py:188} INFO - [2025-04-11T12:51:19.776+0000] {dag.py:3823} INFO - Setting next_dagrun for example_subdag_operator.section-2 to None, run_after=None
[2025-04-11T12:51:19.780+0000] {logging_mixin.py:188} INFO - [2025-04-11T12:51:19.780+0000] {dag.py:3036} INFO - Sync 2 DAGs
[2025-04-11T12:51:19.782+0000] {logging_mixin.py:188} INFO - [2025-04-11T12:51:19.782+0000] {dag.py:3823} INFO - Setting next_dagrun for example_subdag_operator.section-1 to None, run_after=None
[2025-04-11T12:51:19.783+0000] {logging_mixin.py:188} INFO - [2025-04-11T12:51:19.783+0000] {dag.py:3823} INFO - Setting next_dagrun for example_subdag_operator.section-2 to None, run_after=None
[2025-04-11T12:51:19.789+0000] {processor.py:183} INFO - Processing /home/airflow/.local/lib/python3.8/site-packages/airflow/example_dags/example_subdag_operator.py took 0.046 seconds
[2025-04-11T12:51:50.205+0000] {processor.py:161} INFO - Started process (PID=849) to work on /home/airflow/.local/lib/python3.8/site-packages/airflow/example_dags/example_subdag_operator.py
[2025-04-11T12:51:50.206+0000] {processor.py:830} INFO - Processing file /home/airflow/.local/lib/python3.8/site-packages/airflow/example_dags/example_subdag_operator.py for tasks to queue
[2025-04-11T12:51:50.206+0000] {logging_mixin.py:188} INFO - [2025-04-11T12:51:50.206+0000] {dagbag.py:538} INFO - Filling up the DagBag from /home/airflow/.local/lib/python3.8/site-packages/airflow/example_dags/example_subdag_operator.py
[2025-04-11T12:51:50.218+0000] {processor.py:840} INFO - DAG(s) 'example_subdag_operator.section-1', 'example_subdag_operator.section-2', 'example_subdag_operator' retrieved from /home/airflow/.local/lib/python3.8/site-packages/airflow/example_dags/example_subdag_operator.py
[2025-04-11T12:51:50.226+0000] {logging_mixin.py:188} INFO - [2025-04-11T12:51:50.226+0000] {dag.py:3036} INFO - Sync 3 DAGs
[2025-04-11T12:51:50.234+0000] {logging_mixin.py:188} INFO - [2025-04-11T12:51:50.234+0000] {dag.py:3823} INFO - Setting next_dagrun for example_subdag_operator to 2021-12-31 23:00:00+00:00, run_after=2021-12-31 23:00:00+00:00
[2025-04-11T12:51:50.236+0000] {logging_mixin.py:188} INFO - [2025-04-11T12:51:50.235+0000] {dag.py:3823} INFO - Setting next_dagrun for example_subdag_operator.section-1 to None, run_after=None
[2025-04-11T12:51:50.236+0000] {logging_mixin.py:188} INFO - [2025-04-11T12:51:50.236+0000] {dag.py:3823} INFO - Setting next_dagrun for example_subdag_operator.section-2 to None, run_after=None
[2025-04-11T12:51:50.239+0000] {logging_mixin.py:188} INFO - [2025-04-11T12:51:50.239+0000] {dag.py:3036} INFO - Sync 2 DAGs
[2025-04-11T12:51:50.241+0000] {logging_mixin.py:188} INFO - [2025-04-11T12:51:50.241+0000] {dag.py:3823} INFO - Setting next_dagrun for example_subdag_operator.section-1 to None, run_after=None
[2025-04-11T12:51:50.241+0000] {logging_mixin.py:188} INFO - [2025-04-11T12:51:50.241+0000] {dag.py:3823} INFO - Setting next_dagrun for example_subdag_operator.section-2 to None, run_after=None
[2025-04-11T12:51:50.250+0000] {processor.py:183} INFO - Processing /home/airflow/.local/lib/python3.8/site-packages/airflow/example_dags/example_subdag_operator.py took 0.046 seconds
[2025-04-11T12:52:20.675+0000] {processor.py:161} INFO - Started process (PID=904) to work on /home/airflow/.local/lib/python3.8/site-packages/airflow/example_dags/example_subdag_operator.py
[2025-04-11T12:52:20.677+0000] {processor.py:830} INFO - Processing file /home/airflow/.local/lib/python3.8/site-packages/airflow/example_dags/example_subdag_operator.py for tasks to queue
[2025-04-11T12:52:20.680+0000] {logging_mixin.py:188} INFO - [2025-04-11T12:52:20.680+0000] {dagbag.py:538} INFO - Filling up the DagBag from /home/airflow/.local/lib/python3.8/site-packages/airflow/example_dags/example_subdag_operator.py
[2025-04-11T12:52:20.693+0000] {processor.py:840} INFO - DAG(s) 'example_subdag_operator.section-1', 'example_subdag_operator.section-2', 'example_subdag_operator' retrieved from /home/airflow/.local/lib/python3.8/site-packages/airflow/example_dags/example_subdag_operator.py
[2025-04-11T12:52:20.701+0000] {logging_mixin.py:188} INFO - [2025-04-11T12:52:20.701+0000] {dag.py:3036} INFO - Sync 3 DAGs
[2025-04-11T12:52:20.709+0000] {logging_mixin.py:188} INFO - [2025-04-11T12:52:20.709+0000] {dag.py:3823} INFO - Setting next_dagrun for example_subdag_operator to 2021-12-31 23:00:00+00:00, run_after=2021-12-31 23:00:00+00:00
[2025-04-11T12:52:20.711+0000] {logging_mixin.py:188} INFO - [2025-04-11T12:52:20.711+0000] {dag.py:3823} INFO - Setting next_dagrun for example_subdag_operator.section-1 to None, run_after=None
[2025-04-11T12:52:20.712+0000] {logging_mixin.py:188} INFO - [2025-04-11T12:52:20.712+0000] {dag.py:3823} INFO - Setting next_dagrun for example_subdag_operator.section-2 to None, run_after=None
[2025-04-11T12:52:20.714+0000] {logging_mixin.py:188} INFO - [2025-04-11T12:52:20.714+0000] {dag.py:3036} INFO - Sync 2 DAGs
[2025-04-11T12:52:20.717+0000] {logging_mixin.py:188} INFO - [2025-04-11T12:52:20.717+0000] {dag.py:3823} INFO - Setting next_dagrun for example_subdag_operator.section-1 to None, run_after=None
[2025-04-11T12:52:20.721+0000] {logging_mixin.py:188} INFO - [2025-04-11T12:52:20.721+0000] {dag.py:3823} INFO - Setting next_dagrun for example_subdag_operator.section-2 to None, run_after=None
[2025-04-11T12:52:20.729+0000] {processor.py:183} INFO - Processing /home/airflow/.local/lib/python3.8/site-packages/airflow/example_dags/example_subdag_operator.py took 0.055 seconds
[2025-04-11T12:52:51.092+0000] {processor.py:161} INFO - Started process (PID=960) to work on /home/airflow/.local/lib/python3.8/site-packages/airflow/example_dags/example_subdag_operator.py
[2025-04-11T12:52:51.092+0000] {processor.py:830} INFO - Processing file /home/airflow/.local/lib/python3.8/site-packages/airflow/example_dags/example_subdag_operator.py for tasks to queue
[2025-04-11T12:52:51.093+0000] {logging_mixin.py:188} INFO - [2025-04-11T12:52:51.093+0000] {dagbag.py:538} INFO - Filling up the DagBag from /home/airflow/.local/lib/python3.8/site-packages/airflow/example_dags/example_subdag_operator.py
[2025-04-11T12:52:51.106+0000] {processor.py:840} INFO - DAG(s) 'example_subdag_operator.section-1', 'example_subdag_operator.section-2', 'example_subdag_operator' retrieved from /home/airflow/.local/lib/python3.8/site-packages/airflow/example_dags/example_subdag_operator.py
[2025-04-11T12:52:51.112+0000] {logging_mixin.py:188} INFO - [2025-04-11T12:52:51.112+0000] {dag.py:3036} INFO - Sync 3 DAGs
[2025-04-11T12:52:51.120+0000] {logging_mixin.py:188} INFO - [2025-04-11T12:52:51.120+0000] {dag.py:3823} INFO - Setting next_dagrun for example_subdag_operator to 2021-12-31 23:00:00+00:00, run_after=2021-12-31 23:00:00+00:00
[2025-04-11T12:52:51.121+0000] {logging_mixin.py:188} INFO - [2025-04-11T12:52:51.121+0000] {dag.py:3823} INFO - Setting next_dagrun for example_subdag_operator.section-1 to None, run_after=None
[2025-04-11T12:52:51.122+0000] {logging_mixin.py:188} INFO - [2025-04-11T12:52:51.122+0000] {dag.py:3823} INFO - Setting next_dagrun for example_subdag_operator.section-2 to None, run_after=None
[2025-04-11T12:52:51.125+0000] {logging_mixin.py:188} INFO - [2025-04-11T12:52:51.125+0000] {dag.py:3036} INFO - Sync 2 DAGs
[2025-04-11T12:52:51.127+0000] {logging_mixin.py:188} INFO - [2025-04-11T12:52:51.127+0000] {dag.py:3823} INFO - Setting next_dagrun for example_subdag_operator.section-1 to None, run_after=None
[2025-04-11T12:52:51.127+0000] {logging_mixin.py:188} INFO - [2025-04-11T12:52:51.127+0000] {dag.py:3823} INFO - Setting next_dagrun for example_subdag_operator.section-2 to None, run_after=None
[2025-04-11T12:52:51.131+0000] {processor.py:183} INFO - Processing /home/airflow/.local/lib/python3.8/site-packages/airflow/example_dags/example_subdag_operator.py took 0.041 seconds
[2025-04-11T12:53:21.407+0000] {processor.py:161} INFO - Started process (PID=1016) to work on /home/airflow/.local/lib/python3.8/site-packages/airflow/example_dags/example_subdag_operator.py
[2025-04-11T12:53:21.408+0000] {processor.py:830} INFO - Processing file /home/airflow/.local/lib/python3.8/site-packages/airflow/example_dags/example_subdag_operator.py for tasks to queue
[2025-04-11T12:53:21.409+0000] {logging_mixin.py:188} INFO - [2025-04-11T12:53:21.408+0000] {dagbag.py:538} INFO - Filling up the DagBag from /home/airflow/.local/lib/python3.8/site-packages/airflow/example_dags/example_subdag_operator.py
[2025-04-11T12:53:21.419+0000] {processor.py:840} INFO - DAG(s) 'example_subdag_operator.section-1', 'example_subdag_operator.section-2', 'example_subdag_operator' retrieved from /home/airflow/.local/lib/python3.8/site-packages/airflow/example_dags/example_subdag_operator.py
[2025-04-11T12:53:21.425+0000] {logging_mixin.py:188} INFO - [2025-04-11T12:53:21.425+0000] {dag.py:3036} INFO - Sync 3 DAGs
[2025-04-11T12:53:21.432+0000] {logging_mixin.py:188} INFO - [2025-04-11T12:53:21.432+0000] {dag.py:3823} INFO - Setting next_dagrun for example_subdag_operator to 2021-12-31 23:00:00+00:00, run_after=2021-12-31 23:00:00+00:00
[2025-04-11T12:53:21.433+0000] {logging_mixin.py:188} INFO - [2025-04-11T12:53:21.433+0000] {dag.py:3823} INFO - Setting next_dagrun for example_subdag_operator.section-1 to None, run_after=None
[2025-04-11T12:53:21.434+0000] {logging_mixin.py:188} INFO - [2025-04-11T12:53:21.434+0000] {dag.py:3823} INFO - Setting next_dagrun for example_subdag_operator.section-2 to None, run_after=None
[2025-04-11T12:53:21.437+0000] {logging_mixin.py:188} INFO - [2025-04-11T12:53:21.436+0000] {dag.py:3036} INFO - Sync 2 DAGs
[2025-04-11T12:53:21.439+0000] {logging_mixin.py:188} INFO - [2025-04-11T12:53:21.439+0000] {dag.py:3823} INFO - Setting next_dagrun for example_subdag_operator.section-1 to None, run_after=None
[2025-04-11T12:53:21.439+0000] {logging_mixin.py:188} INFO - [2025-04-11T12:53:21.439+0000] {dag.py:3823} INFO - Setting next_dagrun for example_subdag_operator.section-2 to None, run_after=None
[2025-04-11T12:53:21.443+0000] {processor.py:183} INFO - Processing /home/airflow/.local/lib/python3.8/site-packages/airflow/example_dags/example_subdag_operator.py took 0.037 seconds
[2025-04-11T12:53:51.693+0000] {processor.py:161} INFO - Started process (PID=1072) to work on /home/airflow/.local/lib/python3.8/site-packages/airflow/example_dags/example_subdag_operator.py
[2025-04-11T12:53:51.693+0000] {processor.py:830} INFO - Processing file /home/airflow/.local/lib/python3.8/site-packages/airflow/example_dags/example_subdag_operator.py for tasks to queue
[2025-04-11T12:53:51.694+0000] {logging_mixin.py:188} INFO - [2025-04-11T12:53:51.694+0000] {dagbag.py:538} INFO - Filling up the DagBag from /home/airflow/.local/lib/python3.8/site-packages/airflow/example_dags/example_subdag_operator.py
[2025-04-11T12:53:51.706+0000] {processor.py:840} INFO - DAG(s) 'example_subdag_operator.section-1', 'example_subdag_operator.section-2', 'example_subdag_operator' retrieved from /home/airflow/.local/lib/python3.8/site-packages/airflow/example_dags/example_subdag_operator.py
[2025-04-11T12:53:51.711+0000] {logging_mixin.py:188} INFO - [2025-04-11T12:53:51.711+0000] {dag.py:3036} INFO - Sync 3 DAGs
[2025-04-11T12:53:51.718+0000] {logging_mixin.py:188} INFO - [2025-04-11T12:53:51.718+0000] {dag.py:3823} INFO - Setting next_dagrun for example_subdag_operator to 2021-12-31 23:00:00+00:00, run_after=2021-12-31 23:00:00+00:00
[2025-04-11T12:53:51.720+0000] {logging_mixin.py:188} INFO - [2025-04-11T12:53:51.720+0000] {dag.py:3823} INFO - Setting next_dagrun for example_subdag_operator.section-1 to None, run_after=None
[2025-04-11T12:53:51.720+0000] {logging_mixin.py:188} INFO - [2025-04-11T12:53:51.720+0000] {dag.py:3823} INFO - Setting next_dagrun for example_subdag_operator.section-2 to None, run_after=None
[2025-04-11T12:53:51.723+0000] {logging_mixin.py:188} INFO - [2025-04-11T12:53:51.723+0000] {dag.py:3036} INFO - Sync 2 DAGs
[2025-04-11T12:53:51.725+0000] {logging_mixin.py:188} INFO - [2025-04-11T12:53:51.725+0000] {dag.py:3823} INFO - Setting next_dagrun for example_subdag_operator.section-1 to None, run_after=None
[2025-04-11T12:53:51.725+0000] {logging_mixin.py:188} INFO - [2025-04-11T12:53:51.725+0000] {dag.py:3823} INFO - Setting next_dagrun for example_subdag_operator.section-2 to None, run_after=None
[2025-04-11T12:53:51.729+0000] {processor.py:183} INFO - Processing /home/airflow/.local/lib/python3.8/site-packages/airflow/example_dags/example_subdag_operator.py took 0.039 seconds
[2025-04-11T12:54:21.940+0000] {processor.py:161} INFO - Started process (PID=1128) to work on /home/airflow/.local/lib/python3.8/site-packages/airflow/example_dags/example_subdag_operator.py
[2025-04-11T12:54:21.941+0000] {processor.py:830} INFO - Processing file /home/airflow/.local/lib/python3.8/site-packages/airflow/example_dags/example_subdag_operator.py for tasks to queue
[2025-04-11T12:54:21.941+0000] {logging_mixin.py:188} INFO - [2025-04-11T12:54:21.941+0000] {dagbag.py:538} INFO - Filling up the DagBag from /home/airflow/.local/lib/python3.8/site-packages/airflow/example_dags/example_subdag_operator.py
[2025-04-11T12:54:21.952+0000] {processor.py:840} INFO - DAG(s) 'example_subdag_operator.section-1', 'example_subdag_operator.section-2', 'example_subdag_operator' retrieved from /home/airflow/.local/lib/python3.8/site-packages/airflow/example_dags/example_subdag_operator.py
[2025-04-11T12:54:21.958+0000] {logging_mixin.py:188} INFO - [2025-04-11T12:54:21.958+0000] {dag.py:3036} INFO - Sync 3 DAGs
[2025-04-11T12:54:21.965+0000] {logging_mixin.py:188} INFO - [2025-04-11T12:54:21.965+0000] {dag.py:3823} INFO - Setting next_dagrun for example_subdag_operator to 2021-12-31 23:00:00+00:00, run_after=2021-12-31 23:00:00+00:00
[2025-04-11T12:54:21.967+0000] {logging_mixin.py:188} INFO - [2025-04-11T12:54:21.967+0000] {dag.py:3823} INFO - Setting next_dagrun for example_subdag_operator.section-1 to None, run_after=None
[2025-04-11T12:54:21.967+0000] {logging_mixin.py:188} INFO - [2025-04-11T12:54:21.967+0000] {dag.py:3823} INFO - Setting next_dagrun for example_subdag_operator.section-2 to None, run_after=None
[2025-04-11T12:54:21.970+0000] {logging_mixin.py:188} INFO - [2025-04-11T12:54:21.970+0000] {dag.py:3036} INFO - Sync 2 DAGs
[2025-04-11T12:54:21.972+0000] {logging_mixin.py:188} INFO - [2025-04-11T12:54:21.972+0000] {dag.py:3823} INFO - Setting next_dagrun for example_subdag_operator.section-1 to None, run_after=None
[2025-04-11T12:54:21.972+0000] {logging_mixin.py:188} INFO - [2025-04-11T12:54:21.972+0000] {dag.py:3823} INFO - Setting next_dagrun for example_subdag_operator.section-2 to None, run_after=None
[2025-04-11T12:54:21.976+0000] {processor.py:183} INFO - Processing /home/airflow/.local/lib/python3.8/site-packages/airflow/example_dags/example_subdag_operator.py took 0.037 seconds
[2025-04-11T12:54:52.169+0000] {processor.py:161} INFO - Started process (PID=1184) to work on /home/airflow/.local/lib/python3.8/site-packages/airflow/example_dags/example_subdag_operator.py
[2025-04-11T12:54:52.169+0000] {processor.py:830} INFO - Processing file /home/airflow/.local/lib/python3.8/site-packages/airflow/example_dags/example_subdag_operator.py for tasks to queue
[2025-04-11T12:54:52.170+0000] {logging_mixin.py:188} INFO - [2025-04-11T12:54:52.170+0000] {dagbag.py:538} INFO - Filling up the DagBag from /home/airflow/.local/lib/python3.8/site-packages/airflow/example_dags/example_subdag_operator.py
[2025-04-11T12:54:52.181+0000] {processor.py:840} INFO - DAG(s) 'example_subdag_operator.section-1', 'example_subdag_operator.section-2', 'example_subdag_operator' retrieved from /home/airflow/.local/lib/python3.8/site-packages/airflow/example_dags/example_subdag_operator.py
[2025-04-11T12:54:52.186+0000] {logging_mixin.py:188} INFO - [2025-04-11T12:54:52.186+0000] {dag.py:3036} INFO - Sync 3 DAGs
[2025-04-11T12:54:52.193+0000] {logging_mixin.py:188} INFO - [2025-04-11T12:54:52.193+0000] {dag.py:3823} INFO - Setting next_dagrun for example_subdag_operator to 2021-12-31 23:00:00+00:00, run_after=2021-12-31 23:00:00+00:00
[2025-04-11T12:54:52.194+0000] {logging_mixin.py:188} INFO - [2025-04-11T12:54:52.194+0000] {dag.py:3823} INFO - Setting next_dagrun for example_subdag_operator.section-1 to None, run_after=None
[2025-04-11T12:54:52.195+0000] {logging_mixin.py:188} INFO - [2025-04-11T12:54:52.195+0000] {dag.py:3823} INFO - Setting next_dagrun for example_subdag_operator.section-2 to None, run_after=None
[2025-04-11T12:54:52.198+0000] {logging_mixin.py:188} INFO - [2025-04-11T12:54:52.198+0000] {dag.py:3036} INFO - Sync 2 DAGs
[2025-04-11T12:54:52.200+0000] {logging_mixin.py:188} INFO - [2025-04-11T12:54:52.200+0000] {dag.py:3823} INFO - Setting next_dagrun for example_subdag_operator.section-1 to None, run_after=None
[2025-04-11T12:54:52.200+0000] {logging_mixin.py:188} INFO - [2025-04-11T12:54:52.200+0000] {dag.py:3823} INFO - Setting next_dagrun for example_subdag_operator.section-2 to None, run_after=None
[2025-04-11T12:54:52.205+0000] {processor.py:183} INFO - Processing /home/airflow/.local/lib/python3.8/site-packages/airflow/example_dags/example_subdag_operator.py took 0.038 seconds
[2025-04-11T12:55:22.443+0000] {processor.py:161} INFO - Started process (PID=1240) to work on /home/airflow/.local/lib/python3.8/site-packages/airflow/example_dags/example_subdag_operator.py
[2025-04-11T12:55:22.444+0000] {processor.py:830} INFO - Processing file /home/airflow/.local/lib/python3.8/site-packages/airflow/example_dags/example_subdag_operator.py for tasks to queue
[2025-04-11T12:55:22.445+0000] {logging_mixin.py:188} INFO - [2025-04-11T12:55:22.445+0000] {dagbag.py:538} INFO - Filling up the DagBag from /home/airflow/.local/lib/python3.8/site-packages/airflow/example_dags/example_subdag_operator.py
[2025-04-11T12:55:22.455+0000] {processor.py:840} INFO - DAG(s) 'example_subdag_operator.section-1', 'example_subdag_operator.section-2', 'example_subdag_operator' retrieved from /home/airflow/.local/lib/python3.8/site-packages/airflow/example_dags/example_subdag_operator.py
[2025-04-11T12:55:22.462+0000] {logging_mixin.py:188} INFO - [2025-04-11T12:55:22.462+0000] {dag.py:3036} INFO - Sync 3 DAGs
[2025-04-11T12:55:22.471+0000] {logging_mixin.py:188} INFO - [2025-04-11T12:55:22.471+0000] {dag.py:3823} INFO - Setting next_dagrun for example_subdag_operator to 2021-12-31 23:00:00+00:00, run_after=2021-12-31 23:00:00+00:00
[2025-04-11T12:55:22.472+0000] {logging_mixin.py:188} INFO - [2025-04-11T12:55:22.472+0000] {dag.py:3823} INFO - Setting next_dagrun for example_subdag_operator.section-1 to None, run_after=None
[2025-04-11T12:55:22.473+0000] {logging_mixin.py:188} INFO - [2025-04-11T12:55:22.473+0000] {dag.py:3823} INFO - Setting next_dagrun for example_subdag_operator.section-2 to None, run_after=None
[2025-04-11T12:55:22.475+0000] {logging_mixin.py:188} INFO - [2025-04-11T12:55:22.475+0000] {dag.py:3036} INFO - Sync 2 DAGs
[2025-04-11T12:55:22.477+0000] {logging_mixin.py:188} INFO - [2025-04-11T12:55:22.477+0000] {dag.py:3823} INFO - Setting next_dagrun for example_subdag_operator.section-1 to None, run_after=None
[2025-04-11T12:55:22.477+0000] {logging_mixin.py:188} INFO - [2025-04-11T12:55:22.477+0000] {dag.py:3823} INFO - Setting next_dagrun for example_subdag_operator.section-2 to None, run_after=None
[2025-04-11T12:55:22.481+0000] {processor.py:183} INFO - Processing /home/airflow/.local/lib/python3.8/site-packages/airflow/example_dags/example_subdag_operator.py took 0.040 seconds
