[2025-04-11T12:44:45.226+0000] {processor.py:161} INFO - Started process (PID=71) to work on /home/airflow/.local/lib/python3.8/site-packages/airflow/example_dags/example_branch_day_of_week_operator.py
[2025-04-11T12:44:45.228+0000] {processor.py:830} INFO - Processing file /home/airflow/.local/lib/python3.8/site-packages/airflow/example_dags/example_branch_day_of_week_operator.py for tasks to queue
[2025-04-11T12:44:45.229+0000] {logging_mixin.py:188} INFO - [2025-04-11T12:44:45.229+0000] {dagbag.py:538} INFO - Filling up the DagBag from /home/airflow/.local/lib/python3.8/site-packages/airflow/example_dags/example_branch_day_of_week_operator.py
[2025-04-11T12:44:45.234+0000] {processor.py:840} INFO - DAG(s) 'example_weekday_branch_operator' retrieved from /home/airflow/.local/lib/python3.8/site-packages/airflow/example_dags/example_branch_day_of_week_operator.py
[2025-04-11T12:44:45.240+0000] {logging_mixin.py:188} INFO - [2025-04-11T12:44:45.240+0000] {dag.py:3036} INFO - Sync 1 DAGs
[2025-04-11T12:44:45.254+0000] {logging_mixin.py:188} INFO - [2025-04-11T12:44:45.253+0000] {dag.py:3823} INFO - Setting next_dagrun for example_weekday_branch_operator to 2025-04-10 00:00:00+00:00, run_after=2025-04-11 00:00:00+00:00
[2025-04-11T12:44:45.266+0000] {processor.py:183} INFO - Processing /home/airflow/.local/lib/python3.8/site-packages/airflow/example_dags/example_branch_day_of_week_operator.py took 0.041 seconds
[2025-04-11T12:45:15.559+0000] {processor.py:161} INFO - Started process (PID=128) to work on /home/airflow/.local/lib/python3.8/site-packages/airflow/example_dags/example_branch_day_of_week_operator.py
[2025-04-11T12:45:15.559+0000] {processor.py:830} INFO - Processing file /home/airflow/.local/lib/python3.8/site-packages/airflow/example_dags/example_branch_day_of_week_operator.py for tasks to queue
[2025-04-11T12:45:15.560+0000] {logging_mixin.py:188} INFO - [2025-04-11T12:45:15.560+0000] {dagbag.py:538} INFO - Filling up the DagBag from /home/airflow/.local/lib/python3.8/site-packages/airflow/example_dags/example_branch_day_of_week_operator.py
[2025-04-11T12:45:15.563+0000] {processor.py:840} INFO - DAG(s) 'example_weekday_branch_operator' retrieved from /home/airflow/.local/lib/python3.8/site-packages/airflow/example_dags/example_branch_day_of_week_operator.py
[2025-04-11T12:45:15.607+0000] {logging_mixin.py:188} INFO - [2025-04-11T12:45:15.607+0000] {dag.py:3036} INFO - Sync 1 DAGs
[2025-04-11T12:45:15.615+0000] {logging_mixin.py:188} INFO - [2025-04-11T12:45:15.614+0000] {dag.py:3823} INFO - Setting next_dagrun for example_weekday_branch_operator to 2025-04-10 00:00:00+00:00, run_after=2025-04-11 00:00:00+00:00
[2025-04-11T12:45:15.624+0000] {processor.py:183} INFO - Processing /home/airflow/.local/lib/python3.8/site-packages/airflow/example_dags/example_branch_day_of_week_operator.py took 0.067 seconds
[2025-04-11T12:45:46.528+0000] {processor.py:161} INFO - Started process (PID=184) to work on /home/airflow/.local/lib/python3.8/site-packages/airflow/example_dags/example_branch_day_of_week_operator.py
[2025-04-11T12:45:46.529+0000] {processor.py:830} INFO - Processing file /home/airflow/.local/lib/python3.8/site-packages/airflow/example_dags/example_branch_day_of_week_operator.py for tasks to queue
[2025-04-11T12:45:46.530+0000] {logging_mixin.py:188} INFO - [2025-04-11T12:45:46.530+0000] {dagbag.py:538} INFO - Filling up the DagBag from /home/airflow/.local/lib/python3.8/site-packages/airflow/example_dags/example_branch_day_of_week_operator.py
[2025-04-11T12:45:46.533+0000] {processor.py:840} INFO - DAG(s) 'example_weekday_branch_operator' retrieved from /home/airflow/.local/lib/python3.8/site-packages/airflow/example_dags/example_branch_day_of_week_operator.py
[2025-04-11T12:45:46.543+0000] {logging_mixin.py:188} INFO - [2025-04-11T12:45:46.543+0000] {dag.py:3036} INFO - Sync 1 DAGs
[2025-04-11T12:45:46.551+0000] {logging_mixin.py:188} INFO - [2025-04-11T12:45:46.551+0000] {dag.py:3823} INFO - Setting next_dagrun for example_weekday_branch_operator to 2025-04-10 00:00:00+00:00, run_after=2025-04-11 00:00:00+00:00
[2025-04-11T12:45:46.562+0000] {processor.py:183} INFO - Processing /home/airflow/.local/lib/python3.8/site-packages/airflow/example_dags/example_branch_day_of_week_operator.py took 0.036 seconds
[2025-04-11T12:46:17.058+0000] {processor.py:161} INFO - Started process (PID=239) to work on /home/airflow/.local/lib/python3.8/site-packages/airflow/example_dags/example_branch_day_of_week_operator.py
[2025-04-11T12:46:17.058+0000] {processor.py:830} INFO - Processing file /home/airflow/.local/lib/python3.8/site-packages/airflow/example_dags/example_branch_day_of_week_operator.py for tasks to queue
[2025-04-11T12:46:17.059+0000] {logging_mixin.py:188} INFO - [2025-04-11T12:46:17.059+0000] {dagbag.py:538} INFO - Filling up the DagBag from /home/airflow/.local/lib/python3.8/site-packages/airflow/example_dags/example_branch_day_of_week_operator.py
[2025-04-11T12:46:17.062+0000] {processor.py:840} INFO - DAG(s) 'example_weekday_branch_operator' retrieved from /home/airflow/.local/lib/python3.8/site-packages/airflow/example_dags/example_branch_day_of_week_operator.py
[2025-04-11T12:46:17.073+0000] {logging_mixin.py:188} INFO - [2025-04-11T12:46:17.073+0000] {dag.py:3036} INFO - Sync 1 DAGs
[2025-04-11T12:46:17.084+0000] {logging_mixin.py:188} INFO - [2025-04-11T12:46:17.084+0000] {dag.py:3823} INFO - Setting next_dagrun for example_weekday_branch_operator to 2025-04-10 00:00:00+00:00, run_after=2025-04-11 00:00:00+00:00
[2025-04-11T12:46:17.095+0000] {processor.py:183} INFO - Processing /home/airflow/.local/lib/python3.8/site-packages/airflow/example_dags/example_branch_day_of_week_operator.py took 0.039 seconds
[2025-04-11T12:46:47.600+0000] {processor.py:161} INFO - Started process (PID=295) to work on /home/airflow/.local/lib/python3.8/site-packages/airflow/example_dags/example_branch_day_of_week_operator.py
[2025-04-11T12:46:47.603+0000] {processor.py:830} INFO - Processing file /home/airflow/.local/lib/python3.8/site-packages/airflow/example_dags/example_branch_day_of_week_operator.py for tasks to queue
[2025-04-11T12:46:47.604+0000] {logging_mixin.py:188} INFO - [2025-04-11T12:46:47.604+0000] {dagbag.py:538} INFO - Filling up the DagBag from /home/airflow/.local/lib/python3.8/site-packages/airflow/example_dags/example_branch_day_of_week_operator.py
[2025-04-11T12:46:47.608+0000] {processor.py:840} INFO - DAG(s) 'example_weekday_branch_operator' retrieved from /home/airflow/.local/lib/python3.8/site-packages/airflow/example_dags/example_branch_day_of_week_operator.py
[2025-04-11T12:46:47.619+0000] {logging_mixin.py:188} INFO - [2025-04-11T12:46:47.619+0000] {dag.py:3036} INFO - Sync 1 DAGs
[2025-04-11T12:46:47.629+0000] {logging_mixin.py:188} INFO - [2025-04-11T12:46:47.629+0000] {dag.py:3823} INFO - Setting next_dagrun for example_weekday_branch_operator to 2025-04-10 00:00:00+00:00, run_after=2025-04-11 00:00:00+00:00
[2025-04-11T12:46:47.637+0000] {processor.py:183} INFO - Processing /home/airflow/.local/lib/python3.8/site-packages/airflow/example_dags/example_branch_day_of_week_operator.py took 0.039 seconds
[2025-04-11T12:47:17.986+0000] {processor.py:161} INFO - Started process (PID=357) to work on /home/airflow/.local/lib/python3.8/site-packages/airflow/example_dags/example_branch_day_of_week_operator.py
[2025-04-11T12:47:17.987+0000] {processor.py:830} INFO - Processing file /home/airflow/.local/lib/python3.8/site-packages/airflow/example_dags/example_branch_day_of_week_operator.py for tasks to queue
[2025-04-11T12:47:17.988+0000] {logging_mixin.py:188} INFO - [2025-04-11T12:47:17.988+0000] {dagbag.py:538} INFO - Filling up the DagBag from /home/airflow/.local/lib/python3.8/site-packages/airflow/example_dags/example_branch_day_of_week_operator.py
[2025-04-11T12:47:17.992+0000] {processor.py:840} INFO - DAG(s) 'example_weekday_branch_operator' retrieved from /home/airflow/.local/lib/python3.8/site-packages/airflow/example_dags/example_branch_day_of_week_operator.py
[2025-04-11T12:47:18.003+0000] {logging_mixin.py:188} INFO - [2025-04-11T12:47:18.003+0000] {dag.py:3036} INFO - Sync 1 DAGs
[2025-04-11T12:47:18.013+0000] {logging_mixin.py:188} INFO - [2025-04-11T12:47:18.013+0000] {dag.py:3823} INFO - Setting next_dagrun for example_weekday_branch_operator to 2025-04-10 00:00:00+00:00, run_after=2025-04-11 00:00:00+00:00
[2025-04-11T12:47:18.023+0000] {processor.py:183} INFO - Processing /home/airflow/.local/lib/python3.8/site-packages/airflow/example_dags/example_branch_day_of_week_operator.py took 0.038 seconds
[2025-04-11T12:47:48.485+0000] {processor.py:161} INFO - Started process (PID=413) to work on /home/airflow/.local/lib/python3.8/site-packages/airflow/example_dags/example_branch_day_of_week_operator.py
[2025-04-11T12:47:48.486+0000] {processor.py:830} INFO - Processing file /home/airflow/.local/lib/python3.8/site-packages/airflow/example_dags/example_branch_day_of_week_operator.py for tasks to queue
[2025-04-11T12:47:48.487+0000] {logging_mixin.py:188} INFO - [2025-04-11T12:47:48.487+0000] {dagbag.py:538} INFO - Filling up the DagBag from /home/airflow/.local/lib/python3.8/site-packages/airflow/example_dags/example_branch_day_of_week_operator.py
[2025-04-11T12:47:48.490+0000] {processor.py:840} INFO - DAG(s) 'example_weekday_branch_operator' retrieved from /home/airflow/.local/lib/python3.8/site-packages/airflow/example_dags/example_branch_day_of_week_operator.py
[2025-04-11T12:47:48.501+0000] {logging_mixin.py:188} INFO - [2025-04-11T12:47:48.501+0000] {dag.py:3036} INFO - Sync 1 DAGs
[2025-04-11T12:47:48.510+0000] {logging_mixin.py:188} INFO - [2025-04-11T12:47:48.510+0000] {dag.py:3823} INFO - Setting next_dagrun for example_weekday_branch_operator to 2025-04-10 00:00:00+00:00, run_after=2025-04-11 00:00:00+00:00
[2025-04-11T12:47:48.518+0000] {processor.py:183} INFO - Processing /home/airflow/.local/lib/python3.8/site-packages/airflow/example_dags/example_branch_day_of_week_operator.py took 0.035 seconds
[2025-04-11T12:48:18.819+0000] {processor.py:161} INFO - Started process (PID=469) to work on /home/airflow/.local/lib/python3.8/site-packages/airflow/example_dags/example_branch_day_of_week_operator.py
[2025-04-11T12:48:18.820+0000] {processor.py:830} INFO - Processing file /home/airflow/.local/lib/python3.8/site-packages/airflow/example_dags/example_branch_day_of_week_operator.py for tasks to queue
[2025-04-11T12:48:18.821+0000] {logging_mixin.py:188} INFO - [2025-04-11T12:48:18.820+0000] {dagbag.py:538} INFO - Filling up the DagBag from /home/airflow/.local/lib/python3.8/site-packages/airflow/example_dags/example_branch_day_of_week_operator.py
[2025-04-11T12:48:18.824+0000] {processor.py:840} INFO - DAG(s) 'example_weekday_branch_operator' retrieved from /home/airflow/.local/lib/python3.8/site-packages/airflow/example_dags/example_branch_day_of_week_operator.py
[2025-04-11T12:48:18.833+0000] {logging_mixin.py:188} INFO - [2025-04-11T12:48:18.833+0000] {dag.py:3036} INFO - Sync 1 DAGs
[2025-04-11T12:48:18.843+0000] {logging_mixin.py:188} INFO - [2025-04-11T12:48:18.842+0000] {dag.py:3823} INFO - Setting next_dagrun for example_weekday_branch_operator to 2025-04-10 00:00:00+00:00, run_after=2025-04-11 00:00:00+00:00
[2025-04-11T12:48:18.850+0000] {processor.py:183} INFO - Processing /home/airflow/.local/lib/python3.8/site-packages/airflow/example_dags/example_branch_day_of_week_operator.py took 0.032 seconds
[2025-04-11T12:48:48.975+0000] {processor.py:161} INFO - Started process (PID=525) to work on /home/airflow/.local/lib/python3.8/site-packages/airflow/example_dags/example_branch_day_of_week_operator.py
[2025-04-11T12:48:48.975+0000] {processor.py:830} INFO - Processing file /home/airflow/.local/lib/python3.8/site-packages/airflow/example_dags/example_branch_day_of_week_operator.py for tasks to queue
[2025-04-11T12:48:48.976+0000] {logging_mixin.py:188} INFO - [2025-04-11T12:48:48.976+0000] {dagbag.py:538} INFO - Filling up the DagBag from /home/airflow/.local/lib/python3.8/site-packages/airflow/example_dags/example_branch_day_of_week_operator.py
[2025-04-11T12:48:48.980+0000] {processor.py:840} INFO - DAG(s) 'example_weekday_branch_operator' retrieved from /home/airflow/.local/lib/python3.8/site-packages/airflow/example_dags/example_branch_day_of_week_operator.py
[2025-04-11T12:48:48.989+0000] {logging_mixin.py:188} INFO - [2025-04-11T12:48:48.988+0000] {dag.py:3036} INFO - Sync 1 DAGs
[2025-04-11T12:48:48.998+0000] {logging_mixin.py:188} INFO - [2025-04-11T12:48:48.998+0000] {dag.py:3823} INFO - Setting next_dagrun for example_weekday_branch_operator to 2025-04-10 00:00:00+00:00, run_after=2025-04-11 00:00:00+00:00
[2025-04-11T12:48:49.005+0000] {processor.py:183} INFO - Processing /home/airflow/.local/lib/python3.8/site-packages/airflow/example_dags/example_branch_day_of_week_operator.py took 0.032 seconds
[2025-04-11T12:49:19.242+0000] {processor.py:161} INFO - Started process (PID=581) to work on /home/airflow/.local/lib/python3.8/site-packages/airflow/example_dags/example_branch_day_of_week_operator.py
[2025-04-11T12:49:19.245+0000] {processor.py:830} INFO - Processing file /home/airflow/.local/lib/python3.8/site-packages/airflow/example_dags/example_branch_day_of_week_operator.py for tasks to queue
[2025-04-11T12:49:19.246+0000] {logging_mixin.py:188} INFO - [2025-04-11T12:49:19.246+0000] {dagbag.py:538} INFO - Filling up the DagBag from /home/airflow/.local/lib/python3.8/site-packages/airflow/example_dags/example_branch_day_of_week_operator.py
[2025-04-11T12:49:19.250+0000] {processor.py:840} INFO - DAG(s) 'example_weekday_branch_operator' retrieved from /home/airflow/.local/lib/python3.8/site-packages/airflow/example_dags/example_branch_day_of_week_operator.py
[2025-04-11T12:49:19.261+0000] {logging_mixin.py:188} INFO - [2025-04-11T12:49:19.261+0000] {dag.py:3036} INFO - Sync 1 DAGs
[2025-04-11T12:49:19.271+0000] {logging_mixin.py:188} INFO - [2025-04-11T12:49:19.270+0000] {dag.py:3823} INFO - Setting next_dagrun for example_weekday_branch_operator to 2025-04-10 00:00:00+00:00, run_after=2025-04-11 00:00:00+00:00
[2025-04-11T12:49:19.279+0000] {processor.py:183} INFO - Processing /home/airflow/.local/lib/python3.8/site-packages/airflow/example_dags/example_branch_day_of_week_operator.py took 0.038 seconds
[2025-04-11T12:49:49.610+0000] {processor.py:161} INFO - Started process (PID=637) to work on /home/airflow/.local/lib/python3.8/site-packages/airflow/example_dags/example_branch_day_of_week_operator.py
[2025-04-11T12:49:49.614+0000] {processor.py:830} INFO - Processing file /home/airflow/.local/lib/python3.8/site-packages/airflow/example_dags/example_branch_day_of_week_operator.py for tasks to queue
[2025-04-11T12:49:49.616+0000] {logging_mixin.py:188} INFO - [2025-04-11T12:49:49.615+0000] {dagbag.py:538} INFO - Filling up the DagBag from /home/airflow/.local/lib/python3.8/site-packages/airflow/example_dags/example_branch_day_of_week_operator.py
[2025-04-11T12:49:49.620+0000] {processor.py:840} INFO - DAG(s) 'example_weekday_branch_operator' retrieved from /home/airflow/.local/lib/python3.8/site-packages/airflow/example_dags/example_branch_day_of_week_operator.py
[2025-04-11T12:49:49.628+0000] {logging_mixin.py:188} INFO - [2025-04-11T12:49:49.628+0000] {dag.py:3036} INFO - Sync 1 DAGs
[2025-04-11T12:49:49.637+0000] {logging_mixin.py:188} INFO - [2025-04-11T12:49:49.637+0000] {dag.py:3823} INFO - Setting next_dagrun for example_weekday_branch_operator to 2025-04-10 00:00:00+00:00, run_after=2025-04-11 00:00:00+00:00
[2025-04-11T12:49:49.644+0000] {processor.py:183} INFO - Processing /home/airflow/.local/lib/python3.8/site-packages/airflow/example_dags/example_branch_day_of_week_operator.py took 0.035 seconds
[2025-04-11T12:50:20.031+0000] {processor.py:161} INFO - Started process (PID=693) to work on /home/airflow/.local/lib/python3.8/site-packages/airflow/example_dags/example_branch_day_of_week_operator.py
[2025-04-11T12:50:20.032+0000] {processor.py:830} INFO - Processing file /home/airflow/.local/lib/python3.8/site-packages/airflow/example_dags/example_branch_day_of_week_operator.py for tasks to queue
[2025-04-11T12:50:20.033+0000] {logging_mixin.py:188} INFO - [2025-04-11T12:50:20.033+0000] {dagbag.py:538} INFO - Filling up the DagBag from /home/airflow/.local/lib/python3.8/site-packages/airflow/example_dags/example_branch_day_of_week_operator.py
[2025-04-11T12:50:20.037+0000] {processor.py:840} INFO - DAG(s) 'example_weekday_branch_operator' retrieved from /home/airflow/.local/lib/python3.8/site-packages/airflow/example_dags/example_branch_day_of_week_operator.py
[2025-04-11T12:50:20.049+0000] {logging_mixin.py:188} INFO - [2025-04-11T12:50:20.049+0000] {dag.py:3036} INFO - Sync 1 DAGs
[2025-04-11T12:50:20.058+0000] {logging_mixin.py:188} INFO - [2025-04-11T12:50:20.058+0000] {dag.py:3823} INFO - Setting next_dagrun for example_weekday_branch_operator to 2025-04-10 00:00:00+00:00, run_after=2025-04-11 00:00:00+00:00
[2025-04-11T12:50:20.067+0000] {processor.py:183} INFO - Processing /home/airflow/.local/lib/python3.8/site-packages/airflow/example_dags/example_branch_day_of_week_operator.py took 0.038 seconds
[2025-04-11T12:50:50.572+0000] {processor.py:161} INFO - Started process (PID=749) to work on /home/airflow/.local/lib/python3.8/site-packages/airflow/example_dags/example_branch_day_of_week_operator.py
[2025-04-11T12:50:50.574+0000] {processor.py:830} INFO - Processing file /home/airflow/.local/lib/python3.8/site-packages/airflow/example_dags/example_branch_day_of_week_operator.py for tasks to queue
[2025-04-11T12:50:50.575+0000] {logging_mixin.py:188} INFO - [2025-04-11T12:50:50.575+0000] {dagbag.py:538} INFO - Filling up the DagBag from /home/airflow/.local/lib/python3.8/site-packages/airflow/example_dags/example_branch_day_of_week_operator.py
[2025-04-11T12:50:50.579+0000] {processor.py:840} INFO - DAG(s) 'example_weekday_branch_operator' retrieved from /home/airflow/.local/lib/python3.8/site-packages/airflow/example_dags/example_branch_day_of_week_operator.py
[2025-04-11T12:50:50.589+0000] {logging_mixin.py:188} INFO - [2025-04-11T12:50:50.589+0000] {dag.py:3036} INFO - Sync 1 DAGs
[2025-04-11T12:50:50.598+0000] {logging_mixin.py:188} INFO - [2025-04-11T12:50:50.598+0000] {dag.py:3823} INFO - Setting next_dagrun for example_weekday_branch_operator to 2025-04-10 00:00:00+00:00, run_after=2025-04-11 00:00:00+00:00
[2025-04-11T12:50:50.607+0000] {processor.py:183} INFO - Processing /home/airflow/.local/lib/python3.8/site-packages/airflow/example_dags/example_branch_day_of_week_operator.py took 0.037 seconds
[2025-04-11T12:51:21.067+0000] {processor.py:161} INFO - Started process (PID=805) to work on /home/airflow/.local/lib/python3.8/site-packages/airflow/example_dags/example_branch_day_of_week_operator.py
[2025-04-11T12:51:21.067+0000] {processor.py:830} INFO - Processing file /home/airflow/.local/lib/python3.8/site-packages/airflow/example_dags/example_branch_day_of_week_operator.py for tasks to queue
[2025-04-11T12:51:21.068+0000] {logging_mixin.py:188} INFO - [2025-04-11T12:51:21.068+0000] {dagbag.py:538} INFO - Filling up the DagBag from /home/airflow/.local/lib/python3.8/site-packages/airflow/example_dags/example_branch_day_of_week_operator.py
[2025-04-11T12:51:21.072+0000] {processor.py:840} INFO - DAG(s) 'example_weekday_branch_operator' retrieved from /home/airflow/.local/lib/python3.8/site-packages/airflow/example_dags/example_branch_day_of_week_operator.py
[2025-04-11T12:51:21.081+0000] {logging_mixin.py:188} INFO - [2025-04-11T12:51:21.081+0000] {dag.py:3036} INFO - Sync 1 DAGs
[2025-04-11T12:51:21.091+0000] {logging_mixin.py:188} INFO - [2025-04-11T12:51:21.091+0000] {dag.py:3823} INFO - Setting next_dagrun for example_weekday_branch_operator to 2025-04-10 00:00:00+00:00, run_after=2025-04-11 00:00:00+00:00
[2025-04-11T12:51:21.099+0000] {processor.py:183} INFO - Processing /home/airflow/.local/lib/python3.8/site-packages/airflow/example_dags/example_branch_day_of_week_operator.py took 0.034 seconds
[2025-04-11T12:51:51.543+0000] {processor.py:161} INFO - Started process (PID=861) to work on /home/airflow/.local/lib/python3.8/site-packages/airflow/example_dags/example_branch_day_of_week_operator.py
[2025-04-11T12:51:51.544+0000] {processor.py:830} INFO - Processing file /home/airflow/.local/lib/python3.8/site-packages/airflow/example_dags/example_branch_day_of_week_operator.py for tasks to queue
[2025-04-11T12:51:51.545+0000] {logging_mixin.py:188} INFO - [2025-04-11T12:51:51.545+0000] {dagbag.py:538} INFO - Filling up the DagBag from /home/airflow/.local/lib/python3.8/site-packages/airflow/example_dags/example_branch_day_of_week_operator.py
[2025-04-11T12:51:51.550+0000] {processor.py:840} INFO - DAG(s) 'example_weekday_branch_operator' retrieved from /home/airflow/.local/lib/python3.8/site-packages/airflow/example_dags/example_branch_day_of_week_operator.py
[2025-04-11T12:51:51.561+0000] {logging_mixin.py:188} INFO - [2025-04-11T12:51:51.561+0000] {dag.py:3036} INFO - Sync 1 DAGs
[2025-04-11T12:51:51.571+0000] {logging_mixin.py:188} INFO - [2025-04-11T12:51:51.570+0000] {dag.py:3823} INFO - Setting next_dagrun for example_weekday_branch_operator to 2025-04-10 00:00:00+00:00, run_after=2025-04-11 00:00:00+00:00
[2025-04-11T12:51:51.578+0000] {processor.py:183} INFO - Processing /home/airflow/.local/lib/python3.8/site-packages/airflow/example_dags/example_branch_day_of_week_operator.py took 0.036 seconds
[2025-04-11T12:52:22.014+0000] {processor.py:161} INFO - Started process (PID=916) to work on /home/airflow/.local/lib/python3.8/site-packages/airflow/example_dags/example_branch_day_of_week_operator.py
[2025-04-11T12:52:22.016+0000] {processor.py:830} INFO - Processing file /home/airflow/.local/lib/python3.8/site-packages/airflow/example_dags/example_branch_day_of_week_operator.py for tasks to queue
[2025-04-11T12:52:22.018+0000] {logging_mixin.py:188} INFO - [2025-04-11T12:52:22.018+0000] {dagbag.py:538} INFO - Filling up the DagBag from /home/airflow/.local/lib/python3.8/site-packages/airflow/example_dags/example_branch_day_of_week_operator.py
[2025-04-11T12:52:22.024+0000] {processor.py:840} INFO - DAG(s) 'example_weekday_branch_operator' retrieved from /home/airflow/.local/lib/python3.8/site-packages/airflow/example_dags/example_branch_day_of_week_operator.py
[2025-04-11T12:52:22.035+0000] {logging_mixin.py:188} INFO - [2025-04-11T12:52:22.034+0000] {dag.py:3036} INFO - Sync 1 DAGs
[2025-04-11T12:52:22.044+0000] {logging_mixin.py:188} INFO - [2025-04-11T12:52:22.044+0000] {dag.py:3823} INFO - Setting next_dagrun for example_weekday_branch_operator to 2025-04-10 00:00:00+00:00, run_after=2025-04-11 00:00:00+00:00
[2025-04-11T12:52:22.054+0000] {processor.py:183} INFO - Processing /home/airflow/.local/lib/python3.8/site-packages/airflow/example_dags/example_branch_day_of_week_operator.py took 0.041 seconds
[2025-04-11T12:52:52.381+0000] {processor.py:161} INFO - Started process (PID=972) to work on /home/airflow/.local/lib/python3.8/site-packages/airflow/example_dags/example_branch_day_of_week_operator.py
[2025-04-11T12:52:52.381+0000] {processor.py:830} INFO - Processing file /home/airflow/.local/lib/python3.8/site-packages/airflow/example_dags/example_branch_day_of_week_operator.py for tasks to queue
[2025-04-11T12:52:52.382+0000] {logging_mixin.py:188} INFO - [2025-04-11T12:52:52.382+0000] {dagbag.py:538} INFO - Filling up the DagBag from /home/airflow/.local/lib/python3.8/site-packages/airflow/example_dags/example_branch_day_of_week_operator.py
[2025-04-11T12:52:52.386+0000] {processor.py:840} INFO - DAG(s) 'example_weekday_branch_operator' retrieved from /home/airflow/.local/lib/python3.8/site-packages/airflow/example_dags/example_branch_day_of_week_operator.py
[2025-04-11T12:52:52.396+0000] {logging_mixin.py:188} INFO - [2025-04-11T12:52:52.396+0000] {dag.py:3036} INFO - Sync 1 DAGs
[2025-04-11T12:52:52.411+0000] {logging_mixin.py:188} INFO - [2025-04-11T12:52:52.411+0000] {dag.py:3823} INFO - Setting next_dagrun for example_weekday_branch_operator to 2025-04-10 00:00:00+00:00, run_after=2025-04-11 00:00:00+00:00
[2025-04-11T12:52:52.421+0000] {processor.py:183} INFO - Processing /home/airflow/.local/lib/python3.8/site-packages/airflow/example_dags/example_branch_day_of_week_operator.py took 0.041 seconds
[2025-04-11T12:53:22.705+0000] {processor.py:161} INFO - Started process (PID=1028) to work on /home/airflow/.local/lib/python3.8/site-packages/airflow/example_dags/example_branch_day_of_week_operator.py
[2025-04-11T12:53:22.706+0000] {processor.py:830} INFO - Processing file /home/airflow/.local/lib/python3.8/site-packages/airflow/example_dags/example_branch_day_of_week_operator.py for tasks to queue
[2025-04-11T12:53:22.707+0000] {logging_mixin.py:188} INFO - [2025-04-11T12:53:22.707+0000] {dagbag.py:538} INFO - Filling up the DagBag from /home/airflow/.local/lib/python3.8/site-packages/airflow/example_dags/example_branch_day_of_week_operator.py
[2025-04-11T12:53:22.710+0000] {processor.py:840} INFO - DAG(s) 'example_weekday_branch_operator' retrieved from /home/airflow/.local/lib/python3.8/site-packages/airflow/example_dags/example_branch_day_of_week_operator.py
[2025-04-11T12:53:22.719+0000] {logging_mixin.py:188} INFO - [2025-04-11T12:53:22.719+0000] {dag.py:3036} INFO - Sync 1 DAGs
[2025-04-11T12:53:22.727+0000] {logging_mixin.py:188} INFO - [2025-04-11T12:53:22.727+0000] {dag.py:3823} INFO - Setting next_dagrun for example_weekday_branch_operator to 2025-04-10 00:00:00+00:00, run_after=2025-04-11 00:00:00+00:00
[2025-04-11T12:53:22.734+0000] {processor.py:183} INFO - Processing /home/airflow/.local/lib/python3.8/site-packages/airflow/example_dags/example_branch_day_of_week_operator.py took 0.030 seconds
[2025-04-11T12:53:52.985+0000] {processor.py:161} INFO - Started process (PID=1084) to work on /home/airflow/.local/lib/python3.8/site-packages/airflow/example_dags/example_branch_day_of_week_operator.py
[2025-04-11T12:53:52.986+0000] {processor.py:830} INFO - Processing file /home/airflow/.local/lib/python3.8/site-packages/airflow/example_dags/example_branch_day_of_week_operator.py for tasks to queue
[2025-04-11T12:53:52.987+0000] {logging_mixin.py:188} INFO - [2025-04-11T12:53:52.987+0000] {dagbag.py:538} INFO - Filling up the DagBag from /home/airflow/.local/lib/python3.8/site-packages/airflow/example_dags/example_branch_day_of_week_operator.py
[2025-04-11T12:53:52.990+0000] {processor.py:840} INFO - DAG(s) 'example_weekday_branch_operator' retrieved from /home/airflow/.local/lib/python3.8/site-packages/airflow/example_dags/example_branch_day_of_week_operator.py
[2025-04-11T12:53:52.999+0000] {logging_mixin.py:188} INFO - [2025-04-11T12:53:52.999+0000] {dag.py:3036} INFO - Sync 1 DAGs
[2025-04-11T12:53:53.009+0000] {logging_mixin.py:188} INFO - [2025-04-11T12:53:53.009+0000] {dag.py:3823} INFO - Setting next_dagrun for example_weekday_branch_operator to 2025-04-10 00:00:00+00:00, run_after=2025-04-11 00:00:00+00:00
[2025-04-11T12:53:53.015+0000] {processor.py:183} INFO - Processing /home/airflow/.local/lib/python3.8/site-packages/airflow/example_dags/example_branch_day_of_week_operator.py took 0.032 seconds
[2025-04-11T12:54:23.198+0000] {processor.py:161} INFO - Started process (PID=1140) to work on /home/airflow/.local/lib/python3.8/site-packages/airflow/example_dags/example_branch_day_of_week_operator.py
[2025-04-11T12:54:23.199+0000] {processor.py:830} INFO - Processing file /home/airflow/.local/lib/python3.8/site-packages/airflow/example_dags/example_branch_day_of_week_operator.py for tasks to queue
[2025-04-11T12:54:23.199+0000] {logging_mixin.py:188} INFO - [2025-04-11T12:54:23.199+0000] {dagbag.py:538} INFO - Filling up the DagBag from /home/airflow/.local/lib/python3.8/site-packages/airflow/example_dags/example_branch_day_of_week_operator.py
[2025-04-11T12:54:23.203+0000] {processor.py:840} INFO - DAG(s) 'example_weekday_branch_operator' retrieved from /home/airflow/.local/lib/python3.8/site-packages/airflow/example_dags/example_branch_day_of_week_operator.py
[2025-04-11T12:54:23.212+0000] {logging_mixin.py:188} INFO - [2025-04-11T12:54:23.212+0000] {dag.py:3036} INFO - Sync 1 DAGs
[2025-04-11T12:54:23.221+0000] {logging_mixin.py:188} INFO - [2025-04-11T12:54:23.221+0000] {dag.py:3823} INFO - Setting next_dagrun for example_weekday_branch_operator to 2025-04-10 00:00:00+00:00, run_after=2025-04-11 00:00:00+00:00
[2025-04-11T12:54:23.228+0000] {processor.py:183} INFO - Processing /home/airflow/.local/lib/python3.8/site-packages/airflow/example_dags/example_branch_day_of_week_operator.py took 0.032 seconds
[2025-04-11T12:54:53.449+0000] {processor.py:161} INFO - Started process (PID=1196) to work on /home/airflow/.local/lib/python3.8/site-packages/airflow/example_dags/example_branch_day_of_week_operator.py
[2025-04-11T12:54:53.449+0000] {processor.py:830} INFO - Processing file /home/airflow/.local/lib/python3.8/site-packages/airflow/example_dags/example_branch_day_of_week_operator.py for tasks to queue
[2025-04-11T12:54:53.450+0000] {logging_mixin.py:188} INFO - [2025-04-11T12:54:53.450+0000] {dagbag.py:538} INFO - Filling up the DagBag from /home/airflow/.local/lib/python3.8/site-packages/airflow/example_dags/example_branch_day_of_week_operator.py
[2025-04-11T12:54:53.454+0000] {processor.py:840} INFO - DAG(s) 'example_weekday_branch_operator' retrieved from /home/airflow/.local/lib/python3.8/site-packages/airflow/example_dags/example_branch_day_of_week_operator.py
[2025-04-11T12:54:53.465+0000] {logging_mixin.py:188} INFO - [2025-04-11T12:54:53.465+0000] {dag.py:3036} INFO - Sync 1 DAGs
[2025-04-11T12:54:53.474+0000] {logging_mixin.py:188} INFO - [2025-04-11T12:54:53.474+0000] {dag.py:3823} INFO - Setting next_dagrun for example_weekday_branch_operator to 2025-04-10 00:00:00+00:00, run_after=2025-04-11 00:00:00+00:00
[2025-04-11T12:54:53.480+0000] {processor.py:183} INFO - Processing /home/airflow/.local/lib/python3.8/site-packages/airflow/example_dags/example_branch_day_of_week_operator.py took 0.033 seconds
[2025-04-11T12:55:23.800+0000] {processor.py:161} INFO - Started process (PID=1252) to work on /home/airflow/.local/lib/python3.8/site-packages/airflow/example_dags/example_branch_day_of_week_operator.py
[2025-04-11T12:55:23.802+0000] {processor.py:830} INFO - Processing file /home/airflow/.local/lib/python3.8/site-packages/airflow/example_dags/example_branch_day_of_week_operator.py for tasks to queue
[2025-04-11T12:55:23.803+0000] {logging_mixin.py:188} INFO - [2025-04-11T12:55:23.803+0000] {dagbag.py:538} INFO - Filling up the DagBag from /home/airflow/.local/lib/python3.8/site-packages/airflow/example_dags/example_branch_day_of_week_operator.py
[2025-04-11T12:55:23.808+0000] {processor.py:840} INFO - DAG(s) 'example_weekday_branch_operator' retrieved from /home/airflow/.local/lib/python3.8/site-packages/airflow/example_dags/example_branch_day_of_week_operator.py
[2025-04-11T12:55:23.819+0000] {logging_mixin.py:188} INFO - [2025-04-11T12:55:23.819+0000] {dag.py:3036} INFO - Sync 1 DAGs
[2025-04-11T12:55:23.829+0000] {logging_mixin.py:188} INFO - [2025-04-11T12:55:23.829+0000] {dag.py:3823} INFO - Setting next_dagrun for example_weekday_branch_operator to 2025-04-10 00:00:00+00:00, run_after=2025-04-11 00:00:00+00:00
[2025-04-11T12:55:23.837+0000] {processor.py:183} INFO - Processing /home/airflow/.local/lib/python3.8/site-packages/airflow/example_dags/example_branch_day_of_week_operator.py took 0.039 seconds
