[2025-04-11T12:44:45.028+0000] {processor.py:161} INFO - Started process (PID=65) to work on /home/airflow/.local/lib/python3.8/site-packages/airflow/example_dags/example_params_ui_tutorial.py
[2025-04-11T12:44:45.029+0000] {processor.py:830} INFO - Processing file /home/airflow/.local/lib/python3.8/site-packages/airflow/example_dags/example_params_ui_tutorial.py for tasks to queue
[2025-04-11T12:44:45.030+0000] {logging_mixin.py:188} INFO - [2025-04-11T12:44:45.030+0000] {dagbag.py:538} INFO - Filling up the DagBag from /home/airflow/.local/lib/python3.8/site-packages/airflow/example_dags/example_params_ui_tutorial.py
[2025-04-11T12:44:45.038+0000] {processor.py:840} INFO - DAG(s) 'example_params_ui_tutorial' retrieved from /home/airflow/.local/lib/python3.8/site-packages/airflow/example_dags/example_params_ui_tutorial.py
[2025-04-11T12:44:45.047+0000] {logging_mixin.py:188} INFO - [2025-04-11T12:44:45.047+0000] {dag.py:3036} INFO - Sync 1 DAGs
[2025-04-11T12:44:45.054+0000] {logging_mixin.py:188} INFO - [2025-04-11T12:44:45.053+0000] {dag.py:3823} INFO - Setting next_dagrun for example_params_ui_tutorial to None, run_after=None
[2025-04-11T12:44:45.063+0000] {processor.py:183} INFO - Processing /home/airflow/.local/lib/python3.8/site-packages/airflow/example_dags/example_params_ui_tutorial.py took 0.037 seconds
[2025-04-11T12:45:15.253+0000] {processor.py:161} INFO - Started process (PID=122) to work on /home/airflow/.local/lib/python3.8/site-packages/airflow/example_dags/example_params_ui_tutorial.py
[2025-04-11T12:45:15.253+0000] {processor.py:830} INFO - Processing file /home/airflow/.local/lib/python3.8/site-packages/airflow/example_dags/example_params_ui_tutorial.py for tasks to queue
[2025-04-11T12:45:15.254+0000] {logging_mixin.py:188} INFO - [2025-04-11T12:45:15.254+0000] {dagbag.py:538} INFO - Filling up the DagBag from /home/airflow/.local/lib/python3.8/site-packages/airflow/example_dags/example_params_ui_tutorial.py
[2025-04-11T12:45:15.259+0000] {processor.py:840} INFO - DAG(s) 'example_params_ui_tutorial' retrieved from /home/airflow/.local/lib/python3.8/site-packages/airflow/example_dags/example_params_ui_tutorial.py
[2025-04-11T12:45:15.311+0000] {logging_mixin.py:188} INFO - [2025-04-11T12:45:15.311+0000] {dag.py:3036} INFO - Sync 1 DAGs
[2025-04-11T12:45:15.316+0000] {logging_mixin.py:188} INFO - [2025-04-11T12:45:15.316+0000] {dag.py:3823} INFO - Setting next_dagrun for example_params_ui_tutorial to None, run_after=None
[2025-04-11T12:45:15.324+0000] {processor.py:183} INFO - Processing /home/airflow/.local/lib/python3.8/site-packages/airflow/example_dags/example_params_ui_tutorial.py took 0.073 seconds
[2025-04-11T12:45:45.337+0000] {processor.py:161} INFO - Started process (PID=178) to work on /home/airflow/.local/lib/python3.8/site-packages/airflow/example_dags/example_params_ui_tutorial.py
[2025-04-11T12:45:45.338+0000] {processor.py:830} INFO - Processing file /home/airflow/.local/lib/python3.8/site-packages/airflow/example_dags/example_params_ui_tutorial.py for tasks to queue
[2025-04-11T12:45:45.339+0000] {logging_mixin.py:188} INFO - [2025-04-11T12:45:45.338+0000] {dagbag.py:538} INFO - Filling up the DagBag from /home/airflow/.local/lib/python3.8/site-packages/airflow/example_dags/example_params_ui_tutorial.py
[2025-04-11T12:45:45.343+0000] {processor.py:840} INFO - DAG(s) 'example_params_ui_tutorial' retrieved from /home/airflow/.local/lib/python3.8/site-packages/airflow/example_dags/example_params_ui_tutorial.py
[2025-04-11T12:45:45.367+0000] {logging_mixin.py:188} INFO - [2025-04-11T12:45:45.367+0000] {dag.py:3036} INFO - Sync 1 DAGs
[2025-04-11T12:45:45.372+0000] {logging_mixin.py:188} INFO - [2025-04-11T12:45:45.372+0000] {dag.py:3823} INFO - Setting next_dagrun for example_params_ui_tutorial to None, run_after=None
[2025-04-11T12:45:45.379+0000] {processor.py:183} INFO - Processing /home/airflow/.local/lib/python3.8/site-packages/airflow/example_dags/example_params_ui_tutorial.py took 0.043 seconds
[2025-04-11T12:46:15.844+0000] {processor.py:161} INFO - Started process (PID=233) to work on /home/airflow/.local/lib/python3.8/site-packages/airflow/example_dags/example_params_ui_tutorial.py
[2025-04-11T12:46:15.845+0000] {processor.py:830} INFO - Processing file /home/airflow/.local/lib/python3.8/site-packages/airflow/example_dags/example_params_ui_tutorial.py for tasks to queue
[2025-04-11T12:46:15.846+0000] {logging_mixin.py:188} INFO - [2025-04-11T12:46:15.846+0000] {dagbag.py:538} INFO - Filling up the DagBag from /home/airflow/.local/lib/python3.8/site-packages/airflow/example_dags/example_params_ui_tutorial.py
[2025-04-11T12:46:15.852+0000] {processor.py:840} INFO - DAG(s) 'example_params_ui_tutorial' retrieved from /home/airflow/.local/lib/python3.8/site-packages/airflow/example_dags/example_params_ui_tutorial.py
[2025-04-11T12:46:15.879+0000] {logging_mixin.py:188} INFO - [2025-04-11T12:46:15.879+0000] {dag.py:3036} INFO - Sync 1 DAGs
[2025-04-11T12:46:15.885+0000] {logging_mixin.py:188} INFO - [2025-04-11T12:46:15.885+0000] {dag.py:3823} INFO - Setting next_dagrun for example_params_ui_tutorial to None, run_after=None
[2025-04-11T12:46:15.896+0000] {processor.py:183} INFO - Processing /home/airflow/.local/lib/python3.8/site-packages/airflow/example_dags/example_params_ui_tutorial.py took 0.053 seconds
[2025-04-11T12:46:46.436+0000] {processor.py:161} INFO - Started process (PID=289) to work on /home/airflow/.local/lib/python3.8/site-packages/airflow/example_dags/example_params_ui_tutorial.py
[2025-04-11T12:46:46.436+0000] {processor.py:830} INFO - Processing file /home/airflow/.local/lib/python3.8/site-packages/airflow/example_dags/example_params_ui_tutorial.py for tasks to queue
[2025-04-11T12:46:46.437+0000] {logging_mixin.py:188} INFO - [2025-04-11T12:46:46.437+0000] {dagbag.py:538} INFO - Filling up the DagBag from /home/airflow/.local/lib/python3.8/site-packages/airflow/example_dags/example_params_ui_tutorial.py
[2025-04-11T12:46:46.443+0000] {processor.py:840} INFO - DAG(s) 'example_params_ui_tutorial' retrieved from /home/airflow/.local/lib/python3.8/site-packages/airflow/example_dags/example_params_ui_tutorial.py
[2025-04-11T12:46:46.466+0000] {logging_mixin.py:188} INFO - [2025-04-11T12:46:46.466+0000] {dag.py:3036} INFO - Sync 1 DAGs
[2025-04-11T12:46:46.471+0000] {logging_mixin.py:188} INFO - [2025-04-11T12:46:46.471+0000] {dag.py:3823} INFO - Setting next_dagrun for example_params_ui_tutorial to None, run_after=None
[2025-04-11T12:46:46.480+0000] {processor.py:183} INFO - Processing /home/airflow/.local/lib/python3.8/site-packages/airflow/example_dags/example_params_ui_tutorial.py took 0.045 seconds
[2025-04-11T12:47:16.856+0000] {processor.py:161} INFO - Started process (PID=345) to work on /home/airflow/.local/lib/python3.8/site-packages/airflow/example_dags/example_params_ui_tutorial.py
[2025-04-11T12:47:16.857+0000] {processor.py:830} INFO - Processing file /home/airflow/.local/lib/python3.8/site-packages/airflow/example_dags/example_params_ui_tutorial.py for tasks to queue
[2025-04-11T12:47:16.858+0000] {logging_mixin.py:188} INFO - [2025-04-11T12:47:16.858+0000] {dagbag.py:538} INFO - Filling up the DagBag from /home/airflow/.local/lib/python3.8/site-packages/airflow/example_dags/example_params_ui_tutorial.py
[2025-04-11T12:47:16.865+0000] {processor.py:840} INFO - DAG(s) 'example_params_ui_tutorial' retrieved from /home/airflow/.local/lib/python3.8/site-packages/airflow/example_dags/example_params_ui_tutorial.py
[2025-04-11T12:47:16.889+0000] {logging_mixin.py:188} INFO - [2025-04-11T12:47:16.889+0000] {dag.py:3036} INFO - Sync 1 DAGs
[2025-04-11T12:47:16.894+0000] {logging_mixin.py:188} INFO - [2025-04-11T12:47:16.894+0000] {dag.py:3823} INFO - Setting next_dagrun for example_params_ui_tutorial to None, run_after=None
[2025-04-11T12:47:16.901+0000] {processor.py:183} INFO - Processing /home/airflow/.local/lib/python3.8/site-packages/airflow/example_dags/example_params_ui_tutorial.py took 0.046 seconds
[2025-04-11T12:47:47.323+0000] {processor.py:161} INFO - Started process (PID=401) to work on /home/airflow/.local/lib/python3.8/site-packages/airflow/example_dags/example_params_ui_tutorial.py
[2025-04-11T12:47:47.324+0000] {processor.py:830} INFO - Processing file /home/airflow/.local/lib/python3.8/site-packages/airflow/example_dags/example_params_ui_tutorial.py for tasks to queue
[2025-04-11T12:47:47.326+0000] {logging_mixin.py:188} INFO - [2025-04-11T12:47:47.325+0000] {dagbag.py:538} INFO - Filling up the DagBag from /home/airflow/.local/lib/python3.8/site-packages/airflow/example_dags/example_params_ui_tutorial.py
[2025-04-11T12:47:47.333+0000] {processor.py:840} INFO - DAG(s) 'example_params_ui_tutorial' retrieved from /home/airflow/.local/lib/python3.8/site-packages/airflow/example_dags/example_params_ui_tutorial.py
[2025-04-11T12:47:47.359+0000] {logging_mixin.py:188} INFO - [2025-04-11T12:47:47.359+0000] {dag.py:3036} INFO - Sync 1 DAGs
[2025-04-11T12:47:47.366+0000] {logging_mixin.py:188} INFO - [2025-04-11T12:47:47.366+0000] {dag.py:3823} INFO - Setting next_dagrun for example_params_ui_tutorial to None, run_after=None
[2025-04-11T12:47:47.373+0000] {processor.py:183} INFO - Processing /home/airflow/.local/lib/python3.8/site-packages/airflow/example_dags/example_params_ui_tutorial.py took 0.052 seconds
[2025-04-11T12:48:17.655+0000] {processor.py:161} INFO - Started process (PID=457) to work on /home/airflow/.local/lib/python3.8/site-packages/airflow/example_dags/example_params_ui_tutorial.py
[2025-04-11T12:48:17.656+0000] {processor.py:830} INFO - Processing file /home/airflow/.local/lib/python3.8/site-packages/airflow/example_dags/example_params_ui_tutorial.py for tasks to queue
[2025-04-11T12:48:17.656+0000] {logging_mixin.py:188} INFO - [2025-04-11T12:48:17.656+0000] {dagbag.py:538} INFO - Filling up the DagBag from /home/airflow/.local/lib/python3.8/site-packages/airflow/example_dags/example_params_ui_tutorial.py
[2025-04-11T12:48:17.663+0000] {processor.py:840} INFO - DAG(s) 'example_params_ui_tutorial' retrieved from /home/airflow/.local/lib/python3.8/site-packages/airflow/example_dags/example_params_ui_tutorial.py
[2025-04-11T12:48:17.685+0000] {logging_mixin.py:188} INFO - [2025-04-11T12:48:17.685+0000] {dag.py:3036} INFO - Sync 1 DAGs
[2025-04-11T12:48:17.691+0000] {logging_mixin.py:188} INFO - [2025-04-11T12:48:17.690+0000] {dag.py:3823} INFO - Setting next_dagrun for example_params_ui_tutorial to None, run_after=None
[2025-04-11T12:48:17.698+0000] {processor.py:183} INFO - Processing /home/airflow/.local/lib/python3.8/site-packages/airflow/example_dags/example_params_ui_tutorial.py took 0.044 seconds
[2025-04-11T12:48:47.818+0000] {processor.py:161} INFO - Started process (PID=513) to work on /home/airflow/.local/lib/python3.8/site-packages/airflow/example_dags/example_params_ui_tutorial.py
[2025-04-11T12:48:47.819+0000] {processor.py:830} INFO - Processing file /home/airflow/.local/lib/python3.8/site-packages/airflow/example_dags/example_params_ui_tutorial.py for tasks to queue
[2025-04-11T12:48:47.819+0000] {logging_mixin.py:188} INFO - [2025-04-11T12:48:47.819+0000] {dagbag.py:538} INFO - Filling up the DagBag from /home/airflow/.local/lib/python3.8/site-packages/airflow/example_dags/example_params_ui_tutorial.py
[2025-04-11T12:48:47.824+0000] {processor.py:840} INFO - DAG(s) 'example_params_ui_tutorial' retrieved from /home/airflow/.local/lib/python3.8/site-packages/airflow/example_dags/example_params_ui_tutorial.py
[2025-04-11T12:48:47.846+0000] {logging_mixin.py:188} INFO - [2025-04-11T12:48:47.846+0000] {dag.py:3036} INFO - Sync 1 DAGs
[2025-04-11T12:48:47.850+0000] {logging_mixin.py:188} INFO - [2025-04-11T12:48:47.850+0000] {dag.py:3823} INFO - Setting next_dagrun for example_params_ui_tutorial to None, run_after=None
[2025-04-11T12:48:47.856+0000] {processor.py:183} INFO - Processing /home/airflow/.local/lib/python3.8/site-packages/airflow/example_dags/example_params_ui_tutorial.py took 0.039 seconds
[2025-04-11T12:49:18.055+0000] {processor.py:161} INFO - Started process (PID=575) to work on /home/airflow/.local/lib/python3.8/site-packages/airflow/example_dags/example_params_ui_tutorial.py
[2025-04-11T12:49:18.057+0000] {processor.py:830} INFO - Processing file /home/airflow/.local/lib/python3.8/site-packages/airflow/example_dags/example_params_ui_tutorial.py for tasks to queue
[2025-04-11T12:49:18.061+0000] {logging_mixin.py:188} INFO - [2025-04-11T12:49:18.061+0000] {dagbag.py:538} INFO - Filling up the DagBag from /home/airflow/.local/lib/python3.8/site-packages/airflow/example_dags/example_params_ui_tutorial.py
[2025-04-11T12:49:18.069+0000] {processor.py:840} INFO - DAG(s) 'example_params_ui_tutorial' retrieved from /home/airflow/.local/lib/python3.8/site-packages/airflow/example_dags/example_params_ui_tutorial.py
[2025-04-11T12:49:18.092+0000] {logging_mixin.py:188} INFO - [2025-04-11T12:49:18.092+0000] {dag.py:3036} INFO - Sync 1 DAGs
[2025-04-11T12:49:18.097+0000] {logging_mixin.py:188} INFO - [2025-04-11T12:49:18.097+0000] {dag.py:3823} INFO - Setting next_dagrun for example_params_ui_tutorial to None, run_after=None
[2025-04-11T12:49:18.107+0000] {processor.py:183} INFO - Processing /home/airflow/.local/lib/python3.8/site-packages/airflow/example_dags/example_params_ui_tutorial.py took 0.054 seconds
[2025-04-11T12:49:48.433+0000] {processor.py:161} INFO - Started process (PID=631) to work on /home/airflow/.local/lib/python3.8/site-packages/airflow/example_dags/example_params_ui_tutorial.py
[2025-04-11T12:49:48.434+0000] {processor.py:830} INFO - Processing file /home/airflow/.local/lib/python3.8/site-packages/airflow/example_dags/example_params_ui_tutorial.py for tasks to queue
[2025-04-11T12:49:48.434+0000] {logging_mixin.py:188} INFO - [2025-04-11T12:49:48.434+0000] {dagbag.py:538} INFO - Filling up the DagBag from /home/airflow/.local/lib/python3.8/site-packages/airflow/example_dags/example_params_ui_tutorial.py
[2025-04-11T12:49:48.439+0000] {processor.py:840} INFO - DAG(s) 'example_params_ui_tutorial' retrieved from /home/airflow/.local/lib/python3.8/site-packages/airflow/example_dags/example_params_ui_tutorial.py
[2025-04-11T12:49:48.461+0000] {logging_mixin.py:188} INFO - [2025-04-11T12:49:48.461+0000] {dag.py:3036} INFO - Sync 1 DAGs
[2025-04-11T12:49:48.465+0000] {logging_mixin.py:188} INFO - [2025-04-11T12:49:48.465+0000] {dag.py:3823} INFO - Setting next_dagrun for example_params_ui_tutorial to None, run_after=None
[2025-04-11T12:49:48.472+0000] {processor.py:183} INFO - Processing /home/airflow/.local/lib/python3.8/site-packages/airflow/example_dags/example_params_ui_tutorial.py took 0.041 seconds
[2025-04-11T12:50:18.848+0000] {processor.py:161} INFO - Started process (PID=687) to work on /home/airflow/.local/lib/python3.8/site-packages/airflow/example_dags/example_params_ui_tutorial.py
[2025-04-11T12:50:18.849+0000] {processor.py:830} INFO - Processing file /home/airflow/.local/lib/python3.8/site-packages/airflow/example_dags/example_params_ui_tutorial.py for tasks to queue
[2025-04-11T12:50:18.849+0000] {logging_mixin.py:188} INFO - [2025-04-11T12:50:18.849+0000] {dagbag.py:538} INFO - Filling up the DagBag from /home/airflow/.local/lib/python3.8/site-packages/airflow/example_dags/example_params_ui_tutorial.py
[2025-04-11T12:50:18.855+0000] {processor.py:840} INFO - DAG(s) 'example_params_ui_tutorial' retrieved from /home/airflow/.local/lib/python3.8/site-packages/airflow/example_dags/example_params_ui_tutorial.py
[2025-04-11T12:50:18.875+0000] {logging_mixin.py:188} INFO - [2025-04-11T12:50:18.874+0000] {dag.py:3036} INFO - Sync 1 DAGs
[2025-04-11T12:50:18.879+0000] {logging_mixin.py:188} INFO - [2025-04-11T12:50:18.879+0000] {dag.py:3823} INFO - Setting next_dagrun for example_params_ui_tutorial to None, run_after=None
[2025-04-11T12:50:18.885+0000] {processor.py:183} INFO - Processing /home/airflow/.local/lib/python3.8/site-packages/airflow/example_dags/example_params_ui_tutorial.py took 0.038 seconds
[2025-04-11T12:50:49.365+0000] {processor.py:161} INFO - Started process (PID=743) to work on /home/airflow/.local/lib/python3.8/site-packages/airflow/example_dags/example_params_ui_tutorial.py
[2025-04-11T12:50:49.366+0000] {processor.py:830} INFO - Processing file /home/airflow/.local/lib/python3.8/site-packages/airflow/example_dags/example_params_ui_tutorial.py for tasks to queue
[2025-04-11T12:50:49.367+0000] {logging_mixin.py:188} INFO - [2025-04-11T12:50:49.367+0000] {dagbag.py:538} INFO - Filling up the DagBag from /home/airflow/.local/lib/python3.8/site-packages/airflow/example_dags/example_params_ui_tutorial.py
[2025-04-11T12:50:49.372+0000] {processor.py:840} INFO - DAG(s) 'example_params_ui_tutorial' retrieved from /home/airflow/.local/lib/python3.8/site-packages/airflow/example_dags/example_params_ui_tutorial.py
[2025-04-11T12:50:49.396+0000] {logging_mixin.py:188} INFO - [2025-04-11T12:50:49.396+0000] {dag.py:3036} INFO - Sync 1 DAGs
[2025-04-11T12:50:49.400+0000] {logging_mixin.py:188} INFO - [2025-04-11T12:50:49.400+0000] {dag.py:3823} INFO - Setting next_dagrun for example_params_ui_tutorial to None, run_after=None
[2025-04-11T12:50:49.410+0000] {processor.py:183} INFO - Processing /home/airflow/.local/lib/python3.8/site-packages/airflow/example_dags/example_params_ui_tutorial.py took 0.047 seconds
[2025-04-11T12:51:19.881+0000] {processor.py:161} INFO - Started process (PID=799) to work on /home/airflow/.local/lib/python3.8/site-packages/airflow/example_dags/example_params_ui_tutorial.py
[2025-04-11T12:51:19.881+0000] {processor.py:830} INFO - Processing file /home/airflow/.local/lib/python3.8/site-packages/airflow/example_dags/example_params_ui_tutorial.py for tasks to queue
[2025-04-11T12:51:19.882+0000] {logging_mixin.py:188} INFO - [2025-04-11T12:51:19.882+0000] {dagbag.py:538} INFO - Filling up the DagBag from /home/airflow/.local/lib/python3.8/site-packages/airflow/example_dags/example_params_ui_tutorial.py
[2025-04-11T12:51:19.888+0000] {processor.py:840} INFO - DAG(s) 'example_params_ui_tutorial' retrieved from /home/airflow/.local/lib/python3.8/site-packages/airflow/example_dags/example_params_ui_tutorial.py
[2025-04-11T12:51:19.909+0000] {logging_mixin.py:188} INFO - [2025-04-11T12:51:19.909+0000] {dag.py:3036} INFO - Sync 1 DAGs
[2025-04-11T12:51:19.914+0000] {logging_mixin.py:188} INFO - [2025-04-11T12:51:19.913+0000] {dag.py:3823} INFO - Setting next_dagrun for example_params_ui_tutorial to None, run_after=None
[2025-04-11T12:51:19.922+0000] {processor.py:183} INFO - Processing /home/airflow/.local/lib/python3.8/site-packages/airflow/example_dags/example_params_ui_tutorial.py took 0.043 seconds
[2025-04-11T12:51:50.350+0000] {processor.py:161} INFO - Started process (PID=855) to work on /home/airflow/.local/lib/python3.8/site-packages/airflow/example_dags/example_params_ui_tutorial.py
[2025-04-11T12:51:50.353+0000] {processor.py:830} INFO - Processing file /home/airflow/.local/lib/python3.8/site-packages/airflow/example_dags/example_params_ui_tutorial.py for tasks to queue
[2025-04-11T12:51:50.354+0000] {logging_mixin.py:188} INFO - [2025-04-11T12:51:50.354+0000] {dagbag.py:538} INFO - Filling up the DagBag from /home/airflow/.local/lib/python3.8/site-packages/airflow/example_dags/example_params_ui_tutorial.py
[2025-04-11T12:51:50.359+0000] {processor.py:840} INFO - DAG(s) 'example_params_ui_tutorial' retrieved from /home/airflow/.local/lib/python3.8/site-packages/airflow/example_dags/example_params_ui_tutorial.py
[2025-04-11T12:51:50.384+0000] {logging_mixin.py:188} INFO - [2025-04-11T12:51:50.384+0000] {dag.py:3036} INFO - Sync 1 DAGs
[2025-04-11T12:51:50.389+0000] {logging_mixin.py:188} INFO - [2025-04-11T12:51:50.389+0000] {dag.py:3823} INFO - Setting next_dagrun for example_params_ui_tutorial to None, run_after=None
[2025-04-11T12:51:50.397+0000] {processor.py:183} INFO - Processing /home/airflow/.local/lib/python3.8/site-packages/airflow/example_dags/example_params_ui_tutorial.py took 0.048 seconds
[2025-04-11T12:52:20.823+0000] {processor.py:161} INFO - Started process (PID=910) to work on /home/airflow/.local/lib/python3.8/site-packages/airflow/example_dags/example_params_ui_tutorial.py
[2025-04-11T12:52:20.825+0000] {processor.py:830} INFO - Processing file /home/airflow/.local/lib/python3.8/site-packages/airflow/example_dags/example_params_ui_tutorial.py for tasks to queue
[2025-04-11T12:52:20.826+0000] {logging_mixin.py:188} INFO - [2025-04-11T12:52:20.825+0000] {dagbag.py:538} INFO - Filling up the DagBag from /home/airflow/.local/lib/python3.8/site-packages/airflow/example_dags/example_params_ui_tutorial.py
[2025-04-11T12:52:20.831+0000] {processor.py:840} INFO - DAG(s) 'example_params_ui_tutorial' retrieved from /home/airflow/.local/lib/python3.8/site-packages/airflow/example_dags/example_params_ui_tutorial.py
[2025-04-11T12:52:20.853+0000] {logging_mixin.py:188} INFO - [2025-04-11T12:52:20.853+0000] {dag.py:3036} INFO - Sync 1 DAGs
[2025-04-11T12:52:20.857+0000] {logging_mixin.py:188} INFO - [2025-04-11T12:52:20.857+0000] {dag.py:3823} INFO - Setting next_dagrun for example_params_ui_tutorial to None, run_after=None
[2025-04-11T12:52:20.868+0000] {processor.py:183} INFO - Processing /home/airflow/.local/lib/python3.8/site-packages/airflow/example_dags/example_params_ui_tutorial.py took 0.047 seconds
[2025-04-11T12:52:51.212+0000] {processor.py:161} INFO - Started process (PID=966) to work on /home/airflow/.local/lib/python3.8/site-packages/airflow/example_dags/example_params_ui_tutorial.py
[2025-04-11T12:52:51.212+0000] {processor.py:830} INFO - Processing file /home/airflow/.local/lib/python3.8/site-packages/airflow/example_dags/example_params_ui_tutorial.py for tasks to queue
[2025-04-11T12:52:51.213+0000] {logging_mixin.py:188} INFO - [2025-04-11T12:52:51.212+0000] {dagbag.py:538} INFO - Filling up the DagBag from /home/airflow/.local/lib/python3.8/site-packages/airflow/example_dags/example_params_ui_tutorial.py
[2025-04-11T12:52:51.218+0000] {processor.py:840} INFO - DAG(s) 'example_params_ui_tutorial' retrieved from /home/airflow/.local/lib/python3.8/site-packages/airflow/example_dags/example_params_ui_tutorial.py
[2025-04-11T12:52:51.241+0000] {logging_mixin.py:188} INFO - [2025-04-11T12:52:51.241+0000] {dag.py:3036} INFO - Sync 1 DAGs
[2025-04-11T12:52:51.246+0000] {logging_mixin.py:188} INFO - [2025-04-11T12:52:51.246+0000] {dag.py:3823} INFO - Setting next_dagrun for example_params_ui_tutorial to None, run_after=None
[2025-04-11T12:52:51.255+0000] {processor.py:183} INFO - Processing /home/airflow/.local/lib/python3.8/site-packages/airflow/example_dags/example_params_ui_tutorial.py took 0.044 seconds
[2025-04-11T12:53:21.521+0000] {processor.py:161} INFO - Started process (PID=1022) to work on /home/airflow/.local/lib/python3.8/site-packages/airflow/example_dags/example_params_ui_tutorial.py
[2025-04-11T12:53:21.521+0000] {processor.py:830} INFO - Processing file /home/airflow/.local/lib/python3.8/site-packages/airflow/example_dags/example_params_ui_tutorial.py for tasks to queue
[2025-04-11T12:53:21.522+0000] {logging_mixin.py:188} INFO - [2025-04-11T12:53:21.522+0000] {dagbag.py:538} INFO - Filling up the DagBag from /home/airflow/.local/lib/python3.8/site-packages/airflow/example_dags/example_params_ui_tutorial.py
[2025-04-11T12:53:21.528+0000] {processor.py:840} INFO - DAG(s) 'example_params_ui_tutorial' retrieved from /home/airflow/.local/lib/python3.8/site-packages/airflow/example_dags/example_params_ui_tutorial.py
[2025-04-11T12:53:21.557+0000] {logging_mixin.py:188} INFO - [2025-04-11T12:53:21.557+0000] {dag.py:3036} INFO - Sync 1 DAGs
[2025-04-11T12:53:21.561+0000] {logging_mixin.py:188} INFO - [2025-04-11T12:53:21.561+0000] {dag.py:3823} INFO - Setting next_dagrun for example_params_ui_tutorial to None, run_after=None
[2025-04-11T12:53:21.570+0000] {processor.py:183} INFO - Processing /home/airflow/.local/lib/python3.8/site-packages/airflow/example_dags/example_params_ui_tutorial.py took 0.051 seconds
[2025-04-11T12:53:51.808+0000] {processor.py:161} INFO - Started process (PID=1078) to work on /home/airflow/.local/lib/python3.8/site-packages/airflow/example_dags/example_params_ui_tutorial.py
[2025-04-11T12:53:51.808+0000] {processor.py:830} INFO - Processing file /home/airflow/.local/lib/python3.8/site-packages/airflow/example_dags/example_params_ui_tutorial.py for tasks to queue
[2025-04-11T12:53:51.809+0000] {logging_mixin.py:188} INFO - [2025-04-11T12:53:51.809+0000] {dagbag.py:538} INFO - Filling up the DagBag from /home/airflow/.local/lib/python3.8/site-packages/airflow/example_dags/example_params_ui_tutorial.py
[2025-04-11T12:53:51.814+0000] {processor.py:840} INFO - DAG(s) 'example_params_ui_tutorial' retrieved from /home/airflow/.local/lib/python3.8/site-packages/airflow/example_dags/example_params_ui_tutorial.py
[2025-04-11T12:53:51.834+0000] {logging_mixin.py:188} INFO - [2025-04-11T12:53:51.834+0000] {dag.py:3036} INFO - Sync 1 DAGs
[2025-04-11T12:53:51.838+0000] {logging_mixin.py:188} INFO - [2025-04-11T12:53:51.838+0000] {dag.py:3823} INFO - Setting next_dagrun for example_params_ui_tutorial to None, run_after=None
[2025-04-11T12:53:51.845+0000] {processor.py:183} INFO - Processing /home/airflow/.local/lib/python3.8/site-packages/airflow/example_dags/example_params_ui_tutorial.py took 0.039 seconds
[2025-04-11T12:54:22.054+0000] {processor.py:161} INFO - Started process (PID=1134) to work on /home/airflow/.local/lib/python3.8/site-packages/airflow/example_dags/example_params_ui_tutorial.py
[2025-04-11T12:54:22.055+0000] {processor.py:830} INFO - Processing file /home/airflow/.local/lib/python3.8/site-packages/airflow/example_dags/example_params_ui_tutorial.py for tasks to queue
[2025-04-11T12:54:22.056+0000] {logging_mixin.py:188} INFO - [2025-04-11T12:54:22.056+0000] {dagbag.py:538} INFO - Filling up the DagBag from /home/airflow/.local/lib/python3.8/site-packages/airflow/example_dags/example_params_ui_tutorial.py
[2025-04-11T12:54:22.061+0000] {processor.py:840} INFO - DAG(s) 'example_params_ui_tutorial' retrieved from /home/airflow/.local/lib/python3.8/site-packages/airflow/example_dags/example_params_ui_tutorial.py
[2025-04-11T12:54:22.082+0000] {logging_mixin.py:188} INFO - [2025-04-11T12:54:22.082+0000] {dag.py:3036} INFO - Sync 1 DAGs
[2025-04-11T12:54:22.087+0000] {logging_mixin.py:188} INFO - [2025-04-11T12:54:22.087+0000] {dag.py:3823} INFO - Setting next_dagrun for example_params_ui_tutorial to None, run_after=None
[2025-04-11T12:54:22.093+0000] {processor.py:183} INFO - Processing /home/airflow/.local/lib/python3.8/site-packages/airflow/example_dags/example_params_ui_tutorial.py took 0.040 seconds
[2025-04-11T12:54:52.282+0000] {processor.py:161} INFO - Started process (PID=1190) to work on /home/airflow/.local/lib/python3.8/site-packages/airflow/example_dags/example_params_ui_tutorial.py
[2025-04-11T12:54:52.282+0000] {processor.py:830} INFO - Processing file /home/airflow/.local/lib/python3.8/site-packages/airflow/example_dags/example_params_ui_tutorial.py for tasks to queue
[2025-04-11T12:54:52.283+0000] {logging_mixin.py:188} INFO - [2025-04-11T12:54:52.283+0000] {dagbag.py:538} INFO - Filling up the DagBag from /home/airflow/.local/lib/python3.8/site-packages/airflow/example_dags/example_params_ui_tutorial.py
[2025-04-11T12:54:52.288+0000] {processor.py:840} INFO - DAG(s) 'example_params_ui_tutorial' retrieved from /home/airflow/.local/lib/python3.8/site-packages/airflow/example_dags/example_params_ui_tutorial.py
[2025-04-11T12:54:52.310+0000] {logging_mixin.py:188} INFO - [2025-04-11T12:54:52.310+0000] {dag.py:3036} INFO - Sync 1 DAGs
[2025-04-11T12:54:52.315+0000] {logging_mixin.py:188} INFO - [2025-04-11T12:54:52.315+0000] {dag.py:3823} INFO - Setting next_dagrun for example_params_ui_tutorial to None, run_after=None
[2025-04-11T12:54:52.322+0000] {processor.py:183} INFO - Processing /home/airflow/.local/lib/python3.8/site-packages/airflow/example_dags/example_params_ui_tutorial.py took 0.042 seconds
[2025-04-11T12:55:22.586+0000] {processor.py:161} INFO - Started process (PID=1246) to work on /home/airflow/.local/lib/python3.8/site-packages/airflow/example_dags/example_params_ui_tutorial.py
[2025-04-11T12:55:22.588+0000] {processor.py:830} INFO - Processing file /home/airflow/.local/lib/python3.8/site-packages/airflow/example_dags/example_params_ui_tutorial.py for tasks to queue
[2025-04-11T12:55:22.589+0000] {logging_mixin.py:188} INFO - [2025-04-11T12:55:22.589+0000] {dagbag.py:538} INFO - Filling up the DagBag from /home/airflow/.local/lib/python3.8/site-packages/airflow/example_dags/example_params_ui_tutorial.py
[2025-04-11T12:55:22.594+0000] {processor.py:840} INFO - DAG(s) 'example_params_ui_tutorial' retrieved from /home/airflow/.local/lib/python3.8/site-packages/airflow/example_dags/example_params_ui_tutorial.py
[2025-04-11T12:55:22.618+0000] {logging_mixin.py:188} INFO - [2025-04-11T12:55:22.618+0000] {dag.py:3036} INFO - Sync 1 DAGs
[2025-04-11T12:55:22.624+0000] {logging_mixin.py:188} INFO - [2025-04-11T12:55:22.623+0000] {dag.py:3823} INFO - Setting next_dagrun for example_params_ui_tutorial to None, run_after=None
[2025-04-11T12:55:22.631+0000] {processor.py:183} INFO - Processing /home/airflow/.local/lib/python3.8/site-packages/airflow/example_dags/example_params_ui_tutorial.py took 0.047 seconds
