[2025-04-11T12:44:45.703+0000] {processor.py:161} INFO - Started process (PID=86) to work on /home/airflow/.local/lib/python3.8/site-packages/airflow/example_dags/example_branch_operator.py
[2025-04-11T12:44:45.706+0000] {processor.py:830} INFO - Processing file /home/airflow/.local/lib/python3.8/site-packages/airflow/example_dags/example_branch_operator.py for tasks to queue
[2025-04-11T12:44:45.707+0000] {logging_mixin.py:188} INFO - [2025-04-11T12:44:45.707+0000] {dagbag.py:538} INFO - Filling up the DagBag from /home/airflow/.local/lib/python3.8/site-packages/airflow/example_dags/example_branch_operator.py
[2025-04-11T12:44:45.718+0000] {processor.py:840} INFO - DAG(s) 'example_branch_operator' retrieved from /home/airflow/.local/lib/python3.8/site-packages/airflow/example_dags/example_branch_operator.py
[2025-04-11T12:44:45.725+0000] {logging_mixin.py:188} INFO - [2025-04-11T12:44:45.724+0000] {dag.py:3036} INFO - Sync 1 DAGs
[2025-04-11T12:44:45.735+0000] {logging_mixin.py:188} INFO - [2025-04-11T12:44:45.735+0000] {dag.py:3823} INFO - Setting next_dagrun for example_branch_operator to 2025-04-10 00:00:00+00:00, run_after=2025-04-11 00:00:00+00:00
[2025-04-11T12:44:45.746+0000] {processor.py:183} INFO - Processing /home/airflow/.local/lib/python3.8/site-packages/airflow/example_dags/example_branch_operator.py took 0.044 seconds
[2025-04-11T12:45:16.192+0000] {processor.py:161} INFO - Started process (PID=143) to work on /home/airflow/.local/lib/python3.8/site-packages/airflow/example_dags/example_branch_operator.py
[2025-04-11T12:45:16.193+0000] {processor.py:830} INFO - Processing file /home/airflow/.local/lib/python3.8/site-packages/airflow/example_dags/example_branch_operator.py for tasks to queue
[2025-04-11T12:45:16.193+0000] {logging_mixin.py:188} INFO - [2025-04-11T12:45:16.193+0000] {dagbag.py:538} INFO - Filling up the DagBag from /home/airflow/.local/lib/python3.8/site-packages/airflow/example_dags/example_branch_operator.py
[2025-04-11T12:45:16.202+0000] {processor.py:840} INFO - DAG(s) 'example_branch_operator' retrieved from /home/airflow/.local/lib/python3.8/site-packages/airflow/example_dags/example_branch_operator.py
[2025-04-11T12:45:16.247+0000] {logging_mixin.py:188} INFO - [2025-04-11T12:45:16.247+0000] {dag.py:3036} INFO - Sync 1 DAGs
[2025-04-11T12:45:16.259+0000] {logging_mixin.py:188} INFO - [2025-04-11T12:45:16.259+0000] {dag.py:3823} INFO - Setting next_dagrun for example_branch_operator to 2025-04-10 00:00:00+00:00, run_after=2025-04-11 00:00:00+00:00
[2025-04-11T12:45:16.271+0000] {processor.py:183} INFO - Processing /home/airflow/.local/lib/python3.8/site-packages/airflow/example_dags/example_branch_operator.py took 0.080 seconds
[2025-04-11T12:45:46.872+0000] {processor.py:161} INFO - Started process (PID=199) to work on /home/airflow/.local/lib/python3.8/site-packages/airflow/example_dags/example_branch_operator.py
[2025-04-11T12:45:46.872+0000] {processor.py:830} INFO - Processing file /home/airflow/.local/lib/python3.8/site-packages/airflow/example_dags/example_branch_operator.py for tasks to queue
[2025-04-11T12:45:46.873+0000] {logging_mixin.py:188} INFO - [2025-04-11T12:45:46.873+0000] {dagbag.py:538} INFO - Filling up the DagBag from /home/airflow/.local/lib/python3.8/site-packages/airflow/example_dags/example_branch_operator.py
[2025-04-11T12:45:46.880+0000] {processor.py:840} INFO - DAG(s) 'example_branch_operator' retrieved from /home/airflow/.local/lib/python3.8/site-packages/airflow/example_dags/example_branch_operator.py
[2025-04-11T12:45:46.892+0000] {logging_mixin.py:188} INFO - [2025-04-11T12:45:46.892+0000] {dag.py:3036} INFO - Sync 1 DAGs
[2025-04-11T12:45:46.901+0000] {logging_mixin.py:188} INFO - [2025-04-11T12:45:46.901+0000] {dag.py:3823} INFO - Setting next_dagrun for example_branch_operator to 2025-04-10 00:00:00+00:00, run_after=2025-04-11 00:00:00+00:00
[2025-04-11T12:45:46.911+0000] {processor.py:183} INFO - Processing /home/airflow/.local/lib/python3.8/site-packages/airflow/example_dags/example_branch_operator.py took 0.041 seconds
[2025-04-11T12:46:17.477+0000] {processor.py:161} INFO - Started process (PID=254) to work on /home/airflow/.local/lib/python3.8/site-packages/airflow/example_dags/example_branch_operator.py
[2025-04-11T12:46:17.477+0000] {processor.py:830} INFO - Processing file /home/airflow/.local/lib/python3.8/site-packages/airflow/example_dags/example_branch_operator.py for tasks to queue
[2025-04-11T12:46:17.478+0000] {logging_mixin.py:188} INFO - [2025-04-11T12:46:17.478+0000] {dagbag.py:538} INFO - Filling up the DagBag from /home/airflow/.local/lib/python3.8/site-packages/airflow/example_dags/example_branch_operator.py
[2025-04-11T12:46:17.486+0000] {processor.py:840} INFO - DAG(s) 'example_branch_operator' retrieved from /home/airflow/.local/lib/python3.8/site-packages/airflow/example_dags/example_branch_operator.py
[2025-04-11T12:46:17.499+0000] {logging_mixin.py:188} INFO - [2025-04-11T12:46:17.499+0000] {dag.py:3036} INFO - Sync 1 DAGs
[2025-04-11T12:46:17.510+0000] {logging_mixin.py:188} INFO - [2025-04-11T12:46:17.510+0000] {dag.py:3823} INFO - Setting next_dagrun for example_branch_operator to 2025-04-10 00:00:00+00:00, run_after=2025-04-11 00:00:00+00:00
[2025-04-11T12:46:17.518+0000] {processor.py:183} INFO - Processing /home/airflow/.local/lib/python3.8/site-packages/airflow/example_dags/example_branch_operator.py took 0.043 seconds
[2025-04-11T12:46:47.959+0000] {processor.py:161} INFO - Started process (PID=316) to work on /home/airflow/.local/lib/python3.8/site-packages/airflow/example_dags/example_branch_operator.py
[2025-04-11T12:46:47.960+0000] {processor.py:830} INFO - Processing file /home/airflow/.local/lib/python3.8/site-packages/airflow/example_dags/example_branch_operator.py for tasks to queue
[2025-04-11T12:46:47.961+0000] {logging_mixin.py:188} INFO - [2025-04-11T12:46:47.961+0000] {dagbag.py:538} INFO - Filling up the DagBag from /home/airflow/.local/lib/python3.8/site-packages/airflow/example_dags/example_branch_operator.py
[2025-04-11T12:46:47.968+0000] {processor.py:840} INFO - DAG(s) 'example_branch_operator' retrieved from /home/airflow/.local/lib/python3.8/site-packages/airflow/example_dags/example_branch_operator.py
[2025-04-11T12:46:47.980+0000] {logging_mixin.py:188} INFO - [2025-04-11T12:46:47.980+0000] {dag.py:3036} INFO - Sync 1 DAGs
[2025-04-11T12:46:47.990+0000] {logging_mixin.py:188} INFO - [2025-04-11T12:46:47.990+0000] {dag.py:3823} INFO - Setting next_dagrun for example_branch_operator to 2025-04-10 00:00:00+00:00, run_after=2025-04-11 00:00:00+00:00
[2025-04-11T12:46:47.997+0000] {processor.py:183} INFO - Processing /home/airflow/.local/lib/python3.8/site-packages/airflow/example_dags/example_branch_operator.py took 0.040 seconds
[2025-04-11T12:47:18.348+0000] {processor.py:161} INFO - Started process (PID=372) to work on /home/airflow/.local/lib/python3.8/site-packages/airflow/example_dags/example_branch_operator.py
[2025-04-11T12:47:18.349+0000] {processor.py:830} INFO - Processing file /home/airflow/.local/lib/python3.8/site-packages/airflow/example_dags/example_branch_operator.py for tasks to queue
[2025-04-11T12:47:18.350+0000] {logging_mixin.py:188} INFO - [2025-04-11T12:47:18.350+0000] {dagbag.py:538} INFO - Filling up the DagBag from /home/airflow/.local/lib/python3.8/site-packages/airflow/example_dags/example_branch_operator.py
[2025-04-11T12:47:18.357+0000] {processor.py:840} INFO - DAG(s) 'example_branch_operator' retrieved from /home/airflow/.local/lib/python3.8/site-packages/airflow/example_dags/example_branch_operator.py
[2025-04-11T12:47:18.370+0000] {logging_mixin.py:188} INFO - [2025-04-11T12:47:18.370+0000] {dag.py:3036} INFO - Sync 1 DAGs
[2025-04-11T12:47:18.379+0000] {logging_mixin.py:188} INFO - [2025-04-11T12:47:18.379+0000] {dag.py:3823} INFO - Setting next_dagrun for example_branch_operator to 2025-04-10 00:00:00+00:00, run_after=2025-04-11 00:00:00+00:00
[2025-04-11T12:47:18.392+0000] {processor.py:183} INFO - Processing /home/airflow/.local/lib/python3.8/site-packages/airflow/example_dags/example_branch_operator.py took 0.045 seconds
[2025-04-11T12:47:48.809+0000] {processor.py:161} INFO - Started process (PID=428) to work on /home/airflow/.local/lib/python3.8/site-packages/airflow/example_dags/example_branch_operator.py
[2025-04-11T12:47:48.810+0000] {processor.py:830} INFO - Processing file /home/airflow/.local/lib/python3.8/site-packages/airflow/example_dags/example_branch_operator.py for tasks to queue
[2025-04-11T12:47:48.811+0000] {logging_mixin.py:188} INFO - [2025-04-11T12:47:48.811+0000] {dagbag.py:538} INFO - Filling up the DagBag from /home/airflow/.local/lib/python3.8/site-packages/airflow/example_dags/example_branch_operator.py
[2025-04-11T12:47:48.821+0000] {processor.py:840} INFO - DAG(s) 'example_branch_operator' retrieved from /home/airflow/.local/lib/python3.8/site-packages/airflow/example_dags/example_branch_operator.py
[2025-04-11T12:47:48.835+0000] {logging_mixin.py:188} INFO - [2025-04-11T12:47:48.834+0000] {dag.py:3036} INFO - Sync 1 DAGs
[2025-04-11T12:47:48.845+0000] {logging_mixin.py:188} INFO - [2025-04-11T12:47:48.845+0000] {dag.py:3823} INFO - Setting next_dagrun for example_branch_operator to 2025-04-10 00:00:00+00:00, run_after=2025-04-11 00:00:00+00:00
[2025-04-11T12:47:48.854+0000] {processor.py:183} INFO - Processing /home/airflow/.local/lib/python3.8/site-packages/airflow/example_dags/example_branch_operator.py took 0.047 seconds
[2025-04-11T12:48:19.134+0000] {processor.py:161} INFO - Started process (PID=484) to work on /home/airflow/.local/lib/python3.8/site-packages/airflow/example_dags/example_branch_operator.py
[2025-04-11T12:48:19.134+0000] {processor.py:830} INFO - Processing file /home/airflow/.local/lib/python3.8/site-packages/airflow/example_dags/example_branch_operator.py for tasks to queue
[2025-04-11T12:48:19.135+0000] {logging_mixin.py:188} INFO - [2025-04-11T12:48:19.135+0000] {dagbag.py:538} INFO - Filling up the DagBag from /home/airflow/.local/lib/python3.8/site-packages/airflow/example_dags/example_branch_operator.py
[2025-04-11T12:48:19.143+0000] {processor.py:840} INFO - DAG(s) 'example_branch_operator' retrieved from /home/airflow/.local/lib/python3.8/site-packages/airflow/example_dags/example_branch_operator.py
[2025-04-11T12:48:19.155+0000] {logging_mixin.py:188} INFO - [2025-04-11T12:48:19.155+0000] {dag.py:3036} INFO - Sync 1 DAGs
[2025-04-11T12:48:19.164+0000] {logging_mixin.py:188} INFO - [2025-04-11T12:48:19.164+0000] {dag.py:3823} INFO - Setting next_dagrun for example_branch_operator to 2025-04-10 00:00:00+00:00, run_after=2025-04-11 00:00:00+00:00
[2025-04-11T12:48:19.171+0000] {processor.py:183} INFO - Processing /home/airflow/.local/lib/python3.8/site-packages/airflow/example_dags/example_branch_operator.py took 0.039 seconds
[2025-04-11T12:48:49.274+0000] {processor.py:161} INFO - Started process (PID=540) to work on /home/airflow/.local/lib/python3.8/site-packages/airflow/example_dags/example_branch_operator.py
[2025-04-11T12:48:49.274+0000] {processor.py:830} INFO - Processing file /home/airflow/.local/lib/python3.8/site-packages/airflow/example_dags/example_branch_operator.py for tasks to queue
[2025-04-11T12:48:49.275+0000] {logging_mixin.py:188} INFO - [2025-04-11T12:48:49.275+0000] {dagbag.py:538} INFO - Filling up the DagBag from /home/airflow/.local/lib/python3.8/site-packages/airflow/example_dags/example_branch_operator.py
[2025-04-11T12:48:49.282+0000] {processor.py:840} INFO - DAG(s) 'example_branch_operator' retrieved from /home/airflow/.local/lib/python3.8/site-packages/airflow/example_dags/example_branch_operator.py
[2025-04-11T12:48:49.293+0000] {logging_mixin.py:188} INFO - [2025-04-11T12:48:49.293+0000] {dag.py:3036} INFO - Sync 1 DAGs
[2025-04-11T12:48:49.301+0000] {logging_mixin.py:188} INFO - [2025-04-11T12:48:49.301+0000] {dag.py:3823} INFO - Setting next_dagrun for example_branch_operator to 2025-04-10 00:00:00+00:00, run_after=2025-04-11 00:00:00+00:00
[2025-04-11T12:48:49.308+0000] {processor.py:183} INFO - Processing /home/airflow/.local/lib/python3.8/site-packages/airflow/example_dags/example_branch_operator.py took 0.036 seconds
[2025-04-11T12:49:19.579+0000] {processor.py:161} INFO - Started process (PID=596) to work on /home/airflow/.local/lib/python3.8/site-packages/airflow/example_dags/example_branch_operator.py
[2025-04-11T12:49:19.582+0000] {processor.py:830} INFO - Processing file /home/airflow/.local/lib/python3.8/site-packages/airflow/example_dags/example_branch_operator.py for tasks to queue
[2025-04-11T12:49:19.582+0000] {logging_mixin.py:188} INFO - [2025-04-11T12:49:19.582+0000] {dagbag.py:538} INFO - Filling up the DagBag from /home/airflow/.local/lib/python3.8/site-packages/airflow/example_dags/example_branch_operator.py
[2025-04-11T12:49:19.591+0000] {processor.py:840} INFO - DAG(s) 'example_branch_operator' retrieved from /home/airflow/.local/lib/python3.8/site-packages/airflow/example_dags/example_branch_operator.py
[2025-04-11T12:49:19.603+0000] {logging_mixin.py:188} INFO - [2025-04-11T12:49:19.603+0000] {dag.py:3036} INFO - Sync 1 DAGs
[2025-04-11T12:49:19.612+0000] {logging_mixin.py:188} INFO - [2025-04-11T12:49:19.612+0000] {dag.py:3823} INFO - Setting next_dagrun for example_branch_operator to 2025-04-10 00:00:00+00:00, run_after=2025-04-11 00:00:00+00:00
[2025-04-11T12:49:19.622+0000] {processor.py:183} INFO - Processing /home/airflow/.local/lib/python3.8/site-packages/airflow/example_dags/example_branch_operator.py took 0.044 seconds
[2025-04-11T12:49:49.938+0000] {processor.py:161} INFO - Started process (PID=652) to work on /home/airflow/.local/lib/python3.8/site-packages/airflow/example_dags/example_branch_operator.py
[2025-04-11T12:49:49.940+0000] {processor.py:830} INFO - Processing file /home/airflow/.local/lib/python3.8/site-packages/airflow/example_dags/example_branch_operator.py for tasks to queue
[2025-04-11T12:49:49.941+0000] {logging_mixin.py:188} INFO - [2025-04-11T12:49:49.941+0000] {dagbag.py:538} INFO - Filling up the DagBag from /home/airflow/.local/lib/python3.8/site-packages/airflow/example_dags/example_branch_operator.py
[2025-04-11T12:49:49.948+0000] {processor.py:840} INFO - DAG(s) 'example_branch_operator' retrieved from /home/airflow/.local/lib/python3.8/site-packages/airflow/example_dags/example_branch_operator.py
[2025-04-11T12:49:49.958+0000] {logging_mixin.py:188} INFO - [2025-04-11T12:49:49.958+0000] {dag.py:3036} INFO - Sync 1 DAGs
[2025-04-11T12:49:49.968+0000] {logging_mixin.py:188} INFO - [2025-04-11T12:49:49.968+0000] {dag.py:3823} INFO - Setting next_dagrun for example_branch_operator to 2025-04-10 00:00:00+00:00, run_after=2025-04-11 00:00:00+00:00
[2025-04-11T12:49:49.974+0000] {processor.py:183} INFO - Processing /home/airflow/.local/lib/python3.8/site-packages/airflow/example_dags/example_branch_operator.py took 0.038 seconds
[2025-04-11T12:50:20.390+0000] {processor.py:161} INFO - Started process (PID=708) to work on /home/airflow/.local/lib/python3.8/site-packages/airflow/example_dags/example_branch_operator.py
[2025-04-11T12:50:20.391+0000] {processor.py:830} INFO - Processing file /home/airflow/.local/lib/python3.8/site-packages/airflow/example_dags/example_branch_operator.py for tasks to queue
[2025-04-11T12:50:20.391+0000] {logging_mixin.py:188} INFO - [2025-04-11T12:50:20.391+0000] {dagbag.py:538} INFO - Filling up the DagBag from /home/airflow/.local/lib/python3.8/site-packages/airflow/example_dags/example_branch_operator.py
[2025-04-11T12:50:20.399+0000] {processor.py:840} INFO - DAG(s) 'example_branch_operator' retrieved from /home/airflow/.local/lib/python3.8/site-packages/airflow/example_dags/example_branch_operator.py
[2025-04-11T12:50:20.410+0000] {logging_mixin.py:188} INFO - [2025-04-11T12:50:20.410+0000] {dag.py:3036} INFO - Sync 1 DAGs
[2025-04-11T12:50:20.420+0000] {logging_mixin.py:188} INFO - [2025-04-11T12:50:20.420+0000] {dag.py:3823} INFO - Setting next_dagrun for example_branch_operator to 2025-04-10 00:00:00+00:00, run_after=2025-04-11 00:00:00+00:00
[2025-04-11T12:50:20.429+0000] {processor.py:183} INFO - Processing /home/airflow/.local/lib/python3.8/site-packages/airflow/example_dags/example_branch_operator.py took 0.040 seconds
[2025-04-11T12:50:50.906+0000] {processor.py:161} INFO - Started process (PID=764) to work on /home/airflow/.local/lib/python3.8/site-packages/airflow/example_dags/example_branch_operator.py
[2025-04-11T12:50:50.907+0000] {processor.py:830} INFO - Processing file /home/airflow/.local/lib/python3.8/site-packages/airflow/example_dags/example_branch_operator.py for tasks to queue
[2025-04-11T12:50:50.908+0000] {logging_mixin.py:188} INFO - [2025-04-11T12:50:50.908+0000] {dagbag.py:538} INFO - Filling up the DagBag from /home/airflow/.local/lib/python3.8/site-packages/airflow/example_dags/example_branch_operator.py
[2025-04-11T12:50:50.916+0000] {processor.py:840} INFO - DAG(s) 'example_branch_operator' retrieved from /home/airflow/.local/lib/python3.8/site-packages/airflow/example_dags/example_branch_operator.py
[2025-04-11T12:50:50.928+0000] {logging_mixin.py:188} INFO - [2025-04-11T12:50:50.928+0000] {dag.py:3036} INFO - Sync 1 DAGs
[2025-04-11T12:50:50.939+0000] {logging_mixin.py:188} INFO - [2025-04-11T12:50:50.939+0000] {dag.py:3823} INFO - Setting next_dagrun for example_branch_operator to 2025-04-10 00:00:00+00:00, run_after=2025-04-11 00:00:00+00:00
[2025-04-11T12:50:50.948+0000] {processor.py:183} INFO - Processing /home/airflow/.local/lib/python3.8/site-packages/airflow/example_dags/example_branch_operator.py took 0.044 seconds
[2025-04-11T12:51:21.425+0000] {processor.py:161} INFO - Started process (PID=820) to work on /home/airflow/.local/lib/python3.8/site-packages/airflow/example_dags/example_branch_operator.py
[2025-04-11T12:51:21.426+0000] {processor.py:830} INFO - Processing file /home/airflow/.local/lib/python3.8/site-packages/airflow/example_dags/example_branch_operator.py for tasks to queue
[2025-04-11T12:51:21.426+0000] {logging_mixin.py:188} INFO - [2025-04-11T12:51:21.426+0000] {dagbag.py:538} INFO - Filling up the DagBag from /home/airflow/.local/lib/python3.8/site-packages/airflow/example_dags/example_branch_operator.py
[2025-04-11T12:51:21.432+0000] {processor.py:840} INFO - DAG(s) 'example_branch_operator' retrieved from /home/airflow/.local/lib/python3.8/site-packages/airflow/example_dags/example_branch_operator.py
[2025-04-11T12:51:21.443+0000] {logging_mixin.py:188} INFO - [2025-04-11T12:51:21.443+0000] {dag.py:3036} INFO - Sync 1 DAGs
[2025-04-11T12:51:21.451+0000] {logging_mixin.py:188} INFO - [2025-04-11T12:51:21.450+0000] {dag.py:3823} INFO - Setting next_dagrun for example_branch_operator to 2025-04-10 00:00:00+00:00, run_after=2025-04-11 00:00:00+00:00
[2025-04-11T12:51:21.457+0000] {processor.py:183} INFO - Processing /home/airflow/.local/lib/python3.8/site-packages/airflow/example_dags/example_branch_operator.py took 0.033 seconds
[2025-04-11T12:51:51.902+0000] {processor.py:161} INFO - Started process (PID=876) to work on /home/airflow/.local/lib/python3.8/site-packages/airflow/example_dags/example_branch_operator.py
[2025-04-11T12:51:51.902+0000] {processor.py:830} INFO - Processing file /home/airflow/.local/lib/python3.8/site-packages/airflow/example_dags/example_branch_operator.py for tasks to queue
[2025-04-11T12:51:51.903+0000] {logging_mixin.py:188} INFO - [2025-04-11T12:51:51.903+0000] {dagbag.py:538} INFO - Filling up the DagBag from /home/airflow/.local/lib/python3.8/site-packages/airflow/example_dags/example_branch_operator.py
[2025-04-11T12:51:51.910+0000] {processor.py:840} INFO - DAG(s) 'example_branch_operator' retrieved from /home/airflow/.local/lib/python3.8/site-packages/airflow/example_dags/example_branch_operator.py
[2025-04-11T12:51:51.921+0000] {logging_mixin.py:188} INFO - [2025-04-11T12:51:51.921+0000] {dag.py:3036} INFO - Sync 1 DAGs
[2025-04-11T12:51:51.930+0000] {logging_mixin.py:188} INFO - [2025-04-11T12:51:51.930+0000] {dag.py:3823} INFO - Setting next_dagrun for example_branch_operator to 2025-04-10 00:00:00+00:00, run_after=2025-04-11 00:00:00+00:00
[2025-04-11T12:51:51.938+0000] {processor.py:183} INFO - Processing /home/airflow/.local/lib/python3.8/site-packages/airflow/example_dags/example_branch_operator.py took 0.038 seconds
[2025-04-11T12:52:22.361+0000] {processor.py:161} INFO - Started process (PID=931) to work on /home/airflow/.local/lib/python3.8/site-packages/airflow/example_dags/example_branch_operator.py
[2025-04-11T12:52:22.365+0000] {processor.py:830} INFO - Processing file /home/airflow/.local/lib/python3.8/site-packages/airflow/example_dags/example_branch_operator.py for tasks to queue
[2025-04-11T12:52:22.367+0000] {logging_mixin.py:188} INFO - [2025-04-11T12:52:22.366+0000] {dagbag.py:538} INFO - Filling up the DagBag from /home/airflow/.local/lib/python3.8/site-packages/airflow/example_dags/example_branch_operator.py
[2025-04-11T12:52:22.373+0000] {processor.py:840} INFO - DAG(s) 'example_branch_operator' retrieved from /home/airflow/.local/lib/python3.8/site-packages/airflow/example_dags/example_branch_operator.py
[2025-04-11T12:52:22.388+0000] {logging_mixin.py:188} INFO - [2025-04-11T12:52:22.388+0000] {dag.py:3036} INFO - Sync 1 DAGs
[2025-04-11T12:52:22.397+0000] {logging_mixin.py:188} INFO - [2025-04-11T12:52:22.397+0000] {dag.py:3823} INFO - Setting next_dagrun for example_branch_operator to 2025-04-10 00:00:00+00:00, run_after=2025-04-11 00:00:00+00:00
[2025-04-11T12:52:22.405+0000] {processor.py:183} INFO - Processing /home/airflow/.local/lib/python3.8/site-packages/airflow/example_dags/example_branch_operator.py took 0.045 seconds
[2025-04-11T12:52:52.712+0000] {processor.py:161} INFO - Started process (PID=987) to work on /home/airflow/.local/lib/python3.8/site-packages/airflow/example_dags/example_branch_operator.py
[2025-04-11T12:52:52.713+0000] {processor.py:830} INFO - Processing file /home/airflow/.local/lib/python3.8/site-packages/airflow/example_dags/example_branch_operator.py for tasks to queue
[2025-04-11T12:52:52.714+0000] {logging_mixin.py:188} INFO - [2025-04-11T12:52:52.714+0000] {dagbag.py:538} INFO - Filling up the DagBag from /home/airflow/.local/lib/python3.8/site-packages/airflow/example_dags/example_branch_operator.py
[2025-04-11T12:52:52.722+0000] {processor.py:840} INFO - DAG(s) 'example_branch_operator' retrieved from /home/airflow/.local/lib/python3.8/site-packages/airflow/example_dags/example_branch_operator.py
[2025-04-11T12:52:52.734+0000] {logging_mixin.py:188} INFO - [2025-04-11T12:52:52.734+0000] {dag.py:3036} INFO - Sync 1 DAGs
[2025-04-11T12:52:52.742+0000] {logging_mixin.py:188} INFO - [2025-04-11T12:52:52.742+0000] {dag.py:3823} INFO - Setting next_dagrun for example_branch_operator to 2025-04-10 00:00:00+00:00, run_after=2025-04-11 00:00:00+00:00
[2025-04-11T12:52:52.749+0000] {processor.py:183} INFO - Processing /home/airflow/.local/lib/python3.8/site-packages/airflow/example_dags/example_branch_operator.py took 0.038 seconds
[2025-04-11T12:53:23.030+0000] {processor.py:161} INFO - Started process (PID=1043) to work on /home/airflow/.local/lib/python3.8/site-packages/airflow/example_dags/example_branch_operator.py
[2025-04-11T12:53:23.031+0000] {processor.py:830} INFO - Processing file /home/airflow/.local/lib/python3.8/site-packages/airflow/example_dags/example_branch_operator.py for tasks to queue
[2025-04-11T12:53:23.032+0000] {logging_mixin.py:188} INFO - [2025-04-11T12:53:23.031+0000] {dagbag.py:538} INFO - Filling up the DagBag from /home/airflow/.local/lib/python3.8/site-packages/airflow/example_dags/example_branch_operator.py
[2025-04-11T12:53:23.039+0000] {processor.py:840} INFO - DAG(s) 'example_branch_operator' retrieved from /home/airflow/.local/lib/python3.8/site-packages/airflow/example_dags/example_branch_operator.py
[2025-04-11T12:53:23.050+0000] {logging_mixin.py:188} INFO - [2025-04-11T12:53:23.050+0000] {dag.py:3036} INFO - Sync 1 DAGs
[2025-04-11T12:53:23.059+0000] {logging_mixin.py:188} INFO - [2025-04-11T12:53:23.058+0000] {dag.py:3823} INFO - Setting next_dagrun for example_branch_operator to 2025-04-10 00:00:00+00:00, run_after=2025-04-11 00:00:00+00:00
[2025-04-11T12:53:23.065+0000] {processor.py:183} INFO - Processing /home/airflow/.local/lib/python3.8/site-packages/airflow/example_dags/example_branch_operator.py took 0.037 seconds
[2025-04-11T12:53:53.283+0000] {processor.py:161} INFO - Started process (PID=1099) to work on /home/airflow/.local/lib/python3.8/site-packages/airflow/example_dags/example_branch_operator.py
[2025-04-11T12:53:53.284+0000] {processor.py:830} INFO - Processing file /home/airflow/.local/lib/python3.8/site-packages/airflow/example_dags/example_branch_operator.py for tasks to queue
[2025-04-11T12:53:53.284+0000] {logging_mixin.py:188} INFO - [2025-04-11T12:53:53.284+0000] {dagbag.py:538} INFO - Filling up the DagBag from /home/airflow/.local/lib/python3.8/site-packages/airflow/example_dags/example_branch_operator.py
[2025-04-11T12:53:53.291+0000] {processor.py:840} INFO - DAG(s) 'example_branch_operator' retrieved from /home/airflow/.local/lib/python3.8/site-packages/airflow/example_dags/example_branch_operator.py
[2025-04-11T12:53:53.303+0000] {logging_mixin.py:188} INFO - [2025-04-11T12:53:53.303+0000] {dag.py:3036} INFO - Sync 1 DAGs
[2025-04-11T12:53:53.312+0000] {logging_mixin.py:188} INFO - [2025-04-11T12:53:53.312+0000] {dag.py:3823} INFO - Setting next_dagrun for example_branch_operator to 2025-04-10 00:00:00+00:00, run_after=2025-04-11 00:00:00+00:00
[2025-04-11T12:53:53.320+0000] {processor.py:183} INFO - Processing /home/airflow/.local/lib/python3.8/site-packages/airflow/example_dags/example_branch_operator.py took 0.039 seconds
[2025-04-11T12:54:23.524+0000] {processor.py:161} INFO - Started process (PID=1155) to work on /home/airflow/.local/lib/python3.8/site-packages/airflow/example_dags/example_branch_operator.py
[2025-04-11T12:54:23.525+0000] {processor.py:830} INFO - Processing file /home/airflow/.local/lib/python3.8/site-packages/airflow/example_dags/example_branch_operator.py for tasks to queue
[2025-04-11T12:54:23.525+0000] {logging_mixin.py:188} INFO - [2025-04-11T12:54:23.525+0000] {dagbag.py:538} INFO - Filling up the DagBag from /home/airflow/.local/lib/python3.8/site-packages/airflow/example_dags/example_branch_operator.py
[2025-04-11T12:54:23.533+0000] {processor.py:840} INFO - DAG(s) 'example_branch_operator' retrieved from /home/airflow/.local/lib/python3.8/site-packages/airflow/example_dags/example_branch_operator.py
[2025-04-11T12:54:23.546+0000] {logging_mixin.py:188} INFO - [2025-04-11T12:54:23.546+0000] {dag.py:3036} INFO - Sync 1 DAGs
[2025-04-11T12:54:23.555+0000] {logging_mixin.py:188} INFO - [2025-04-11T12:54:23.555+0000] {dag.py:3823} INFO - Setting next_dagrun for example_branch_operator to 2025-04-10 00:00:00+00:00, run_after=2025-04-11 00:00:00+00:00
[2025-04-11T12:54:23.565+0000] {processor.py:183} INFO - Processing /home/airflow/.local/lib/python3.8/site-packages/airflow/example_dags/example_branch_operator.py took 0.042 seconds
[2025-04-11T12:54:53.751+0000] {processor.py:161} INFO - Started process (PID=1211) to work on /home/airflow/.local/lib/python3.8/site-packages/airflow/example_dags/example_branch_operator.py
[2025-04-11T12:54:53.752+0000] {processor.py:830} INFO - Processing file /home/airflow/.local/lib/python3.8/site-packages/airflow/example_dags/example_branch_operator.py for tasks to queue
[2025-04-11T12:54:53.753+0000] {logging_mixin.py:188} INFO - [2025-04-11T12:54:53.753+0000] {dagbag.py:538} INFO - Filling up the DagBag from /home/airflow/.local/lib/python3.8/site-packages/airflow/example_dags/example_branch_operator.py
[2025-04-11T12:54:53.760+0000] {processor.py:840} INFO - DAG(s) 'example_branch_operator' retrieved from /home/airflow/.local/lib/python3.8/site-packages/airflow/example_dags/example_branch_operator.py
[2025-04-11T12:54:53.773+0000] {logging_mixin.py:188} INFO - [2025-04-11T12:54:53.773+0000] {dag.py:3036} INFO - Sync 1 DAGs
[2025-04-11T12:54:53.782+0000] {logging_mixin.py:188} INFO - [2025-04-11T12:54:53.782+0000] {dag.py:3823} INFO - Setting next_dagrun for example_branch_operator to 2025-04-10 00:00:00+00:00, run_after=2025-04-11 00:00:00+00:00
[2025-04-11T12:54:53.789+0000] {processor.py:183} INFO - Processing /home/airflow/.local/lib/python3.8/site-packages/airflow/example_dags/example_branch_operator.py took 0.039 seconds
[2025-04-11T12:55:24.153+0000] {processor.py:161} INFO - Started process (PID=1267) to work on /home/airflow/.local/lib/python3.8/site-packages/airflow/example_dags/example_branch_operator.py
[2025-04-11T12:55:24.154+0000] {processor.py:830} INFO - Processing file /home/airflow/.local/lib/python3.8/site-packages/airflow/example_dags/example_branch_operator.py for tasks to queue
[2025-04-11T12:55:24.156+0000] {logging_mixin.py:188} INFO - [2025-04-11T12:55:24.155+0000] {dagbag.py:538} INFO - Filling up the DagBag from /home/airflow/.local/lib/python3.8/site-packages/airflow/example_dags/example_branch_operator.py
[2025-04-11T12:55:24.163+0000] {processor.py:840} INFO - DAG(s) 'example_branch_operator' retrieved from /home/airflow/.local/lib/python3.8/site-packages/airflow/example_dags/example_branch_operator.py
[2025-04-11T12:55:24.174+0000] {logging_mixin.py:188} INFO - [2025-04-11T12:55:24.174+0000] {dag.py:3036} INFO - Sync 1 DAGs
[2025-04-11T12:55:24.183+0000] {logging_mixin.py:188} INFO - [2025-04-11T12:55:24.183+0000] {dag.py:3823} INFO - Setting next_dagrun for example_branch_operator to 2025-04-10 00:00:00+00:00, run_after=2025-04-11 00:00:00+00:00
[2025-04-11T12:55:24.191+0000] {processor.py:183} INFO - Processing /home/airflow/.local/lib/python3.8/site-packages/airflow/example_dags/example_branch_operator.py took 0.039 seconds
