[2025-04-05T10:34:57.910+0000] {processor.py:161} INFO - Started process (PID=1139) to work on /opt/airflow/dags/scholamigo.py
[2025-04-05T10:34:57.910+0000] {processor.py:830} INFO - Processing file /opt/airflow/dags/scholamigo.py for tasks to queue
[2025-04-05T10:34:57.911+0000] {logging_mixin.py:188} INFO - [2025-04-05T10:34:57.911+0000] {dagbag.py:538} INFO - Filling up the DagBag from /opt/airflow/dags/scholamigo.py
[2025-04-05T10:34:58.039+0000] {processor.py:840} INFO - DAG(s) 'scholamigo_dag' retrieved from /opt/airflow/dags/scholamigo.py
[2025-04-05T10:34:58.077+0000] {logging_mixin.py:188} INFO - [2025-04-05T10:34:58.076+0000] {override.py:1769} INFO - Created Permission View: can read on DAG:scholamigo_dag
[2025-04-05T10:34:58.081+0000] {logging_mixin.py:188} INFO - [2025-04-05T10:34:58.081+0000] {override.py:1769} INFO - Created Permission View: can delete on DAG:scholamigo_dag
[2025-04-05T10:34:58.083+0000] {logging_mixin.py:188} INFO - [2025-04-05T10:34:58.083+0000] {override.py:1769} INFO - Created Permission View: can edit on DAG:scholamigo_dag
[2025-04-05T10:34:58.083+0000] {logging_mixin.py:188} INFO - [2025-04-05T10:34:58.083+0000] {dag.py:3036} INFO - Sync 1 DAGs
[2025-04-05T10:34:58.087+0000] {logging_mixin.py:188} INFO - [2025-04-05T10:34:58.087+0000] {dag.py:3058} INFO - Creating ORM DAG for scholamigo_dag
[2025-04-05T10:34:58.090+0000] {logging_mixin.py:188} INFO - [2025-04-05T10:34:58.090+0000] {dag.py:3823} INFO - Setting next_dagrun for scholamigo_dag to 2025-04-05 00:00:00+00:00, run_after=2025-04-05 00:00:00+00:00
[2025-04-05T10:34:58.096+0000] {processor.py:183} INFO - Processing /opt/airflow/dags/scholamigo.py took 0.188 seconds
[2025-04-05T10:35:28.471+0000] {processor.py:161} INFO - Started process (PID=1195) to work on /opt/airflow/dags/scholamigo.py
[2025-04-05T10:35:28.472+0000] {processor.py:830} INFO - Processing file /opt/airflow/dags/scholamigo.py for tasks to queue
[2025-04-05T10:35:28.473+0000] {logging_mixin.py:188} INFO - [2025-04-05T10:35:28.473+0000] {dagbag.py:538} INFO - Filling up the DagBag from /opt/airflow/dags/scholamigo.py
[2025-04-05T10:35:28.512+0000] {processor.py:840} INFO - DAG(s) 'scholamigo_dag' retrieved from /opt/airflow/dags/scholamigo.py
[2025-04-05T10:35:28.522+0000] {logging_mixin.py:188} INFO - [2025-04-05T10:35:28.522+0000] {dag.py:3036} INFO - Sync 1 DAGs
[2025-04-05T10:35:28.532+0000] {logging_mixin.py:188} INFO - [2025-04-05T10:35:28.532+0000] {dag.py:3823} INFO - Setting next_dagrun for scholamigo_dag to 2025-04-05 00:00:00+00:00, run_after=2025-04-05 00:00:00+00:00
[2025-04-05T10:35:28.539+0000] {processor.py:183} INFO - Processing /opt/airflow/dags/scholamigo.py took 0.070 seconds
[2025-04-05T10:35:30.501+0000] {processor.py:161} INFO - Started process (PID=1196) to work on /opt/airflow/dags/scholamigo.py
[2025-04-05T10:35:30.502+0000] {processor.py:830} INFO - Processing file /opt/airflow/dags/scholamigo.py for tasks to queue
[2025-04-05T10:35:30.504+0000] {logging_mixin.py:188} INFO - [2025-04-05T10:35:30.503+0000] {dagbag.py:538} INFO - Filling up the DagBag from /opt/airflow/dags/scholamigo.py
[2025-04-05T10:35:30.541+0000] {processor.py:840} INFO - DAG(s) 'scholamigo_dag' retrieved from /opt/airflow/dags/scholamigo.py
[2025-04-05T10:35:30.578+0000] {logging_mixin.py:188} INFO - [2025-04-05T10:35:30.578+0000] {dag.py:3036} INFO - Sync 1 DAGs
[2025-04-05T10:35:30.585+0000] {logging_mixin.py:188} INFO - [2025-04-05T10:35:30.585+0000] {dag.py:3823} INFO - Setting next_dagrun for scholamigo_dag to 2025-04-05 00:00:00+00:00, run_after=2025-04-05 00:00:00+00:00
[2025-04-05T10:35:30.593+0000] {processor.py:183} INFO - Processing /opt/airflow/dags/scholamigo.py took 0.095 seconds
[2025-04-05T10:36:23.286+0000] {processor.py:161} INFO - Started process (PID=44) to work on /opt/airflow/dags/scholamigo.py
[2025-04-05T10:36:23.288+0000] {processor.py:830} INFO - Processing file /opt/airflow/dags/scholamigo.py for tasks to queue
[2025-04-05T10:36:23.289+0000] {logging_mixin.py:188} INFO - [2025-04-05T10:36:23.289+0000] {dagbag.py:538} INFO - Filling up the DagBag from /opt/airflow/dags/scholamigo.py
[2025-04-05T10:36:23.425+0000] {processor.py:840} INFO - DAG(s) 'scholamigo_dag' retrieved from /opt/airflow/dags/scholamigo.py
[2025-04-05T10:36:23.528+0000] {logging_mixin.py:188} INFO - [2025-04-05T10:36:23.528+0000] {dag.py:3036} INFO - Sync 1 DAGs
[2025-04-05T10:36:23.538+0000] {logging_mixin.py:188} INFO - [2025-04-05T10:36:23.538+0000] {dag.py:3823} INFO - Setting next_dagrun for scholamigo_dag to 2025-04-05 00:00:00+00:00, run_after=2025-04-05 00:00:00+00:00
[2025-04-05T10:36:23.552+0000] {processor.py:183} INFO - Processing /opt/airflow/dags/scholamigo.py took 0.267 seconds
[2025-04-05T10:36:53.632+0000] {processor.py:161} INFO - Started process (PID=105) to work on /opt/airflow/dags/scholamigo.py
[2025-04-05T10:36:53.632+0000] {processor.py:830} INFO - Processing file /opt/airflow/dags/scholamigo.py for tasks to queue
[2025-04-05T10:36:53.633+0000] {logging_mixin.py:188} INFO - [2025-04-05T10:36:53.633+0000] {dagbag.py:538} INFO - Filling up the DagBag from /opt/airflow/dags/scholamigo.py
[2025-04-05T10:36:53.664+0000] {processor.py:840} INFO - DAG(s) 'scholamigo_dag' retrieved from /opt/airflow/dags/scholamigo.py
[2025-04-05T10:36:53.674+0000] {logging_mixin.py:188} INFO - [2025-04-05T10:36:53.673+0000] {dag.py:3036} INFO - Sync 1 DAGs
[2025-04-05T10:36:53.684+0000] {logging_mixin.py:188} INFO - [2025-04-05T10:36:53.684+0000] {dag.py:3823} INFO - Setting next_dagrun for scholamigo_dag to 2025-04-05 00:00:00+00:00, run_after=2025-04-05 00:00:00+00:00
[2025-04-05T10:36:53.694+0000] {processor.py:183} INFO - Processing /opt/airflow/dags/scholamigo.py took 0.064 seconds
[2025-04-05T10:37:23.742+0000] {processor.py:161} INFO - Started process (PID=156) to work on /opt/airflow/dags/scholamigo.py
[2025-04-05T10:37:23.743+0000] {processor.py:830} INFO - Processing file /opt/airflow/dags/scholamigo.py for tasks to queue
[2025-04-05T10:37:23.744+0000] {logging_mixin.py:188} INFO - [2025-04-05T10:37:23.744+0000] {dagbag.py:538} INFO - Filling up the DagBag from /opt/airflow/dags/scholamigo.py
[2025-04-05T10:37:23.780+0000] {processor.py:840} INFO - DAG(s) 'scholamigo_dag' retrieved from /opt/airflow/dags/scholamigo.py
[2025-04-05T10:37:23.790+0000] {logging_mixin.py:188} INFO - [2025-04-05T10:37:23.790+0000] {dag.py:3036} INFO - Sync 1 DAGs
[2025-04-05T10:37:23.799+0000] {logging_mixin.py:188} INFO - [2025-04-05T10:37:23.799+0000] {dag.py:3823} INFO - Setting next_dagrun for scholamigo_dag to 2025-04-05 00:00:00+00:00, run_after=2025-04-05 00:00:00+00:00
[2025-04-05T10:37:23.808+0000] {processor.py:183} INFO - Processing /opt/airflow/dags/scholamigo.py took 0.068 seconds
[2025-04-05T10:37:54.352+0000] {processor.py:161} INFO - Started process (PID=212) to work on /opt/airflow/dags/scholamigo.py
[2025-04-05T10:37:54.353+0000] {processor.py:830} INFO - Processing file /opt/airflow/dags/scholamigo.py for tasks to queue
[2025-04-05T10:37:54.355+0000] {logging_mixin.py:188} INFO - [2025-04-05T10:37:54.354+0000] {dagbag.py:538} INFO - Filling up the DagBag from /opt/airflow/dags/scholamigo.py
[2025-04-05T10:37:54.392+0000] {processor.py:840} INFO - DAG(s) 'scholamigo_dag' retrieved from /opt/airflow/dags/scholamigo.py
[2025-04-05T10:37:54.405+0000] {logging_mixin.py:188} INFO - [2025-04-05T10:37:54.405+0000] {dag.py:3036} INFO - Sync 1 DAGs
[2025-04-05T10:37:54.415+0000] {logging_mixin.py:188} INFO - [2025-04-05T10:37:54.414+0000] {dag.py:3823} INFO - Setting next_dagrun for scholamigo_dag to 2025-04-05 00:00:00+00:00, run_after=2025-04-05 00:00:00+00:00
[2025-04-05T10:37:54.429+0000] {processor.py:183} INFO - Processing /opt/airflow/dags/scholamigo.py took 0.081 seconds
[2025-04-05T10:38:24.938+0000] {processor.py:161} INFO - Started process (PID=268) to work on /opt/airflow/dags/scholamigo.py
[2025-04-05T10:38:24.939+0000] {processor.py:830} INFO - Processing file /opt/airflow/dags/scholamigo.py for tasks to queue
[2025-04-05T10:38:24.941+0000] {logging_mixin.py:188} INFO - [2025-04-05T10:38:24.941+0000] {dagbag.py:538} INFO - Filling up the DagBag from /opt/airflow/dags/scholamigo.py
[2025-04-05T10:38:24.979+0000] {processor.py:840} INFO - DAG(s) 'scholamigo_dag' retrieved from /opt/airflow/dags/scholamigo.py
[2025-04-05T10:38:24.991+0000] {logging_mixin.py:188} INFO - [2025-04-05T10:38:24.991+0000] {dag.py:3036} INFO - Sync 1 DAGs
[2025-04-05T10:38:25.000+0000] {logging_mixin.py:188} INFO - [2025-04-05T10:38:25.000+0000] {dag.py:3823} INFO - Setting next_dagrun for scholamigo_dag to 2025-04-05 00:00:00+00:00, run_after=2025-04-05 00:00:00+00:00
[2025-04-05T10:38:25.014+0000] {processor.py:183} INFO - Processing /opt/airflow/dags/scholamigo.py took 0.079 seconds
[2025-04-05T10:38:55.514+0000] {processor.py:161} INFO - Started process (PID=324) to work on /opt/airflow/dags/scholamigo.py
[2025-04-05T10:38:55.515+0000] {processor.py:830} INFO - Processing file /opt/airflow/dags/scholamigo.py for tasks to queue
[2025-04-05T10:38:55.517+0000] {logging_mixin.py:188} INFO - [2025-04-05T10:38:55.516+0000] {dagbag.py:538} INFO - Filling up the DagBag from /opt/airflow/dags/scholamigo.py
[2025-04-05T10:38:55.554+0000] {processor.py:840} INFO - DAG(s) 'scholamigo_dag' retrieved from /opt/airflow/dags/scholamigo.py
[2025-04-05T10:38:55.567+0000] {logging_mixin.py:188} INFO - [2025-04-05T10:38:55.567+0000] {dag.py:3036} INFO - Sync 1 DAGs
[2025-04-05T10:38:55.578+0000] {logging_mixin.py:188} INFO - [2025-04-05T10:38:55.578+0000] {dag.py:3823} INFO - Setting next_dagrun for scholamigo_dag to 2025-04-05 00:00:00+00:00, run_after=2025-04-05 00:00:00+00:00
[2025-04-05T10:38:55.591+0000] {processor.py:183} INFO - Processing /opt/airflow/dags/scholamigo.py took 0.080 seconds
[2025-04-05T10:39:26.098+0000] {processor.py:161} INFO - Started process (PID=379) to work on /opt/airflow/dags/scholamigo.py
[2025-04-05T10:39:26.100+0000] {processor.py:830} INFO - Processing file /opt/airflow/dags/scholamigo.py for tasks to queue
[2025-04-05T10:39:26.102+0000] {logging_mixin.py:188} INFO - [2025-04-05T10:39:26.102+0000] {dagbag.py:538} INFO - Filling up the DagBag from /opt/airflow/dags/scholamigo.py
[2025-04-05T10:39:26.137+0000] {processor.py:840} INFO - DAG(s) 'scholamigo_dag' retrieved from /opt/airflow/dags/scholamigo.py
[2025-04-05T10:39:26.152+0000] {logging_mixin.py:188} INFO - [2025-04-05T10:39:26.152+0000] {dag.py:3036} INFO - Sync 1 DAGs
[2025-04-05T10:39:26.161+0000] {logging_mixin.py:188} INFO - [2025-04-05T10:39:26.161+0000] {dag.py:3823} INFO - Setting next_dagrun for scholamigo_dag to 2025-04-05 00:00:00+00:00, run_after=2025-04-05 00:00:00+00:00
[2025-04-05T10:39:26.168+0000] {processor.py:183} INFO - Processing /opt/airflow/dags/scholamigo.py took 0.074 seconds
[2025-04-05T10:39:56.570+0000] {processor.py:161} INFO - Started process (PID=435) to work on /opt/airflow/dags/scholamigo.py
[2025-04-05T10:39:56.570+0000] {processor.py:830} INFO - Processing file /opt/airflow/dags/scholamigo.py for tasks to queue
[2025-04-05T10:39:56.572+0000] {logging_mixin.py:188} INFO - [2025-04-05T10:39:56.572+0000] {dagbag.py:538} INFO - Filling up the DagBag from /opt/airflow/dags/scholamigo.py
[2025-04-05T10:39:56.606+0000] {processor.py:840} INFO - DAG(s) 'scholamigo_dag' retrieved from /opt/airflow/dags/scholamigo.py
[2025-04-05T10:39:56.616+0000] {logging_mixin.py:188} INFO - [2025-04-05T10:39:56.616+0000] {dag.py:3036} INFO - Sync 1 DAGs
[2025-04-05T10:39:56.625+0000] {logging_mixin.py:188} INFO - [2025-04-05T10:39:56.625+0000] {dag.py:3823} INFO - Setting next_dagrun for scholamigo_dag to 2025-04-05 00:00:00+00:00, run_after=2025-04-05 00:00:00+00:00
[2025-04-05T10:39:56.635+0000] {processor.py:183} INFO - Processing /opt/airflow/dags/scholamigo.py took 0.067 seconds
[2025-04-05T10:40:27.115+0000] {processor.py:161} INFO - Started process (PID=491) to work on /opt/airflow/dags/scholamigo.py
[2025-04-05T10:40:27.116+0000] {processor.py:830} INFO - Processing file /opt/airflow/dags/scholamigo.py for tasks to queue
[2025-04-05T10:40:27.118+0000] {logging_mixin.py:188} INFO - [2025-04-05T10:40:27.118+0000] {dagbag.py:538} INFO - Filling up the DagBag from /opt/airflow/dags/scholamigo.py
[2025-04-05T10:40:27.157+0000] {processor.py:840} INFO - DAG(s) 'scholamigo_dag' retrieved from /opt/airflow/dags/scholamigo.py
[2025-04-05T10:40:27.167+0000] {logging_mixin.py:188} INFO - [2025-04-05T10:40:27.167+0000] {dag.py:3036} INFO - Sync 1 DAGs
[2025-04-05T10:40:27.176+0000] {logging_mixin.py:188} INFO - [2025-04-05T10:40:27.176+0000] {dag.py:3823} INFO - Setting next_dagrun for scholamigo_dag to 2025-04-05 00:00:00+00:00, run_after=2025-04-05 00:00:00+00:00
[2025-04-05T10:40:27.186+0000] {processor.py:183} INFO - Processing /opt/airflow/dags/scholamigo.py took 0.074 seconds
[2025-04-05T10:40:57.632+0000] {processor.py:161} INFO - Started process (PID=553) to work on /opt/airflow/dags/scholamigo.py
[2025-04-05T10:40:57.633+0000] {processor.py:830} INFO - Processing file /opt/airflow/dags/scholamigo.py for tasks to queue
[2025-04-05T10:40:57.638+0000] {logging_mixin.py:188} INFO - [2025-04-05T10:40:57.638+0000] {dagbag.py:538} INFO - Filling up the DagBag from /opt/airflow/dags/scholamigo.py
[2025-04-05T10:40:57.681+0000] {processor.py:840} INFO - DAG(s) 'scholamigo_dag' retrieved from /opt/airflow/dags/scholamigo.py
[2025-04-05T10:40:57.693+0000] {logging_mixin.py:188} INFO - [2025-04-05T10:40:57.693+0000] {dag.py:3036} INFO - Sync 1 DAGs
[2025-04-05T10:40:57.701+0000] {logging_mixin.py:188} INFO - [2025-04-05T10:40:57.701+0000] {dag.py:3823} INFO - Setting next_dagrun for scholamigo_dag to 2025-04-05 00:00:00+00:00, run_after=2025-04-05 00:00:00+00:00
[2025-04-05T10:40:57.711+0000] {processor.py:183} INFO - Processing /opt/airflow/dags/scholamigo.py took 0.080 seconds
[2025-04-05T10:41:28.158+0000] {processor.py:161} INFO - Started process (PID=609) to work on /opt/airflow/dags/scholamigo.py
[2025-04-05T10:41:28.160+0000] {processor.py:830} INFO - Processing file /opt/airflow/dags/scholamigo.py for tasks to queue
[2025-04-05T10:41:28.164+0000] {logging_mixin.py:188} INFO - [2025-04-05T10:41:28.163+0000] {dagbag.py:538} INFO - Filling up the DagBag from /opt/airflow/dags/scholamigo.py
[2025-04-05T10:41:28.203+0000] {processor.py:840} INFO - DAG(s) 'scholamigo_dag' retrieved from /opt/airflow/dags/scholamigo.py
[2025-04-05T10:41:28.215+0000] {logging_mixin.py:188} INFO - [2025-04-05T10:41:28.215+0000] {dag.py:3036} INFO - Sync 1 DAGs
[2025-04-05T10:41:28.224+0000] {logging_mixin.py:188} INFO - [2025-04-05T10:41:28.224+0000] {dag.py:3823} INFO - Setting next_dagrun for scholamigo_dag to 2025-04-05 00:00:00+00:00, run_after=2025-04-05 00:00:00+00:00
[2025-04-05T10:41:28.234+0000] {processor.py:183} INFO - Processing /opt/airflow/dags/scholamigo.py took 0.079 seconds
[2025-04-05T10:41:58.842+0000] {processor.py:161} INFO - Started process (PID=665) to work on /opt/airflow/dags/scholamigo.py
[2025-04-05T10:41:58.843+0000] {processor.py:830} INFO - Processing file /opt/airflow/dags/scholamigo.py for tasks to queue
[2025-04-05T10:41:58.845+0000] {logging_mixin.py:188} INFO - [2025-04-05T10:41:58.845+0000] {dagbag.py:538} INFO - Filling up the DagBag from /opt/airflow/dags/scholamigo.py
[2025-04-05T10:41:58.883+0000] {processor.py:840} INFO - DAG(s) 'scholamigo_dag' retrieved from /opt/airflow/dags/scholamigo.py
[2025-04-05T10:41:58.893+0000] {logging_mixin.py:188} INFO - [2025-04-05T10:41:58.893+0000] {dag.py:3036} INFO - Sync 1 DAGs
[2025-04-05T10:41:58.902+0000] {logging_mixin.py:188} INFO - [2025-04-05T10:41:58.902+0000] {dag.py:3823} INFO - Setting next_dagrun for scholamigo_dag to 2025-04-05 00:00:00+00:00, run_after=2025-04-05 00:00:00+00:00
[2025-04-05T10:41:58.914+0000] {processor.py:183} INFO - Processing /opt/airflow/dags/scholamigo.py took 0.076 seconds
[2025-04-05T10:42:29.442+0000] {processor.py:161} INFO - Started process (PID=721) to work on /opt/airflow/dags/scholamigo.py
[2025-04-05T10:42:29.444+0000] {processor.py:830} INFO - Processing file /opt/airflow/dags/scholamigo.py for tasks to queue
[2025-04-05T10:42:29.445+0000] {logging_mixin.py:188} INFO - [2025-04-05T10:42:29.445+0000] {dagbag.py:538} INFO - Filling up the DagBag from /opt/airflow/dags/scholamigo.py
[2025-04-05T10:42:29.483+0000] {processor.py:840} INFO - DAG(s) 'scholamigo_dag' retrieved from /opt/airflow/dags/scholamigo.py
[2025-04-05T10:42:29.492+0000] {logging_mixin.py:188} INFO - [2025-04-05T10:42:29.491+0000] {dag.py:3036} INFO - Sync 1 DAGs
[2025-04-05T10:42:29.501+0000] {logging_mixin.py:188} INFO - [2025-04-05T10:42:29.501+0000] {dag.py:3823} INFO - Setting next_dagrun for scholamigo_dag to 2025-04-05 00:00:00+00:00, run_after=2025-04-05 00:00:00+00:00
[2025-04-05T10:42:29.509+0000] {processor.py:183} INFO - Processing /opt/airflow/dags/scholamigo.py took 0.070 seconds
[2025-04-05T10:42:59.815+0000] {processor.py:161} INFO - Started process (PID=776) to work on /opt/airflow/dags/scholamigo.py
[2025-04-05T10:42:59.817+0000] {processor.py:830} INFO - Processing file /opt/airflow/dags/scholamigo.py for tasks to queue
[2025-04-05T10:42:59.819+0000] {logging_mixin.py:188} INFO - [2025-04-05T10:42:59.818+0000] {dagbag.py:538} INFO - Filling up the DagBag from /opt/airflow/dags/scholamigo.py
[2025-04-05T10:42:59.857+0000] {processor.py:840} INFO - DAG(s) 'scholamigo_dag' retrieved from /opt/airflow/dags/scholamigo.py
[2025-04-05T10:42:59.867+0000] {logging_mixin.py:188} INFO - [2025-04-05T10:42:59.867+0000] {dag.py:3036} INFO - Sync 1 DAGs
[2025-04-05T10:42:59.876+0000] {logging_mixin.py:188} INFO - [2025-04-05T10:42:59.876+0000] {dag.py:3823} INFO - Setting next_dagrun for scholamigo_dag to 2025-04-05 00:00:00+00:00, run_after=2025-04-05 00:00:00+00:00
[2025-04-05T10:42:59.883+0000] {processor.py:183} INFO - Processing /opt/airflow/dags/scholamigo.py took 0.071 seconds
[2025-04-05T10:43:30.349+0000] {processor.py:161} INFO - Started process (PID=832) to work on /opt/airflow/dags/scholamigo.py
[2025-04-05T10:43:30.351+0000] {processor.py:830} INFO - Processing file /opt/airflow/dags/scholamigo.py for tasks to queue
[2025-04-05T10:43:30.352+0000] {logging_mixin.py:188} INFO - [2025-04-05T10:43:30.352+0000] {dagbag.py:538} INFO - Filling up the DagBag from /opt/airflow/dags/scholamigo.py
[2025-04-05T10:43:30.397+0000] {processor.py:840} INFO - DAG(s) 'scholamigo_dag' retrieved from /opt/airflow/dags/scholamigo.py
[2025-04-05T10:43:30.408+0000] {logging_mixin.py:188} INFO - [2025-04-05T10:43:30.408+0000] {dag.py:3036} INFO - Sync 1 DAGs
[2025-04-05T10:43:30.418+0000] {logging_mixin.py:188} INFO - [2025-04-05T10:43:30.418+0000] {dag.py:3823} INFO - Setting next_dagrun for scholamigo_dag to 2025-04-05 00:00:00+00:00, run_after=2025-04-05 00:00:00+00:00
[2025-04-05T10:43:30.431+0000] {processor.py:183} INFO - Processing /opt/airflow/dags/scholamigo.py took 0.085 seconds
[2025-04-05T10:44:00.802+0000] {processor.py:161} INFO - Started process (PID=888) to work on /opt/airflow/dags/scholamigo.py
[2025-04-05T10:44:00.804+0000] {processor.py:830} INFO - Processing file /opt/airflow/dags/scholamigo.py for tasks to queue
[2025-04-05T10:44:00.806+0000] {logging_mixin.py:188} INFO - [2025-04-05T10:44:00.805+0000] {dagbag.py:538} INFO - Filling up the DagBag from /opt/airflow/dags/scholamigo.py
[2025-04-05T10:44:00.843+0000] {processor.py:840} INFO - DAG(s) 'scholamigo_dag' retrieved from /opt/airflow/dags/scholamigo.py
[2025-04-05T10:44:00.853+0000] {logging_mixin.py:188} INFO - [2025-04-05T10:44:00.853+0000] {dag.py:3036} INFO - Sync 1 DAGs
[2025-04-05T10:44:00.862+0000] {logging_mixin.py:188} INFO - [2025-04-05T10:44:00.862+0000] {dag.py:3823} INFO - Setting next_dagrun for scholamigo_dag to 2025-04-05 00:00:00+00:00, run_after=2025-04-05 00:00:00+00:00
[2025-04-05T10:44:00.873+0000] {processor.py:183} INFO - Processing /opt/airflow/dags/scholamigo.py took 0.074 seconds
[2025-04-05T10:44:31.300+0000] {processor.py:161} INFO - Started process (PID=943) to work on /opt/airflow/dags/scholamigo.py
[2025-04-05T10:44:31.301+0000] {processor.py:830} INFO - Processing file /opt/airflow/dags/scholamigo.py for tasks to queue
[2025-04-05T10:44:31.304+0000] {logging_mixin.py:188} INFO - [2025-04-05T10:44:31.303+0000] {dagbag.py:538} INFO - Filling up the DagBag from /opt/airflow/dags/scholamigo.py
[2025-04-05T10:44:31.348+0000] {processor.py:840} INFO - DAG(s) 'scholamigo_dag' retrieved from /opt/airflow/dags/scholamigo.py
[2025-04-05T10:44:31.359+0000] {logging_mixin.py:188} INFO - [2025-04-05T10:44:31.359+0000] {dag.py:3036} INFO - Sync 1 DAGs
[2025-04-05T10:44:31.368+0000] {logging_mixin.py:188} INFO - [2025-04-05T10:44:31.368+0000] {dag.py:3823} INFO - Setting next_dagrun for scholamigo_dag to 2025-04-05 00:00:00+00:00, run_after=2025-04-05 00:00:00+00:00
[2025-04-05T10:44:31.378+0000] {processor.py:183} INFO - Processing /opt/airflow/dags/scholamigo.py took 0.080 seconds
[2025-04-05T10:45:01.925+0000] {processor.py:161} INFO - Started process (PID=999) to work on /opt/airflow/dags/scholamigo.py
[2025-04-05T10:45:01.926+0000] {processor.py:830} INFO - Processing file /opt/airflow/dags/scholamigo.py for tasks to queue
[2025-04-05T10:45:01.927+0000] {logging_mixin.py:188} INFO - [2025-04-05T10:45:01.927+0000] {dagbag.py:538} INFO - Filling up the DagBag from /opt/airflow/dags/scholamigo.py
[2025-04-05T10:45:01.966+0000] {processor.py:840} INFO - DAG(s) 'scholamigo_dag' retrieved from /opt/airflow/dags/scholamigo.py
[2025-04-05T10:45:01.976+0000] {logging_mixin.py:188} INFO - [2025-04-05T10:45:01.976+0000] {dag.py:3036} INFO - Sync 1 DAGs
[2025-04-05T10:45:01.985+0000] {logging_mixin.py:188} INFO - [2025-04-05T10:45:01.985+0000] {dag.py:3823} INFO - Setting next_dagrun for scholamigo_dag to 2025-04-05 00:00:00+00:00, run_after=2025-04-05 00:00:00+00:00
[2025-04-05T10:45:01.996+0000] {processor.py:183} INFO - Processing /opt/airflow/dags/scholamigo.py took 0.074 seconds
[2025-04-05T10:45:32.431+0000] {processor.py:161} INFO - Started process (PID=1055) to work on /opt/airflow/dags/scholamigo.py
[2025-04-05T10:45:32.432+0000] {processor.py:830} INFO - Processing file /opt/airflow/dags/scholamigo.py for tasks to queue
[2025-04-05T10:45:32.434+0000] {logging_mixin.py:188} INFO - [2025-04-05T10:45:32.434+0000] {dagbag.py:538} INFO - Filling up the DagBag from /opt/airflow/dags/scholamigo.py
[2025-04-05T10:45:32.472+0000] {processor.py:840} INFO - DAG(s) 'scholamigo_dag' retrieved from /opt/airflow/dags/scholamigo.py
[2025-04-05T10:45:32.483+0000] {logging_mixin.py:188} INFO - [2025-04-05T10:45:32.483+0000] {dag.py:3036} INFO - Sync 1 DAGs
[2025-04-05T10:45:32.493+0000] {logging_mixin.py:188} INFO - [2025-04-05T10:45:32.493+0000] {dag.py:3823} INFO - Setting next_dagrun for scholamigo_dag to 2025-04-05 00:00:00+00:00, run_after=2025-04-05 00:00:00+00:00
[2025-04-05T10:45:32.502+0000] {processor.py:183} INFO - Processing /opt/airflow/dags/scholamigo.py took 0.074 seconds
[2025-04-05T10:46:02.986+0000] {processor.py:161} INFO - Started process (PID=1111) to work on /opt/airflow/dags/scholamigo.py
[2025-04-05T10:46:02.987+0000] {processor.py:830} INFO - Processing file /opt/airflow/dags/scholamigo.py for tasks to queue
[2025-04-05T10:46:02.989+0000] {logging_mixin.py:188} INFO - [2025-04-05T10:46:02.989+0000] {dagbag.py:538} INFO - Filling up the DagBag from /opt/airflow/dags/scholamigo.py
[2025-04-05T10:46:03.030+0000] {processor.py:840} INFO - DAG(s) 'scholamigo_dag' retrieved from /opt/airflow/dags/scholamigo.py
[2025-04-05T10:46:03.043+0000] {logging_mixin.py:188} INFO - [2025-04-05T10:46:03.043+0000] {dag.py:3036} INFO - Sync 1 DAGs
[2025-04-05T10:46:03.053+0000] {logging_mixin.py:188} INFO - [2025-04-05T10:46:03.053+0000] {dag.py:3823} INFO - Setting next_dagrun for scholamigo_dag to 2025-04-05 00:00:00+00:00, run_after=2025-04-05 00:00:00+00:00
[2025-04-05T10:46:03.062+0000] {processor.py:183} INFO - Processing /opt/airflow/dags/scholamigo.py took 0.080 seconds
[2025-04-05T10:46:33.501+0000] {processor.py:161} INFO - Started process (PID=1167) to work on /opt/airflow/dags/scholamigo.py
[2025-04-05T10:46:33.503+0000] {processor.py:830} INFO - Processing file /opt/airflow/dags/scholamigo.py for tasks to queue
[2025-04-05T10:46:33.506+0000] {logging_mixin.py:188} INFO - [2025-04-05T10:46:33.506+0000] {dagbag.py:538} INFO - Filling up the DagBag from /opt/airflow/dags/scholamigo.py
[2025-04-05T10:46:33.549+0000] {processor.py:840} INFO - DAG(s) 'scholamigo_dag' retrieved from /opt/airflow/dags/scholamigo.py
[2025-04-05T10:46:33.561+0000] {logging_mixin.py:188} INFO - [2025-04-05T10:46:33.561+0000] {dag.py:3036} INFO - Sync 1 DAGs
[2025-04-05T10:46:33.569+0000] {logging_mixin.py:188} INFO - [2025-04-05T10:46:33.569+0000] {dag.py:3823} INFO - Setting next_dagrun for scholamigo_dag to 2025-04-05 00:00:00+00:00, run_after=2025-04-05 00:00:00+00:00
[2025-04-05T10:46:33.576+0000] {processor.py:183} INFO - Processing /opt/airflow/dags/scholamigo.py took 0.078 seconds
[2025-04-05T10:47:03.993+0000] {processor.py:161} INFO - Started process (PID=1223) to work on /opt/airflow/dags/scholamigo.py
[2025-04-05T10:47:03.995+0000] {processor.py:830} INFO - Processing file /opt/airflow/dags/scholamigo.py for tasks to queue
[2025-04-05T10:47:03.996+0000] {logging_mixin.py:188} INFO - [2025-04-05T10:47:03.996+0000] {dagbag.py:538} INFO - Filling up the DagBag from /opt/airflow/dags/scholamigo.py
[2025-04-05T10:47:04.037+0000] {processor.py:840} INFO - DAG(s) 'scholamigo_dag' retrieved from /opt/airflow/dags/scholamigo.py
[2025-04-05T10:47:04.050+0000] {logging_mixin.py:188} INFO - [2025-04-05T10:47:04.050+0000] {dag.py:3036} INFO - Sync 1 DAGs
[2025-04-05T10:47:04.060+0000] {logging_mixin.py:188} INFO - [2025-04-05T10:47:04.060+0000] {dag.py:3823} INFO - Setting next_dagrun for scholamigo_dag to 2025-04-05 00:00:00+00:00, run_after=2025-04-05 00:00:00+00:00
[2025-04-05T10:47:04.072+0000] {processor.py:183} INFO - Processing /opt/airflow/dags/scholamigo.py took 0.081 seconds
[2025-04-05T10:47:34.430+0000] {processor.py:161} INFO - Started process (PID=1279) to work on /opt/airflow/dags/scholamigo.py
[2025-04-05T10:47:34.431+0000] {processor.py:830} INFO - Processing file /opt/airflow/dags/scholamigo.py for tasks to queue
[2025-04-05T10:47:34.433+0000] {logging_mixin.py:188} INFO - [2025-04-05T10:47:34.432+0000] {dagbag.py:538} INFO - Filling up the DagBag from /opt/airflow/dags/scholamigo.py
[2025-04-05T10:47:34.474+0000] {processor.py:840} INFO - DAG(s) 'scholamigo_dag' retrieved from /opt/airflow/dags/scholamigo.py
[2025-04-05T10:47:34.484+0000] {logging_mixin.py:188} INFO - [2025-04-05T10:47:34.483+0000] {dag.py:3036} INFO - Sync 1 DAGs
[2025-04-05T10:47:34.492+0000] {logging_mixin.py:188} INFO - [2025-04-05T10:47:34.492+0000] {dag.py:3823} INFO - Setting next_dagrun for scholamigo_dag to 2025-04-05 00:00:00+00:00, run_after=2025-04-05 00:00:00+00:00
[2025-04-05T10:47:34.503+0000] {processor.py:183} INFO - Processing /opt/airflow/dags/scholamigo.py took 0.076 seconds
[2025-04-05T10:48:05.008+0000] {processor.py:161} INFO - Started process (PID=1334) to work on /opt/airflow/dags/scholamigo.py
[2025-04-05T10:48:05.011+0000] {processor.py:830} INFO - Processing file /opt/airflow/dags/scholamigo.py for tasks to queue
[2025-04-05T10:48:05.012+0000] {logging_mixin.py:188} INFO - [2025-04-05T10:48:05.011+0000] {dagbag.py:538} INFO - Filling up the DagBag from /opt/airflow/dags/scholamigo.py
[2025-04-05T10:48:05.052+0000] {processor.py:840} INFO - DAG(s) 'scholamigo_dag' retrieved from /opt/airflow/dags/scholamigo.py
[2025-04-05T10:48:05.065+0000] {logging_mixin.py:188} INFO - [2025-04-05T10:48:05.065+0000] {dag.py:3036} INFO - Sync 1 DAGs
[2025-04-05T10:48:05.074+0000] {logging_mixin.py:188} INFO - [2025-04-05T10:48:05.074+0000] {dag.py:3823} INFO - Setting next_dagrun for scholamigo_dag to 2025-04-05 00:00:00+00:00, run_after=2025-04-05 00:00:00+00:00
[2025-04-05T10:48:05.083+0000] {processor.py:183} INFO - Processing /opt/airflow/dags/scholamigo.py took 0.079 seconds
[2025-04-05T10:48:35.567+0000] {processor.py:161} INFO - Started process (PID=1390) to work on /opt/airflow/dags/scholamigo.py
[2025-04-05T10:48:35.568+0000] {processor.py:830} INFO - Processing file /opt/airflow/dags/scholamigo.py for tasks to queue
[2025-04-05T10:48:35.569+0000] {logging_mixin.py:188} INFO - [2025-04-05T10:48:35.569+0000] {dagbag.py:538} INFO - Filling up the DagBag from /opt/airflow/dags/scholamigo.py
[2025-04-05T10:48:35.611+0000] {processor.py:840} INFO - DAG(s) 'scholamigo_dag' retrieved from /opt/airflow/dags/scholamigo.py
[2025-04-05T10:48:35.621+0000] {logging_mixin.py:188} INFO - [2025-04-05T10:48:35.620+0000] {dag.py:3036} INFO - Sync 1 DAGs
[2025-04-05T10:48:35.630+0000] {logging_mixin.py:188} INFO - [2025-04-05T10:48:35.630+0000] {dag.py:3823} INFO - Setting next_dagrun for scholamigo_dag to 2025-04-05 00:00:00+00:00, run_after=2025-04-05 00:00:00+00:00
[2025-04-05T10:48:35.638+0000] {processor.py:183} INFO - Processing /opt/airflow/dags/scholamigo.py took 0.075 seconds
[2025-04-05T10:54:11.473+0000] {processor.py:161} INFO - Started process (PID=38) to work on /opt/airflow/dags/scholamigo.py
[2025-04-05T10:54:11.474+0000] {processor.py:830} INFO - Processing file /opt/airflow/dags/scholamigo.py for tasks to queue
[2025-04-05T10:54:11.475+0000] {logging_mixin.py:188} INFO - [2025-04-05T10:54:11.475+0000] {dagbag.py:538} INFO - Filling up the DagBag from /opt/airflow/dags/scholamigo.py
[2025-04-05T10:54:11.513+0000] {processor.py:840} INFO - DAG(s) 'scholamigo_dag' retrieved from /opt/airflow/dags/scholamigo.py
[2025-04-05T10:54:11.568+0000] {logging_mixin.py:188} INFO - [2025-04-05T10:54:11.567+0000] {dag.py:3036} INFO - Sync 1 DAGs
[2025-04-05T10:54:11.577+0000] {logging_mixin.py:188} INFO - [2025-04-05T10:54:11.577+0000] {dag.py:3823} INFO - Setting next_dagrun for scholamigo_dag to 2025-04-05 00:00:00+00:00, run_after=2025-04-05 00:00:00+00:00
[2025-04-05T10:54:11.588+0000] {processor.py:183} INFO - Processing /opt/airflow/dags/scholamigo.py took 0.117 seconds
[2025-04-05T10:54:42.296+0000] {processor.py:161} INFO - Started process (PID=100) to work on /opt/airflow/dags/scholamigo.py
[2025-04-05T10:54:42.298+0000] {processor.py:830} INFO - Processing file /opt/airflow/dags/scholamigo.py for tasks to queue
[2025-04-05T10:54:42.300+0000] {logging_mixin.py:188} INFO - [2025-04-05T10:54:42.300+0000] {dagbag.py:538} INFO - Filling up the DagBag from /opt/airflow/dags/scholamigo.py
[2025-04-05T10:54:42.339+0000] {processor.py:840} INFO - DAG(s) 'scholamigo_dag' retrieved from /opt/airflow/dags/scholamigo.py
[2025-04-05T10:54:42.350+0000] {logging_mixin.py:188} INFO - [2025-04-05T10:54:42.350+0000] {dag.py:3036} INFO - Sync 1 DAGs
[2025-04-05T10:54:42.359+0000] {logging_mixin.py:188} INFO - [2025-04-05T10:54:42.359+0000] {dag.py:3823} INFO - Setting next_dagrun for scholamigo_dag to 2025-04-05 00:00:00+00:00, run_after=2025-04-05 00:00:00+00:00
[2025-04-05T10:54:42.368+0000] {processor.py:183} INFO - Processing /opt/airflow/dags/scholamigo.py took 0.075 seconds
[2025-04-05T10:55:12.404+0000] {processor.py:161} INFO - Started process (PID=156) to work on /opt/airflow/dags/scholamigo.py
[2025-04-05T10:55:12.405+0000] {processor.py:830} INFO - Processing file /opt/airflow/dags/scholamigo.py for tasks to queue
[2025-04-05T10:55:12.408+0000] {logging_mixin.py:188} INFO - [2025-04-05T10:55:12.407+0000] {dagbag.py:538} INFO - Filling up the DagBag from /opt/airflow/dags/scholamigo.py
[2025-04-05T10:55:12.450+0000] {processor.py:840} INFO - DAG(s) 'scholamigo_dag' retrieved from /opt/airflow/dags/scholamigo.py
[2025-04-05T10:55:12.460+0000] {logging_mixin.py:188} INFO - [2025-04-05T10:55:12.460+0000] {dag.py:3036} INFO - Sync 1 DAGs
[2025-04-05T10:55:12.469+0000] {logging_mixin.py:188} INFO - [2025-04-05T10:55:12.469+0000] {dag.py:3823} INFO - Setting next_dagrun for scholamigo_dag to 2025-04-05 00:00:00+00:00, run_after=2025-04-05 00:00:00+00:00
[2025-04-05T10:55:12.478+0000] {processor.py:183} INFO - Processing /opt/airflow/dags/scholamigo.py took 0.077 seconds
[2025-04-05T10:55:42.918+0000] {processor.py:161} INFO - Started process (PID=212) to work on /opt/airflow/dags/scholamigo.py
[2025-04-05T10:55:42.919+0000] {processor.py:830} INFO - Processing file /opt/airflow/dags/scholamigo.py for tasks to queue
[2025-04-05T10:55:42.921+0000] {logging_mixin.py:188} INFO - [2025-04-05T10:55:42.920+0000] {dagbag.py:538} INFO - Filling up the DagBag from /opt/airflow/dags/scholamigo.py
[2025-04-05T10:55:42.963+0000] {processor.py:840} INFO - DAG(s) 'scholamigo_dag' retrieved from /opt/airflow/dags/scholamigo.py
[2025-04-05T10:55:42.974+0000] {logging_mixin.py:188} INFO - [2025-04-05T10:55:42.974+0000] {dag.py:3036} INFO - Sync 1 DAGs
[2025-04-05T10:55:42.983+0000] {logging_mixin.py:188} INFO - [2025-04-05T10:55:42.983+0000] {dag.py:3823} INFO - Setting next_dagrun for scholamigo_dag to 2025-04-05 00:00:00+00:00, run_after=2025-04-05 00:00:00+00:00
[2025-04-05T10:55:42.992+0000] {processor.py:183} INFO - Processing /opt/airflow/dags/scholamigo.py took 0.077 seconds
[2025-04-05T10:56:13.333+0000] {processor.py:161} INFO - Started process (PID=268) to work on /opt/airflow/dags/scholamigo.py
[2025-04-05T10:56:13.335+0000] {processor.py:830} INFO - Processing file /opt/airflow/dags/scholamigo.py for tasks to queue
[2025-04-05T10:56:13.337+0000] {logging_mixin.py:188} INFO - [2025-04-05T10:56:13.336+0000] {dagbag.py:538} INFO - Filling up the DagBag from /opt/airflow/dags/scholamigo.py
[2025-04-05T10:56:13.379+0000] {processor.py:840} INFO - DAG(s) 'scholamigo_dag' retrieved from /opt/airflow/dags/scholamigo.py
[2025-04-05T10:56:13.389+0000] {logging_mixin.py:188} INFO - [2025-04-05T10:56:13.389+0000] {dag.py:3036} INFO - Sync 1 DAGs
[2025-04-05T10:56:13.398+0000] {logging_mixin.py:188} INFO - [2025-04-05T10:56:13.398+0000] {dag.py:3823} INFO - Setting next_dagrun for scholamigo_dag to 2025-04-05 00:00:00+00:00, run_after=2025-04-05 00:00:00+00:00
[2025-04-05T10:56:13.408+0000] {processor.py:183} INFO - Processing /opt/airflow/dags/scholamigo.py took 0.079 seconds
[2025-04-05T10:56:43.811+0000] {processor.py:161} INFO - Started process (PID=348) to work on /opt/airflow/dags/scholamigo.py
[2025-04-05T10:56:43.812+0000] {processor.py:830} INFO - Processing file /opt/airflow/dags/scholamigo.py for tasks to queue
[2025-04-05T10:56:43.814+0000] {logging_mixin.py:188} INFO - [2025-04-05T10:56:43.814+0000] {dagbag.py:538} INFO - Filling up the DagBag from /opt/airflow/dags/scholamigo.py
[2025-04-05T10:56:43.862+0000] {processor.py:840} INFO - DAG(s) 'scholamigo_dag' retrieved from /opt/airflow/dags/scholamigo.py
[2025-04-05T10:56:43.875+0000] {logging_mixin.py:188} INFO - [2025-04-05T10:56:43.875+0000] {dag.py:3036} INFO - Sync 1 DAGs
[2025-04-05T10:56:43.886+0000] {logging_mixin.py:188} INFO - [2025-04-05T10:56:43.886+0000] {dag.py:3823} INFO - Setting next_dagrun for scholamigo_dag to None, run_after=None
[2025-04-05T10:56:43.900+0000] {processor.py:183} INFO - Processing /opt/airflow/dags/scholamigo.py took 0.091 seconds
[2025-04-05T10:57:14.154+0000] {processor.py:161} INFO - Started process (PID=404) to work on /opt/airflow/dags/scholamigo.py
[2025-04-05T10:57:14.155+0000] {processor.py:830} INFO - Processing file /opt/airflow/dags/scholamigo.py for tasks to queue
[2025-04-05T10:57:14.157+0000] {logging_mixin.py:188} INFO - [2025-04-05T10:57:14.156+0000] {dagbag.py:538} INFO - Filling up the DagBag from /opt/airflow/dags/scholamigo.py
[2025-04-05T10:57:14.194+0000] {processor.py:840} INFO - DAG(s) 'scholamigo_dag' retrieved from /opt/airflow/dags/scholamigo.py
[2025-04-05T10:57:14.204+0000] {logging_mixin.py:188} INFO - [2025-04-05T10:57:14.203+0000] {dag.py:3036} INFO - Sync 1 DAGs
[2025-04-05T10:57:14.213+0000] {logging_mixin.py:188} INFO - [2025-04-05T10:57:14.212+0000] {dag.py:3823} INFO - Setting next_dagrun for scholamigo_dag to None, run_after=None
[2025-04-05T10:57:14.220+0000] {processor.py:183} INFO - Processing /opt/airflow/dags/scholamigo.py took 0.069 seconds
[2025-04-05T10:57:44.399+0000] {processor.py:161} INFO - Started process (PID=460) to work on /opt/airflow/dags/scholamigo.py
[2025-04-05T10:57:44.400+0000] {processor.py:830} INFO - Processing file /opt/airflow/dags/scholamigo.py for tasks to queue
[2025-04-05T10:57:44.401+0000] {logging_mixin.py:188} INFO - [2025-04-05T10:57:44.401+0000] {dagbag.py:538} INFO - Filling up the DagBag from /opt/airflow/dags/scholamigo.py
[2025-04-05T10:57:44.441+0000] {processor.py:840} INFO - DAG(s) 'scholamigo_dag' retrieved from /opt/airflow/dags/scholamigo.py
[2025-04-05T10:57:44.451+0000] {logging_mixin.py:188} INFO - [2025-04-05T10:57:44.451+0000] {dag.py:3036} INFO - Sync 1 DAGs
[2025-04-05T10:57:44.460+0000] {logging_mixin.py:188} INFO - [2025-04-05T10:57:44.460+0000] {dag.py:3823} INFO - Setting next_dagrun for scholamigo_dag to None, run_after=None
[2025-04-05T10:57:44.468+0000] {processor.py:183} INFO - Processing /opt/airflow/dags/scholamigo.py took 0.074 seconds
[2025-04-05T10:58:14.649+0000] {processor.py:161} INFO - Started process (PID=516) to work on /opt/airflow/dags/scholamigo.py
[2025-04-05T10:58:14.650+0000] {processor.py:830} INFO - Processing file /opt/airflow/dags/scholamigo.py for tasks to queue
[2025-04-05T10:58:14.652+0000] {logging_mixin.py:188} INFO - [2025-04-05T10:58:14.652+0000] {dagbag.py:538} INFO - Filling up the DagBag from /opt/airflow/dags/scholamigo.py
[2025-04-05T10:58:14.696+0000] {processor.py:840} INFO - DAG(s) 'scholamigo_dag' retrieved from /opt/airflow/dags/scholamigo.py
[2025-04-05T10:58:14.706+0000] {logging_mixin.py:188} INFO - [2025-04-05T10:58:14.706+0000] {dag.py:3036} INFO - Sync 1 DAGs
[2025-04-05T10:58:14.716+0000] {logging_mixin.py:188} INFO - [2025-04-05T10:58:14.716+0000] {dag.py:3823} INFO - Setting next_dagrun for scholamigo_dag to None, run_after=None
[2025-04-05T10:58:14.725+0000] {processor.py:183} INFO - Processing /opt/airflow/dags/scholamigo.py took 0.079 seconds
[2025-04-05T10:58:45.103+0000] {processor.py:161} INFO - Started process (PID=571) to work on /opt/airflow/dags/scholamigo.py
[2025-04-05T10:58:45.104+0000] {processor.py:830} INFO - Processing file /opt/airflow/dags/scholamigo.py for tasks to queue
[2025-04-05T10:58:45.105+0000] {logging_mixin.py:188} INFO - [2025-04-05T10:58:45.105+0000] {dagbag.py:538} INFO - Filling up the DagBag from /opt/airflow/dags/scholamigo.py
[2025-04-05T10:58:45.141+0000] {processor.py:840} INFO - DAG(s) 'scholamigo_dag' retrieved from /opt/airflow/dags/scholamigo.py
[2025-04-05T10:58:45.151+0000] {logging_mixin.py:188} INFO - [2025-04-05T10:58:45.151+0000] {dag.py:3036} INFO - Sync 1 DAGs
[2025-04-05T10:58:45.160+0000] {logging_mixin.py:188} INFO - [2025-04-05T10:58:45.160+0000] {dag.py:3823} INFO - Setting next_dagrun for scholamigo_dag to None, run_after=None
[2025-04-05T10:58:45.168+0000] {processor.py:183} INFO - Processing /opt/airflow/dags/scholamigo.py took 0.067 seconds
[2025-04-05T10:59:15.390+0000] {processor.py:161} INFO - Started process (PID=628) to work on /opt/airflow/dags/scholamigo.py
[2025-04-05T10:59:15.390+0000] {processor.py:830} INFO - Processing file /opt/airflow/dags/scholamigo.py for tasks to queue
[2025-04-05T10:59:15.392+0000] {logging_mixin.py:188} INFO - [2025-04-05T10:59:15.392+0000] {dagbag.py:538} INFO - Filling up the DagBag from /opt/airflow/dags/scholamigo.py
[2025-04-05T10:59:15.433+0000] {processor.py:840} INFO - DAG(s) 'scholamigo_dag' retrieved from /opt/airflow/dags/scholamigo.py
[2025-04-05T10:59:15.442+0000] {logging_mixin.py:188} INFO - [2025-04-05T10:59:15.442+0000] {dag.py:3036} INFO - Sync 1 DAGs
[2025-04-05T10:59:15.451+0000] {logging_mixin.py:188} INFO - [2025-04-05T10:59:15.451+0000] {dag.py:3823} INFO - Setting next_dagrun for scholamigo_dag to None, run_after=None
[2025-04-05T10:59:15.459+0000] {processor.py:183} INFO - Processing /opt/airflow/dags/scholamigo.py took 0.073 seconds
[2025-04-05T10:59:45.749+0000] {processor.py:161} INFO - Started process (PID=684) to work on /opt/airflow/dags/scholamigo.py
[2025-04-05T10:59:45.749+0000] {processor.py:830} INFO - Processing file /opt/airflow/dags/scholamigo.py for tasks to queue
[2025-04-05T10:59:45.751+0000] {logging_mixin.py:188} INFO - [2025-04-05T10:59:45.751+0000] {dagbag.py:538} INFO - Filling up the DagBag from /opt/airflow/dags/scholamigo.py
[2025-04-05T10:59:45.792+0000] {processor.py:840} INFO - DAG(s) 'scholamigo_dag' retrieved from /opt/airflow/dags/scholamigo.py
[2025-04-05T10:59:45.803+0000] {logging_mixin.py:188} INFO - [2025-04-05T10:59:45.803+0000] {dag.py:3036} INFO - Sync 1 DAGs
[2025-04-05T10:59:45.812+0000] {logging_mixin.py:188} INFO - [2025-04-05T10:59:45.812+0000] {dag.py:3823} INFO - Setting next_dagrun for scholamigo_dag to None, run_after=None
[2025-04-05T10:59:45.821+0000] {processor.py:183} INFO - Processing /opt/airflow/dags/scholamigo.py took 0.075 seconds
[2025-04-05T11:00:16.067+0000] {processor.py:161} INFO - Started process (PID=740) to work on /opt/airflow/dags/scholamigo.py
[2025-04-05T11:00:16.069+0000] {processor.py:830} INFO - Processing file /opt/airflow/dags/scholamigo.py for tasks to queue
[2025-04-05T11:00:16.071+0000] {logging_mixin.py:188} INFO - [2025-04-05T11:00:16.071+0000] {dagbag.py:538} INFO - Filling up the DagBag from /opt/airflow/dags/scholamigo.py
[2025-04-05T11:00:16.110+0000] {processor.py:840} INFO - DAG(s) 'scholamigo_dag' retrieved from /opt/airflow/dags/scholamigo.py
[2025-04-05T11:00:16.120+0000] {logging_mixin.py:188} INFO - [2025-04-05T11:00:16.120+0000] {dag.py:3036} INFO - Sync 1 DAGs
[2025-04-05T11:00:16.130+0000] {logging_mixin.py:188} INFO - [2025-04-05T11:00:16.130+0000] {dag.py:3823} INFO - Setting next_dagrun for scholamigo_dag to None, run_after=None
[2025-04-05T11:00:16.138+0000] {processor.py:183} INFO - Processing /opt/airflow/dags/scholamigo.py took 0.074 seconds
[2025-04-05T11:00:46.522+0000] {processor.py:161} INFO - Started process (PID=796) to work on /opt/airflow/dags/scholamigo.py
[2025-04-05T11:00:46.523+0000] {processor.py:830} INFO - Processing file /opt/airflow/dags/scholamigo.py for tasks to queue
[2025-04-05T11:00:46.525+0000] {logging_mixin.py:188} INFO - [2025-04-05T11:00:46.525+0000] {dagbag.py:538} INFO - Filling up the DagBag from /opt/airflow/dags/scholamigo.py
[2025-04-05T11:00:46.564+0000] {processor.py:840} INFO - DAG(s) 'scholamigo_dag' retrieved from /opt/airflow/dags/scholamigo.py
[2025-04-05T11:00:46.574+0000] {logging_mixin.py:188} INFO - [2025-04-05T11:00:46.573+0000] {dag.py:3036} INFO - Sync 1 DAGs
[2025-04-05T11:00:46.584+0000] {logging_mixin.py:188} INFO - [2025-04-05T11:00:46.584+0000] {dag.py:3823} INFO - Setting next_dagrun for scholamigo_dag to None, run_after=None
[2025-04-05T11:00:46.591+0000] {processor.py:183} INFO - Processing /opt/airflow/dags/scholamigo.py took 0.072 seconds
[2025-04-05T11:01:16.880+0000] {processor.py:161} INFO - Started process (PID=852) to work on /opt/airflow/dags/scholamigo.py
[2025-04-05T11:01:16.881+0000] {processor.py:830} INFO - Processing file /opt/airflow/dags/scholamigo.py for tasks to queue
[2025-04-05T11:01:16.883+0000] {logging_mixin.py:188} INFO - [2025-04-05T11:01:16.883+0000] {dagbag.py:538} INFO - Filling up the DagBag from /opt/airflow/dags/scholamigo.py
[2025-04-05T11:01:16.920+0000] {processor.py:840} INFO - DAG(s) 'scholamigo_dag' retrieved from /opt/airflow/dags/scholamigo.py
[2025-04-05T11:01:16.930+0000] {logging_mixin.py:188} INFO - [2025-04-05T11:01:16.930+0000] {dag.py:3036} INFO - Sync 1 DAGs
[2025-04-05T11:01:16.939+0000] {logging_mixin.py:188} INFO - [2025-04-05T11:01:16.939+0000] {dag.py:3823} INFO - Setting next_dagrun for scholamigo_dag to None, run_after=None
[2025-04-05T11:01:16.946+0000] {processor.py:183} INFO - Processing /opt/airflow/dags/scholamigo.py took 0.070 seconds
[2025-04-05T11:01:47.264+0000] {processor.py:161} INFO - Started process (PID=908) to work on /opt/airflow/dags/scholamigo.py
[2025-04-05T11:01:47.265+0000] {processor.py:830} INFO - Processing file /opt/airflow/dags/scholamigo.py for tasks to queue
[2025-04-05T11:01:47.267+0000] {logging_mixin.py:188} INFO - [2025-04-05T11:01:47.266+0000] {dagbag.py:538} INFO - Filling up the DagBag from /opt/airflow/dags/scholamigo.py
[2025-04-05T11:01:47.307+0000] {processor.py:840} INFO - DAG(s) 'scholamigo_dag' retrieved from /opt/airflow/dags/scholamigo.py
[2025-04-05T11:01:47.317+0000] {logging_mixin.py:188} INFO - [2025-04-05T11:01:47.317+0000] {dag.py:3036} INFO - Sync 1 DAGs
[2025-04-05T11:01:47.327+0000] {logging_mixin.py:188} INFO - [2025-04-05T11:01:47.327+0000] {dag.py:3823} INFO - Setting next_dagrun for scholamigo_dag to None, run_after=None
[2025-04-05T11:01:47.334+0000] {processor.py:183} INFO - Processing /opt/airflow/dags/scholamigo.py took 0.075 seconds
[2025-04-05T11:02:17.693+0000] {processor.py:161} INFO - Started process (PID=964) to work on /opt/airflow/dags/scholamigo.py
[2025-04-05T11:02:17.694+0000] {processor.py:830} INFO - Processing file /opt/airflow/dags/scholamigo.py for tasks to queue
[2025-04-05T11:02:17.696+0000] {logging_mixin.py:188} INFO - [2025-04-05T11:02:17.696+0000] {dagbag.py:538} INFO - Filling up the DagBag from /opt/airflow/dags/scholamigo.py
[2025-04-05T11:02:17.733+0000] {processor.py:840} INFO - DAG(s) 'scholamigo_dag' retrieved from /opt/airflow/dags/scholamigo.py
[2025-04-05T11:02:17.745+0000] {logging_mixin.py:188} INFO - [2025-04-05T11:02:17.745+0000] {dag.py:3036} INFO - Sync 1 DAGs
[2025-04-05T11:02:17.754+0000] {logging_mixin.py:188} INFO - [2025-04-05T11:02:17.754+0000] {dag.py:3823} INFO - Setting next_dagrun for scholamigo_dag to None, run_after=None
[2025-04-05T11:02:17.764+0000] {processor.py:183} INFO - Processing /opt/airflow/dags/scholamigo.py took 0.075 seconds
[2025-04-05T11:02:48.253+0000] {processor.py:161} INFO - Started process (PID=1020) to work on /opt/airflow/dags/scholamigo.py
[2025-04-05T11:02:48.254+0000] {processor.py:830} INFO - Processing file /opt/airflow/dags/scholamigo.py for tasks to queue
[2025-04-05T11:02:48.255+0000] {logging_mixin.py:188} INFO - [2025-04-05T11:02:48.255+0000] {dagbag.py:538} INFO - Filling up the DagBag from /opt/airflow/dags/scholamigo.py
[2025-04-05T11:02:48.295+0000] {processor.py:840} INFO - DAG(s) 'scholamigo_dag' retrieved from /opt/airflow/dags/scholamigo.py
[2025-04-05T11:02:48.309+0000] {logging_mixin.py:188} INFO - [2025-04-05T11:02:48.309+0000] {dag.py:3036} INFO - Sync 1 DAGs
[2025-04-05T11:02:48.319+0000] {logging_mixin.py:188} INFO - [2025-04-05T11:02:48.319+0000] {dag.py:3823} INFO - Setting next_dagrun for scholamigo_dag to None, run_after=None
[2025-04-05T11:02:48.332+0000] {processor.py:183} INFO - Processing /opt/airflow/dags/scholamigo.py took 0.081 seconds
[2025-04-05T11:03:18.845+0000] {processor.py:161} INFO - Started process (PID=1076) to work on /opt/airflow/dags/scholamigo.py
[2025-04-05T11:03:18.846+0000] {processor.py:830} INFO - Processing file /opt/airflow/dags/scholamigo.py for tasks to queue
[2025-04-05T11:03:18.848+0000] {logging_mixin.py:188} INFO - [2025-04-05T11:03:18.847+0000] {dagbag.py:538} INFO - Filling up the DagBag from /opt/airflow/dags/scholamigo.py
[2025-04-05T11:03:18.886+0000] {processor.py:840} INFO - DAG(s) 'scholamigo_dag' retrieved from /opt/airflow/dags/scholamigo.py
[2025-04-05T11:03:18.897+0000] {logging_mixin.py:188} INFO - [2025-04-05T11:03:18.896+0000] {dag.py:3036} INFO - Sync 1 DAGs
[2025-04-05T11:03:18.909+0000] {logging_mixin.py:188} INFO - [2025-04-05T11:03:18.909+0000] {dag.py:3823} INFO - Setting next_dagrun for scholamigo_dag to None, run_after=None
[2025-04-05T11:03:18.918+0000] {processor.py:183} INFO - Processing /opt/airflow/dags/scholamigo.py took 0.076 seconds
[2025-04-05T11:03:34.227+0000] {processor.py:161} INFO - Started process (PID=1126) to work on /opt/airflow/dags/scholamigo.py
[2025-04-05T11:03:34.228+0000] {processor.py:830} INFO - Processing file /opt/airflow/dags/scholamigo.py for tasks to queue
[2025-04-05T11:03:34.230+0000] {logging_mixin.py:188} INFO - [2025-04-05T11:03:34.229+0000] {dagbag.py:538} INFO - Filling up the DagBag from /opt/airflow/dags/scholamigo.py
[2025-04-05T11:03:34.267+0000] {processor.py:840} INFO - DAG(s) 'scholamigo_dag' retrieved from /opt/airflow/dags/scholamigo.py
[2025-04-05T11:03:34.306+0000] {logging_mixin.py:188} INFO - [2025-04-05T11:03:34.306+0000] {dag.py:3036} INFO - Sync 1 DAGs
[2025-04-05T11:03:34.394+0000] {logging_mixin.py:188} INFO - [2025-04-05T11:03:34.393+0000] {dag.py:3823} INFO - Setting next_dagrun for scholamigo_dag to None, run_after=None
[2025-04-05T11:03:34.402+0000] {processor.py:183} INFO - Processing /opt/airflow/dags/scholamigo.py took 0.178 seconds
[2025-04-05T11:03:35.387+0000] {processor.py:161} INFO - Started process (PID=1127) to work on /opt/airflow/dags/scholamigo.py
[2025-04-05T11:03:35.388+0000] {processor.py:830} INFO - Processing file /opt/airflow/dags/scholamigo.py for tasks to queue
[2025-04-05T11:03:35.389+0000] {logging_mixin.py:188} INFO - [2025-04-05T11:03:35.389+0000] {dagbag.py:538} INFO - Filling up the DagBag from /opt/airflow/dags/scholamigo.py
[2025-04-05T11:03:35.426+0000] {processor.py:840} INFO - DAG(s) 'scholamigo_dag' retrieved from /opt/airflow/dags/scholamigo.py
[2025-04-05T11:03:35.431+0000] {logging_mixin.py:188} INFO - [2025-04-05T11:03:35.431+0000] {dag.py:3036} INFO - Sync 1 DAGs
[2025-04-05T11:03:35.440+0000] {logging_mixin.py:188} INFO - [2025-04-05T11:03:35.440+0000] {dag.py:3823} INFO - Setting next_dagrun for scholamigo_dag to None, run_after=None
[2025-04-05T11:03:35.447+0000] {processor.py:183} INFO - Processing /opt/airflow/dags/scholamigo.py took 0.064 seconds
[2025-04-05T11:03:40.467+0000] {processor.py:161} INFO - Started process (PID=1128) to work on /opt/airflow/dags/scholamigo.py
[2025-04-05T11:03:40.468+0000] {processor.py:830} INFO - Processing file /opt/airflow/dags/scholamigo.py for tasks to queue
[2025-04-05T11:03:40.469+0000] {logging_mixin.py:188} INFO - [2025-04-05T11:03:40.469+0000] {dagbag.py:538} INFO - Filling up the DagBag from /opt/airflow/dags/scholamigo.py
[2025-04-05T11:03:40.504+0000] {processor.py:840} INFO - DAG(s) 'scholamigo_dag' retrieved from /opt/airflow/dags/scholamigo.py
[2025-04-05T11:03:40.510+0000] {logging_mixin.py:188} INFO - [2025-04-05T11:03:40.510+0000] {dag.py:3036} INFO - Sync 1 DAGs
[2025-04-05T11:03:40.518+0000] {logging_mixin.py:188} INFO - [2025-04-05T11:03:40.518+0000] {dag.py:3823} INFO - Setting next_dagrun for scholamigo_dag to None, run_after=None
[2025-04-05T11:03:40.525+0000] {processor.py:183} INFO - Processing /opt/airflow/dags/scholamigo.py took 0.061 seconds
[2025-04-05T11:04:10.997+0000] {processor.py:161} INFO - Started process (PID=1184) to work on /opt/airflow/dags/scholamigo.py
[2025-04-05T11:04:10.998+0000] {processor.py:830} INFO - Processing file /opt/airflow/dags/scholamigo.py for tasks to queue
[2025-04-05T11:04:10.999+0000] {logging_mixin.py:188} INFO - [2025-04-05T11:04:10.999+0000] {dagbag.py:538} INFO - Filling up the DagBag from /opt/airflow/dags/scholamigo.py
[2025-04-05T11:04:11.049+0000] {processor.py:840} INFO - DAG(s) 'scholamigo_dag' retrieved from /opt/airflow/dags/scholamigo.py
[2025-04-05T11:04:11.061+0000] {logging_mixin.py:188} INFO - [2025-04-05T11:04:11.061+0000] {dag.py:3036} INFO - Sync 1 DAGs
[2025-04-05T11:04:11.072+0000] {logging_mixin.py:188} INFO - [2025-04-05T11:04:11.072+0000] {dag.py:3823} INFO - Setting next_dagrun for scholamigo_dag to None, run_after=None
[2025-04-05T11:04:11.081+0000] {processor.py:183} INFO - Processing /opt/airflow/dags/scholamigo.py took 0.088 seconds
[2025-04-05T11:04:41.435+0000] {processor.py:161} INFO - Started process (PID=1240) to work on /opt/airflow/dags/scholamigo.py
[2025-04-05T11:04:41.436+0000] {processor.py:830} INFO - Processing file /opt/airflow/dags/scholamigo.py for tasks to queue
[2025-04-05T11:04:41.438+0000] {logging_mixin.py:188} INFO - [2025-04-05T11:04:41.438+0000] {dagbag.py:538} INFO - Filling up the DagBag from /opt/airflow/dags/scholamigo.py
[2025-04-05T11:04:41.474+0000] {processor.py:840} INFO - DAG(s) 'scholamigo_dag' retrieved from /opt/airflow/dags/scholamigo.py
[2025-04-05T11:04:41.486+0000] {logging_mixin.py:188} INFO - [2025-04-05T11:04:41.486+0000] {dag.py:3036} INFO - Sync 1 DAGs
[2025-04-05T11:04:41.496+0000] {logging_mixin.py:188} INFO - [2025-04-05T11:04:41.496+0000] {dag.py:3823} INFO - Setting next_dagrun for scholamigo_dag to None, run_after=None
[2025-04-05T11:04:41.504+0000] {processor.py:183} INFO - Processing /opt/airflow/dags/scholamigo.py took 0.071 seconds
[2025-04-05T11:05:11.911+0000] {processor.py:161} INFO - Started process (PID=1296) to work on /opt/airflow/dags/scholamigo.py
[2025-04-05T11:05:11.912+0000] {processor.py:830} INFO - Processing file /opt/airflow/dags/scholamigo.py for tasks to queue
[2025-04-05T11:05:11.914+0000] {logging_mixin.py:188} INFO - [2025-04-05T11:05:11.913+0000] {dagbag.py:538} INFO - Filling up the DagBag from /opt/airflow/dags/scholamigo.py
[2025-04-05T11:05:11.950+0000] {processor.py:840} INFO - DAG(s) 'scholamigo_dag' retrieved from /opt/airflow/dags/scholamigo.py
[2025-04-05T11:05:11.961+0000] {logging_mixin.py:188} INFO - [2025-04-05T11:05:11.961+0000] {dag.py:3036} INFO - Sync 1 DAGs
[2025-04-05T11:05:11.969+0000] {logging_mixin.py:188} INFO - [2025-04-05T11:05:11.969+0000] {dag.py:3823} INFO - Setting next_dagrun for scholamigo_dag to None, run_after=None
[2025-04-05T11:05:11.976+0000] {processor.py:183} INFO - Processing /opt/airflow/dags/scholamigo.py took 0.069 seconds
[2025-04-05T11:05:42.562+0000] {processor.py:161} INFO - Started process (PID=1352) to work on /opt/airflow/dags/scholamigo.py
[2025-04-05T11:05:42.563+0000] {processor.py:830} INFO - Processing file /opt/airflow/dags/scholamigo.py for tasks to queue
[2025-04-05T11:05:42.565+0000] {logging_mixin.py:188} INFO - [2025-04-05T11:05:42.565+0000] {dagbag.py:538} INFO - Filling up the DagBag from /opt/airflow/dags/scholamigo.py
[2025-04-05T11:05:42.601+0000] {processor.py:840} INFO - DAG(s) 'scholamigo_dag' retrieved from /opt/airflow/dags/scholamigo.py
[2025-04-05T11:05:42.611+0000] {logging_mixin.py:188} INFO - [2025-04-05T11:05:42.611+0000] {dag.py:3036} INFO - Sync 1 DAGs
[2025-04-05T11:05:42.619+0000] {logging_mixin.py:188} INFO - [2025-04-05T11:05:42.619+0000] {dag.py:3823} INFO - Setting next_dagrun for scholamigo_dag to None, run_after=None
[2025-04-05T11:05:42.626+0000] {processor.py:183} INFO - Processing /opt/airflow/dags/scholamigo.py took 0.067 seconds
[2025-04-05T11:06:13.138+0000] {processor.py:161} INFO - Started process (PID=1408) to work on /opt/airflow/dags/scholamigo.py
[2025-04-05T11:06:13.139+0000] {processor.py:830} INFO - Processing file /opt/airflow/dags/scholamigo.py for tasks to queue
[2025-04-05T11:06:13.141+0000] {logging_mixin.py:188} INFO - [2025-04-05T11:06:13.141+0000] {dagbag.py:538} INFO - Filling up the DagBag from /opt/airflow/dags/scholamigo.py
[2025-04-05T11:06:13.181+0000] {processor.py:840} INFO - DAG(s) 'scholamigo_dag' retrieved from /opt/airflow/dags/scholamigo.py
[2025-04-05T11:06:13.191+0000] {logging_mixin.py:188} INFO - [2025-04-05T11:06:13.191+0000] {dag.py:3036} INFO - Sync 1 DAGs
[2025-04-05T11:06:13.200+0000] {logging_mixin.py:188} INFO - [2025-04-05T11:06:13.200+0000] {dag.py:3823} INFO - Setting next_dagrun for scholamigo_dag to None, run_after=None
[2025-04-05T11:06:13.208+0000] {processor.py:183} INFO - Processing /opt/airflow/dags/scholamigo.py took 0.073 seconds
[2025-04-05T11:06:43.638+0000] {processor.py:161} INFO - Started process (PID=1470) to work on /opt/airflow/dags/scholamigo.py
[2025-04-05T11:06:43.639+0000] {processor.py:830} INFO - Processing file /opt/airflow/dags/scholamigo.py for tasks to queue
[2025-04-05T11:06:43.640+0000] {logging_mixin.py:188} INFO - [2025-04-05T11:06:43.640+0000] {dagbag.py:538} INFO - Filling up the DagBag from /opt/airflow/dags/scholamigo.py
[2025-04-05T11:06:43.678+0000] {processor.py:840} INFO - DAG(s) 'scholamigo_dag' retrieved from /opt/airflow/dags/scholamigo.py
[2025-04-05T11:06:43.688+0000] {logging_mixin.py:188} INFO - [2025-04-05T11:06:43.688+0000] {dag.py:3036} INFO - Sync 1 DAGs
[2025-04-05T11:06:43.697+0000] {logging_mixin.py:188} INFO - [2025-04-05T11:06:43.697+0000] {dag.py:3823} INFO - Setting next_dagrun for scholamigo_dag to None, run_after=None
[2025-04-05T11:06:43.704+0000] {processor.py:183} INFO - Processing /opt/airflow/dags/scholamigo.py took 0.070 seconds
[2025-04-05T11:07:14.033+0000] {processor.py:161} INFO - Started process (PID=1526) to work on /opt/airflow/dags/scholamigo.py
[2025-04-05T11:07:14.034+0000] {processor.py:830} INFO - Processing file /opt/airflow/dags/scholamigo.py for tasks to queue
[2025-04-05T11:07:14.036+0000] {logging_mixin.py:188} INFO - [2025-04-05T11:07:14.035+0000] {dagbag.py:538} INFO - Filling up the DagBag from /opt/airflow/dags/scholamigo.py
[2025-04-05T11:07:14.078+0000] {processor.py:840} INFO - DAG(s) 'scholamigo_dag' retrieved from /opt/airflow/dags/scholamigo.py
[2025-04-05T11:07:14.090+0000] {logging_mixin.py:188} INFO - [2025-04-05T11:07:14.090+0000] {dag.py:3036} INFO - Sync 1 DAGs
[2025-04-05T11:07:14.099+0000] {logging_mixin.py:188} INFO - [2025-04-05T11:07:14.099+0000] {dag.py:3823} INFO - Setting next_dagrun for scholamigo_dag to None, run_after=None
[2025-04-05T11:07:14.176+0000] {processor.py:183} INFO - Processing /opt/airflow/dags/scholamigo.py took 0.146 seconds
[2025-04-05T11:07:44.688+0000] {processor.py:161} INFO - Started process (PID=1582) to work on /opt/airflow/dags/scholamigo.py
[2025-04-05T11:07:44.689+0000] {processor.py:830} INFO - Processing file /opt/airflow/dags/scholamigo.py for tasks to queue
[2025-04-05T11:07:44.691+0000] {logging_mixin.py:188} INFO - [2025-04-05T11:07:44.691+0000] {dagbag.py:538} INFO - Filling up the DagBag from /opt/airflow/dags/scholamigo.py
[2025-04-05T11:07:44.727+0000] {processor.py:840} INFO - DAG(s) 'scholamigo_dag' retrieved from /opt/airflow/dags/scholamigo.py
[2025-04-05T11:07:44.737+0000] {logging_mixin.py:188} INFO - [2025-04-05T11:07:44.737+0000] {dag.py:3036} INFO - Sync 1 DAGs
[2025-04-05T11:07:44.745+0000] {logging_mixin.py:188} INFO - [2025-04-05T11:07:44.744+0000] {dag.py:3823} INFO - Setting next_dagrun for scholamigo_dag to None, run_after=None
[2025-04-05T11:07:44.751+0000] {processor.py:183} INFO - Processing /opt/airflow/dags/scholamigo.py took 0.066 seconds
[2025-04-05T11:08:05.096+0000] {processor.py:161} INFO - Started process (PID=1632) to work on /opt/airflow/dags/scholamigo.py
[2025-04-05T11:08:05.097+0000] {processor.py:830} INFO - Processing file /opt/airflow/dags/scholamigo.py for tasks to queue
[2025-04-05T11:08:05.098+0000] {logging_mixin.py:188} INFO - [2025-04-05T11:08:05.098+0000] {dagbag.py:538} INFO - Filling up the DagBag from /opt/airflow/dags/scholamigo.py
[2025-04-05T11:08:05.136+0000] {processor.py:840} INFO - DAG(s) 'scholamigo_dag' retrieved from /opt/airflow/dags/scholamigo.py
[2025-04-05T11:08:05.228+0000] {logging_mixin.py:188} INFO - [2025-04-05T11:08:05.228+0000] {dag.py:3036} INFO - Sync 1 DAGs
[2025-04-05T11:08:05.235+0000] {logging_mixin.py:188} INFO - [2025-04-05T11:08:05.235+0000] {dag.py:3823} INFO - Setting next_dagrun for scholamigo_dag to None, run_after=None
[2025-04-05T11:08:05.242+0000] {processor.py:183} INFO - Processing /opt/airflow/dags/scholamigo.py took 0.149 seconds
[2025-04-05T11:08:35.753+0000] {processor.py:161} INFO - Started process (PID=1688) to work on /opt/airflow/dags/scholamigo.py
[2025-04-05T11:08:35.754+0000] {processor.py:830} INFO - Processing file /opt/airflow/dags/scholamigo.py for tasks to queue
[2025-04-05T11:08:35.756+0000] {logging_mixin.py:188} INFO - [2025-04-05T11:08:35.756+0000] {dagbag.py:538} INFO - Filling up the DagBag from /opt/airflow/dags/scholamigo.py
[2025-04-05T11:08:35.791+0000] {processor.py:840} INFO - DAG(s) 'scholamigo_dag' retrieved from /opt/airflow/dags/scholamigo.py
[2025-04-05T11:08:35.801+0000] {logging_mixin.py:188} INFO - [2025-04-05T11:08:35.801+0000] {dag.py:3036} INFO - Sync 1 DAGs
[2025-04-05T11:08:35.809+0000] {logging_mixin.py:188} INFO - [2025-04-05T11:08:35.809+0000] {dag.py:3823} INFO - Setting next_dagrun for scholamigo_dag to None, run_after=None
[2025-04-05T11:08:35.815+0000] {processor.py:183} INFO - Processing /opt/airflow/dags/scholamigo.py took 0.065 seconds
[2025-04-05T11:08:41.812+0000] {processor.py:161} INFO - Started process (PID=1689) to work on /opt/airflow/dags/scholamigo.py
[2025-04-05T11:08:41.813+0000] {processor.py:830} INFO - Processing file /opt/airflow/dags/scholamigo.py for tasks to queue
[2025-04-05T11:08:41.815+0000] {logging_mixin.py:188} INFO - [2025-04-05T11:08:41.814+0000] {dagbag.py:538} INFO - Filling up the DagBag from /opt/airflow/dags/scholamigo.py
[2025-04-05T11:08:41.853+0000] {processor.py:840} INFO - DAG(s) 'scholamigo_dag' retrieved from /opt/airflow/dags/scholamigo.py
[2025-04-05T11:08:41.862+0000] {logging_mixin.py:188} INFO - [2025-04-05T11:08:41.862+0000] {dag.py:3036} INFO - Sync 1 DAGs
[2025-04-05T11:08:41.870+0000] {logging_mixin.py:188} INFO - [2025-04-05T11:08:41.870+0000] {dag.py:3823} INFO - Setting next_dagrun for scholamigo_dag to None, run_after=None
[2025-04-05T11:08:41.880+0000] {processor.py:183} INFO - Processing /opt/airflow/dags/scholamigo.py took 0.072 seconds
[2025-04-05T11:09:12.424+0000] {processor.py:161} INFO - Started process (PID=1745) to work on /opt/airflow/dags/scholamigo.py
[2025-04-05T11:09:12.424+0000] {processor.py:830} INFO - Processing file /opt/airflow/dags/scholamigo.py for tasks to queue
[2025-04-05T11:09:12.426+0000] {logging_mixin.py:188} INFO - [2025-04-05T11:09:12.425+0000] {dagbag.py:538} INFO - Filling up the DagBag from /opt/airflow/dags/scholamigo.py
[2025-04-05T11:09:12.453+0000] {processor.py:840} INFO - DAG(s) 'scholamigo_dag' retrieved from /opt/airflow/dags/scholamigo.py
[2025-04-05T11:09:12.461+0000] {logging_mixin.py:188} INFO - [2025-04-05T11:09:12.461+0000] {dag.py:3036} INFO - Sync 1 DAGs
[2025-04-05T11:09:12.469+0000] {logging_mixin.py:188} INFO - [2025-04-05T11:09:12.469+0000] {dag.py:3823} INFO - Setting next_dagrun for scholamigo_dag to None, run_after=None
[2025-04-05T11:09:12.475+0000] {processor.py:183} INFO - Processing /opt/airflow/dags/scholamigo.py took 0.053 seconds
[2025-04-05T11:09:42.827+0000] {processor.py:161} INFO - Started process (PID=1801) to work on /opt/airflow/dags/scholamigo.py
[2025-04-05T11:09:42.828+0000] {processor.py:830} INFO - Processing file /opt/airflow/dags/scholamigo.py for tasks to queue
[2025-04-05T11:09:42.829+0000] {logging_mixin.py:188} INFO - [2025-04-05T11:09:42.829+0000] {dagbag.py:538} INFO - Filling up the DagBag from /opt/airflow/dags/scholamigo.py
[2025-04-05T11:09:42.855+0000] {processor.py:840} INFO - DAG(s) 'scholamigo_dag' retrieved from /opt/airflow/dags/scholamigo.py
[2025-04-05T11:09:42.864+0000] {logging_mixin.py:188} INFO - [2025-04-05T11:09:42.864+0000] {dag.py:3036} INFO - Sync 1 DAGs
[2025-04-05T11:09:42.944+0000] {logging_mixin.py:188} INFO - [2025-04-05T11:09:42.944+0000] {dag.py:3823} INFO - Setting next_dagrun for scholamigo_dag to None, run_after=None
[2025-04-05T11:09:42.951+0000] {processor.py:183} INFO - Processing /opt/airflow/dags/scholamigo.py took 0.125 seconds
[2025-04-05T11:10:13.203+0000] {processor.py:161} INFO - Started process (PID=1857) to work on /opt/airflow/dags/scholamigo.py
[2025-04-05T11:10:13.204+0000] {processor.py:830} INFO - Processing file /opt/airflow/dags/scholamigo.py for tasks to queue
[2025-04-05T11:10:13.205+0000] {logging_mixin.py:188} INFO - [2025-04-05T11:10:13.205+0000] {dagbag.py:538} INFO - Filling up the DagBag from /opt/airflow/dags/scholamigo.py
[2025-04-05T11:10:13.238+0000] {processor.py:840} INFO - DAG(s) 'scholamigo_dag' retrieved from /opt/airflow/dags/scholamigo.py
[2025-04-05T11:10:13.248+0000] {logging_mixin.py:188} INFO - [2025-04-05T11:10:13.248+0000] {dag.py:3036} INFO - Sync 1 DAGs
[2025-04-05T11:10:13.332+0000] {logging_mixin.py:188} INFO - [2025-04-05T11:10:13.332+0000] {dag.py:3823} INFO - Setting next_dagrun for scholamigo_dag to None, run_after=None
[2025-04-05T11:10:13.340+0000] {processor.py:183} INFO - Processing /opt/airflow/dags/scholamigo.py took 0.138 seconds
[2025-04-05T11:10:43.574+0000] {processor.py:161} INFO - Started process (PID=1913) to work on /opt/airflow/dags/scholamigo.py
[2025-04-05T11:10:43.574+0000] {processor.py:830} INFO - Processing file /opt/airflow/dags/scholamigo.py for tasks to queue
[2025-04-05T11:10:43.575+0000] {logging_mixin.py:188} INFO - [2025-04-05T11:10:43.575+0000] {dagbag.py:538} INFO - Filling up the DagBag from /opt/airflow/dags/scholamigo.py
[2025-04-05T11:10:43.606+0000] {processor.py:840} INFO - DAG(s) 'scholamigo_dag' retrieved from /opt/airflow/dags/scholamigo.py
[2025-04-05T11:10:43.617+0000] {logging_mixin.py:188} INFO - [2025-04-05T11:10:43.617+0000] {dag.py:3036} INFO - Sync 1 DAGs
[2025-04-05T11:10:43.626+0000] {logging_mixin.py:188} INFO - [2025-04-05T11:10:43.626+0000] {dag.py:3823} INFO - Setting next_dagrun for scholamigo_dag to None, run_after=None
[2025-04-05T11:10:43.696+0000] {processor.py:183} INFO - Processing /opt/airflow/dags/scholamigo.py took 0.124 seconds
[2025-04-05T11:11:13.992+0000] {processor.py:161} INFO - Started process (PID=1974) to work on /opt/airflow/dags/scholamigo.py
[2025-04-05T11:11:13.993+0000] {processor.py:830} INFO - Processing file /opt/airflow/dags/scholamigo.py for tasks to queue
[2025-04-05T11:11:13.995+0000] {logging_mixin.py:188} INFO - [2025-04-05T11:11:13.995+0000] {dagbag.py:538} INFO - Filling up the DagBag from /opt/airflow/dags/scholamigo.py
[2025-04-05T11:11:14.030+0000] {processor.py:840} INFO - DAG(s) 'scholamigo_dag' retrieved from /opt/airflow/dags/scholamigo.py
[2025-04-05T11:11:14.040+0000] {logging_mixin.py:188} INFO - [2025-04-05T11:11:14.040+0000] {dag.py:3036} INFO - Sync 1 DAGs
[2025-04-05T11:11:14.048+0000] {logging_mixin.py:188} INFO - [2025-04-05T11:11:14.048+0000] {dag.py:3823} INFO - Setting next_dagrun for scholamigo_dag to None, run_after=None
[2025-04-05T11:11:14.056+0000] {processor.py:183} INFO - Processing /opt/airflow/dags/scholamigo.py took 0.067 seconds
[2025-04-05T11:11:44.408+0000] {processor.py:161} INFO - Started process (PID=2030) to work on /opt/airflow/dags/scholamigo.py
[2025-04-05T11:11:44.410+0000] {processor.py:830} INFO - Processing file /opt/airflow/dags/scholamigo.py for tasks to queue
[2025-04-05T11:11:44.411+0000] {logging_mixin.py:188} INFO - [2025-04-05T11:11:44.411+0000] {dagbag.py:538} INFO - Filling up the DagBag from /opt/airflow/dags/scholamigo.py
[2025-04-05T11:11:44.507+0000] {processor.py:840} INFO - DAG(s) 'scholamigo_dag' retrieved from /opt/airflow/dags/scholamigo.py
[2025-04-05T11:11:44.514+0000] {logging_mixin.py:188} INFO - [2025-04-05T11:11:44.514+0000] {dag.py:3036} INFO - Sync 1 DAGs
[2025-04-05T11:11:44.521+0000] {logging_mixin.py:188} INFO - [2025-04-05T11:11:44.521+0000] {dag.py:3823} INFO - Setting next_dagrun for scholamigo_dag to None, run_after=None
[2025-04-05T11:11:44.527+0000] {processor.py:183} INFO - Processing /opt/airflow/dags/scholamigo.py took 0.122 seconds
[2025-04-05T11:12:14.776+0000] {processor.py:161} INFO - Started process (PID=2086) to work on /opt/airflow/dags/scholamigo.py
[2025-04-05T11:12:14.777+0000] {processor.py:830} INFO - Processing file /opt/airflow/dags/scholamigo.py for tasks to queue
[2025-04-05T11:12:14.779+0000] {logging_mixin.py:188} INFO - [2025-04-05T11:12:14.779+0000] {dagbag.py:538} INFO - Filling up the DagBag from /opt/airflow/dags/scholamigo.py
[2025-04-05T11:12:14.814+0000] {processor.py:840} INFO - DAG(s) 'scholamigo_dag' retrieved from /opt/airflow/dags/scholamigo.py
[2025-04-05T11:12:14.884+0000] {logging_mixin.py:188} INFO - [2025-04-05T11:12:14.884+0000] {dag.py:3036} INFO - Sync 1 DAGs
[2025-04-05T11:12:14.891+0000] {logging_mixin.py:188} INFO - [2025-04-05T11:12:14.891+0000] {dag.py:3823} INFO - Setting next_dagrun for scholamigo_dag to None, run_after=None
[2025-04-05T11:12:14.897+0000] {processor.py:183} INFO - Processing /opt/airflow/dags/scholamigo.py took 0.124 seconds
[2025-04-05T11:12:45.465+0000] {processor.py:161} INFO - Started process (PID=2142) to work on /opt/airflow/dags/scholamigo.py
[2025-04-05T11:12:45.467+0000] {processor.py:830} INFO - Processing file /opt/airflow/dags/scholamigo.py for tasks to queue
[2025-04-05T11:12:45.468+0000] {logging_mixin.py:188} INFO - [2025-04-05T11:12:45.468+0000] {dagbag.py:538} INFO - Filling up the DagBag from /opt/airflow/dags/scholamigo.py
[2025-04-05T11:12:45.503+0000] {processor.py:840} INFO - DAG(s) 'scholamigo_dag' retrieved from /opt/airflow/dags/scholamigo.py
[2025-04-05T11:12:45.514+0000] {logging_mixin.py:188} INFO - [2025-04-05T11:12:45.514+0000] {dag.py:3036} INFO - Sync 1 DAGs
[2025-04-05T11:12:45.583+0000] {logging_mixin.py:188} INFO - [2025-04-05T11:12:45.582+0000] {dag.py:3823} INFO - Setting next_dagrun for scholamigo_dag to None, run_after=None
[2025-04-05T11:12:45.589+0000] {processor.py:183} INFO - Processing /opt/airflow/dags/scholamigo.py took 0.128 seconds
[2025-04-05T11:13:04.769+0000] {processor.py:161} INFO - Started process (PID=2192) to work on /opt/airflow/dags/scholamigo.py
[2025-04-05T11:13:04.770+0000] {processor.py:830} INFO - Processing file /opt/airflow/dags/scholamigo.py for tasks to queue
[2025-04-05T11:13:04.771+0000] {logging_mixin.py:188} INFO - [2025-04-05T11:13:04.771+0000] {dagbag.py:538} INFO - Filling up the DagBag from /opt/airflow/dags/scholamigo.py
[2025-04-05T11:13:04.873+0000] {processor.py:840} INFO - DAG(s) 'scholamigo_dag' retrieved from /opt/airflow/dags/scholamigo.py
[2025-04-05T11:13:04.880+0000] {logging_mixin.py:188} INFO - [2025-04-05T11:13:04.880+0000] {dag.py:3036} INFO - Sync 1 DAGs
[2025-04-05T11:13:04.887+0000] {logging_mixin.py:188} INFO - [2025-04-05T11:13:04.887+0000] {dag.py:3823} INFO - Setting next_dagrun for scholamigo_dag to None, run_after=None
[2025-04-05T11:13:04.894+0000] {processor.py:183} INFO - Processing /opt/airflow/dags/scholamigo.py took 0.128 seconds
[2025-04-05T11:13:35.220+0000] {processor.py:161} INFO - Started process (PID=2248) to work on /opt/airflow/dags/scholamigo.py
[2025-04-05T11:13:35.221+0000] {processor.py:830} INFO - Processing file /opt/airflow/dags/scholamigo.py for tasks to queue
[2025-04-05T11:13:35.223+0000] {logging_mixin.py:188} INFO - [2025-04-05T11:13:35.223+0000] {dagbag.py:538} INFO - Filling up the DagBag from /opt/airflow/dags/scholamigo.py
[2025-04-05T11:13:35.332+0000] {processor.py:840} INFO - DAG(s) 'scholamigo_dag' retrieved from /opt/airflow/dags/scholamigo.py
[2025-04-05T11:13:35.339+0000] {logging_mixin.py:188} INFO - [2025-04-05T11:13:35.339+0000] {dag.py:3036} INFO - Sync 1 DAGs
[2025-04-05T11:13:35.346+0000] {logging_mixin.py:188} INFO - [2025-04-05T11:13:35.346+0000] {dag.py:3823} INFO - Setting next_dagrun for scholamigo_dag to None, run_after=None
[2025-04-05T11:13:35.352+0000] {processor.py:183} INFO - Processing /opt/airflow/dags/scholamigo.py took 0.136 seconds
[2025-04-05T11:14:05.748+0000] {processor.py:161} INFO - Started process (PID=2304) to work on /opt/airflow/dags/scholamigo.py
[2025-04-05T11:14:05.749+0000] {processor.py:830} INFO - Processing file /opt/airflow/dags/scholamigo.py for tasks to queue
[2025-04-05T11:14:05.750+0000] {logging_mixin.py:188} INFO - [2025-04-05T11:14:05.750+0000] {dagbag.py:538} INFO - Filling up the DagBag from /opt/airflow/dags/scholamigo.py
[2025-04-05T11:14:05.856+0000] {processor.py:840} INFO - DAG(s) 'scholamigo_dag' retrieved from /opt/airflow/dags/scholamigo.py
[2025-04-05T11:14:05.865+0000] {logging_mixin.py:188} INFO - [2025-04-05T11:14:05.865+0000] {dag.py:3036} INFO - Sync 1 DAGs
[2025-04-05T11:14:05.872+0000] {logging_mixin.py:188} INFO - [2025-04-05T11:14:05.872+0000] {dag.py:3823} INFO - Setting next_dagrun for scholamigo_dag to None, run_after=None
[2025-04-05T11:14:05.878+0000] {processor.py:183} INFO - Processing /opt/airflow/dags/scholamigo.py took 0.135 seconds
[2025-04-05T11:14:35.151+0000] {processor.py:161} INFO - Started process (PID=2360) to work on /opt/airflow/dags/scholamigo.py
[2025-04-05T11:14:35.151+0000] {processor.py:830} INFO - Processing file /opt/airflow/dags/scholamigo.py for tasks to queue
[2025-04-05T11:14:35.153+0000] {logging_mixin.py:188} INFO - [2025-04-05T11:14:35.153+0000] {dagbag.py:538} INFO - Filling up the DagBag from /opt/airflow/dags/scholamigo.py
[2025-04-05T11:14:35.267+0000] {processor.py:840} INFO - DAG(s) 'scholamigo_dag' retrieved from /opt/airflow/dags/scholamigo.py
[2025-04-05T11:14:35.274+0000] {logging_mixin.py:188} INFO - [2025-04-05T11:14:35.274+0000] {dag.py:3036} INFO - Sync 1 DAGs
[2025-04-05T11:14:35.281+0000] {logging_mixin.py:188} INFO - [2025-04-05T11:14:35.281+0000] {dag.py:3823} INFO - Setting next_dagrun for scholamigo_dag to None, run_after=None
[2025-04-05T11:14:35.288+0000] {processor.py:183} INFO - Processing /opt/airflow/dags/scholamigo.py took 0.140 seconds
[2025-04-05T11:14:41.352+0000] {processor.py:161} INFO - Started process (PID=2361) to work on /opt/airflow/dags/scholamigo.py
[2025-04-05T11:14:41.353+0000] {processor.py:830} INFO - Processing file /opt/airflow/dags/scholamigo.py for tasks to queue
[2025-04-05T11:14:41.354+0000] {logging_mixin.py:188} INFO - [2025-04-05T11:14:41.353+0000] {dagbag.py:538} INFO - Filling up the DagBag from /opt/airflow/dags/scholamigo.py
[2025-04-05T11:14:41.459+0000] {processor.py:840} INFO - DAG(s) 'scholamigo_dag' retrieved from /opt/airflow/dags/scholamigo.py
[2025-04-05T11:14:41.468+0000] {logging_mixin.py:188} INFO - [2025-04-05T11:14:41.467+0000] {dag.py:3036} INFO - Sync 1 DAGs
[2025-04-05T11:14:41.475+0000] {logging_mixin.py:188} INFO - [2025-04-05T11:14:41.475+0000] {dag.py:3823} INFO - Setting next_dagrun for scholamigo_dag to None, run_after=None
[2025-04-05T11:14:41.483+0000] {processor.py:183} INFO - Processing /opt/airflow/dags/scholamigo.py took 0.132 seconds
